[2025-11-25T10:57:58.621+0000] {local_task_job_runner.py:123} INFO - ::group::Pre task execution logs
[2025-11-25T10:57:58.665+0000] {taskinstance.py:2612} INFO - Dependencies all met for dep_context=non-requeueable deps ti=<TaskInstance: dbt_stock_analytics.dbt_snapshot manual__2025-11-25T10:57:41.883617+00:00 [queued]>
[2025-11-25T10:57:58.672+0000] {taskinstance.py:2612} INFO - Dependencies all met for dep_context=requeueable deps ti=<TaskInstance: dbt_stock_analytics.dbt_snapshot manual__2025-11-25T10:57:41.883617+00:00 [queued]>
[2025-11-25T10:57:58.672+0000] {taskinstance.py:2865} INFO - Starting attempt 1 of 1
[2025-11-25T10:57:58.686+0000] {taskinstance.py:2888} INFO - Executing <Task(BashOperator): dbt_snapshot> on 2025-11-25 10:57:41.883617+00:00
[2025-11-25T10:57:58.691+0000] {standard_task_runner.py:104} INFO - Running: ['***', 'tasks', 'run', 'dbt_stock_analytics', 'dbt_snapshot', 'manual__2025-11-25T10:57:41.883617+00:00', '--job-id', '26', '--raw', '--subdir', 'DAGS_FOLDER/dbt_stock_analytics_lab2.py', '--cfg-path', '/tmp/tmpfmzu3tvt']
[2025-11-25T10:57:58.693+0000] {logging_mixin.py:190} WARNING - /home/***/.local/lib/python3.12/site-packages/***/task/task_runner/standard_task_runner.py:70 DeprecationWarning: This process (pid=7537) is multi-threaded, use of fork() may lead to deadlocks in the child.
[2025-11-25T10:57:58.693+0000] {standard_task_runner.py:105} INFO - Job 26: Subtask dbt_snapshot
[2025-11-25T10:57:58.693+0000] {standard_task_runner.py:72} INFO - Started process 7538 to run task
[2025-11-25T10:57:58.807+0000] {task_command.py:467} INFO - Running <TaskInstance: dbt_stock_analytics.dbt_snapshot manual__2025-11-25T10:57:41.883617+00:00 [running]> on host 42ac9fe1c2d2
[2025-11-25T10:57:58.979+0000] {taskinstance.py:3131} INFO - Exporting env vars: AIRFLOW_CTX_DAG_OWNER='***' AIRFLOW_CTX_DAG_ID='dbt_stock_analytics' AIRFLOW_CTX_TASK_ID='dbt_snapshot' AIRFLOW_CTX_EXECUTION_DATE='2025-11-25T10:57:41.883617+00:00' AIRFLOW_CTX_TRY_NUMBER='1' AIRFLOW_CTX_DAG_RUN_ID='manual__2025-11-25T10:57:41.883617+00:00'
[2025-11-25T10:57:58.979+0000] {taskinstance.py:731} INFO - ::endgroup::
[2025-11-25T10:57:58.989+0000] {subprocess.py:63} INFO - Tmp dir root location: /tmp
[2025-11-25T10:57:58.990+0000] {subprocess.py:75} INFO - Running command: ['/usr/bin/bash', '-c', 'cd /opt/***/dbt/stock_analytics && dbt snapshot']
[2025-11-25T10:57:58.996+0000] {subprocess.py:86} INFO - Output:
[2025-11-25T10:58:00.589+0000] {subprocess.py:93} INFO - [0m10:58:00  Running with dbt=1.8.8
[2025-11-25T10:58:01.530+0000] {subprocess.py:93} INFO - [0m10:58:01  Registered adapter: snowflake=1.8.4
[2025-11-25T10:58:01.765+0000] {subprocess.py:93} INFO - [0m10:58:01  Found 2 models, 1 snapshot, 8 data tests, 1 source, 455 macros
[2025-11-25T10:58:01.767+0000] {subprocess.py:93} INFO - [0m10:58:01
[2025-11-25T10:58:03.979+0000] {subprocess.py:93} INFO - [0m10:58:03  Concurrency: 4 threads (target='dev')
[2025-11-25T10:58:03.981+0000] {subprocess.py:93} INFO - [0m10:58:03
[2025-11-25T10:58:03.993+0000] {subprocess.py:93} INFO - [0m10:58:03  1 of 1 START snapshot SNAPSHOTS.stock_prices_snapshot .......................... [RUN]
[2025-11-25T10:58:05.383+0000] {subprocess.py:93} INFO - [0m10:58:05  1 of 1 OK snapshotted SNAPSHOTS.stock_prices_snapshot .......................... [[32mSUCCESS 1[0m in 1.39s]
[2025-11-25T10:58:05.387+0000] {subprocess.py:93} INFO - [0m10:58:05
[2025-11-25T10:58:05.388+0000] {subprocess.py:93} INFO - [0m10:58:05  Finished running 1 snapshot in 0 hours 0 minutes and 3.62 seconds (3.62s).
[2025-11-25T10:58:05.413+0000] {subprocess.py:93} INFO - [0m10:58:05
[2025-11-25T10:58:05.414+0000] {subprocess.py:93} INFO - [0m10:58:05  [32mCompleted successfully[0m
[2025-11-25T10:58:05.414+0000] {subprocess.py:93} INFO - [0m10:58:05
[2025-11-25T10:58:05.415+0000] {subprocess.py:93} INFO - [0m10:58:05  Done. PASS=1 WARN=0 ERROR=0 SKIP=0 TOTAL=1
[2025-11-25T10:58:06.066+0000] {subprocess.py:97} INFO - Command exited with return code 0
[2025-11-25T10:58:06.166+0000] {taskinstance.py:340} INFO - ::group::Post task execution logs
[2025-11-25T10:58:06.166+0000] {taskinstance.py:352} INFO - Marking task as SUCCESS. dag_id=dbt_stock_analytics, task_id=dbt_snapshot, run_id=manual__2025-11-25T10:57:41.883617+00:00, execution_date=20251125T105741, start_date=20251125T105758, end_date=20251125T105806
[2025-11-25T10:58:06.210+0000] {local_task_job_runner.py:266} INFO - Task exited with return code 0
[2025-11-25T10:58:06.273+0000] {taskinstance.py:3900} INFO - 0 downstream tasks scheduled from follow-on schedule check
[2025-11-25T10:58:06.312+0000] {local_task_job_runner.py:245} INFO - ::endgroup::
