[2025-10-07T02:30:03.170+0000] {local_task_job_runner.py:123} INFO - ::group::Pre task execution logs
[2025-10-07T02:30:03.176+0000] {taskinstance.py:2612} INFO - Dependencies all met for dep_context=non-requeueable deps ti=<TaskInstance: PRICE_PREDICTION_DAG.load_to_snowflake scheduled__2025-10-06T02:30:00+00:00 [queued]>
[2025-10-07T02:30:03.179+0000] {taskinstance.py:2612} INFO - Dependencies all met for dep_context=requeueable deps ti=<TaskInstance: PRICE_PREDICTION_DAG.load_to_snowflake scheduled__2025-10-06T02:30:00+00:00 [queued]>
[2025-10-07T02:30:03.179+0000] {taskinstance.py:2865} INFO - Starting attempt 1 of 1
[2025-10-07T02:30:03.183+0000] {taskinstance.py:2888} INFO - Executing <Task(_PythonDecoratedOperator): load_to_snowflake> on 2025-10-06 02:30:00+00:00
[2025-10-07T02:30:03.186+0000] {logging_mixin.py:190} WARNING - /home/***/.local/lib/python3.12/site-packages/***/task/task_runner/standard_task_runner.py:70 DeprecationWarning: This process (pid=17453) is multi-threaded, use of fork() may lead to deadlocks in the child.
[2025-10-07T02:30:03.187+0000] {standard_task_runner.py:72} INFO - Started process 17456 to run task
[2025-10-07T02:30:03.186+0000] {standard_task_runner.py:104} INFO - Running: ['***', 'tasks', 'run', 'PRICE_PREDICTION_DAG', 'load_to_snowflake', 'scheduled__2025-10-06T02:30:00+00:00', '--job-id', '36', '--raw', '--subdir', 'DAGS_FOLDER/train_predict.py', '--cfg-path', '/tmp/tmp7fdyxibl']
[2025-10-07T02:30:03.187+0000] {standard_task_runner.py:105} INFO - Job 36: Subtask load_to_snowflake
[2025-10-07T02:30:03.202+0000] {task_command.py:467} INFO - Running <TaskInstance: PRICE_PREDICTION_DAG.load_to_snowflake scheduled__2025-10-06T02:30:00+00:00 [running]> on host ccfe9eddc1e8
[2025-10-07T02:30:03.227+0000] {taskinstance.py:3131} INFO - Exporting env vars: AIRFLOW_CTX_DAG_OWNER='***' AIRFLOW_CTX_DAG_ID='PRICE_PREDICTION_DAG' AIRFLOW_CTX_TASK_ID='load_to_snowflake' AIRFLOW_CTX_EXECUTION_DATE='2025-10-06T02:30:00+00:00' AIRFLOW_CTX_TRY_NUMBER='1' AIRFLOW_CTX_DAG_RUN_ID='scheduled__2025-10-06T02:30:00+00:00'
[2025-10-07T02:30:03.228+0000] {taskinstance.py:731} INFO - ::endgroup::
[2025-10-07T02:30:03.231+0000] {base.py:84} INFO - Retrieving connection 'snowflake_conn'
[2025-10-07T02:30:03.231+0000] {connection.py:413} INFO - Snowflake Connector for Python Version: 3.12.1, Python Version: 3.12.5, Platform: Linux-6.10.14-linuxkit-aarch64-with-glibc2.36
[2025-10-07T02:30:03.231+0000] {connection.py:1196} INFO - Connecting to GLOBAL Snowflake domain
[2025-10-07T02:30:03.231+0000] {connection.py:1277} INFO - This connection is in OCSP Fail Open Mode. TLS Certificates would be checked for validity and revocation status. Any other Certificate Revocation related exceptions or OCSP Responder failures would be disregarded in favor of connectivity.
[2025-10-07T02:30:03.828+0000] {cursor.py:1156} INFO - Number of results in first chunk: 1
[2025-10-07T02:30:03.962+0000] {cursor.py:1156} INFO - Number of results in first chunk: 1
[2025-10-07T02:30:04.975+0000] {logging_mixin.py:190} INFO - Inserting 2025-10-06 50.9300 51.3200 49.8900 50.3900 25303452 BAC
[2025-10-07T02:30:05.551+0000] {logging_mixin.py:190} INFO - Inserting 2025-10-03 50.6200 51.1300 50.5523 50.6400 24565717 BAC
[2025-10-07T02:30:06.237+0000] {logging_mixin.py:190} INFO - Inserting 2025-10-02 50.6500 50.8450 50.0700 50.4800 22757213 BAC
[2025-10-07T02:30:06.791+0000] {logging_mixin.py:190} INFO - Inserting 2025-10-01 51.3000 51.6750 50.5550 50.6800 27709125 BAC
[2025-10-07T02:30:07.485+0000] {logging_mixin.py:190} INFO - Inserting 2025-09-30 52.4800 52.5650 51.0150 51.5900 29944960 BAC
[2025-10-07T02:30:08.362+0000] {logging_mixin.py:190} INFO - Inserting 2025-09-29 52.3600 52.5500 52.1100 52.4200 23700991 BAC
[2025-10-07T02:30:09.102+0000] {logging_mixin.py:190} INFO - Inserting 2025-09-26 52.1100 52.6200 51.9800 52.2100 20025763 BAC
[2025-10-07T02:30:10.481+0000] {logging_mixin.py:190} INFO - Inserting 2025-09-25 51.4800 52.3300 51.4400 51.8500 22957932 BAC
[2025-10-07T02:30:10.896+0000] {logging_mixin.py:190} INFO - Inserting 2025-09-24 51.8500 52.2500 51.4550 51.7000 27010386 BAC
[2025-10-07T02:30:11.259+0000] {logging_mixin.py:190} INFO - Inserting 2025-09-23 52.0000 52.8800 51.5150 51.7000 28278182 BAC
[2025-10-07T02:30:11.808+0000] {logging_mixin.py:190} INFO - Inserting 2025-09-22 51.7600 52.3500 51.7550 51.9200 27467951 BAC
[2025-10-07T02:30:12.787+0000] {logging_mixin.py:190} INFO - Inserting 2025-09-19 52.1500 52.6600 51.7600 52.2500 98970669 BAC
[2025-10-07T02:30:13.302+0000] {logging_mixin.py:190} INFO - Inserting 2025-09-18 51.4900 52.1900 51.3000 52.1300 35246871 BAC
[2025-10-07T02:30:14.219+0000] {logging_mixin.py:190} INFO - Inserting 2025-09-17 50.8600 51.6250 50.7900 51.4000 38337889 BAC
[2025-10-07T02:30:14.600+0000] {logging_mixin.py:190} INFO - Inserting 2025-09-16 50.6400 50.8750 50.2100 50.6600 31624444 BAC
[2025-10-07T02:30:15.598+0000] {logging_mixin.py:190} INFO - Inserting 2025-09-15 50.8500 51.0900 50.4600 50.5900 29043572 BAC
[2025-10-07T02:30:15.930+0000] {logging_mixin.py:190} INFO - Inserting 2025-09-12 50.7000 50.9300 50.4550 50.5800 27851108 BAC
[2025-10-07T02:30:16.918+0000] {logging_mixin.py:190} INFO - Inserting 2025-09-11 50.1400 50.9600 49.9900 50.7500 28055187 BAC
[2025-10-07T02:30:17.314+0000] {logging_mixin.py:190} INFO - Inserting 2025-09-10 50.3700 50.6250 49.9650 50.1300 31706338 BAC
[2025-10-07T02:30:18.362+0000] {logging_mixin.py:190} INFO - Inserting 2025-09-09 49.5000 50.5600 49.4600 50.2900 40060147 BAC
[2025-10-07T02:30:18.686+0000] {logging_mixin.py:190} INFO - Inserting 2025-09-08 49.8000 49.9050 48.8750 49.4600 48033135 BAC
[2025-10-07T02:30:19.789+0000] {logging_mixin.py:190} INFO - Inserting 2025-09-05 50.4400 50.7900 49.2300 49.7700 40063322 BAC
[2025-10-07T02:30:20.230+0000] {logging_mixin.py:190} INFO - Inserting 2025-09-04 50.2400 50.8300 50.1200 50.6200 34796896 BAC
[2025-10-07T02:30:20.624+0000] {logging_mixin.py:190} INFO - Inserting 2025-09-03 50.4000 50.5700 49.7000 50.0600 33934810 BAC
[2025-10-07T02:30:22.649+0000] {logging_mixin.py:190} INFO - Inserting 2025-09-02 50.2200 50.4700 49.6700 50.4200 52719782 BAC
[2025-10-07T02:30:23.277+0000] {logging_mixin.py:190} INFO - Inserting 2025-08-29 50.5100 50.9175 50.5100 50.7400 32496470 BAC
[2025-10-07T02:30:24.506+0000] {logging_mixin.py:190} INFO - Inserting 2025-08-28 50.5500 50.6400 50.2800 50.4900 32949399 BAC
[2025-10-07T02:30:25.074+0000] {logging_mixin.py:190} INFO - Inserting 2025-08-27 50.0300 50.6300 49.9900 50.3800 42428187 BAC
[2025-10-07T02:30:26.256+0000] {logging_mixin.py:190} INFO - Inserting 2025-08-26 49.2500 50.2600 49.2500 50.2500 40609302 BAC
[2025-10-07T02:30:26.862+0000] {logging_mixin.py:190} INFO - Inserting 2025-08-25 49.3900 49.6600 49.2100 49.4800 34715749 BAC
[2025-10-07T02:30:27.679+0000] {logging_mixin.py:190} INFO - Inserting 2025-08-22 48.5200 49.6600 48.4600 49.4800 45078911 BAC
[2025-10-07T02:30:29.011+0000] {logging_mixin.py:190} INFO - Inserting 2025-08-21 48.2700 48.4900 47.8100 48.2600 28713163 BAC
[2025-10-07T02:30:30.239+0000] {logging_mixin.py:190} INFO - Inserting 2025-08-20 48.1650 48.5000 47.8700 48.3500 30822222 BAC
[2025-10-07T02:30:30.626+0000] {logging_mixin.py:190} INFO - Inserting 2025-08-19 47.8200 48.1150 47.6300 48.0800 33783443 BAC
[2025-10-07T02:30:31.199+0000] {logging_mixin.py:190} INFO - Inserting 2025-08-18 46.9200 48.0400 46.7900 47.9200 43125120 BAC
[2025-10-07T02:30:31.787+0000] {logging_mixin.py:190} INFO - Inserting 2025-08-15 47.7500 47.8200 46.9000 46.9400 26276902 BAC
[2025-10-07T02:30:32.674+0000] {logging_mixin.py:190} INFO - Inserting 2025-08-14 47.0850 47.7300 46.8904 47.7100 21073786 BAC
[2025-10-07T02:30:33.183+0000] {logging_mixin.py:190} INFO - Inserting 2025-08-13 47.6800 47.7600 46.9900 47.2400 29465062 BAC
[2025-10-07T02:30:33.731+0000] {logging_mixin.py:190} INFO - Inserting 2025-08-12 46.4800 47.6600 46.3600 47.5000 35484466 BAC
[2025-10-07T02:30:34.377+0000] {logging_mixin.py:190} INFO - Inserting 2025-08-11 46.0550 46.5200 45.8100 46.1600 35559383 BAC
[2025-10-07T02:30:36.318+0000] {logging_mixin.py:190} INFO - Inserting 2025-08-08 45.1500 46.3000 44.9800 46.0100 37131557 BAC
[2025-10-07T02:30:36.684+0000] {logging_mixin.py:190} INFO - Inserting 2025-08-07 45.7100 45.7600 44.7800 44.9200 30609882 BAC
[2025-10-07T02:30:38.200+0000] {logging_mixin.py:190} INFO - Inserting 2025-08-06 45.7100 45.9400 45.3850 45.4200 27916767 BAC
[2025-10-07T02:30:38.751+0000] {logging_mixin.py:190} INFO - Inserting 2025-08-05 45.9500 46.0000 44.7500 45.5600 36798320 BAC
[2025-10-07T02:30:39.560+0000] {logging_mixin.py:190} INFO - Inserting 2025-08-04 45.9600 46.1050 45.6350 45.8500 31038904 BAC
[2025-10-07T02:30:39.994+0000] {logging_mixin.py:190} INFO - Inserting 2025-08-01 46.3600 46.4100 45.3200 45.6600 52310438 BAC
[2025-10-07T02:30:40.317+0000] {logging_mixin.py:190} INFO - Inserting 2025-07-31 47.7600 48.0300 47.1900 47.2700 40016313 BAC
[2025-10-07T02:30:40.867+0000] {logging_mixin.py:190} INFO - Inserting 2025-07-30 48.2600 48.5000 47.7401 47.9600 32265850 BAC
[2025-10-07T02:30:41.810+0000] {logging_mixin.py:190} INFO - Inserting 2025-07-29 48.3900 48.5100 47.8901 47.9500 26216484 BAC
[2025-10-07T02:30:42.685+0000] {logging_mixin.py:190} INFO - Inserting 2025-07-28 48.4500 48.5400 48.0801 48.2300 20590380 BAC
[2025-10-07T02:30:43.147+0000] {logging_mixin.py:190} INFO - Inserting 2025-07-25 48.3900 48.5500 47.9350 48.4500 24461228 BAC
[2025-10-07T02:30:43.868+0000] {logging_mixin.py:190} INFO - Inserting 2025-07-24 48.4900 49.0000 48.2100 48.3900 42967619 BAC
[2025-10-07T02:30:44.305+0000] {logging_mixin.py:190} INFO - Inserting 2025-07-23 48.0100 48.3050 47.8050 48.1400 31380097 BAC
[2025-10-07T02:30:46.034+0000] {logging_mixin.py:190} INFO - Inserting 2025-07-22 47.6000 48.1700 47.4600 47.7700 34749381 BAC
[2025-10-07T02:30:46.828+0000] {logging_mixin.py:190} INFO - Inserting 2025-07-21 47.5400 48.0400 47.2000 47.4800 32199673 BAC
[2025-10-07T02:30:47.648+0000] {logging_mixin.py:190} INFO - Inserting 2025-07-18 47.0100 47.3800 46.9000 47.3200 48314188 BAC
[2025-10-07T02:30:48.364+0000] {logging_mixin.py:190} INFO - Inserting 2025-07-17 45.6350 47.2200 45.4400 47.0200 56480729 BAC
[2025-10-07T02:30:48.876+0000] {logging_mixin.py:190} INFO - Inserting 2025-07-16 46.2500 46.5600 45.0100 46.0300 61296628 BAC
[2025-10-07T02:30:49.390+0000] {logging_mixin.py:190} INFO - Inserting 2025-07-15 46.8800 47.0100 45.9500 46.1500 55144992 BAC
[2025-10-07T02:30:49.800+0000] {logging_mixin.py:190} INFO - Inserting 2025-07-14 46.8100 47.0700 46.5500 47.0700 36381172 BAC
[2025-10-07T02:30:50.509+0000] {logging_mixin.py:190} INFO - Inserting 2025-07-11 46.6400 46.8100 46.2500 46.7300 31653005 BAC
[2025-10-07T02:30:51.015+0000] {logging_mixin.py:190} INFO - Inserting 2025-07-10 46.9000 47.2200 46.7800 46.9700 44224992 BAC
[2025-10-07T02:30:52.745+0000] {logging_mixin.py:190} INFO - Inserting 2025-07-09 47.1600 47.4500 46.7100 46.8400 46227855 BAC
[2025-10-07T02:30:53.209+0000] {logging_mixin.py:190} INFO - Inserting 2025-07-08 47.5000 47.7900 46.7600 47.1500 88086497 BAC
[2025-10-07T02:30:53.898+0000] {logging_mixin.py:190} INFO - Inserting 2025-07-07 48.7350 49.2100 48.3650 48.6600 35567880 BAC
[2025-10-07T02:30:54.566+0000] {logging_mixin.py:190} INFO - Inserting 2025-07-03 48.9450 49.3050 48.8100 48.9300 21620278 BAC
[2025-10-07T02:30:55.141+0000] {logging_mixin.py:190} INFO - Inserting 2025-07-02 48.3600 48.7300 48.0600 48.7100 48003612 BAC
[2025-10-07T02:30:55.739+0000] {logging_mixin.py:190} INFO - Inserting 2025-07-01 47.0200 48.4200 46.9400 48.1500 48540877 BAC
[2025-10-07T02:30:56.231+0000] {logging_mixin.py:190} INFO - Inserting 2025-06-30 47.6200 47.6200 47.0300 47.3200 47921177 BAC
[2025-10-07T02:30:57.179+0000] {logging_mixin.py:190} INFO - Inserting 2025-06-27 47.4500 47.6700 46.9100 47.1200 56705021 BAC
[2025-10-07T02:30:57.597+0000] {logging_mixin.py:190} INFO - Inserting 2025-06-26 46.9450 47.5800 46.9000 47.4600 40127021 BAC
[2025-10-07T02:30:58.172+0000] {logging_mixin.py:190} INFO - Inserting 2025-06-25 46.5750 46.9800 46.4600 46.8500 33532391 BAC
[2025-10-07T02:30:58.605+0000] {logging_mixin.py:190} INFO - Inserting 2025-06-24 46.7500 47.1900 46.5650 46.6600 45437593 BAC
[2025-10-07T02:30:59.268+0000] {logging_mixin.py:190} INFO - Inserting 2025-06-23 45.4000 46.3700 45.1050 46.3000 42683615 BAC
[2025-10-07T02:31:00.001+0000] {logging_mixin.py:190} INFO - Inserting 2025-06-20 45.3050 45.6500 45.2650 45.5000 64591572 BAC
[2025-10-07T02:31:00.414+0000] {logging_mixin.py:190} INFO - Inserting 2025-06-18 44.2600 45.2000 44.2100 45.0600 37684730 BAC
[2025-10-07T02:31:02.281+0000] {logging_mixin.py:190} INFO - Inserting 2025-06-17 44.2700 44.6700 44.0600 44.2300 27489633 BAC
[2025-10-07T02:31:03.008+0000] {logging_mixin.py:190} INFO - Inserting 2025-06-16 44.6400 44.8900 44.3500 44.4100 34103646 BAC
[2025-10-07T02:31:04.088+0000] {logging_mixin.py:190} INFO - Inserting 2025-06-13 43.9950 44.4600 43.6649 44.0900 43281740 BAC
[2025-10-07T02:31:04.564+0000] {logging_mixin.py:190} INFO - Inserting 2025-06-12 44.4000 44.6500 44.0200 44.6200 30165422 BAC
[2025-10-07T02:31:04.919+0000] {logging_mixin.py:190} INFO - Inserting 2025-06-11 45.2000 45.4100 44.5500 44.7300 47873455 BAC
[2025-10-07T02:31:05.495+0000] {logging_mixin.py:190} INFO - Inserting 2025-06-10 44.8000 45.1950 44.7500 45.0900 32229081 BAC
[2025-10-07T02:31:07.027+0000] {logging_mixin.py:190} INFO - Inserting 2025-06-09 45.1100 45.4000 44.7800 44.8700 32414025 BAC
[2025-10-07T02:31:07.478+0000] {logging_mixin.py:190} INFO - Inserting 2025-06-06 44.6900 45.1650 44.6400 44.9700 37013001 BAC
[2025-10-07T02:31:08.230+0000] {logging_mixin.py:190} INFO - Inserting 2025-06-05 44.4500 44.5750 44.0100 44.3800 32036157 BAC
[2025-10-07T02:31:09.052+0000] {logging_mixin.py:190} INFO - Inserting 2025-06-04 44.6000 45.0900 44.3400 44.3600 30591708 BAC
[2025-10-07T02:31:09.779+0000] {logging_mixin.py:190} INFO - Inserting 2025-06-03 44.0100 44.7300 43.9400 44.6500 31320154 BAC
[2025-10-07T02:31:10.585+0000] {logging_mixin.py:190} INFO - Inserting 2025-06-02 43.8800 44.1500 43.3600 44.0800 28582598 BAC
[2025-10-07T02:31:11.030+0000] {logging_mixin.py:190} INFO - Inserting 2025-05-30 44.1900 44.3000 43.7200 44.1300 66537474 BAC
[2025-10-07T02:31:12.544+0000] {logging_mixin.py:190} INFO - Inserting 2025-05-29 44.3700 44.4600 43.9000 44.2400 28553008 BAC
[2025-10-07T02:31:23.303+0000] {cursor.py:1156} INFO - Number of results in first chunk: 1
[2025-10-07T02:31:23.305+0000] {python.py:240} INFO - Done. Returned value was: None
[2025-10-07T02:31:23.328+0000] {taskinstance.py:340} INFO - ::group::Post task execution logs
[2025-10-07T02:31:23.329+0000] {taskinstance.py:352} INFO - Marking task as SUCCESS. dag_id=PRICE_PREDICTION_DAG, task_id=load_to_snowflake, run_id=scheduled__2025-10-06T02:30:00+00:00, execution_date=20251006T023000, start_date=20251007T023003, end_date=20251007T023123
[2025-10-07T02:31:23.382+0000] {local_task_job_runner.py:266} INFO - Task exited with return code 0
[2025-10-07T02:31:23.393+0000] {taskinstance.py:3925} ERROR - Error scheduling downstream tasks. Skipping it as this is entirely optional optimisation. There might be various reasons for it, please take a look at the stack trace to figure out if the root cause can be diagnosed and fixed. See the issue https://github.com/apache/***/issues/39717 for details and an example problem. If you would like to get help in solving root cause, open discussion with all details with your managed service support or in Airflow repository.
Traceback (most recent call last):
  File "/home/airflow/.local/lib/python3.12/site-packages/airflow/models/taskinstance.py", line 3921, in schedule_downstream_tasks
    return TaskInstance._schedule_downstream_tasks(
           ^^^^^^^^^^^^^^^^^^^^^^^^^^^^^^^^^^^^^^^^
  File "/home/airflow/.local/lib/python3.12/site-packages/airflow/utils/session.py", line 94, in wrapper
    return func(*args, **kwargs)
           ^^^^^^^^^^^^^^^^^^^^^
  File "/home/airflow/.local/lib/python3.12/site-packages/airflow/models/taskinstance.py", line 3870, in _schedule_downstream_tasks
    partial_dag = task.dag.partial_subset(
                  ^^^^^^^^^^^^^^^^^^^^^^^^
  File "/home/airflow/.local/lib/python3.12/site-packages/airflow/models/dag.py", line 2664, in partial_subset
    t.task_id: _deepcopy_task(t)
               ^^^^^^^^^^^^^^^^^
  File "/home/airflow/.local/lib/python3.12/site-packages/airflow/models/dag.py", line 2661, in _deepcopy_task
    return copy.deepcopy(t, memo)
           ^^^^^^^^^^^^^^^^^^^^^^
  File "/usr/local/lib/python3.12/copy.py", line 143, in deepcopy
    y = copier(memo)
        ^^^^^^^^^^^^
  File "/home/airflow/.local/lib/python3.12/site-packages/airflow/models/baseoperator.py", line 1388, in __deepcopy__
    setattr(result, k, copy.deepcopy(v, memo))
                       ^^^^^^^^^^^^^^^^^^^^^^
  File "/usr/local/lib/python3.12/copy.py", line 136, in deepcopy
    y = copier(x, memo)
        ^^^^^^^^^^^^^^^
  File "/usr/local/lib/python3.12/copy.py", line 221, in _deepcopy_dict
    y[deepcopy(key, memo)] = deepcopy(value, memo)
                             ^^^^^^^^^^^^^^^^^^^^^
  File "/usr/local/lib/python3.12/copy.py", line 136, in deepcopy
    y = copier(x, memo)
        ^^^^^^^^^^^^^^^
  File "/usr/local/lib/python3.12/copy.py", line 201, in _deepcopy_tuple
    y = [deepcopy(a, memo) for a in x]
         ^^^^^^^^^^^^^^^^^
  File "/usr/local/lib/python3.12/copy.py", line 162, in deepcopy
    y = _reconstruct(x, memo, *rv)
        ^^^^^^^^^^^^^^^^^^^^^^^^^^
  File "/usr/local/lib/python3.12/copy.py", line 259, in _reconstruct
    state = deepcopy(state, memo)
            ^^^^^^^^^^^^^^^^^^^^^
  File "/usr/local/lib/python3.12/copy.py", line 136, in deepcopy
    y = copier(x, memo)
        ^^^^^^^^^^^^^^^
  File "/usr/local/lib/python3.12/copy.py", line 221, in _deepcopy_dict
    y[deepcopy(key, memo)] = deepcopy(value, memo)
                             ^^^^^^^^^^^^^^^^^^^^^
  File "/usr/local/lib/python3.12/copy.py", line 162, in deepcopy
    y = _reconstruct(x, memo, *rv)
        ^^^^^^^^^^^^^^^^^^^^^^^^^^
  File "/usr/local/lib/python3.12/copy.py", line 259, in _reconstruct
    state = deepcopy(state, memo)
            ^^^^^^^^^^^^^^^^^^^^^
  File "/usr/local/lib/python3.12/copy.py", line 136, in deepcopy
    y = copier(x, memo)
        ^^^^^^^^^^^^^^^
  File "/usr/local/lib/python3.12/copy.py", line 221, in _deepcopy_dict
    y[deepcopy(key, memo)] = deepcopy(value, memo)
                             ^^^^^^^^^^^^^^^^^^^^^
  File "/usr/local/lib/python3.12/copy.py", line 151, in deepcopy
    rv = reductor(4)
         ^^^^^^^^^^^
TypeError: cannot pickle '_thread.lock' object
[2025-10-07T02:31:23.398+0000] {local_task_job_runner.py:245} INFO - ::endgroup::
