[2025-11-25T09:42:37.270+0000] {local_task_job_runner.py:123} INFO - ::group::Pre task execution logs
[2025-11-25T09:42:37.308+0000] {taskinstance.py:2612} INFO - Dependencies all met for dep_context=non-requeueable deps ti=<TaskInstance: two_stock_dag.load manual__2025-11-25T09:42:30.438889+00:00 [queued]>
[2025-11-25T09:42:37.315+0000] {taskinstance.py:2612} INFO - Dependencies all met for dep_context=requeueable deps ti=<TaskInstance: two_stock_dag.load manual__2025-11-25T09:42:30.438889+00:00 [queued]>
[2025-11-25T09:42:37.315+0000] {taskinstance.py:2865} INFO - Starting attempt 1 of 2
[2025-11-25T09:42:37.388+0000] {taskinstance.py:2888} INFO - Executing <Task(_PythonDecoratedOperator): load> on 2025-11-25 09:42:30.438889+00:00
[2025-11-25T09:42:37.392+0000] {logging_mixin.py:190} WARNING - /home/***/.local/lib/python3.12/site-packages/***/task/task_runner/standard_task_runner.py:70 DeprecationWarning: This process (pid=2338) is multi-threaded, use of fork() may lead to deadlocks in the child.
[2025-11-25T09:42:37.393+0000] {standard_task_runner.py:72} INFO - Started process 2341 to run task
[2025-11-25T09:42:37.393+0000] {standard_task_runner.py:104} INFO - Running: ['***', 'tasks', 'run', 'two_stock_dag', 'load', 'manual__2025-11-25T09:42:30.438889+00:00', '--job-id', '21', '--raw', '--subdir', 'DAGS_FOLDER/lab_etl.py', '--cfg-path', '/tmp/tmpdz4lav4d']
[2025-11-25T09:42:37.395+0000] {standard_task_runner.py:105} INFO - Job 21: Subtask load
[2025-11-25T09:42:37.496+0000] {task_command.py:467} INFO - Running <TaskInstance: two_stock_dag.load manual__2025-11-25T09:42:30.438889+00:00 [running]> on host 42ac9fe1c2d2
[2025-11-25T09:42:37.683+0000] {taskinstance.py:3131} INFO - Exporting env vars: AIRFLOW_CTX_DAG_OWNER='***' AIRFLOW_CTX_DAG_ID='two_stock_dag' AIRFLOW_CTX_TASK_ID='load' AIRFLOW_CTX_EXECUTION_DATE='2025-11-25T09:42:30.438889+00:00' AIRFLOW_CTX_TRY_NUMBER='1' AIRFLOW_CTX_DAG_RUN_ID='manual__2025-11-25T09:42:30.438889+00:00'
[2025-11-25T09:42:37.684+0000] {taskinstance.py:731} INFO - ::endgroup::
[2025-11-25T09:42:37.714+0000] {base.py:84} INFO - Retrieving connection 'snowflake_conn'
[2025-11-25T09:42:37.715+0000] {connection.py:413} INFO - Snowflake Connector for Python Version: 3.12.1, Python Version: 3.12.5, Platform: Linux-6.10.14-linuxkit-x86_64-with-glibc2.36
[2025-11-25T09:42:37.715+0000] {connection.py:1196} INFO - Connecting to GLOBAL Snowflake domain
[2025-11-25T09:42:37.716+0000] {connection.py:1277} INFO - This connection is in OCSP Fail Open Mode. TLS Certificates would be checked for validity and revocation status. Any other Certificate Revocation related exceptions or OCSP Responder failures would be disregarded in favor of connectivity.
[2025-11-25T09:42:38.575+0000] {cursor.py:1156} INFO - Number of results in first chunk: 1
[2025-11-25T09:42:38.723+0000] {cursor.py:1156} INFO - Number of results in first chunk: 1
[2025-11-25T09:42:39.237+0000] {cursor.py:1156} INFO - Number of results in first chunk: 1
[2025-11-25T09:42:40.670+0000] {cursor.py:1156} INFO - Number of results in first chunk: 1
[2025-11-25T09:42:40.672+0000] {python.py:240} INFO - Done. Returned value was: 360
[2025-11-25T09:42:40.772+0000] {taskinstance.py:340} INFO - ::group::Post task execution logs
[2025-11-25T09:42:40.772+0000] {taskinstance.py:352} INFO - Marking task as SUCCESS. dag_id=two_stock_dag, task_id=load, run_id=manual__2025-11-25T09:42:30.438889+00:00, execution_date=20251125T094230, start_date=20251125T094237, end_date=20251125T094240
[2025-11-25T09:42:40.795+0000] {local_task_job_runner.py:266} INFO - Task exited with return code 0
[2025-11-25T09:42:40.844+0000] {taskinstance.py:3900} INFO - 1 downstream tasks scheduled from follow-on schedule check
[2025-11-25T09:42:40.845+0000] {local_task_job_runner.py:245} INFO - ::endgroup::
