[2025-11-17T06:02:05.066+0000] {local_task_job_runner.py:123} INFO - ::group::Pre task execution logs
[2025-11-17T06:02:05.071+0000] {taskinstance.py:2612} INFO - Dependencies all met for dep_context=non-requeueable deps ti=<TaskInstance: ETL_DAG.create_table_load scheduled__2025-11-06T02:45:00+00:00 [queued]>
[2025-11-17T06:02:05.074+0000] {taskinstance.py:2612} INFO - Dependencies all met for dep_context=requeueable deps ti=<TaskInstance: ETL_DAG.create_table_load scheduled__2025-11-06T02:45:00+00:00 [queued]>
[2025-11-17T06:02:05.074+0000] {taskinstance.py:2865} INFO - Starting attempt 1 of 1
[2025-11-17T06:02:05.077+0000] {taskinstance.py:2888} INFO - Executing <Task(_PythonDecoratedOperator): create_table_load> on 2025-11-06 02:45:00+00:00
[2025-11-17T06:02:05.080+0000] {logging_mixin.py:190} WARNING - /home/***/.local/lib/python3.12/site-packages/***/task/task_runner/standard_task_runner.py:70 DeprecationWarning: This process (pid=188) is multi-threaded, use of fork() may lead to deadlocks in the child.
[2025-11-17T06:02:05.081+0000] {standard_task_runner.py:72} INFO - Started process 258 to run task
[2025-11-17T06:02:05.081+0000] {standard_task_runner.py:104} INFO - Running: ['***', 'tasks', 'run', 'ETL_DAG', 'create_table_load', 'scheduled__2025-11-06T02:45:00+00:00', '--job-id', '217', '--raw', '--subdir', 'DAGS_FOLDER/homework6_etl.py', '--cfg-path', '/tmp/tmpmxt_q3uh']
[2025-11-17T06:02:05.081+0000] {standard_task_runner.py:105} INFO - Job 217: Subtask create_table_load
[2025-11-17T06:02:05.096+0000] {task_command.py:467} INFO - Running <TaskInstance: ETL_DAG.create_table_load scheduled__2025-11-06T02:45:00+00:00 [running]> on host ccfe9eddc1e8
[2025-11-17T06:02:05.122+0000] {taskinstance.py:3131} INFO - Exporting env vars: AIRFLOW_CTX_DAG_OWNER='***' AIRFLOW_CTX_DAG_ID='ETL_DAG' AIRFLOW_CTX_TASK_ID='create_table_load' AIRFLOW_CTX_EXECUTION_DATE='2025-11-06T02:45:00+00:00' AIRFLOW_CTX_TRY_NUMBER='1' AIRFLOW_CTX_DAG_RUN_ID='scheduled__2025-11-06T02:45:00+00:00'
[2025-11-17T06:02:05.123+0000] {taskinstance.py:731} INFO - ::endgroup::
[2025-11-17T06:02:06.105+0000] {cursor.py:1156} INFO - Number of results in first chunk: 1
[2025-11-17T06:02:06.627+0000] {cursor.py:1156} INFO - Number of results in first chunk: 1
[2025-11-17T06:02:06.826+0000] {cursor.py:1156} INFO - Number of results in first chunk: 1
[2025-11-17T06:02:07.332+0000] {cursor.py:1156} INFO - Number of results in first chunk: 1
[2025-11-17T06:02:09.354+0000] {cursor.py:1156} INFO - Number of results in first chunk: 1
[2025-11-17T06:02:09.892+0000] {cursor.py:1156} INFO - Number of results in first chunk: 1
[2025-11-17T06:02:10.323+0000] {cursor.py:1156} INFO - Number of results in first chunk: 1
[2025-11-17T06:02:10.323+0000] {logging_mixin.py:190} INFO - Tables created successfully
[2025-11-17T06:02:10.324+0000] {logging_mixin.py:190} INFO - Data loaded successfully
[2025-11-17T06:02:10.324+0000] {python.py:240} INFO - Done. Returned value was: None
[2025-11-17T06:02:10.332+0000] {taskinstance.py:340} INFO - ::group::Post task execution logs
[2025-11-17T06:02:10.332+0000] {taskinstance.py:352} INFO - Marking task as SUCCESS. dag_id=ETL_DAG, task_id=create_table_load, run_id=scheduled__2025-11-06T02:45:00+00:00, execution_date=20251106T024500, start_date=20251117T060205, end_date=20251117T060210
[2025-11-17T06:02:10.368+0000] {local_task_job_runner.py:266} INFO - Task exited with return code 0
[2025-11-17T06:02:10.375+0000] {taskinstance.py:3900} INFO - 0 downstream tasks scheduled from follow-on schedule check
[2025-11-17T06:02:10.376+0000] {local_task_job_runner.py:245} INFO - ::endgroup::
