[2025-11-25T04:44:12.485+0000] {local_task_job_runner.py:123} INFO - ::group::Pre task execution logs
[2025-11-25T04:44:12.491+0000] {taskinstance.py:2612} INFO - Dependencies all met for dep_context=non-requeueable deps ti=<TaskInstance: two_stock_dag.load scheduled__2025-11-24T01:30:00+00:00 [queued]>
[2025-11-25T04:44:12.494+0000] {taskinstance.py:2612} INFO - Dependencies all met for dep_context=requeueable deps ti=<TaskInstance: two_stock_dag.load scheduled__2025-11-24T01:30:00+00:00 [queued]>
[2025-11-25T04:44:12.497+0000] {taskinstance.py:2865} INFO - Starting attempt 1 of 2
[2025-11-25T04:44:12.570+0000] {taskinstance.py:2888} INFO - Executing <Task(_PythonDecoratedOperator): load> on 2025-11-24 01:30:00+00:00
[2025-11-25T04:44:12.574+0000] {logging_mixin.py:190} WARNING - /home/***/.local/lib/python3.12/site-packages/***/task/task_runner/standard_task_runner.py:70 DeprecationWarning: This process (pid=1035) is multi-threaded, use of fork() may lead to deadlocks in the child.
[2025-11-25T04:44:12.574+0000] {standard_task_runner.py:72} INFO - Started process 1046 to run task
[2025-11-25T04:44:12.574+0000] {standard_task_runner.py:104} INFO - Running: ['***', 'tasks', 'run', 'two_stock_dag', 'load', 'scheduled__2025-11-24T01:30:00+00:00', '--job-id', '250', '--raw', '--subdir', 'DAGS_FOLDER/lab_etl.py', '--cfg-path', '/tmp/tmp6m7dpq8u']
[2025-11-25T04:44:12.576+0000] {standard_task_runner.py:105} INFO - Job 250: Subtask load
[2025-11-25T04:44:12.590+0000] {task_command.py:467} INFO - Running <TaskInstance: two_stock_dag.load scheduled__2025-11-24T01:30:00+00:00 [running]> on host 8c917510e207
[2025-11-25T04:44:12.620+0000] {taskinstance.py:3131} INFO - Exporting env vars: AIRFLOW_CTX_DAG_OWNER='***' AIRFLOW_CTX_DAG_ID='two_stock_dag' AIRFLOW_CTX_TASK_ID='load' AIRFLOW_CTX_EXECUTION_DATE='2025-11-24T01:30:00+00:00' AIRFLOW_CTX_TRY_NUMBER='1' AIRFLOW_CTX_DAG_RUN_ID='scheduled__2025-11-24T01:30:00+00:00'
[2025-11-25T04:44:12.621+0000] {taskinstance.py:731} INFO - ::endgroup::
[2025-11-25T04:44:12.624+0000] {base.py:84} INFO - Retrieving connection 'snowflake_conn'
[2025-11-25T04:44:12.625+0000] {connection.py:413} INFO - Snowflake Connector for Python Version: 3.12.1, Python Version: 3.12.5, Platform: Linux-6.10.14-linuxkit-aarch64-with-glibc2.36
[2025-11-25T04:44:12.625+0000] {connection.py:1196} INFO - Connecting to GLOBAL Snowflake domain
[2025-11-25T04:44:12.625+0000] {connection.py:1277} INFO - This connection is in OCSP Fail Open Mode. TLS Certificates would be checked for validity and revocation status. Any other Certificate Revocation related exceptions or OCSP Responder failures would be disregarded in favor of connectivity.
[2025-11-25T04:44:13.061+0000] {cursor.py:1156} INFO - Number of results in first chunk: 1
[2025-11-25T04:44:13.148+0000] {cursor.py:1156} INFO - Number of results in first chunk: 1
[2025-11-25T04:44:13.520+0000] {cursor.py:1156} INFO - Number of results in first chunk: 1
[2025-11-25T04:44:15.169+0000] {cursor.py:1156} INFO - Number of results in first chunk: 1
[2025-11-25T04:44:15.172+0000] {python.py:240} INFO - Done. Returned value was: 360
[2025-11-25T04:44:15.204+0000] {taskinstance.py:340} INFO - ::group::Post task execution logs
[2025-11-25T04:44:15.204+0000] {taskinstance.py:352} INFO - Marking task as SUCCESS. dag_id=two_stock_dag, task_id=load, run_id=scheduled__2025-11-24T01:30:00+00:00, execution_date=20251124T013000, start_date=20251125T044412, end_date=20251125T044415
[2025-11-25T04:44:15.225+0000] {local_task_job_runner.py:266} INFO - Task exited with return code 0
[2025-11-25T04:44:15.244+0000] {taskinstance.py:3900} INFO - 1 downstream tasks scheduled from follow-on schedule check
[2025-11-25T04:44:15.245+0000] {local_task_job_runner.py:245} INFO - ::endgroup::
[2025-11-25T09:23:39.147+0000] {local_task_job_runner.py:123} INFO - ::group::Pre task execution logs
[2025-11-25T09:23:39.190+0000] {taskinstance.py:2612} INFO - Dependencies all met for dep_context=non-requeueable deps ti=<TaskInstance: two_stock_dag.load scheduled__2025-11-24T01:30:00+00:00 [queued]>
[2025-11-25T09:23:39.198+0000] {taskinstance.py:2612} INFO - Dependencies all met for dep_context=requeueable deps ti=<TaskInstance: two_stock_dag.load scheduled__2025-11-24T01:30:00+00:00 [queued]>
[2025-11-25T09:23:39.200+0000] {taskinstance.py:2865} INFO - Starting attempt 1 of 2
[2025-11-25T09:23:39.329+0000] {taskinstance.py:2888} INFO - Executing <Task(_PythonDecoratedOperator): load> on 2025-11-24 01:30:00+00:00
[2025-11-25T09:23:39.344+0000] {logging_mixin.py:190} WARNING - /home/***/.local/lib/python3.12/site-packages/***/task/task_runner/standard_task_runner.py:70 DeprecationWarning: This process (pid=745) is multi-threaded, use of fork() may lead to deadlocks in the child.
[2025-11-25T09:23:39.345+0000] {standard_task_runner.py:72} INFO - Started process 759 to run task
[2025-11-25T09:23:39.344+0000] {standard_task_runner.py:104} INFO - Running: ['***', 'tasks', 'run', 'two_stock_dag', 'load', 'scheduled__2025-11-24T01:30:00+00:00', '--job-id', '13', '--raw', '--subdir', 'DAGS_FOLDER/lab_etl.py', '--cfg-path', '/tmp/tmpltne26ni']
[2025-11-25T09:23:39.348+0000] {standard_task_runner.py:105} INFO - Job 13: Subtask load
[2025-11-25T09:23:39.591+0000] {task_command.py:467} INFO - Running <TaskInstance: two_stock_dag.load scheduled__2025-11-24T01:30:00+00:00 [running]> on host 42ac9fe1c2d2
[2025-11-25T09:23:39.857+0000] {taskinstance.py:3131} INFO - Exporting env vars: AIRFLOW_CTX_DAG_OWNER='***' AIRFLOW_CTX_DAG_ID='two_stock_dag' AIRFLOW_CTX_TASK_ID='load' AIRFLOW_CTX_EXECUTION_DATE='2025-11-24T01:30:00+00:00' AIRFLOW_CTX_TRY_NUMBER='1' AIRFLOW_CTX_DAG_RUN_ID='scheduled__2025-11-24T01:30:00+00:00'
[2025-11-25T09:23:39.859+0000] {taskinstance.py:731} INFO - ::endgroup::
[2025-11-25T09:23:39.900+0000] {base.py:84} INFO - Retrieving connection 'snowflake_conn'
[2025-11-25T09:23:39.902+0000] {connection.py:413} INFO - Snowflake Connector for Python Version: 3.12.1, Python Version: 3.12.5, Platform: Linux-6.10.14-linuxkit-x86_64-with-glibc2.36
[2025-11-25T09:23:39.906+0000] {connection.py:1196} INFO - Connecting to GLOBAL Snowflake domain
[2025-11-25T09:23:39.906+0000] {connection.py:1277} INFO - This connection is in OCSP Fail Open Mode. TLS Certificates would be checked for validity and revocation status. Any other Certificate Revocation related exceptions or OCSP Responder failures would be disregarded in favor of connectivity.
[2025-11-25T09:23:40.960+0000] {cursor.py:1156} INFO - Number of results in first chunk: 1
[2025-11-25T09:23:41.124+0000] {cursor.py:1156} INFO - Number of results in first chunk: 1
[2025-11-25T09:23:41.429+0000] {cursor.py:1156} INFO - Number of results in first chunk: 1
[2025-11-25T09:23:42.778+0000] {cursor.py:1156} INFO - Number of results in first chunk: 1
[2025-11-25T09:23:42.779+0000] {python.py:240} INFO - Done. Returned value was: 360
[2025-11-25T09:23:42.885+0000] {taskinstance.py:340} INFO - ::group::Post task execution logs
[2025-11-25T09:23:42.885+0000] {taskinstance.py:352} INFO - Marking task as SUCCESS. dag_id=two_stock_dag, task_id=load, run_id=scheduled__2025-11-24T01:30:00+00:00, execution_date=20251124T013000, start_date=20251125T092339, end_date=20251125T092342
[2025-11-25T09:23:42.922+0000] {local_task_job_runner.py:266} INFO - Task exited with return code 0
[2025-11-25T09:23:42.976+0000] {taskinstance.py:3900} INFO - 1 downstream tasks scheduled from follow-on schedule check
[2025-11-25T09:23:42.979+0000] {local_task_job_runner.py:245} INFO - ::endgroup::
