[2025-11-05T02:52:08.825+0000] {local_task_job_runner.py:123} INFO - ::group::Pre task execution logs
[2025-11-05T02:52:08.832+0000] {taskinstance.py:2612} INFO - Dependencies all met for dep_context=non-requeueable deps ti=<TaskInstance: BuildELT_CTAS.run_ctas scheduled__2025-11-04T02:45:00+00:00 [queued]>
[2025-11-05T02:52:08.836+0000] {taskinstance.py:2612} INFO - Dependencies all met for dep_context=requeueable deps ti=<TaskInstance: BuildELT_CTAS.run_ctas scheduled__2025-11-04T02:45:00+00:00 [queued]>
[2025-11-05T02:52:08.836+0000] {taskinstance.py:2865} INFO - Starting attempt 1 of 1
[2025-11-05T02:52:08.842+0000] {taskinstance.py:2888} INFO - Executing <Task(_PythonDecoratedOperator): run_ctas> on 2025-11-04 02:45:00+00:00
[2025-11-05T02:52:08.845+0000] {logging_mixin.py:190} WARNING - /home/***/.local/lib/python3.12/site-packages/***/task/task_runner/standard_task_runner.py:70 DeprecationWarning: This process (pid=89727) is multi-threaded, use of fork() may lead to deadlocks in the child.
[2025-11-05T02:52:08.845+0000] {standard_task_runner.py:104} INFO - Running: ['***', 'tasks', 'run', 'BuildELT_CTAS', 'run_ctas', 'scheduled__2025-11-04T02:45:00+00:00', '--job-id', '202', '--raw', '--subdir', 'DAGS_FOLDER/homework6_elt.py', '--cfg-path', '/tmp/tmpwb1j9tbc']
[2025-11-05T02:52:08.846+0000] {standard_task_runner.py:72} INFO - Started process 89746 to run task
[2025-11-05T02:52:08.846+0000] {standard_task_runner.py:105} INFO - Job 202: Subtask run_ctas
[2025-11-05T02:52:08.860+0000] {task_command.py:467} INFO - Running <TaskInstance: BuildELT_CTAS.run_ctas scheduled__2025-11-04T02:45:00+00:00 [running]> on host ccfe9eddc1e8
[2025-11-05T02:52:08.883+0000] {taskinstance.py:3131} INFO - Exporting env vars: AIRFLOW_CTX_DAG_OWNER='***' AIRFLOW_CTX_DAG_ID='BuildELT_CTAS' AIRFLOW_CTX_TASK_ID='run_ctas' AIRFLOW_CTX_EXECUTION_DATE='2025-11-04T02:45:00+00:00' AIRFLOW_CTX_TRY_NUMBER='1' AIRFLOW_CTX_DAG_RUN_ID='scheduled__2025-11-04T02:45:00+00:00'
[2025-11-05T02:52:08.884+0000] {taskinstance.py:731} INFO - ::endgroup::
[2025-11-05T02:52:08.885+0000] {homework6_elt.py:34} INFO - session_summary
[2025-11-05T02:52:08.885+0000] {homework6_elt.py:35} INFO - SELECT u.*, s.ts
    FROM raw.user_session_channel u
    JOIN raw.session_timestamp s ON u.sessionId=s.sessionId
    
[2025-11-05T02:52:08.888+0000] {base.py:84} INFO - Retrieving connection 'snowflake_conn'
[2025-11-05T02:52:08.888+0000] {connection.py:413} INFO - Snowflake Connector for Python Version: 3.12.1, Python Version: 3.12.5, Platform: Linux-6.10.14-linuxkit-aarch64-with-glibc2.36
[2025-11-05T02:52:08.889+0000] {connection.py:1196} INFO - Connecting to GLOBAL Snowflake domain
[2025-11-05T02:52:08.889+0000] {connection.py:1277} INFO - This connection is in OCSP Fail Open Mode. TLS Certificates would be checked for validity and revocation status. Any other Certificate Revocation related exceptions or OCSP Responder failures would be disregarded in favor of connectivity.
[2025-11-05T02:52:26.107+0000] {homework6_elt.py:41} INFO - CREATE OR REPLACE TABLE analytics.temp_session_summary AS SELECT u.*, s.ts
    FROM raw.user_session_channel u
    JOIN raw.session_timestamp s ON u.sessionId=s.sessionId
    
[2025-11-05T02:52:28.336+0000] {cursor.py:1156} INFO - Number of results in first chunk: 1
[2025-11-05T02:52:28.338+0000] {logging_mixin.py:190} INFO - 
              SELECT sessionId, COUNT(1) AS cnt 
              FROM analytics.temp_session_summary
              GROUP BY 1
              ORDER BY 2 DESC
              LIMIT 1
[2025-11-05T02:52:28.782+0000] {cursor.py:1156} INFO - Number of results in first chunk: 1
[2025-11-05T02:52:28.784+0000] {logging_mixin.py:190} INFO - ('0a54b19a13b6712dc04d1b49215423d8', 1) 1
[2025-11-05T02:52:28.784+0000] {logging_mixin.py:190} INFO - Checking duplicates for sessionId...
[2025-11-05T02:52:29.441+0000] {cursor.py:1156} INFO - Number of results in first chunk: 1
[2025-11-05T02:52:29.593+0000] {cursor.py:1156} INFO - Number of results in first chunk: 1
[2025-11-05T02:52:29.725+0000] {cursor.py:1156} INFO - Number of results in first chunk: 1
[2025-11-05T02:52:29.726+0000] {python.py:240} INFO - Done. Returned value was: None
[2025-11-05T02:52:29.743+0000] {taskinstance.py:340} INFO - ::group::Post task execution logs
[2025-11-05T02:52:29.744+0000] {taskinstance.py:352} INFO - Marking task as SUCCESS. dag_id=BuildELT_CTAS, task_id=run_ctas, run_id=scheduled__2025-11-04T02:45:00+00:00, execution_date=20251104T024500, start_date=20251105T025208, end_date=20251105T025229
[2025-11-05T02:52:29.769+0000] {local_task_job_runner.py:266} INFO - Task exited with return code 0
[2025-11-05T02:52:29.778+0000] {taskinstance.py:3900} INFO - 0 downstream tasks scheduled from follow-on schedule check
[2025-11-05T02:52:29.778+0000] {local_task_job_runner.py:245} INFO - ::endgroup::
