[2025-11-25T10:57:42.488+0000] {local_task_job_runner.py:123} INFO - ::group::Pre task execution logs
[2025-11-25T10:57:42.530+0000] {taskinstance.py:2612} INFO - Dependencies all met for dep_context=non-requeueable deps ti=<TaskInstance: dbt_stock_analytics.dbt_run manual__2025-11-25T10:57:41.883617+00:00 [queued]>
[2025-11-25T10:57:42.537+0000] {taskinstance.py:2612} INFO - Dependencies all met for dep_context=requeueable deps ti=<TaskInstance: dbt_stock_analytics.dbt_run manual__2025-11-25T10:57:41.883617+00:00 [queued]>
[2025-11-25T10:57:42.538+0000] {taskinstance.py:2865} INFO - Starting attempt 1 of 1
[2025-11-25T10:57:42.555+0000] {taskinstance.py:2888} INFO - Executing <Task(BashOperator): dbt_run> on 2025-11-25 10:57:41.883617+00:00
[2025-11-25T10:57:42.559+0000] {standard_task_runner.py:104} INFO - Running: ['***', 'tasks', 'run', 'dbt_stock_analytics', 'dbt_run', 'manual__2025-11-25T10:57:41.883617+00:00', '--job-id', '24', '--raw', '--subdir', 'DAGS_FOLDER/dbt_stock_analytics_lab2.py', '--cfg-path', '/tmp/tmp3ghbr1sb']
[2025-11-25T10:57:42.562+0000] {standard_task_runner.py:105} INFO - Job 24: Subtask dbt_run
[2025-11-25T10:57:42.561+0000] {logging_mixin.py:190} WARNING - /home/***/.local/lib/python3.12/site-packages/***/task/task_runner/standard_task_runner.py:70 DeprecationWarning: This process (pid=7480) is multi-threaded, use of fork() may lead to deadlocks in the child.
[2025-11-25T10:57:42.563+0000] {standard_task_runner.py:72} INFO - Started process 7481 to run task
[2025-11-25T10:57:42.673+0000] {task_command.py:467} INFO - Running <TaskInstance: dbt_stock_analytics.dbt_run manual__2025-11-25T10:57:41.883617+00:00 [running]> on host 42ac9fe1c2d2
[2025-11-25T10:57:42.832+0000] {taskinstance.py:3131} INFO - Exporting env vars: AIRFLOW_CTX_DAG_OWNER='***' AIRFLOW_CTX_DAG_ID='dbt_stock_analytics' AIRFLOW_CTX_TASK_ID='dbt_run' AIRFLOW_CTX_EXECUTION_DATE='2025-11-25T10:57:41.883617+00:00' AIRFLOW_CTX_TRY_NUMBER='1' AIRFLOW_CTX_DAG_RUN_ID='manual__2025-11-25T10:57:41.883617+00:00'
[2025-11-25T10:57:42.832+0000] {taskinstance.py:731} INFO - ::endgroup::
[2025-11-25T10:57:42.841+0000] {subprocess.py:63} INFO - Tmp dir root location: /tmp
[2025-11-25T10:57:42.842+0000] {subprocess.py:75} INFO - Running command: ['/usr/bin/bash', '-c', 'cd /opt/***/dbt/stock_analytics && dbt run']
[2025-11-25T10:57:42.847+0000] {subprocess.py:86} INFO - Output:
[2025-11-25T10:57:44.391+0000] {subprocess.py:93} INFO - [0m10:57:44  Running with dbt=1.8.8
[2025-11-25T10:57:45.440+0000] {subprocess.py:93} INFO - [0m10:57:45  Registered adapter: snowflake=1.8.4
[2025-11-25T10:57:45.678+0000] {subprocess.py:93} INFO - [0m10:57:45  Found 2 models, 1 snapshot, 8 data tests, 1 source, 455 macros
[2025-11-25T10:57:45.680+0000] {subprocess.py:93} INFO - [0m10:57:45
[2025-11-25T10:57:47.492+0000] {subprocess.py:93} INFO - [0m10:57:47  Concurrency: 4 threads (target='dev')
[2025-11-25T10:57:47.494+0000] {subprocess.py:93} INFO - [0m10:57:47
[2025-11-25T10:57:47.514+0000] {subprocess.py:93} INFO - [0m10:57:47  1 of 2 START sql view model ANALYTICS.stg_stock_data ........................... [RUN]
[2025-11-25T10:57:48.249+0000] {subprocess.py:93} INFO - [0m10:57:48  1 of 2 OK created sql view model ANALYTICS.stg_stock_data ...................... [[32mSUCCESS 1[0m in 0.73s]
[2025-11-25T10:57:48.253+0000] {subprocess.py:93} INFO - [0m10:57:48  2 of 2 START sql view model ANALYTICS.fct_stock_metrics ........................ [RUN]
[2025-11-25T10:57:48.990+0000] {subprocess.py:93} INFO - [0m10:57:48  2 of 2 OK created sql view model ANALYTICS.fct_stock_metrics ................... [[32mSUCCESS 1[0m in 0.73s]
[2025-11-25T10:57:48.996+0000] {subprocess.py:93} INFO - [0m10:57:48
[2025-11-25T10:57:48.997+0000] {subprocess.py:93} INFO - [0m10:57:48  Finished running 2 view models in 0 hours 0 minutes and 3.31 seconds (3.31s).
[2025-11-25T10:57:49.030+0000] {subprocess.py:93} INFO - [0m10:57:49
[2025-11-25T10:57:49.031+0000] {subprocess.py:93} INFO - [0m10:57:49  [32mCompleted successfully[0m
[2025-11-25T10:57:49.031+0000] {subprocess.py:93} INFO - [0m10:57:49
[2025-11-25T10:57:49.032+0000] {subprocess.py:93} INFO - [0m10:57:49  Done. PASS=2 WARN=0 ERROR=0 SKIP=0 TOTAL=2
[2025-11-25T10:57:49.806+0000] {subprocess.py:97} INFO - Command exited with return code 0
[2025-11-25T10:57:49.903+0000] {taskinstance.py:340} INFO - ::group::Post task execution logs
[2025-11-25T10:57:49.903+0000] {taskinstance.py:352} INFO - Marking task as SUCCESS. dag_id=dbt_stock_analytics, task_id=dbt_run, run_id=manual__2025-11-25T10:57:41.883617+00:00, execution_date=20251125T105741, start_date=20251125T105742, end_date=20251125T105749
[2025-11-25T10:57:49.943+0000] {local_task_job_runner.py:266} INFO - Task exited with return code 0
[2025-11-25T10:57:50.008+0000] {taskinstance.py:3900} INFO - 1 downstream tasks scheduled from follow-on schedule check
[2025-11-25T10:57:50.010+0000] {local_task_job_runner.py:245} INFO - ::endgroup::
