[2025-10-07T20:09:02.469+0000] {local_task_job_runner.py:123} INFO - ::group::Pre task execution logs
[2025-10-07T20:09:02.475+0000] {taskinstance.py:2612} INFO - Dependencies all met for dep_context=non-requeueable deps ti=<TaskInstance: two_stock_dag.load scheduled__2025-10-06T01:30:00+00:00 [queued]>
[2025-10-07T20:09:02.479+0000] {taskinstance.py:2612} INFO - Dependencies all met for dep_context=requeueable deps ti=<TaskInstance: two_stock_dag.load scheduled__2025-10-06T01:30:00+00:00 [queued]>
[2025-10-07T20:09:02.480+0000] {taskinstance.py:2865} INFO - Starting attempt 2 of 3
[2025-10-07T20:09:02.549+0000] {taskinstance.py:2888} INFO - Executing <Task(_PythonDecoratedOperator): load> on 2025-10-06 01:30:00+00:00
[2025-10-07T20:09:02.553+0000] {logging_mixin.py:190} WARNING - /home/***/.local/lib/python3.12/site-packages/***/task/task_runner/standard_task_runner.py:70 DeprecationWarning: This process (pid=24639) is multi-threaded, use of fork() may lead to deadlocks in the child.
[2025-10-07T20:09:02.554+0000] {standard_task_runner.py:72} INFO - Started process 24645 to run task
[2025-10-07T20:09:02.553+0000] {standard_task_runner.py:104} INFO - Running: ['***', 'tasks', 'run', 'two_stock_dag', 'load', 'scheduled__2025-10-06T01:30:00+00:00', '--job-id', '76', '--raw', '--subdir', 'DAGS_FOLDER/lab_etl.py', '--cfg-path', '/tmp/tmp3f3zwdqt']
[2025-10-07T20:09:02.555+0000] {standard_task_runner.py:105} INFO - Job 76: Subtask load
[2025-10-07T20:09:02.571+0000] {task_command.py:467} INFO - Running <TaskInstance: two_stock_dag.load scheduled__2025-10-06T01:30:00+00:00 [running]> on host ccfe9eddc1e8
[2025-10-07T20:09:02.602+0000] {taskinstance.py:3131} INFO - Exporting env vars: AIRFLOW_CTX_DAG_OWNER='***' AIRFLOW_CTX_DAG_ID='two_stock_dag' AIRFLOW_CTX_TASK_ID='load' AIRFLOW_CTX_EXECUTION_DATE='2025-10-06T01:30:00+00:00' AIRFLOW_CTX_TRY_NUMBER='2' AIRFLOW_CTX_DAG_RUN_ID='scheduled__2025-10-06T01:30:00+00:00'
[2025-10-07T20:09:02.602+0000] {taskinstance.py:731} INFO - ::endgroup::
[2025-10-07T20:09:02.606+0000] {base.py:84} INFO - Retrieving connection 'snowflake_conn'
[2025-10-07T20:09:02.607+0000] {connection.py:413} INFO - Snowflake Connector for Python Version: 3.12.1, Python Version: 3.12.5, Platform: Linux-6.10.14-linuxkit-aarch64-with-glibc2.36
[2025-10-07T20:09:02.607+0000] {connection.py:1196} INFO - Connecting to GLOBAL Snowflake domain
[2025-10-07T20:09:02.607+0000] {connection.py:1277} INFO - This connection is in OCSP Fail Open Mode. TLS Certificates would be checked for validity and revocation status. Any other Certificate Revocation related exceptions or OCSP Responder failures would be disregarded in favor of connectivity.
[2025-10-07T20:09:03.113+0000] {cursor.py:1156} INFO - Number of results in first chunk: 1
[2025-10-07T20:09:03.234+0000] {cursor.py:1156} INFO - Number of results in first chunk: 1
[2025-10-07T20:09:03.556+0000] {cursor.py:1156} INFO - Number of results in first chunk: 1
[2025-10-07T20:09:04.655+0000] {cursor.py:1156} INFO - Number of results in first chunk: 1
[2025-10-07T20:09:04.655+0000] {python.py:240} INFO - Done. Returned value was: 360
[2025-10-07T20:09:04.665+0000] {taskinstance.py:340} INFO - ::group::Post task execution logs
[2025-10-07T20:09:04.665+0000] {taskinstance.py:352} INFO - Marking task as SUCCESS. dag_id=two_stock_dag, task_id=load, run_id=scheduled__2025-10-06T01:30:00+00:00, execution_date=20251006T013000, start_date=20251007T200902, end_date=20251007T200904
[2025-10-07T20:09:04.694+0000] {local_task_job_runner.py:266} INFO - Task exited with return code 0
[2025-10-07T20:09:04.703+0000] {taskinstance.py:3900} INFO - 1 downstream tasks scheduled from follow-on schedule check
[2025-10-07T20:09:04.704+0000] {local_task_job_runner.py:245} INFO - ::endgroup::
