[2025-10-07T20:50:56.206+0000] {local_task_job_runner.py:123} INFO - ::group::Pre task execution logs
[2025-10-07T20:50:56.211+0000] {taskinstance.py:2612} INFO - Dependencies all met for dep_context=non-requeueable deps ti=<TaskInstance: lab_forecast_dag.train manual__2025-10-07T20:24:56.408633+00:00 [queued]>
[2025-10-07T20:50:56.213+0000] {taskinstance.py:2612} INFO - Dependencies all met for dep_context=requeueable deps ti=<TaskInstance: lab_forecast_dag.train manual__2025-10-07T20:24:56.408633+00:00 [queued]>
[2025-10-07T20:50:56.213+0000] {taskinstance.py:2865} INFO - Starting attempt 3 of 4
[2025-10-07T20:50:56.217+0000] {taskinstance.py:2888} INFO - Executing <Task(_PythonDecoratedOperator): train> on 2025-10-07 20:24:56.408633+00:00
[2025-10-07T20:50:56.220+0000] {logging_mixin.py:190} WARNING - /home/***/.local/lib/python3.12/site-packages/***/task/task_runner/standard_task_runner.py:70 DeprecationWarning: This process (pid=26612) is multi-threaded, use of fork() may lead to deadlocks in the child.
[2025-10-07T20:50:56.221+0000] {standard_task_runner.py:72} INFO - Started process 26615 to run task
[2025-10-07T20:50:56.220+0000] {standard_task_runner.py:104} INFO - Running: ['***', 'tasks', 'run', 'lab_forecast_dag', 'train', 'manual__2025-10-07T20:24:56.408633+00:00', '--job-id', '116', '--raw', '--subdir', 'DAGS_FOLDER/train_predict_v2.py', '--cfg-path', '/tmp/tmp9e0yyvi9']
[2025-10-07T20:50:56.222+0000] {standard_task_runner.py:105} INFO - Job 116: Subtask train
[2025-10-07T20:50:56.239+0000] {task_command.py:467} INFO - Running <TaskInstance: lab_forecast_dag.train manual__2025-10-07T20:24:56.408633+00:00 [running]> on host ccfe9eddc1e8
[2025-10-07T20:50:56.266+0000] {taskinstance.py:3131} INFO - Exporting env vars: AIRFLOW_CTX_DAG_OWNER='***' AIRFLOW_CTX_DAG_ID='lab_forecast_dag' AIRFLOW_CTX_TASK_ID='train' AIRFLOW_CTX_EXECUTION_DATE='2025-10-07T20:24:56.408633+00:00' AIRFLOW_CTX_TRY_NUMBER='3' AIRFLOW_CTX_DAG_RUN_ID='manual__2025-10-07T20:24:56.408633+00:00'
[2025-10-07T20:50:56.267+0000] {taskinstance.py:731} INFO - ::endgroup::
[2025-10-07T20:50:56.271+0000] {base.py:84} INFO - Retrieving connection 'snowflake_conn'
[2025-10-07T20:50:56.271+0000] {connection.py:413} INFO - Snowflake Connector for Python Version: 3.12.1, Python Version: 3.12.5, Platform: Linux-6.10.14-linuxkit-aarch64-with-glibc2.36
[2025-10-07T20:50:56.272+0000] {connection.py:1196} INFO - Connecting to GLOBAL Snowflake domain
[2025-10-07T20:50:56.272+0000] {connection.py:1277} INFO - This connection is in OCSP Fail Open Mode. TLS Certificates would be checked for validity and revocation status. Any other Certificate Revocation related exceptions or OCSP Responder failures would be disregarded in favor of connectivity.
[2025-10-07T20:50:56.907+0000] {cursor.py:1156} INFO - Number of results in first chunk: 1
[2025-10-07T20:50:57.086+0000] {cursor.py:1156} INFO - Number of results in first chunk: 1
[2025-10-07T20:50:57.513+0000] {cursor.py:1156} INFO - Number of results in first chunk: 1
[2025-10-07T20:51:31.533+0000] {local_task_job_runner.py:346} WARNING - State of this instance has been externally set to success. Terminating instance.
[2025-10-07T20:51:31.539+0000] {local_task_job_runner.py:245} INFO - ::endgroup::
[2025-10-07T20:51:31.541+0000] {process_utils.py:132} INFO - Sending 15 to group 26615. PIDs of all processes in the group: [26615]
[2025-10-07T20:51:31.541+0000] {process_utils.py:87} INFO - Sending the signal 15 to group 26615
[2025-10-07T20:51:31.543+0000] {taskinstance.py:3092} ERROR - Received SIGTERM. Terminating subprocesses.
[2025-10-07T20:51:31.571+0000] {taskinstance.py:340} INFO - ::group::Post task execution logs
[2025-10-07T20:51:31.600+0000] {process_utils.py:80} INFO - Process psutil.Process(pid=26615, status='terminated', exitcode=0, started='20:50:55') (26615) terminated with exit code 0
