[2025-11-06T00:06:02.700+0000] {processor.py:186} INFO - Started process (PID=94186) to work on /opt/airflow/dags/homework6_elt.py
[2025-11-06T00:06:02.701+0000] {processor.py:914} INFO - Processing file /opt/airflow/dags/homework6_elt.py for tasks to queue
[2025-11-06T00:06:02.701+0000] {logging_mixin.py:190} INFO - [2025-11-06T00:06:02.701+0000] {dagbag.py:587} INFO - Filling up the DagBag from /opt/airflow/dags/homework6_elt.py
[2025-11-06T00:06:02.710+0000] {processor.py:925} INFO - DAG(s) 'BuildELT_CTAS' retrieved from /opt/airflow/dags/homework6_elt.py
[2025-11-06T00:06:02.721+0000] {logging_mixin.py:190} INFO - [2025-11-06T00:06:02.721+0000] {dag.py:3229} INFO - Sync 1 DAGs
[2025-11-06T00:06:02.731+0000] {logging_mixin.py:190} INFO - [2025-11-06T00:06:02.731+0000] {dag.py:4156} INFO - Setting next_dagrun for BuildELT_CTAS to 2025-11-05 02:45:00+00:00, run_after=2025-11-06 02:45:00+00:00
[2025-11-06T00:06:02.737+0000] {processor.py:208} INFO - Processing /opt/airflow/dags/homework6_elt.py took 0.040 seconds
[2025-11-06T00:10:36.282+0000] {processor.py:186} INFO - Started process (PID=94212) to work on /opt/airflow/dags/homework6_elt.py
[2025-11-06T00:10:36.283+0000] {processor.py:914} INFO - Processing file /opt/airflow/dags/homework6_elt.py for tasks to queue
[2025-11-06T00:10:36.284+0000] {logging_mixin.py:190} INFO - [2025-11-06T00:10:36.283+0000] {dagbag.py:587} INFO - Filling up the DagBag from /opt/airflow/dags/homework6_elt.py
[2025-11-06T00:10:36.290+0000] {processor.py:925} INFO - DAG(s) 'BuildELT_CTAS' retrieved from /opt/airflow/dags/homework6_elt.py
[2025-11-06T00:10:36.304+0000] {logging_mixin.py:190} INFO - [2025-11-06T00:10:36.303+0000] {dag.py:3229} INFO - Sync 1 DAGs
[2025-11-06T00:10:36.320+0000] {logging_mixin.py:190} INFO - [2025-11-06T00:10:36.320+0000] {dag.py:4156} INFO - Setting next_dagrun for BuildELT_CTAS to 2025-11-05 02:45:00+00:00, run_after=2025-11-06 02:45:00+00:00
[2025-11-06T00:10:36.326+0000] {processor.py:208} INFO - Processing /opt/airflow/dags/homework6_elt.py took 0.049 seconds
[2025-11-06T00:12:53.732+0000] {processor.py:186} INFO - Started process (PID=94241) to work on /opt/airflow/dags/homework6_elt.py
[2025-11-06T00:12:53.733+0000] {processor.py:914} INFO - Processing file /opt/airflow/dags/homework6_elt.py for tasks to queue
[2025-11-06T00:12:53.734+0000] {logging_mixin.py:190} INFO - [2025-11-06T00:12:53.734+0000] {dagbag.py:587} INFO - Filling up the DagBag from /opt/airflow/dags/homework6_elt.py
[2025-11-06T00:12:53.744+0000] {processor.py:925} INFO - DAG(s) 'BuildELT_CTAS' retrieved from /opt/airflow/dags/homework6_elt.py
[2025-11-06T00:12:53.756+0000] {logging_mixin.py:190} INFO - [2025-11-06T00:12:53.756+0000] {dag.py:3229} INFO - Sync 1 DAGs
[2025-11-06T00:12:53.766+0000] {logging_mixin.py:190} INFO - [2025-11-06T00:12:53.766+0000] {dag.py:4156} INFO - Setting next_dagrun for BuildELT_CTAS to 2025-11-05 02:45:00+00:00, run_after=2025-11-06 02:45:00+00:00
[2025-11-06T00:12:53.772+0000] {processor.py:208} INFO - Processing /opt/airflow/dags/homework6_elt.py took 0.045 seconds
[2025-11-06T00:31:35.397+0000] {processor.py:186} INFO - Started process (PID=94272) to work on /opt/airflow/dags/homework6_elt.py
[2025-11-06T00:31:35.398+0000] {processor.py:914} INFO - Processing file /opt/airflow/dags/homework6_elt.py for tasks to queue
[2025-11-06T00:31:35.399+0000] {logging_mixin.py:190} INFO - [2025-11-06T00:31:35.399+0000] {dagbag.py:587} INFO - Filling up the DagBag from /opt/airflow/dags/homework6_elt.py
[2025-11-06T00:31:35.409+0000] {processor.py:925} INFO - DAG(s) 'BuildELT_CTAS' retrieved from /opt/airflow/dags/homework6_elt.py
[2025-11-06T00:31:35.420+0000] {logging_mixin.py:190} INFO - [2025-11-06T00:31:35.420+0000] {dag.py:3229} INFO - Sync 1 DAGs
[2025-11-06T00:31:35.430+0000] {logging_mixin.py:190} INFO - [2025-11-06T00:31:35.430+0000] {dag.py:4156} INFO - Setting next_dagrun for BuildELT_CTAS to 2025-11-05 02:45:00+00:00, run_after=2025-11-06 02:45:00+00:00
[2025-11-06T00:31:35.436+0000] {processor.py:208} INFO - Processing /opt/airflow/dags/homework6_elt.py took 0.044 seconds
[2025-11-06T00:32:05.535+0000] {processor.py:186} INFO - Started process (PID=94300) to work on /opt/airflow/dags/homework6_elt.py
[2025-11-06T00:32:05.536+0000] {processor.py:914} INFO - Processing file /opt/airflow/dags/homework6_elt.py for tasks to queue
[2025-11-06T00:32:05.537+0000] {logging_mixin.py:190} INFO - [2025-11-06T00:32:05.537+0000] {dagbag.py:587} INFO - Filling up the DagBag from /opt/airflow/dags/homework6_elt.py
[2025-11-06T00:32:05.546+0000] {processor.py:925} INFO - DAG(s) 'BuildELT_CTAS' retrieved from /opt/airflow/dags/homework6_elt.py
[2025-11-06T00:32:05.561+0000] {logging_mixin.py:190} INFO - [2025-11-06T00:32:05.561+0000] {dag.py:3229} INFO - Sync 1 DAGs
[2025-11-06T00:32:05.574+0000] {logging_mixin.py:190} INFO - [2025-11-06T00:32:05.573+0000] {dag.py:4156} INFO - Setting next_dagrun for BuildELT_CTAS to 2025-11-05 02:45:00+00:00, run_after=2025-11-06 02:45:00+00:00
[2025-11-06T00:32:05.580+0000] {processor.py:208} INFO - Processing /opt/airflow/dags/homework6_elt.py took 0.051 seconds
[2025-11-06T00:39:14.202+0000] {processor.py:186} INFO - Started process (PID=94334) to work on /opt/airflow/dags/homework6_elt.py
[2025-11-06T00:39:14.203+0000] {processor.py:914} INFO - Processing file /opt/airflow/dags/homework6_elt.py for tasks to queue
[2025-11-06T00:39:14.204+0000] {logging_mixin.py:190} INFO - [2025-11-06T00:39:14.204+0000] {dagbag.py:587} INFO - Filling up the DagBag from /opt/airflow/dags/homework6_elt.py
[2025-11-06T00:39:14.212+0000] {processor.py:925} INFO - DAG(s) 'BuildELT_CTAS' retrieved from /opt/airflow/dags/homework6_elt.py
[2025-11-06T00:39:14.224+0000] {logging_mixin.py:190} INFO - [2025-11-06T00:39:14.224+0000] {dag.py:3229} INFO - Sync 1 DAGs
[2025-11-06T00:39:14.234+0000] {logging_mixin.py:190} INFO - [2025-11-06T00:39:14.233+0000] {dag.py:4156} INFO - Setting next_dagrun for BuildELT_CTAS to 2025-11-05 02:45:00+00:00, run_after=2025-11-06 02:45:00+00:00
[2025-11-06T00:39:14.239+0000] {processor.py:208} INFO - Processing /opt/airflow/dags/homework6_elt.py took 0.041 seconds
[2025-11-06T00:43:28.721+0000] {processor.py:186} INFO - Started process (PID=94365) to work on /opt/airflow/dags/homework6_elt.py
[2025-11-06T00:43:28.722+0000] {processor.py:914} INFO - Processing file /opt/airflow/dags/homework6_elt.py for tasks to queue
[2025-11-06T00:43:28.723+0000] {logging_mixin.py:190} INFO - [2025-11-06T00:43:28.723+0000] {dagbag.py:587} INFO - Filling up the DagBag from /opt/airflow/dags/homework6_elt.py
[2025-11-06T00:43:28.734+0000] {processor.py:925} INFO - DAG(s) 'BuildELT_CTAS' retrieved from /opt/airflow/dags/homework6_elt.py
[2025-11-06T00:43:28.745+0000] {logging_mixin.py:190} INFO - [2025-11-06T00:43:28.745+0000] {dag.py:3229} INFO - Sync 1 DAGs
[2025-11-06T00:43:28.756+0000] {logging_mixin.py:190} INFO - [2025-11-06T00:43:28.756+0000] {dag.py:4156} INFO - Setting next_dagrun for BuildELT_CTAS to 2025-11-05 02:45:00+00:00, run_after=2025-11-06 02:45:00+00:00
[2025-11-06T00:43:28.762+0000] {processor.py:208} INFO - Processing /opt/airflow/dags/homework6_elt.py took 0.046 seconds
[2025-11-06T00:45:28.460+0000] {processor.py:186} INFO - Started process (PID=94396) to work on /opt/airflow/dags/homework6_elt.py
[2025-11-06T00:45:28.460+0000] {processor.py:914} INFO - Processing file /opt/airflow/dags/homework6_elt.py for tasks to queue
[2025-11-06T00:45:28.462+0000] {logging_mixin.py:190} INFO - [2025-11-06T00:45:28.461+0000] {dagbag.py:587} INFO - Filling up the DagBag from /opt/airflow/dags/homework6_elt.py
[2025-11-06T00:45:28.476+0000] {processor.py:925} INFO - DAG(s) 'BuildELT_CTAS' retrieved from /opt/airflow/dags/homework6_elt.py
[2025-11-06T00:45:28.492+0000] {logging_mixin.py:190} INFO - [2025-11-06T00:45:28.492+0000] {dag.py:3229} INFO - Sync 1 DAGs
[2025-11-06T00:45:28.503+0000] {logging_mixin.py:190} INFO - [2025-11-06T00:45:28.503+0000] {dag.py:4156} INFO - Setting next_dagrun for BuildELT_CTAS to 2025-11-05 02:45:00+00:00, run_after=2025-11-06 02:45:00+00:00
[2025-11-06T00:45:28.510+0000] {processor.py:208} INFO - Processing /opt/airflow/dags/homework6_elt.py took 0.055 seconds
[2025-11-06T00:55:19.618+0000] {processor.py:186} INFO - Started process (PID=94427) to work on /opt/airflow/dags/homework6_elt.py
[2025-11-06T00:55:19.622+0000] {processor.py:914} INFO - Processing file /opt/airflow/dags/homework6_elt.py for tasks to queue
[2025-11-06T00:55:19.623+0000] {logging_mixin.py:190} INFO - [2025-11-06T00:55:19.622+0000] {dagbag.py:587} INFO - Filling up the DagBag from /opt/airflow/dags/homework6_elt.py
[2025-11-06T00:55:19.628+0000] {processor.py:925} INFO - DAG(s) 'BuildELT_CTAS' retrieved from /opt/airflow/dags/homework6_elt.py
[2025-11-06T00:55:19.637+0000] {logging_mixin.py:190} INFO - [2025-11-06T00:55:19.637+0000] {dag.py:3229} INFO - Sync 1 DAGs
[2025-11-06T00:55:19.647+0000] {logging_mixin.py:190} INFO - [2025-11-06T00:55:19.647+0000] {dag.py:4156} INFO - Setting next_dagrun for BuildELT_CTAS to 2025-11-05 02:45:00+00:00, run_after=2025-11-06 02:45:00+00:00
[2025-11-06T00:55:19.652+0000] {processor.py:208} INFO - Processing /opt/airflow/dags/homework6_elt.py took 0.039 seconds
[2025-11-06T01:04:47.296+0000] {processor.py:186} INFO - Started process (PID=94458) to work on /opt/airflow/dags/homework6_elt.py
[2025-11-06T01:04:47.297+0000] {processor.py:914} INFO - Processing file /opt/airflow/dags/homework6_elt.py for tasks to queue
[2025-11-06T01:04:47.297+0000] {logging_mixin.py:190} INFO - [2025-11-06T01:04:47.297+0000] {dagbag.py:587} INFO - Filling up the DagBag from /opt/airflow/dags/homework6_elt.py
[2025-11-06T01:04:47.306+0000] {processor.py:925} INFO - DAG(s) 'BuildELT_CTAS' retrieved from /opt/airflow/dags/homework6_elt.py
[2025-11-06T01:04:47.319+0000] {logging_mixin.py:190} INFO - [2025-11-06T01:04:47.319+0000] {dag.py:3229} INFO - Sync 1 DAGs
[2025-11-06T01:04:47.330+0000] {logging_mixin.py:190} INFO - [2025-11-06T01:04:47.330+0000] {dag.py:4156} INFO - Setting next_dagrun for BuildELT_CTAS to 2025-11-05 02:45:00+00:00, run_after=2025-11-06 02:45:00+00:00
[2025-11-06T01:04:47.336+0000] {processor.py:208} INFO - Processing /opt/airflow/dags/homework6_elt.py took 0.044 seconds
[2025-11-06T01:16:44.115+0000] {processor.py:186} INFO - Started process (PID=94489) to work on /opt/airflow/dags/homework6_elt.py
[2025-11-06T01:16:44.115+0000] {processor.py:914} INFO - Processing file /opt/airflow/dags/homework6_elt.py for tasks to queue
[2025-11-06T01:16:44.116+0000] {logging_mixin.py:190} INFO - [2025-11-06T01:16:44.116+0000] {dagbag.py:587} INFO - Filling up the DagBag from /opt/airflow/dags/homework6_elt.py
[2025-11-06T01:16:44.124+0000] {processor.py:925} INFO - DAG(s) 'BuildELT_CTAS' retrieved from /opt/airflow/dags/homework6_elt.py
[2025-11-06T01:16:44.134+0000] {logging_mixin.py:190} INFO - [2025-11-06T01:16:44.134+0000] {dag.py:3229} INFO - Sync 1 DAGs
[2025-11-06T01:16:44.144+0000] {logging_mixin.py:190} INFO - [2025-11-06T01:16:44.144+0000] {dag.py:4156} INFO - Setting next_dagrun for BuildELT_CTAS to 2025-11-05 02:45:00+00:00, run_after=2025-11-06 02:45:00+00:00
[2025-11-06T01:16:44.150+0000] {processor.py:208} INFO - Processing /opt/airflow/dags/homework6_elt.py took 0.039 seconds
[2025-11-06T01:24:16.618+0000] {processor.py:186} INFO - Started process (PID=94520) to work on /opt/airflow/dags/homework6_elt.py
[2025-11-06T01:24:16.618+0000] {processor.py:914} INFO - Processing file /opt/airflow/dags/homework6_elt.py for tasks to queue
[2025-11-06T01:24:16.620+0000] {logging_mixin.py:190} INFO - [2025-11-06T01:24:16.620+0000] {dagbag.py:587} INFO - Filling up the DagBag from /opt/airflow/dags/homework6_elt.py
[2025-11-06T01:24:16.631+0000] {processor.py:925} INFO - DAG(s) 'BuildELT_CTAS' retrieved from /opt/airflow/dags/homework6_elt.py
[2025-11-06T01:24:16.649+0000] {logging_mixin.py:190} INFO - [2025-11-06T01:24:16.649+0000] {dag.py:3229} INFO - Sync 1 DAGs
[2025-11-06T01:24:16.662+0000] {logging_mixin.py:190} INFO - [2025-11-06T01:24:16.662+0000] {dag.py:4156} INFO - Setting next_dagrun for BuildELT_CTAS to 2025-11-05 02:45:00+00:00, run_after=2025-11-06 02:45:00+00:00
[2025-11-06T01:24:16.668+0000] {processor.py:208} INFO - Processing /opt/airflow/dags/homework6_elt.py took 0.056 seconds
[2025-11-06T01:28:53.773+0000] {processor.py:186} INFO - Started process (PID=94551) to work on /opt/airflow/dags/homework6_elt.py
[2025-11-06T01:28:53.773+0000] {processor.py:914} INFO - Processing file /opt/airflow/dags/homework6_elt.py for tasks to queue
[2025-11-06T01:28:53.775+0000] {logging_mixin.py:190} INFO - [2025-11-06T01:28:53.775+0000] {dagbag.py:587} INFO - Filling up the DagBag from /opt/airflow/dags/homework6_elt.py
[2025-11-06T01:28:53.786+0000] {processor.py:925} INFO - DAG(s) 'BuildELT_CTAS' retrieved from /opt/airflow/dags/homework6_elt.py
[2025-11-06T01:28:53.797+0000] {logging_mixin.py:190} INFO - [2025-11-06T01:28:53.797+0000] {dag.py:3229} INFO - Sync 1 DAGs
[2025-11-06T01:28:53.808+0000] {logging_mixin.py:190} INFO - [2025-11-06T01:28:53.808+0000] {dag.py:4156} INFO - Setting next_dagrun for BuildELT_CTAS to 2025-11-05 02:45:00+00:00, run_after=2025-11-06 02:45:00+00:00
[2025-11-06T01:28:53.814+0000] {processor.py:208} INFO - Processing /opt/airflow/dags/homework6_elt.py took 0.047 seconds
[2025-11-06T01:36:15.884+0000] {processor.py:186} INFO - Started process (PID=94582) to work on /opt/airflow/dags/homework6_elt.py
[2025-11-06T01:36:15.885+0000] {processor.py:914} INFO - Processing file /opt/airflow/dags/homework6_elt.py for tasks to queue
[2025-11-06T01:36:15.886+0000] {logging_mixin.py:190} INFO - [2025-11-06T01:36:15.885+0000] {dagbag.py:587} INFO - Filling up the DagBag from /opt/airflow/dags/homework6_elt.py
[2025-11-06T01:36:15.892+0000] {processor.py:925} INFO - DAG(s) 'BuildELT_CTAS' retrieved from /opt/airflow/dags/homework6_elt.py
[2025-11-06T01:36:15.902+0000] {logging_mixin.py:190} INFO - [2025-11-06T01:36:15.902+0000] {dag.py:3229} INFO - Sync 1 DAGs
[2025-11-06T01:36:15.914+0000] {logging_mixin.py:190} INFO - [2025-11-06T01:36:15.914+0000] {dag.py:4156} INFO - Setting next_dagrun for BuildELT_CTAS to 2025-11-05 02:45:00+00:00, run_after=2025-11-06 02:45:00+00:00
[2025-11-06T01:36:15.920+0000] {processor.py:208} INFO - Processing /opt/airflow/dags/homework6_elt.py took 0.039 seconds
[2025-11-06T01:42:27.396+0000] {processor.py:186} INFO - Started process (PID=94641) to work on /opt/airflow/dags/homework6_elt.py
[2025-11-06T01:42:27.398+0000] {processor.py:914} INFO - Processing file /opt/airflow/dags/homework6_elt.py for tasks to queue
[2025-11-06T01:42:27.399+0000] {logging_mixin.py:190} INFO - [2025-11-06T01:42:27.399+0000] {dagbag.py:587} INFO - Filling up the DagBag from /opt/airflow/dags/homework6_elt.py
[2025-11-06T01:42:27.403+0000] {processor.py:925} INFO - DAG(s) 'BuildELT_CTAS' retrieved from /opt/airflow/dags/homework6_elt.py
[2025-11-06T01:42:27.412+0000] {logging_mixin.py:190} INFO - [2025-11-06T01:42:27.412+0000] {dag.py:3229} INFO - Sync 1 DAGs
[2025-11-06T01:42:27.422+0000] {logging_mixin.py:190} INFO - [2025-11-06T01:42:27.422+0000] {dag.py:4156} INFO - Setting next_dagrun for BuildELT_CTAS to 2025-11-05 02:45:00+00:00, run_after=2025-11-06 02:45:00+00:00
[2025-11-06T01:42:27.428+0000] {processor.py:208} INFO - Processing /opt/airflow/dags/homework6_elt.py took 0.035 seconds
[2025-11-06T01:46:01.841+0000] {processor.py:186} INFO - Started process (PID=94676) to work on /opt/airflow/dags/homework6_elt.py
[2025-11-06T01:46:01.842+0000] {processor.py:914} INFO - Processing file /opt/airflow/dags/homework6_elt.py for tasks to queue
[2025-11-06T01:46:01.842+0000] {logging_mixin.py:190} INFO - [2025-11-06T01:46:01.842+0000] {dagbag.py:587} INFO - Filling up the DagBag from /opt/airflow/dags/homework6_elt.py
[2025-11-06T01:46:01.850+0000] {processor.py:925} INFO - DAG(s) 'BuildELT_CTAS' retrieved from /opt/airflow/dags/homework6_elt.py
[2025-11-06T01:46:01.863+0000] {logging_mixin.py:190} INFO - [2025-11-06T01:46:01.863+0000] {dag.py:3229} INFO - Sync 1 DAGs
[2025-11-06T01:46:01.876+0000] {logging_mixin.py:190} INFO - [2025-11-06T01:46:01.875+0000] {dag.py:4156} INFO - Setting next_dagrun for BuildELT_CTAS to 2025-11-05 02:45:00+00:00, run_after=2025-11-06 02:45:00+00:00
[2025-11-06T01:46:01.883+0000] {processor.py:208} INFO - Processing /opt/airflow/dags/homework6_elt.py took 0.046 seconds
[2025-11-06T01:49:08.472+0000] {processor.py:186} INFO - Started process (PID=94708) to work on /opt/airflow/dags/homework6_elt.py
[2025-11-06T01:49:08.473+0000] {processor.py:914} INFO - Processing file /opt/airflow/dags/homework6_elt.py for tasks to queue
[2025-11-06T01:49:08.473+0000] {logging_mixin.py:190} INFO - [2025-11-06T01:49:08.473+0000] {dagbag.py:587} INFO - Filling up the DagBag from /opt/airflow/dags/homework6_elt.py
[2025-11-06T01:49:08.479+0000] {processor.py:925} INFO - DAG(s) 'BuildELT_CTAS' retrieved from /opt/airflow/dags/homework6_elt.py
[2025-11-06T01:49:08.491+0000] {logging_mixin.py:190} INFO - [2025-11-06T01:49:08.491+0000] {dag.py:3229} INFO - Sync 1 DAGs
[2025-11-06T01:49:08.504+0000] {logging_mixin.py:190} INFO - [2025-11-06T01:49:08.504+0000] {dag.py:4156} INFO - Setting next_dagrun for BuildELT_CTAS to 2025-11-05 02:45:00+00:00, run_after=2025-11-06 02:45:00+00:00
[2025-11-06T01:49:08.510+0000] {processor.py:208} INFO - Processing /opt/airflow/dags/homework6_elt.py took 0.041 seconds
[2025-11-06T01:57:06.501+0000] {processor.py:186} INFO - Started process (PID=94739) to work on /opt/airflow/dags/homework6_elt.py
[2025-11-06T01:57:06.503+0000] {processor.py:914} INFO - Processing file /opt/airflow/dags/homework6_elt.py for tasks to queue
[2025-11-06T01:57:06.504+0000] {logging_mixin.py:190} INFO - [2025-11-06T01:57:06.504+0000] {dagbag.py:587} INFO - Filling up the DagBag from /opt/airflow/dags/homework6_elt.py
[2025-11-06T01:57:06.515+0000] {processor.py:925} INFO - DAG(s) 'BuildELT_CTAS' retrieved from /opt/airflow/dags/homework6_elt.py
[2025-11-06T01:57:06.528+0000] {logging_mixin.py:190} INFO - [2025-11-06T01:57:06.528+0000] {dag.py:3229} INFO - Sync 1 DAGs
[2025-11-06T01:57:06.540+0000] {logging_mixin.py:190} INFO - [2025-11-06T01:57:06.540+0000] {dag.py:4156} INFO - Setting next_dagrun for BuildELT_CTAS to 2025-11-05 02:45:00+00:00, run_after=2025-11-06 02:45:00+00:00
[2025-11-06T01:57:06.546+0000] {processor.py:208} INFO - Processing /opt/airflow/dags/homework6_elt.py took 0.050 seconds
[2025-11-06T01:57:49.268+0000] {processor.py:186} INFO - Started process (PID=94770) to work on /opt/airflow/dags/homework6_elt.py
[2025-11-06T01:57:49.269+0000] {processor.py:914} INFO - Processing file /opt/airflow/dags/homework6_elt.py for tasks to queue
[2025-11-06T01:57:49.270+0000] {logging_mixin.py:190} INFO - [2025-11-06T01:57:49.270+0000] {dagbag.py:587} INFO - Filling up the DagBag from /opt/airflow/dags/homework6_elt.py
[2025-11-06T01:57:49.278+0000] {processor.py:925} INFO - DAG(s) 'BuildELT_CTAS' retrieved from /opt/airflow/dags/homework6_elt.py
[2025-11-06T01:57:49.288+0000] {logging_mixin.py:190} INFO - [2025-11-06T01:57:49.288+0000] {dag.py:3229} INFO - Sync 1 DAGs
[2025-11-06T01:57:49.300+0000] {logging_mixin.py:190} INFO - [2025-11-06T01:57:49.300+0000] {dag.py:4156} INFO - Setting next_dagrun for BuildELT_CTAS to 2025-11-05 02:45:00+00:00, run_after=2025-11-06 02:45:00+00:00
[2025-11-06T01:57:49.306+0000] {processor.py:208} INFO - Processing /opt/airflow/dags/homework6_elt.py took 0.042 seconds
[2025-11-06T02:01:54.254+0000] {processor.py:186} INFO - Started process (PID=94801) to work on /opt/airflow/dags/homework6_elt.py
[2025-11-06T02:01:54.255+0000] {processor.py:914} INFO - Processing file /opt/airflow/dags/homework6_elt.py for tasks to queue
[2025-11-06T02:01:54.256+0000] {logging_mixin.py:190} INFO - [2025-11-06T02:01:54.256+0000] {dagbag.py:587} INFO - Filling up the DagBag from /opt/airflow/dags/homework6_elt.py
[2025-11-06T02:01:54.264+0000] {processor.py:925} INFO - DAG(s) 'BuildELT_CTAS' retrieved from /opt/airflow/dags/homework6_elt.py
[2025-11-06T02:01:54.275+0000] {logging_mixin.py:190} INFO - [2025-11-06T02:01:54.275+0000] {dag.py:3229} INFO - Sync 1 DAGs
[2025-11-06T02:01:54.284+0000] {logging_mixin.py:190} INFO - [2025-11-06T02:01:54.284+0000] {dag.py:4156} INFO - Setting next_dagrun for BuildELT_CTAS to 2025-11-05 02:45:00+00:00, run_after=2025-11-06 02:45:00+00:00
[2025-11-06T02:01:54.289+0000] {processor.py:208} INFO - Processing /opt/airflow/dags/homework6_elt.py took 0.038 seconds
[2025-11-06T02:04:07.119+0000] {processor.py:186} INFO - Started process (PID=94832) to work on /opt/airflow/dags/homework6_elt.py
[2025-11-06T02:04:07.120+0000] {processor.py:914} INFO - Processing file /opt/airflow/dags/homework6_elt.py for tasks to queue
[2025-11-06T02:04:07.122+0000] {logging_mixin.py:190} INFO - [2025-11-06T02:04:07.121+0000] {dagbag.py:587} INFO - Filling up the DagBag from /opt/airflow/dags/homework6_elt.py
[2025-11-06T02:04:07.132+0000] {processor.py:925} INFO - DAG(s) 'BuildELT_CTAS' retrieved from /opt/airflow/dags/homework6_elt.py
[2025-11-06T02:04:07.145+0000] {logging_mixin.py:190} INFO - [2025-11-06T02:04:07.145+0000] {dag.py:3229} INFO - Sync 1 DAGs
[2025-11-06T02:04:07.157+0000] {logging_mixin.py:190} INFO - [2025-11-06T02:04:07.157+0000] {dag.py:4156} INFO - Setting next_dagrun for BuildELT_CTAS to 2025-11-05 02:45:00+00:00, run_after=2025-11-06 02:45:00+00:00
[2025-11-06T02:04:07.165+0000] {processor.py:208} INFO - Processing /opt/airflow/dags/homework6_elt.py took 0.050 seconds
[2025-11-06T02:11:21.805+0000] {processor.py:186} INFO - Started process (PID=94862) to work on /opt/airflow/dags/homework6_elt.py
[2025-11-06T02:11:21.806+0000] {processor.py:914} INFO - Processing file /opt/airflow/dags/homework6_elt.py for tasks to queue
[2025-11-06T02:11:21.807+0000] {logging_mixin.py:190} INFO - [2025-11-06T02:11:21.807+0000] {dagbag.py:587} INFO - Filling up the DagBag from /opt/airflow/dags/homework6_elt.py
[2025-11-06T02:11:21.828+0000] {processor.py:925} INFO - DAG(s) 'BuildELT_CTAS' retrieved from /opt/airflow/dags/homework6_elt.py
[2025-11-06T02:11:21.856+0000] {logging_mixin.py:190} INFO - [2025-11-06T02:11:21.856+0000] {dag.py:3229} INFO - Sync 1 DAGs
[2025-11-06T02:11:21.876+0000] {logging_mixin.py:190} INFO - [2025-11-06T02:11:21.876+0000] {dag.py:4156} INFO - Setting next_dagrun for BuildELT_CTAS to 2025-11-05 02:45:00+00:00, run_after=2025-11-06 02:45:00+00:00
[2025-11-06T02:11:21.885+0000] {processor.py:208} INFO - Processing /opt/airflow/dags/homework6_elt.py took 0.093 seconds
[2025-11-06T02:16:08.646+0000] {processor.py:186} INFO - Started process (PID=94893) to work on /opt/airflow/dags/homework6_elt.py
[2025-11-06T02:16:08.647+0000] {processor.py:914} INFO - Processing file /opt/airflow/dags/homework6_elt.py for tasks to queue
[2025-11-06T02:16:08.647+0000] {logging_mixin.py:190} INFO - [2025-11-06T02:16:08.647+0000] {dagbag.py:587} INFO - Filling up the DagBag from /opt/airflow/dags/homework6_elt.py
[2025-11-06T02:16:08.651+0000] {processor.py:925} INFO - DAG(s) 'BuildELT_CTAS' retrieved from /opt/airflow/dags/homework6_elt.py
[2025-11-06T02:16:08.661+0000] {logging_mixin.py:190} INFO - [2025-11-06T02:16:08.661+0000] {dag.py:3229} INFO - Sync 1 DAGs
[2025-11-06T02:16:08.670+0000] {logging_mixin.py:190} INFO - [2025-11-06T02:16:08.670+0000] {dag.py:4156} INFO - Setting next_dagrun for BuildELT_CTAS to 2025-11-05 02:45:00+00:00, run_after=2025-11-06 02:45:00+00:00
[2025-11-06T02:16:08.675+0000] {processor.py:208} INFO - Processing /opt/airflow/dags/homework6_elt.py took 0.032 seconds
[2025-11-06T02:29:37.075+0000] {processor.py:186} INFO - Started process (PID=94924) to work on /opt/airflow/dags/homework6_elt.py
[2025-11-06T02:29:37.076+0000] {processor.py:914} INFO - Processing file /opt/airflow/dags/homework6_elt.py for tasks to queue
[2025-11-06T02:29:37.077+0000] {logging_mixin.py:190} INFO - [2025-11-06T02:29:37.076+0000] {dagbag.py:587} INFO - Filling up the DagBag from /opt/airflow/dags/homework6_elt.py
[2025-11-06T02:29:37.083+0000] {processor.py:925} INFO - DAG(s) 'BuildELT_CTAS' retrieved from /opt/airflow/dags/homework6_elt.py
[2025-11-06T02:29:37.093+0000] {logging_mixin.py:190} INFO - [2025-11-06T02:29:37.093+0000] {dag.py:3229} INFO - Sync 1 DAGs
[2025-11-06T02:29:37.103+0000] {logging_mixin.py:190} INFO - [2025-11-06T02:29:37.103+0000] {dag.py:4156} INFO - Setting next_dagrun for BuildELT_CTAS to 2025-11-05 02:45:00+00:00, run_after=2025-11-06 02:45:00+00:00
[2025-11-06T02:29:37.109+0000] {processor.py:208} INFO - Processing /opt/airflow/dags/homework6_elt.py took 0.036 seconds
[2025-11-06T02:34:53.236+0000] {processor.py:186} INFO - Started process (PID=94955) to work on /opt/airflow/dags/homework6_elt.py
[2025-11-06T02:34:53.237+0000] {processor.py:914} INFO - Processing file /opt/airflow/dags/homework6_elt.py for tasks to queue
[2025-11-06T02:34:53.238+0000] {logging_mixin.py:190} INFO - [2025-11-06T02:34:53.238+0000] {dagbag.py:587} INFO - Filling up the DagBag from /opt/airflow/dags/homework6_elt.py
[2025-11-06T02:34:53.248+0000] {processor.py:925} INFO - DAG(s) 'BuildELT_CTAS' retrieved from /opt/airflow/dags/homework6_elt.py
[2025-11-06T02:34:53.259+0000] {logging_mixin.py:190} INFO - [2025-11-06T02:34:53.259+0000] {dag.py:3229} INFO - Sync 1 DAGs
[2025-11-06T02:34:53.269+0000] {logging_mixin.py:190} INFO - [2025-11-06T02:34:53.269+0000] {dag.py:4156} INFO - Setting next_dagrun for BuildELT_CTAS to 2025-11-05 02:45:00+00:00, run_after=2025-11-06 02:45:00+00:00
[2025-11-06T02:34:53.275+0000] {processor.py:208} INFO - Processing /opt/airflow/dags/homework6_elt.py took 0.042 seconds
[2025-11-06T02:37:32.210+0000] {processor.py:186} INFO - Started process (PID=94986) to work on /opt/airflow/dags/homework6_elt.py
[2025-11-06T02:37:32.210+0000] {processor.py:914} INFO - Processing file /opt/airflow/dags/homework6_elt.py for tasks to queue
[2025-11-06T02:37:32.211+0000] {logging_mixin.py:190} INFO - [2025-11-06T02:37:32.211+0000] {dagbag.py:587} INFO - Filling up the DagBag from /opt/airflow/dags/homework6_elt.py
[2025-11-06T02:37:32.219+0000] {processor.py:925} INFO - DAG(s) 'BuildELT_CTAS' retrieved from /opt/airflow/dags/homework6_elt.py
[2025-11-06T02:37:32.237+0000] {logging_mixin.py:190} INFO - [2025-11-06T02:37:32.237+0000] {dag.py:3229} INFO - Sync 1 DAGs
[2025-11-06T02:37:32.249+0000] {logging_mixin.py:190} INFO - [2025-11-06T02:37:32.249+0000] {dag.py:4156} INFO - Setting next_dagrun for BuildELT_CTAS to 2025-11-05 02:45:00+00:00, run_after=2025-11-06 02:45:00+00:00
[2025-11-06T02:37:32.256+0000] {processor.py:208} INFO - Processing /opt/airflow/dags/homework6_elt.py took 0.049 seconds
[2025-11-06T02:38:52.046+0000] {processor.py:186} INFO - Started process (PID=95017) to work on /opt/airflow/dags/homework6_elt.py
[2025-11-06T02:38:52.051+0000] {processor.py:914} INFO - Processing file /opt/airflow/dags/homework6_elt.py for tasks to queue
[2025-11-06T02:38:52.052+0000] {logging_mixin.py:190} INFO - [2025-11-06T02:38:52.052+0000] {dagbag.py:587} INFO - Filling up the DagBag from /opt/airflow/dags/homework6_elt.py
[2025-11-06T02:38:52.059+0000] {processor.py:925} INFO - DAG(s) 'BuildELT_CTAS' retrieved from /opt/airflow/dags/homework6_elt.py
[2025-11-06T02:38:52.071+0000] {logging_mixin.py:190} INFO - [2025-11-06T02:38:52.071+0000] {dag.py:3229} INFO - Sync 1 DAGs
[2025-11-06T02:38:52.083+0000] {logging_mixin.py:190} INFO - [2025-11-06T02:38:52.082+0000] {dag.py:4156} INFO - Setting next_dagrun for BuildELT_CTAS to 2025-11-05 02:45:00+00:00, run_after=2025-11-06 02:45:00+00:00
[2025-11-06T02:38:52.088+0000] {processor.py:208} INFO - Processing /opt/airflow/dags/homework6_elt.py took 0.049 seconds
[2025-11-06T02:50:59.897+0000] {processor.py:186} INFO - Started process (PID=95050) to work on /opt/airflow/dags/homework6_elt.py
[2025-11-06T02:50:59.898+0000] {processor.py:914} INFO - Processing file /opt/airflow/dags/homework6_elt.py for tasks to queue
[2025-11-06T02:50:59.899+0000] {logging_mixin.py:190} INFO - [2025-11-06T02:50:59.898+0000] {dagbag.py:587} INFO - Filling up the DagBag from /opt/airflow/dags/homework6_elt.py
[2025-11-06T02:50:59.910+0000] {processor.py:925} INFO - DAG(s) 'BuildELT_CTAS' retrieved from /opt/airflow/dags/homework6_elt.py
[2025-11-06T02:50:59.926+0000] {logging_mixin.py:190} INFO - [2025-11-06T02:50:59.926+0000] {dag.py:3229} INFO - Sync 1 DAGs
[2025-11-06T02:50:59.941+0000] {logging_mixin.py:190} INFO - [2025-11-06T02:50:59.941+0000] {dag.py:4156} INFO - Setting next_dagrun for BuildELT_CTAS to 2025-11-06 02:45:00+00:00, run_after=2025-11-07 02:45:00+00:00
[2025-11-06T02:50:59.950+0000] {processor.py:208} INFO - Processing /opt/airflow/dags/homework6_elt.py took 0.057 seconds
[2025-11-06T02:53:30.218+0000] {processor.py:186} INFO - Started process (PID=95089) to work on /opt/airflow/dags/homework6_elt.py
[2025-11-06T02:53:30.218+0000] {processor.py:914} INFO - Processing file /opt/airflow/dags/homework6_elt.py for tasks to queue
[2025-11-06T02:53:30.219+0000] {logging_mixin.py:190} INFO - [2025-11-06T02:53:30.219+0000] {dagbag.py:587} INFO - Filling up the DagBag from /opt/airflow/dags/homework6_elt.py
[2025-11-06T02:53:30.226+0000] {processor.py:925} INFO - DAG(s) 'BuildELT_CTAS' retrieved from /opt/airflow/dags/homework6_elt.py
[2025-11-06T02:53:30.237+0000] {logging_mixin.py:190} INFO - [2025-11-06T02:53:30.237+0000] {dag.py:3229} INFO - Sync 1 DAGs
[2025-11-06T02:53:30.246+0000] {logging_mixin.py:190} INFO - [2025-11-06T02:53:30.246+0000] {dag.py:4156} INFO - Setting next_dagrun for BuildELT_CTAS to 2025-11-06 02:45:00+00:00, run_after=2025-11-07 02:45:00+00:00
[2025-11-06T02:53:30.251+0000] {processor.py:208} INFO - Processing /opt/airflow/dags/homework6_elt.py took 0.035 seconds
[2025-11-06T02:55:15.169+0000] {processor.py:186} INFO - Started process (PID=95114) to work on /opt/airflow/dags/homework6_elt.py
[2025-11-06T02:55:15.170+0000] {processor.py:914} INFO - Processing file /opt/airflow/dags/homework6_elt.py for tasks to queue
[2025-11-06T02:55:15.171+0000] {logging_mixin.py:190} INFO - [2025-11-06T02:55:15.170+0000] {dagbag.py:587} INFO - Filling up the DagBag from /opt/airflow/dags/homework6_elt.py
[2025-11-06T02:55:15.183+0000] {processor.py:925} INFO - DAG(s) 'BuildELT_CTAS' retrieved from /opt/airflow/dags/homework6_elt.py
[2025-11-06T02:55:15.199+0000] {logging_mixin.py:190} INFO - [2025-11-06T02:55:15.199+0000] {dag.py:3229} INFO - Sync 1 DAGs
[2025-11-06T02:55:15.210+0000] {logging_mixin.py:190} INFO - [2025-11-06T02:55:15.210+0000] {dag.py:4156} INFO - Setting next_dagrun for BuildELT_CTAS to 2025-11-06 02:45:00+00:00, run_after=2025-11-07 02:45:00+00:00
[2025-11-06T02:55:15.217+0000] {processor.py:208} INFO - Processing /opt/airflow/dags/homework6_elt.py took 0.054 seconds
[2025-11-06T02:58:17.203+0000] {processor.py:186} INFO - Started process (PID=95145) to work on /opt/airflow/dags/homework6_elt.py
[2025-11-06T02:58:17.204+0000] {processor.py:914} INFO - Processing file /opt/airflow/dags/homework6_elt.py for tasks to queue
[2025-11-06T02:58:17.206+0000] {logging_mixin.py:190} INFO - [2025-11-06T02:58:17.205+0000] {dagbag.py:587} INFO - Filling up the DagBag from /opt/airflow/dags/homework6_elt.py
[2025-11-06T02:58:17.214+0000] {processor.py:925} INFO - DAG(s) 'BuildELT_CTAS' retrieved from /opt/airflow/dags/homework6_elt.py
[2025-11-06T02:58:17.229+0000] {logging_mixin.py:190} INFO - [2025-11-06T02:58:17.228+0000] {dag.py:3229} INFO - Sync 1 DAGs
[2025-11-06T02:58:17.240+0000] {logging_mixin.py:190} INFO - [2025-11-06T02:58:17.240+0000] {dag.py:4156} INFO - Setting next_dagrun for BuildELT_CTAS to 2025-11-06 02:45:00+00:00, run_after=2025-11-07 02:45:00+00:00
[2025-11-06T02:58:17.248+0000] {processor.py:208} INFO - Processing /opt/airflow/dags/homework6_elt.py took 0.048 seconds
[2025-11-06T03:03:40.502+0000] {processor.py:186} INFO - Started process (PID=95176) to work on /opt/airflow/dags/homework6_elt.py
[2025-11-06T03:03:40.502+0000] {processor.py:914} INFO - Processing file /opt/airflow/dags/homework6_elt.py for tasks to queue
[2025-11-06T03:03:40.503+0000] {logging_mixin.py:190} INFO - [2025-11-06T03:03:40.503+0000] {dagbag.py:587} INFO - Filling up the DagBag from /opt/airflow/dags/homework6_elt.py
[2025-11-06T03:03:40.512+0000] {processor.py:925} INFO - DAG(s) 'BuildELT_CTAS' retrieved from /opt/airflow/dags/homework6_elt.py
[2025-11-06T03:03:40.525+0000] {logging_mixin.py:190} INFO - [2025-11-06T03:03:40.525+0000] {dag.py:3229} INFO - Sync 1 DAGs
[2025-11-06T03:03:40.537+0000] {logging_mixin.py:190} INFO - [2025-11-06T03:03:40.537+0000] {dag.py:4156} INFO - Setting next_dagrun for BuildELT_CTAS to 2025-11-06 02:45:00+00:00, run_after=2025-11-07 02:45:00+00:00
[2025-11-06T03:03:40.543+0000] {processor.py:208} INFO - Processing /opt/airflow/dags/homework6_elt.py took 0.045 seconds
[2025-11-06T03:13:36.577+0000] {processor.py:186} INFO - Started process (PID=95207) to work on /opt/airflow/dags/homework6_elt.py
[2025-11-06T03:13:36.581+0000] {processor.py:914} INFO - Processing file /opt/airflow/dags/homework6_elt.py for tasks to queue
[2025-11-06T03:13:36.583+0000] {logging_mixin.py:190} INFO - [2025-11-06T03:13:36.582+0000] {dagbag.py:587} INFO - Filling up the DagBag from /opt/airflow/dags/homework6_elt.py
[2025-11-06T03:13:36.600+0000] {processor.py:925} INFO - DAG(s) 'BuildELT_CTAS' retrieved from /opt/airflow/dags/homework6_elt.py
[2025-11-06T03:13:36.652+0000] {logging_mixin.py:190} INFO - [2025-11-06T03:13:36.651+0000] {dag.py:3229} INFO - Sync 1 DAGs
[2025-11-06T03:13:36.694+0000] {logging_mixin.py:190} INFO - [2025-11-06T03:13:36.694+0000] {dag.py:4156} INFO - Setting next_dagrun for BuildELT_CTAS to 2025-11-06 02:45:00+00:00, run_after=2025-11-07 02:45:00+00:00
[2025-11-06T03:13:36.703+0000] {processor.py:208} INFO - Processing /opt/airflow/dags/homework6_elt.py took 0.138 seconds
[2025-11-06T03:14:07.608+0000] {processor.py:186} INFO - Started process (PID=95244) to work on /opt/airflow/dags/homework6_elt.py
[2025-11-06T03:14:07.609+0000] {processor.py:914} INFO - Processing file /opt/airflow/dags/homework6_elt.py for tasks to queue
[2025-11-06T03:14:07.610+0000] {logging_mixin.py:190} INFO - [2025-11-06T03:14:07.610+0000] {dagbag.py:587} INFO - Filling up the DagBag from /opt/airflow/dags/homework6_elt.py
[2025-11-06T03:14:07.624+0000] {processor.py:925} INFO - DAG(s) 'BuildELT_CTAS' retrieved from /opt/airflow/dags/homework6_elt.py
[2025-11-06T03:14:07.651+0000] {logging_mixin.py:190} INFO - [2025-11-06T03:14:07.651+0000] {dag.py:3229} INFO - Sync 1 DAGs
[2025-11-06T03:14:07.666+0000] {logging_mixin.py:190} INFO - [2025-11-06T03:14:07.666+0000] {dag.py:4156} INFO - Setting next_dagrun for BuildELT_CTAS to 2025-11-06 02:45:00+00:00, run_after=2025-11-07 02:45:00+00:00
[2025-11-06T03:14:07.674+0000] {processor.py:208} INFO - Processing /opt/airflow/dags/homework6_elt.py took 0.072 seconds
[2025-11-06T03:14:37.737+0000] {processor.py:186} INFO - Started process (PID=95272) to work on /opt/airflow/dags/homework6_elt.py
[2025-11-06T03:14:37.739+0000] {processor.py:914} INFO - Processing file /opt/airflow/dags/homework6_elt.py for tasks to queue
[2025-11-06T03:14:37.740+0000] {logging_mixin.py:190} INFO - [2025-11-06T03:14:37.739+0000] {dagbag.py:587} INFO - Filling up the DagBag from /opt/airflow/dags/homework6_elt.py
[2025-11-06T03:14:37.746+0000] {processor.py:925} INFO - DAG(s) 'BuildELT_CTAS' retrieved from /opt/airflow/dags/homework6_elt.py
[2025-11-06T03:14:37.760+0000] {logging_mixin.py:190} INFO - [2025-11-06T03:14:37.760+0000] {dag.py:3229} INFO - Sync 1 DAGs
[2025-11-06T03:14:37.773+0000] {logging_mixin.py:190} INFO - [2025-11-06T03:14:37.773+0000] {dag.py:4156} INFO - Setting next_dagrun for BuildELT_CTAS to 2025-11-06 02:45:00+00:00, run_after=2025-11-07 02:45:00+00:00
[2025-11-06T03:14:37.779+0000] {processor.py:208} INFO - Processing /opt/airflow/dags/homework6_elt.py took 0.047 seconds
[2025-11-06T03:15:07.872+0000] {processor.py:186} INFO - Started process (PID=95303) to work on /opt/airflow/dags/homework6_elt.py
[2025-11-06T03:15:07.873+0000] {processor.py:914} INFO - Processing file /opt/airflow/dags/homework6_elt.py for tasks to queue
[2025-11-06T03:15:07.874+0000] {logging_mixin.py:190} INFO - [2025-11-06T03:15:07.874+0000] {dagbag.py:587} INFO - Filling up the DagBag from /opt/airflow/dags/homework6_elt.py
[2025-11-06T03:15:07.886+0000] {processor.py:925} INFO - DAG(s) 'BuildELT_CTAS' retrieved from /opt/airflow/dags/homework6_elt.py
[2025-11-06T03:15:07.907+0000] {logging_mixin.py:190} INFO - [2025-11-06T03:15:07.907+0000] {dag.py:3229} INFO - Sync 1 DAGs
[2025-11-06T03:15:07.926+0000] {logging_mixin.py:190} INFO - [2025-11-06T03:15:07.925+0000] {dag.py:4156} INFO - Setting next_dagrun for BuildELT_CTAS to 2025-11-06 02:45:00+00:00, run_after=2025-11-07 02:45:00+00:00
[2025-11-06T03:15:07.934+0000] {processor.py:208} INFO - Processing /opt/airflow/dags/homework6_elt.py took 0.069 seconds
[2025-11-06T03:15:38.506+0000] {processor.py:186} INFO - Started process (PID=95334) to work on /opt/airflow/dags/homework6_elt.py
[2025-11-06T03:15:38.509+0000] {processor.py:914} INFO - Processing file /opt/airflow/dags/homework6_elt.py for tasks to queue
[2025-11-06T03:15:38.511+0000] {logging_mixin.py:190} INFO - [2025-11-06T03:15:38.510+0000] {dagbag.py:587} INFO - Filling up the DagBag from /opt/airflow/dags/homework6_elt.py
[2025-11-06T03:15:38.533+0000] {processor.py:925} INFO - DAG(s) 'BuildELT_CTAS' retrieved from /opt/airflow/dags/homework6_elt.py
[2025-11-06T03:15:38.559+0000] {logging_mixin.py:190} INFO - [2025-11-06T03:15:38.559+0000] {dag.py:3229} INFO - Sync 1 DAGs
[2025-11-06T03:15:38.577+0000] {logging_mixin.py:190} INFO - [2025-11-06T03:15:38.576+0000] {dag.py:4156} INFO - Setting next_dagrun for BuildELT_CTAS to 2025-11-06 02:45:00+00:00, run_after=2025-11-07 02:45:00+00:00
[2025-11-06T03:15:38.591+0000] {processor.py:208} INFO - Processing /opt/airflow/dags/homework6_elt.py took 0.101 seconds
[2025-11-06T03:16:09.053+0000] {processor.py:186} INFO - Started process (PID=95365) to work on /opt/airflow/dags/homework6_elt.py
[2025-11-06T03:16:09.055+0000] {processor.py:914} INFO - Processing file /opt/airflow/dags/homework6_elt.py for tasks to queue
[2025-11-06T03:16:09.056+0000] {logging_mixin.py:190} INFO - [2025-11-06T03:16:09.056+0000] {dagbag.py:587} INFO - Filling up the DagBag from /opt/airflow/dags/homework6_elt.py
[2025-11-06T03:16:09.070+0000] {processor.py:925} INFO - DAG(s) 'BuildELT_CTAS' retrieved from /opt/airflow/dags/homework6_elt.py
[2025-11-06T03:16:09.086+0000] {logging_mixin.py:190} INFO - [2025-11-06T03:16:09.086+0000] {dag.py:3229} INFO - Sync 1 DAGs
[2025-11-06T03:16:09.099+0000] {logging_mixin.py:190} INFO - [2025-11-06T03:16:09.099+0000] {dag.py:4156} INFO - Setting next_dagrun for BuildELT_CTAS to 2025-11-06 02:45:00+00:00, run_after=2025-11-07 02:45:00+00:00
[2025-11-06T03:16:09.106+0000] {processor.py:208} INFO - Processing /opt/airflow/dags/homework6_elt.py took 0.062 seconds
[2025-11-06T03:16:39.553+0000] {processor.py:186} INFO - Started process (PID=95396) to work on /opt/airflow/dags/homework6_elt.py
[2025-11-06T03:16:39.554+0000] {processor.py:914} INFO - Processing file /opt/airflow/dags/homework6_elt.py for tasks to queue
[2025-11-06T03:16:39.555+0000] {logging_mixin.py:190} INFO - [2025-11-06T03:16:39.554+0000] {dagbag.py:587} INFO - Filling up the DagBag from /opt/airflow/dags/homework6_elt.py
[2025-11-06T03:16:39.563+0000] {processor.py:925} INFO - DAG(s) 'BuildELT_CTAS' retrieved from /opt/airflow/dags/homework6_elt.py
[2025-11-06T03:16:39.579+0000] {logging_mixin.py:190} INFO - [2025-11-06T03:16:39.579+0000] {dag.py:3229} INFO - Sync 1 DAGs
[2025-11-06T03:16:39.592+0000] {logging_mixin.py:190} INFO - [2025-11-06T03:16:39.592+0000] {dag.py:4156} INFO - Setting next_dagrun for BuildELT_CTAS to 2025-11-06 02:45:00+00:00, run_after=2025-11-07 02:45:00+00:00
[2025-11-06T03:16:39.600+0000] {processor.py:208} INFO - Processing /opt/airflow/dags/homework6_elt.py took 0.049 seconds
[2025-11-06T03:17:09.818+0000] {processor.py:186} INFO - Started process (PID=95427) to work on /opt/airflow/dags/homework6_elt.py
[2025-11-06T03:17:09.819+0000] {processor.py:914} INFO - Processing file /opt/airflow/dags/homework6_elt.py for tasks to queue
[2025-11-06T03:17:09.820+0000] {logging_mixin.py:190} INFO - [2025-11-06T03:17:09.820+0000] {dagbag.py:587} INFO - Filling up the DagBag from /opt/airflow/dags/homework6_elt.py
[2025-11-06T03:17:09.828+0000] {processor.py:925} INFO - DAG(s) 'BuildELT_CTAS' retrieved from /opt/airflow/dags/homework6_elt.py
[2025-11-06T03:17:09.841+0000] {logging_mixin.py:190} INFO - [2025-11-06T03:17:09.841+0000] {dag.py:3229} INFO - Sync 1 DAGs
[2025-11-06T03:17:09.854+0000] {logging_mixin.py:190} INFO - [2025-11-06T03:17:09.854+0000] {dag.py:4156} INFO - Setting next_dagrun for BuildELT_CTAS to 2025-11-06 02:45:00+00:00, run_after=2025-11-07 02:45:00+00:00
[2025-11-06T03:17:09.863+0000] {processor.py:208} INFO - Processing /opt/airflow/dags/homework6_elt.py took 0.052 seconds
[2025-11-06T03:17:40.337+0000] {processor.py:186} INFO - Started process (PID=95458) to work on /opt/airflow/dags/homework6_elt.py
[2025-11-06T03:17:40.338+0000] {processor.py:914} INFO - Processing file /opt/airflow/dags/homework6_elt.py for tasks to queue
[2025-11-06T03:17:40.339+0000] {logging_mixin.py:190} INFO - [2025-11-06T03:17:40.338+0000] {dagbag.py:587} INFO - Filling up the DagBag from /opt/airflow/dags/homework6_elt.py
[2025-11-06T03:17:40.346+0000] {processor.py:925} INFO - DAG(s) 'BuildELT_CTAS' retrieved from /opt/airflow/dags/homework6_elt.py
[2025-11-06T03:17:40.360+0000] {logging_mixin.py:190} INFO - [2025-11-06T03:17:40.360+0000] {dag.py:3229} INFO - Sync 1 DAGs
[2025-11-06T03:17:40.372+0000] {logging_mixin.py:190} INFO - [2025-11-06T03:17:40.371+0000] {dag.py:4156} INFO - Setting next_dagrun for BuildELT_CTAS to 2025-11-06 02:45:00+00:00, run_after=2025-11-07 02:45:00+00:00
[2025-11-06T03:17:40.377+0000] {processor.py:208} INFO - Processing /opt/airflow/dags/homework6_elt.py took 0.045 seconds
[2025-11-06T03:18:10.838+0000] {processor.py:186} INFO - Started process (PID=95489) to work on /opt/airflow/dags/homework6_elt.py
[2025-11-06T03:18:10.839+0000] {processor.py:914} INFO - Processing file /opt/airflow/dags/homework6_elt.py for tasks to queue
[2025-11-06T03:18:10.840+0000] {logging_mixin.py:190} INFO - [2025-11-06T03:18:10.840+0000] {dagbag.py:587} INFO - Filling up the DagBag from /opt/airflow/dags/homework6_elt.py
[2025-11-06T03:18:10.849+0000] {processor.py:925} INFO - DAG(s) 'BuildELT_CTAS' retrieved from /opt/airflow/dags/homework6_elt.py
[2025-11-06T03:18:10.864+0000] {logging_mixin.py:190} INFO - [2025-11-06T03:18:10.864+0000] {dag.py:3229} INFO - Sync 1 DAGs
[2025-11-06T03:18:10.877+0000] {logging_mixin.py:190} INFO - [2025-11-06T03:18:10.877+0000] {dag.py:4156} INFO - Setting next_dagrun for BuildELT_CTAS to 2025-11-06 02:45:00+00:00, run_after=2025-11-07 02:45:00+00:00
[2025-11-06T03:18:10.884+0000] {processor.py:208} INFO - Processing /opt/airflow/dags/homework6_elt.py took 0.053 seconds
[2025-11-06T03:18:41.159+0000] {processor.py:186} INFO - Started process (PID=95520) to work on /opt/airflow/dags/homework6_elt.py
[2025-11-06T03:18:41.160+0000] {processor.py:914} INFO - Processing file /opt/airflow/dags/homework6_elt.py for tasks to queue
[2025-11-06T03:18:41.161+0000] {logging_mixin.py:190} INFO - [2025-11-06T03:18:41.160+0000] {dagbag.py:587} INFO - Filling up the DagBag from /opt/airflow/dags/homework6_elt.py
[2025-11-06T03:18:41.168+0000] {processor.py:925} INFO - DAG(s) 'BuildELT_CTAS' retrieved from /opt/airflow/dags/homework6_elt.py
[2025-11-06T03:18:41.182+0000] {logging_mixin.py:190} INFO - [2025-11-06T03:18:41.182+0000] {dag.py:3229} INFO - Sync 1 DAGs
[2025-11-06T03:18:41.194+0000] {logging_mixin.py:190} INFO - [2025-11-06T03:18:41.194+0000] {dag.py:4156} INFO - Setting next_dagrun for BuildELT_CTAS to 2025-11-06 02:45:00+00:00, run_after=2025-11-07 02:45:00+00:00
[2025-11-06T03:18:41.201+0000] {processor.py:208} INFO - Processing /opt/airflow/dags/homework6_elt.py took 0.048 seconds
[2025-11-06T03:19:12.068+0000] {processor.py:186} INFO - Started process (PID=95551) to work on /opt/airflow/dags/homework6_elt.py
[2025-11-06T03:19:12.069+0000] {processor.py:914} INFO - Processing file /opt/airflow/dags/homework6_elt.py for tasks to queue
[2025-11-06T03:19:12.070+0000] {logging_mixin.py:190} INFO - [2025-11-06T03:19:12.070+0000] {dagbag.py:587} INFO - Filling up the DagBag from /opt/airflow/dags/homework6_elt.py
[2025-11-06T03:19:12.077+0000] {processor.py:925} INFO - DAG(s) 'BuildELT_CTAS' retrieved from /opt/airflow/dags/homework6_elt.py
[2025-11-06T03:19:12.091+0000] {logging_mixin.py:190} INFO - [2025-11-06T03:19:12.091+0000] {dag.py:3229} INFO - Sync 1 DAGs
[2025-11-06T03:19:12.102+0000] {logging_mixin.py:190} INFO - [2025-11-06T03:19:12.102+0000] {dag.py:4156} INFO - Setting next_dagrun for BuildELT_CTAS to 2025-11-06 02:45:00+00:00, run_after=2025-11-07 02:45:00+00:00
[2025-11-06T03:19:12.108+0000] {processor.py:208} INFO - Processing /opt/airflow/dags/homework6_elt.py took 0.045 seconds
[2025-11-06T03:19:42.890+0000] {processor.py:186} INFO - Started process (PID=95582) to work on /opt/airflow/dags/homework6_elt.py
[2025-11-06T03:19:42.891+0000] {processor.py:914} INFO - Processing file /opt/airflow/dags/homework6_elt.py for tasks to queue
[2025-11-06T03:19:42.892+0000] {logging_mixin.py:190} INFO - [2025-11-06T03:19:42.892+0000] {dagbag.py:587} INFO - Filling up the DagBag from /opt/airflow/dags/homework6_elt.py
[2025-11-06T03:19:42.898+0000] {processor.py:925} INFO - DAG(s) 'BuildELT_CTAS' retrieved from /opt/airflow/dags/homework6_elt.py
[2025-11-06T03:19:42.914+0000] {logging_mixin.py:190} INFO - [2025-11-06T03:19:42.914+0000] {dag.py:3229} INFO - Sync 1 DAGs
[2025-11-06T03:19:42.929+0000] {logging_mixin.py:190} INFO - [2025-11-06T03:19:42.929+0000] {dag.py:4156} INFO - Setting next_dagrun for BuildELT_CTAS to 2025-11-06 02:45:00+00:00, run_after=2025-11-07 02:45:00+00:00
[2025-11-06T03:19:42.938+0000] {processor.py:208} INFO - Processing /opt/airflow/dags/homework6_elt.py took 0.053 seconds
[2025-11-06T03:20:13.829+0000] {processor.py:186} INFO - Started process (PID=95613) to work on /opt/airflow/dags/homework6_elt.py
[2025-11-06T03:20:13.830+0000] {processor.py:914} INFO - Processing file /opt/airflow/dags/homework6_elt.py for tasks to queue
[2025-11-06T03:20:13.831+0000] {logging_mixin.py:190} INFO - [2025-11-06T03:20:13.830+0000] {dagbag.py:587} INFO - Filling up the DagBag from /opt/airflow/dags/homework6_elt.py
[2025-11-06T03:20:13.840+0000] {processor.py:925} INFO - DAG(s) 'BuildELT_CTAS' retrieved from /opt/airflow/dags/homework6_elt.py
[2025-11-06T03:20:13.854+0000] {logging_mixin.py:190} INFO - [2025-11-06T03:20:13.854+0000] {dag.py:3229} INFO - Sync 1 DAGs
[2025-11-06T03:20:13.869+0000] {logging_mixin.py:190} INFO - [2025-11-06T03:20:13.869+0000] {dag.py:4156} INFO - Setting next_dagrun for BuildELT_CTAS to 2025-11-06 02:45:00+00:00, run_after=2025-11-07 02:45:00+00:00
[2025-11-06T03:20:13.879+0000] {processor.py:208} INFO - Processing /opt/airflow/dags/homework6_elt.py took 0.055 seconds
[2025-11-06T03:20:44.758+0000] {processor.py:186} INFO - Started process (PID=95644) to work on /opt/airflow/dags/homework6_elt.py
[2025-11-06T03:20:44.759+0000] {processor.py:914} INFO - Processing file /opt/airflow/dags/homework6_elt.py for tasks to queue
[2025-11-06T03:20:44.759+0000] {logging_mixin.py:190} INFO - [2025-11-06T03:20:44.759+0000] {dagbag.py:587} INFO - Filling up the DagBag from /opt/airflow/dags/homework6_elt.py
[2025-11-06T03:20:44.764+0000] {processor.py:925} INFO - DAG(s) 'BuildELT_CTAS' retrieved from /opt/airflow/dags/homework6_elt.py
[2025-11-06T03:20:44.774+0000] {logging_mixin.py:190} INFO - [2025-11-06T03:20:44.774+0000] {dag.py:3229} INFO - Sync 1 DAGs
[2025-11-06T03:20:44.784+0000] {logging_mixin.py:190} INFO - [2025-11-06T03:20:44.784+0000] {dag.py:4156} INFO - Setting next_dagrun for BuildELT_CTAS to 2025-11-06 02:45:00+00:00, run_after=2025-11-07 02:45:00+00:00
[2025-11-06T03:20:44.790+0000] {processor.py:208} INFO - Processing /opt/airflow/dags/homework6_elt.py took 0.035 seconds
[2025-11-06T03:21:15.607+0000] {processor.py:186} INFO - Started process (PID=95675) to work on /opt/airflow/dags/homework6_elt.py
[2025-11-06T03:21:15.608+0000] {processor.py:914} INFO - Processing file /opt/airflow/dags/homework6_elt.py for tasks to queue
[2025-11-06T03:21:15.610+0000] {logging_mixin.py:190} INFO - [2025-11-06T03:21:15.609+0000] {dagbag.py:587} INFO - Filling up the DagBag from /opt/airflow/dags/homework6_elt.py
[2025-11-06T03:21:15.628+0000] {processor.py:925} INFO - DAG(s) 'BuildELT_CTAS' retrieved from /opt/airflow/dags/homework6_elt.py
[2025-11-06T03:21:15.655+0000] {logging_mixin.py:190} INFO - [2025-11-06T03:21:15.655+0000] {dag.py:3229} INFO - Sync 1 DAGs
[2025-11-06T03:21:15.679+0000] {logging_mixin.py:190} INFO - [2025-11-06T03:21:15.679+0000] {dag.py:4156} INFO - Setting next_dagrun for BuildELT_CTAS to 2025-11-06 02:45:00+00:00, run_after=2025-11-07 02:45:00+00:00
[2025-11-06T03:21:15.688+0000] {processor.py:208} INFO - Processing /opt/airflow/dags/homework6_elt.py took 0.094 seconds
[2025-11-06T03:21:46.558+0000] {processor.py:186} INFO - Started process (PID=95706) to work on /opt/airflow/dags/homework6_elt.py
[2025-11-06T03:21:46.559+0000] {processor.py:914} INFO - Processing file /opt/airflow/dags/homework6_elt.py for tasks to queue
[2025-11-06T03:21:46.560+0000] {logging_mixin.py:190} INFO - [2025-11-06T03:21:46.560+0000] {dagbag.py:587} INFO - Filling up the DagBag from /opt/airflow/dags/homework6_elt.py
[2025-11-06T03:21:46.567+0000] {processor.py:925} INFO - DAG(s) 'BuildELT_CTAS' retrieved from /opt/airflow/dags/homework6_elt.py
[2025-11-06T03:21:46.582+0000] {logging_mixin.py:190} INFO - [2025-11-06T03:21:46.581+0000] {dag.py:3229} INFO - Sync 1 DAGs
[2025-11-06T03:21:46.594+0000] {logging_mixin.py:190} INFO - [2025-11-06T03:21:46.594+0000] {dag.py:4156} INFO - Setting next_dagrun for BuildELT_CTAS to 2025-11-06 02:45:00+00:00, run_after=2025-11-07 02:45:00+00:00
[2025-11-06T03:21:46.600+0000] {processor.py:208} INFO - Processing /opt/airflow/dags/homework6_elt.py took 0.047 seconds
[2025-11-06T03:22:17.394+0000] {processor.py:186} INFO - Started process (PID=95737) to work on /opt/airflow/dags/homework6_elt.py
[2025-11-06T03:22:17.395+0000] {processor.py:914} INFO - Processing file /opt/airflow/dags/homework6_elt.py for tasks to queue
[2025-11-06T03:22:17.396+0000] {logging_mixin.py:190} INFO - [2025-11-06T03:22:17.395+0000] {dagbag.py:587} INFO - Filling up the DagBag from /opt/airflow/dags/homework6_elt.py
[2025-11-06T03:22:17.403+0000] {processor.py:925} INFO - DAG(s) 'BuildELT_CTAS' retrieved from /opt/airflow/dags/homework6_elt.py
[2025-11-06T03:22:17.417+0000] {logging_mixin.py:190} INFO - [2025-11-06T03:22:17.416+0000] {dag.py:3229} INFO - Sync 1 DAGs
[2025-11-06T03:22:17.429+0000] {logging_mixin.py:190} INFO - [2025-11-06T03:22:17.429+0000] {dag.py:4156} INFO - Setting next_dagrun for BuildELT_CTAS to 2025-11-06 02:45:00+00:00, run_after=2025-11-07 02:45:00+00:00
[2025-11-06T03:22:17.435+0000] {processor.py:208} INFO - Processing /opt/airflow/dags/homework6_elt.py took 0.046 seconds
[2025-11-06T03:22:48.213+0000] {processor.py:186} INFO - Started process (PID=95768) to work on /opt/airflow/dags/homework6_elt.py
[2025-11-06T03:22:48.214+0000] {processor.py:914} INFO - Processing file /opt/airflow/dags/homework6_elt.py for tasks to queue
[2025-11-06T03:22:48.215+0000] {logging_mixin.py:190} INFO - [2025-11-06T03:22:48.214+0000] {dagbag.py:587} INFO - Filling up the DagBag from /opt/airflow/dags/homework6_elt.py
[2025-11-06T03:22:48.222+0000] {processor.py:925} INFO - DAG(s) 'BuildELT_CTAS' retrieved from /opt/airflow/dags/homework6_elt.py
[2025-11-06T03:22:48.235+0000] {logging_mixin.py:190} INFO - [2025-11-06T03:22:48.235+0000] {dag.py:3229} INFO - Sync 1 DAGs
[2025-11-06T03:22:48.247+0000] {logging_mixin.py:190} INFO - [2025-11-06T03:22:48.246+0000] {dag.py:4156} INFO - Setting next_dagrun for BuildELT_CTAS to 2025-11-06 02:45:00+00:00, run_after=2025-11-07 02:45:00+00:00
[2025-11-06T03:22:48.253+0000] {processor.py:208} INFO - Processing /opt/airflow/dags/homework6_elt.py took 0.045 seconds
[2025-11-06T03:23:19.022+0000] {processor.py:186} INFO - Started process (PID=95799) to work on /opt/airflow/dags/homework6_elt.py
[2025-11-06T03:23:19.023+0000] {processor.py:914} INFO - Processing file /opt/airflow/dags/homework6_elt.py for tasks to queue
[2025-11-06T03:23:19.024+0000] {logging_mixin.py:190} INFO - [2025-11-06T03:23:19.024+0000] {dagbag.py:587} INFO - Filling up the DagBag from /opt/airflow/dags/homework6_elt.py
[2025-11-06T03:23:19.031+0000] {processor.py:925} INFO - DAG(s) 'BuildELT_CTAS' retrieved from /opt/airflow/dags/homework6_elt.py
[2025-11-06T03:23:19.044+0000] {logging_mixin.py:190} INFO - [2025-11-06T03:23:19.044+0000] {dag.py:3229} INFO - Sync 1 DAGs
[2025-11-06T03:23:19.054+0000] {logging_mixin.py:190} INFO - [2025-11-06T03:23:19.054+0000] {dag.py:4156} INFO - Setting next_dagrun for BuildELT_CTAS to 2025-11-06 02:45:00+00:00, run_after=2025-11-07 02:45:00+00:00
[2025-11-06T03:23:19.060+0000] {processor.py:208} INFO - Processing /opt/airflow/dags/homework6_elt.py took 0.043 seconds
[2025-11-06T03:23:49.851+0000] {processor.py:186} INFO - Started process (PID=95830) to work on /opt/airflow/dags/homework6_elt.py
[2025-11-06T03:23:49.851+0000] {processor.py:914} INFO - Processing file /opt/airflow/dags/homework6_elt.py for tasks to queue
[2025-11-06T03:23:49.852+0000] {logging_mixin.py:190} INFO - [2025-11-06T03:23:49.852+0000] {dagbag.py:587} INFO - Filling up the DagBag from /opt/airflow/dags/homework6_elt.py
[2025-11-06T03:23:49.859+0000] {processor.py:925} INFO - DAG(s) 'BuildELT_CTAS' retrieved from /opt/airflow/dags/homework6_elt.py
[2025-11-06T03:23:49.873+0000] {logging_mixin.py:190} INFO - [2025-11-06T03:23:49.873+0000] {dag.py:3229} INFO - Sync 1 DAGs
[2025-11-06T03:23:49.885+0000] {logging_mixin.py:190} INFO - [2025-11-06T03:23:49.885+0000] {dag.py:4156} INFO - Setting next_dagrun for BuildELT_CTAS to 2025-11-06 02:45:00+00:00, run_after=2025-11-07 02:45:00+00:00
[2025-11-06T03:23:49.891+0000] {processor.py:208} INFO - Processing /opt/airflow/dags/homework6_elt.py took 0.045 seconds
[2025-11-06T03:24:20.686+0000] {processor.py:186} INFO - Started process (PID=95861) to work on /opt/airflow/dags/homework6_elt.py
[2025-11-06T03:24:20.687+0000] {processor.py:914} INFO - Processing file /opt/airflow/dags/homework6_elt.py for tasks to queue
[2025-11-06T03:24:20.688+0000] {logging_mixin.py:190} INFO - [2025-11-06T03:24:20.688+0000] {dagbag.py:587} INFO - Filling up the DagBag from /opt/airflow/dags/homework6_elt.py
[2025-11-06T03:24:20.695+0000] {processor.py:925} INFO - DAG(s) 'BuildELT_CTAS' retrieved from /opt/airflow/dags/homework6_elt.py
[2025-11-06T03:24:20.706+0000] {logging_mixin.py:190} INFO - [2025-11-06T03:24:20.706+0000] {dag.py:3229} INFO - Sync 1 DAGs
[2025-11-06T03:24:20.716+0000] {logging_mixin.py:190} INFO - [2025-11-06T03:24:20.716+0000] {dag.py:4156} INFO - Setting next_dagrun for BuildELT_CTAS to 2025-11-06 02:45:00+00:00, run_after=2025-11-07 02:45:00+00:00
[2025-11-06T03:24:20.722+0000] {processor.py:208} INFO - Processing /opt/airflow/dags/homework6_elt.py took 0.042 seconds
[2025-11-06T03:24:51.563+0000] {processor.py:186} INFO - Started process (PID=95892) to work on /opt/airflow/dags/homework6_elt.py
[2025-11-06T03:24:51.564+0000] {processor.py:914} INFO - Processing file /opt/airflow/dags/homework6_elt.py for tasks to queue
[2025-11-06T03:24:51.565+0000] {logging_mixin.py:190} INFO - [2025-11-06T03:24:51.564+0000] {dagbag.py:587} INFO - Filling up the DagBag from /opt/airflow/dags/homework6_elt.py
[2025-11-06T03:24:51.571+0000] {processor.py:925} INFO - DAG(s) 'BuildELT_CTAS' retrieved from /opt/airflow/dags/homework6_elt.py
[2025-11-06T03:24:51.581+0000] {logging_mixin.py:190} INFO - [2025-11-06T03:24:51.581+0000] {dag.py:3229} INFO - Sync 1 DAGs
[2025-11-06T03:24:51.593+0000] {logging_mixin.py:190} INFO - [2025-11-06T03:24:51.593+0000] {dag.py:4156} INFO - Setting next_dagrun for BuildELT_CTAS to 2025-11-06 02:45:00+00:00, run_after=2025-11-07 02:45:00+00:00
[2025-11-06T03:24:51.599+0000] {processor.py:208} INFO - Processing /opt/airflow/dags/homework6_elt.py took 0.041 seconds
[2025-11-06T03:25:21.669+0000] {processor.py:186} INFO - Started process (PID=95923) to work on /opt/airflow/dags/homework6_elt.py
[2025-11-06T03:25:21.670+0000] {processor.py:914} INFO - Processing file /opt/airflow/dags/homework6_elt.py for tasks to queue
[2025-11-06T03:25:21.671+0000] {logging_mixin.py:190} INFO - [2025-11-06T03:25:21.671+0000] {dagbag.py:587} INFO - Filling up the DagBag from /opt/airflow/dags/homework6_elt.py
[2025-11-06T03:25:21.679+0000] {processor.py:925} INFO - DAG(s) 'BuildELT_CTAS' retrieved from /opt/airflow/dags/homework6_elt.py
[2025-11-06T03:25:21.692+0000] {logging_mixin.py:190} INFO - [2025-11-06T03:25:21.692+0000] {dag.py:3229} INFO - Sync 1 DAGs
[2025-11-06T03:25:21.704+0000] {logging_mixin.py:190} INFO - [2025-11-06T03:25:21.704+0000] {dag.py:4156} INFO - Setting next_dagrun for BuildELT_CTAS to 2025-11-06 02:45:00+00:00, run_after=2025-11-07 02:45:00+00:00
[2025-11-06T03:25:21.710+0000] {processor.py:208} INFO - Processing /opt/airflow/dags/homework6_elt.py took 0.047 seconds
[2025-11-06T03:25:52.473+0000] {processor.py:186} INFO - Started process (PID=95954) to work on /opt/airflow/dags/homework6_elt.py
[2025-11-06T03:25:52.474+0000] {processor.py:914} INFO - Processing file /opt/airflow/dags/homework6_elt.py for tasks to queue
[2025-11-06T03:25:52.475+0000] {logging_mixin.py:190} INFO - [2025-11-06T03:25:52.475+0000] {dagbag.py:587} INFO - Filling up the DagBag from /opt/airflow/dags/homework6_elt.py
[2025-11-06T03:25:52.483+0000] {processor.py:925} INFO - DAG(s) 'BuildELT_CTAS' retrieved from /opt/airflow/dags/homework6_elt.py
[2025-11-06T03:25:52.495+0000] {logging_mixin.py:190} INFO - [2025-11-06T03:25:52.495+0000] {dag.py:3229} INFO - Sync 1 DAGs
[2025-11-06T03:25:52.508+0000] {logging_mixin.py:190} INFO - [2025-11-06T03:25:52.507+0000] {dag.py:4156} INFO - Setting next_dagrun for BuildELT_CTAS to 2025-11-06 02:45:00+00:00, run_after=2025-11-07 02:45:00+00:00
[2025-11-06T03:25:52.514+0000] {processor.py:208} INFO - Processing /opt/airflow/dags/homework6_elt.py took 0.045 seconds
[2025-11-06T03:26:23.321+0000] {processor.py:186} INFO - Started process (PID=95985) to work on /opt/airflow/dags/homework6_elt.py
[2025-11-06T03:26:23.322+0000] {processor.py:914} INFO - Processing file /opt/airflow/dags/homework6_elt.py for tasks to queue
[2025-11-06T03:26:23.322+0000] {logging_mixin.py:190} INFO - [2025-11-06T03:26:23.322+0000] {dagbag.py:587} INFO - Filling up the DagBag from /opt/airflow/dags/homework6_elt.py
[2025-11-06T03:26:23.329+0000] {processor.py:925} INFO - DAG(s) 'BuildELT_CTAS' retrieved from /opt/airflow/dags/homework6_elt.py
[2025-11-06T03:26:23.342+0000] {logging_mixin.py:190} INFO - [2025-11-06T03:26:23.342+0000] {dag.py:3229} INFO - Sync 1 DAGs
[2025-11-06T03:26:23.352+0000] {logging_mixin.py:190} INFO - [2025-11-06T03:26:23.352+0000] {dag.py:4156} INFO - Setting next_dagrun for BuildELT_CTAS to 2025-11-06 02:45:00+00:00, run_after=2025-11-07 02:45:00+00:00
[2025-11-06T03:26:23.358+0000] {processor.py:208} INFO - Processing /opt/airflow/dags/homework6_elt.py took 0.042 seconds
