[2025-11-06T00:06:02.748+0000] {processor.py:186} INFO - Started process (PID=94191) to work on /opt/airflow/dags/lab_etl.py
[2025-11-06T00:06:02.749+0000] {processor.py:914} INFO - Processing file /opt/airflow/dags/lab_etl.py for tasks to queue
[2025-11-06T00:06:02.749+0000] {logging_mixin.py:190} INFO - [2025-11-06T00:06:02.749+0000] {dagbag.py:587} INFO - Filling up the DagBag from /opt/airflow/dags/lab_etl.py
[2025-11-06T00:06:02.870+0000] {processor.py:925} INFO - DAG(s) 'two_stock_dag' retrieved from /opt/airflow/dags/lab_etl.py
[2025-11-06T00:06:02.878+0000] {logging_mixin.py:190} INFO - [2025-11-06T00:06:02.878+0000] {dag.py:3229} INFO - Sync 1 DAGs
[2025-11-06T00:06:02.887+0000] {logging_mixin.py:190} INFO - [2025-11-06T00:06:02.887+0000] {dag.py:4156} INFO - Setting next_dagrun for two_stock_dag to 2025-11-05 01:30:00+00:00, run_after=2025-11-06 01:30:00+00:00
[2025-11-06T00:06:02.892+0000] {processor.py:208} INFO - Processing /opt/airflow/dags/lab_etl.py took 0.147 seconds
[2025-11-06T00:10:36.286+0000] {processor.py:186} INFO - Started process (PID=94215) to work on /opt/airflow/dags/lab_etl.py
[2025-11-06T00:10:36.289+0000] {processor.py:914} INFO - Processing file /opt/airflow/dags/lab_etl.py for tasks to queue
[2025-11-06T00:10:36.290+0000] {logging_mixin.py:190} INFO - [2025-11-06T00:10:36.290+0000] {dagbag.py:587} INFO - Filling up the DagBag from /opt/airflow/dags/lab_etl.py
[2025-11-06T00:10:36.445+0000] {processor.py:925} INFO - DAG(s) 'two_stock_dag' retrieved from /opt/airflow/dags/lab_etl.py
[2025-11-06T00:10:36.452+0000] {logging_mixin.py:190} INFO - [2025-11-06T00:10:36.452+0000] {dag.py:3229} INFO - Sync 1 DAGs
[2025-11-06T00:10:36.459+0000] {logging_mixin.py:190} INFO - [2025-11-06T00:10:36.459+0000] {dag.py:4156} INFO - Setting next_dagrun for two_stock_dag to 2025-11-05 01:30:00+00:00, run_after=2025-11-06 01:30:00+00:00
[2025-11-06T00:10:36.463+0000] {processor.py:208} INFO - Processing /opt/airflow/dags/lab_etl.py took 0.181 seconds
[2025-11-06T00:12:53.784+0000] {processor.py:186} INFO - Started process (PID=94246) to work on /opt/airflow/dags/lab_etl.py
[2025-11-06T00:12:53.785+0000] {processor.py:914} INFO - Processing file /opt/airflow/dags/lab_etl.py for tasks to queue
[2025-11-06T00:12:53.785+0000] {logging_mixin.py:190} INFO - [2025-11-06T00:12:53.785+0000] {dagbag.py:587} INFO - Filling up the DagBag from /opt/airflow/dags/lab_etl.py
[2025-11-06T00:12:53.912+0000] {processor.py:925} INFO - DAG(s) 'two_stock_dag' retrieved from /opt/airflow/dags/lab_etl.py
[2025-11-06T00:12:53.921+0000] {logging_mixin.py:190} INFO - [2025-11-06T00:12:53.920+0000] {dag.py:3229} INFO - Sync 1 DAGs
[2025-11-06T00:12:53.931+0000] {logging_mixin.py:190} INFO - [2025-11-06T00:12:53.931+0000] {dag.py:4156} INFO - Setting next_dagrun for two_stock_dag to 2025-11-05 01:30:00+00:00, run_after=2025-11-06 01:30:00+00:00
[2025-11-06T00:12:53.936+0000] {processor.py:208} INFO - Processing /opt/airflow/dags/lab_etl.py took 0.155 seconds
[2025-11-06T00:31:35.448+0000] {processor.py:186} INFO - Started process (PID=94277) to work on /opt/airflow/dags/lab_etl.py
[2025-11-06T00:31:35.448+0000] {processor.py:914} INFO - Processing file /opt/airflow/dags/lab_etl.py for tasks to queue
[2025-11-06T00:31:35.449+0000] {logging_mixin.py:190} INFO - [2025-11-06T00:31:35.448+0000] {dagbag.py:587} INFO - Filling up the DagBag from /opt/airflow/dags/lab_etl.py
[2025-11-06T00:31:35.573+0000] {processor.py:925} INFO - DAG(s) 'two_stock_dag' retrieved from /opt/airflow/dags/lab_etl.py
[2025-11-06T00:31:35.581+0000] {logging_mixin.py:190} INFO - [2025-11-06T00:31:35.580+0000] {dag.py:3229} INFO - Sync 1 DAGs
[2025-11-06T00:31:35.588+0000] {logging_mixin.py:190} INFO - [2025-11-06T00:31:35.588+0000] {dag.py:4156} INFO - Setting next_dagrun for two_stock_dag to 2025-11-05 01:30:00+00:00, run_after=2025-11-06 01:30:00+00:00
[2025-11-06T00:31:35.593+0000] {processor.py:208} INFO - Processing /opt/airflow/dags/lab_etl.py took 0.148 seconds
[2025-11-06T00:32:06.572+0000] {processor.py:186} INFO - Started process (PID=94308) to work on /opt/airflow/dags/lab_etl.py
[2025-11-06T00:32:06.573+0000] {processor.py:914} INFO - Processing file /opt/airflow/dags/lab_etl.py for tasks to queue
[2025-11-06T00:32:06.574+0000] {logging_mixin.py:190} INFO - [2025-11-06T00:32:06.573+0000] {dagbag.py:587} INFO - Filling up the DagBag from /opt/airflow/dags/lab_etl.py
[2025-11-06T00:32:06.708+0000] {processor.py:925} INFO - DAG(s) 'two_stock_dag' retrieved from /opt/airflow/dags/lab_etl.py
[2025-11-06T00:32:06.715+0000] {logging_mixin.py:190} INFO - [2025-11-06T00:32:06.715+0000] {dag.py:3229} INFO - Sync 1 DAGs
[2025-11-06T00:32:06.723+0000] {logging_mixin.py:190} INFO - [2025-11-06T00:32:06.723+0000] {dag.py:4156} INFO - Setting next_dagrun for two_stock_dag to 2025-11-05 01:30:00+00:00, run_after=2025-11-06 01:30:00+00:00
[2025-11-06T00:32:06.728+0000] {processor.py:208} INFO - Processing /opt/airflow/dags/lab_etl.py took 0.161 seconds
[2025-11-06T00:39:14.250+0000] {processor.py:186} INFO - Started process (PID=94339) to work on /opt/airflow/dags/lab_etl.py
[2025-11-06T00:39:14.251+0000] {processor.py:914} INFO - Processing file /opt/airflow/dags/lab_etl.py for tasks to queue
[2025-11-06T00:39:14.251+0000] {logging_mixin.py:190} INFO - [2025-11-06T00:39:14.251+0000] {dagbag.py:587} INFO - Filling up the DagBag from /opt/airflow/dags/lab_etl.py
[2025-11-06T00:39:14.371+0000] {processor.py:925} INFO - DAG(s) 'two_stock_dag' retrieved from /opt/airflow/dags/lab_etl.py
[2025-11-06T00:39:14.378+0000] {logging_mixin.py:190} INFO - [2025-11-06T00:39:14.378+0000] {dag.py:3229} INFO - Sync 1 DAGs
[2025-11-06T00:39:14.385+0000] {logging_mixin.py:190} INFO - [2025-11-06T00:39:14.385+0000] {dag.py:4156} INFO - Setting next_dagrun for two_stock_dag to 2025-11-05 01:30:00+00:00, run_after=2025-11-06 01:30:00+00:00
[2025-11-06T00:39:14.391+0000] {processor.py:208} INFO - Processing /opt/airflow/dags/lab_etl.py took 0.143 seconds
[2025-11-06T00:43:28.774+0000] {processor.py:186} INFO - Started process (PID=94370) to work on /opt/airflow/dags/lab_etl.py
[2025-11-06T00:43:28.775+0000] {processor.py:914} INFO - Processing file /opt/airflow/dags/lab_etl.py for tasks to queue
[2025-11-06T00:43:28.775+0000] {logging_mixin.py:190} INFO - [2025-11-06T00:43:28.775+0000] {dagbag.py:587} INFO - Filling up the DagBag from /opt/airflow/dags/lab_etl.py
[2025-11-06T00:43:28.898+0000] {processor.py:925} INFO - DAG(s) 'two_stock_dag' retrieved from /opt/airflow/dags/lab_etl.py
[2025-11-06T00:43:28.906+0000] {logging_mixin.py:190} INFO - [2025-11-06T00:43:28.906+0000] {dag.py:3229} INFO - Sync 1 DAGs
[2025-11-06T00:43:28.914+0000] {logging_mixin.py:190} INFO - [2025-11-06T00:43:28.914+0000] {dag.py:4156} INFO - Setting next_dagrun for two_stock_dag to 2025-11-05 01:30:00+00:00, run_after=2025-11-06 01:30:00+00:00
[2025-11-06T00:43:28.919+0000] {processor.py:208} INFO - Processing /opt/airflow/dags/lab_etl.py took 0.148 seconds
[2025-11-06T00:45:28.523+0000] {processor.py:186} INFO - Started process (PID=94401) to work on /opt/airflow/dags/lab_etl.py
[2025-11-06T00:45:28.523+0000] {processor.py:914} INFO - Processing file /opt/airflow/dags/lab_etl.py for tasks to queue
[2025-11-06T00:45:28.523+0000] {logging_mixin.py:190} INFO - [2025-11-06T00:45:28.523+0000] {dagbag.py:587} INFO - Filling up the DagBag from /opt/airflow/dags/lab_etl.py
[2025-11-06T00:45:28.667+0000] {processor.py:925} INFO - DAG(s) 'two_stock_dag' retrieved from /opt/airflow/dags/lab_etl.py
[2025-11-06T00:45:28.681+0000] {logging_mixin.py:190} INFO - [2025-11-06T00:45:28.681+0000] {dag.py:3229} INFO - Sync 1 DAGs
[2025-11-06T00:45:28.689+0000] {logging_mixin.py:190} INFO - [2025-11-06T00:45:28.689+0000] {dag.py:4156} INFO - Setting next_dagrun for two_stock_dag to 2025-11-05 01:30:00+00:00, run_after=2025-11-06 01:30:00+00:00
[2025-11-06T00:45:28.694+0000] {processor.py:208} INFO - Processing /opt/airflow/dags/lab_etl.py took 0.175 seconds
[2025-11-06T00:55:19.663+0000] {processor.py:186} INFO - Started process (PID=94432) to work on /opt/airflow/dags/lab_etl.py
[2025-11-06T00:55:19.664+0000] {processor.py:914} INFO - Processing file /opt/airflow/dags/lab_etl.py for tasks to queue
[2025-11-06T00:55:19.664+0000] {logging_mixin.py:190} INFO - [2025-11-06T00:55:19.664+0000] {dagbag.py:587} INFO - Filling up the DagBag from /opt/airflow/dags/lab_etl.py
[2025-11-06T00:55:19.783+0000] {processor.py:925} INFO - DAG(s) 'two_stock_dag' retrieved from /opt/airflow/dags/lab_etl.py
[2025-11-06T00:55:19.790+0000] {logging_mixin.py:190} INFO - [2025-11-06T00:55:19.790+0000] {dag.py:3229} INFO - Sync 1 DAGs
[2025-11-06T00:55:19.797+0000] {logging_mixin.py:190} INFO - [2025-11-06T00:55:19.797+0000] {dag.py:4156} INFO - Setting next_dagrun for two_stock_dag to 2025-11-05 01:30:00+00:00, run_after=2025-11-06 01:30:00+00:00
[2025-11-06T00:55:19.802+0000] {processor.py:208} INFO - Processing /opt/airflow/dags/lab_etl.py took 0.141 seconds
[2025-11-06T01:04:47.347+0000] {processor.py:186} INFO - Started process (PID=94463) to work on /opt/airflow/dags/lab_etl.py
[2025-11-06T01:04:47.348+0000] {processor.py:914} INFO - Processing file /opt/airflow/dags/lab_etl.py for tasks to queue
[2025-11-06T01:04:47.348+0000] {logging_mixin.py:190} INFO - [2025-11-06T01:04:47.348+0000] {dagbag.py:587} INFO - Filling up the DagBag from /opt/airflow/dags/lab_etl.py
[2025-11-06T01:04:47.469+0000] {processor.py:925} INFO - DAG(s) 'two_stock_dag' retrieved from /opt/airflow/dags/lab_etl.py
[2025-11-06T01:04:47.477+0000] {logging_mixin.py:190} INFO - [2025-11-06T01:04:47.477+0000] {dag.py:3229} INFO - Sync 1 DAGs
[2025-11-06T01:04:47.485+0000] {logging_mixin.py:190} INFO - [2025-11-06T01:04:47.485+0000] {dag.py:4156} INFO - Setting next_dagrun for two_stock_dag to 2025-11-05 01:30:00+00:00, run_after=2025-11-06 01:30:00+00:00
[2025-11-06T01:04:47.490+0000] {processor.py:208} INFO - Processing /opt/airflow/dags/lab_etl.py took 0.146 seconds
[2025-11-06T01:16:44.162+0000] {processor.py:186} INFO - Started process (PID=94494) to work on /opt/airflow/dags/lab_etl.py
[2025-11-06T01:16:44.163+0000] {processor.py:914} INFO - Processing file /opt/airflow/dags/lab_etl.py for tasks to queue
[2025-11-06T01:16:44.163+0000] {logging_mixin.py:190} INFO - [2025-11-06T01:16:44.163+0000] {dagbag.py:587} INFO - Filling up the DagBag from /opt/airflow/dags/lab_etl.py
[2025-11-06T01:16:44.295+0000] {processor.py:925} INFO - DAG(s) 'two_stock_dag' retrieved from /opt/airflow/dags/lab_etl.py
[2025-11-06T01:16:44.304+0000] {logging_mixin.py:190} INFO - [2025-11-06T01:16:44.304+0000] {dag.py:3229} INFO - Sync 1 DAGs
[2025-11-06T01:16:44.313+0000] {logging_mixin.py:190} INFO - [2025-11-06T01:16:44.313+0000] {dag.py:4156} INFO - Setting next_dagrun for two_stock_dag to 2025-11-05 01:30:00+00:00, run_after=2025-11-06 01:30:00+00:00
[2025-11-06T01:16:44.319+0000] {processor.py:208} INFO - Processing /opt/airflow/dags/lab_etl.py took 0.159 seconds
[2025-11-06T01:24:16.682+0000] {processor.py:186} INFO - Started process (PID=94525) to work on /opt/airflow/dags/lab_etl.py
[2025-11-06T01:24:16.682+0000] {processor.py:914} INFO - Processing file /opt/airflow/dags/lab_etl.py for tasks to queue
[2025-11-06T01:24:16.683+0000] {logging_mixin.py:190} INFO - [2025-11-06T01:24:16.683+0000] {dagbag.py:587} INFO - Filling up the DagBag from /opt/airflow/dags/lab_etl.py
[2025-11-06T01:24:16.833+0000] {processor.py:925} INFO - DAG(s) 'two_stock_dag' retrieved from /opt/airflow/dags/lab_etl.py
[2025-11-06T01:24:16.844+0000] {logging_mixin.py:190} INFO - [2025-11-06T01:24:16.844+0000] {dag.py:3229} INFO - Sync 1 DAGs
[2025-11-06T01:24:16.853+0000] {logging_mixin.py:190} INFO - [2025-11-06T01:24:16.853+0000] {dag.py:4156} INFO - Setting next_dagrun for two_stock_dag to 2025-11-05 01:30:00+00:00, run_after=2025-11-06 01:30:00+00:00
[2025-11-06T01:24:16.859+0000] {processor.py:208} INFO - Processing /opt/airflow/dags/lab_etl.py took 0.181 seconds
[2025-11-06T01:28:53.826+0000] {processor.py:186} INFO - Started process (PID=94556) to work on /opt/airflow/dags/lab_etl.py
[2025-11-06T01:28:53.826+0000] {processor.py:914} INFO - Processing file /opt/airflow/dags/lab_etl.py for tasks to queue
[2025-11-06T01:28:53.827+0000] {logging_mixin.py:190} INFO - [2025-11-06T01:28:53.826+0000] {dagbag.py:587} INFO - Filling up the DagBag from /opt/airflow/dags/lab_etl.py
[2025-11-06T01:28:53.950+0000] {processor.py:925} INFO - DAG(s) 'two_stock_dag' retrieved from /opt/airflow/dags/lab_etl.py
[2025-11-06T01:28:53.959+0000] {logging_mixin.py:190} INFO - [2025-11-06T01:28:53.959+0000] {dag.py:3229} INFO - Sync 1 DAGs
[2025-11-06T01:28:53.967+0000] {logging_mixin.py:190} INFO - [2025-11-06T01:28:53.967+0000] {dag.py:4156} INFO - Setting next_dagrun for two_stock_dag to 2025-11-05 01:30:00+00:00, run_after=2025-11-06 01:30:00+00:00
[2025-11-06T01:28:53.972+0000] {processor.py:208} INFO - Processing /opt/airflow/dags/lab_etl.py took 0.149 seconds
[2025-11-06T01:36:15.931+0000] {processor.py:186} INFO - Started process (PID=94587) to work on /opt/airflow/dags/lab_etl.py
[2025-11-06T01:36:15.931+0000] {processor.py:914} INFO - Processing file /opt/airflow/dags/lab_etl.py for tasks to queue
[2025-11-06T01:36:15.932+0000] {logging_mixin.py:190} INFO - [2025-11-06T01:36:15.931+0000] {dagbag.py:587} INFO - Filling up the DagBag from /opt/airflow/dags/lab_etl.py
[2025-11-06T01:36:16.068+0000] {processor.py:925} INFO - DAG(s) 'two_stock_dag' retrieved from /opt/airflow/dags/lab_etl.py
[2025-11-06T01:36:16.083+0000] {logging_mixin.py:190} INFO - [2025-11-06T01:36:16.082+0000] {dag.py:3229} INFO - Sync 1 DAGs
[2025-11-06T01:36:16.094+0000] {logging_mixin.py:190} INFO - [2025-11-06T01:36:16.093+0000] {dag.py:4156} INFO - Setting next_dagrun for two_stock_dag to 2025-11-06 01:30:00+00:00, run_after=2025-11-07 01:30:00+00:00
[2025-11-06T01:36:16.102+0000] {processor.py:208} INFO - Processing /opt/airflow/dags/lab_etl.py took 0.174 seconds
[2025-11-06T01:42:27.438+0000] {processor.py:186} INFO - Started process (PID=94646) to work on /opt/airflow/dags/lab_etl.py
[2025-11-06T01:42:27.438+0000] {processor.py:914} INFO - Processing file /opt/airflow/dags/lab_etl.py for tasks to queue
[2025-11-06T01:42:27.439+0000] {logging_mixin.py:190} INFO - [2025-11-06T01:42:27.439+0000] {dagbag.py:587} INFO - Filling up the DagBag from /opt/airflow/dags/lab_etl.py
[2025-11-06T01:42:27.562+0000] {processor.py:925} INFO - DAG(s) 'two_stock_dag' retrieved from /opt/airflow/dags/lab_etl.py
[2025-11-06T01:42:27.569+0000] {logging_mixin.py:190} INFO - [2025-11-06T01:42:27.569+0000] {dag.py:3229} INFO - Sync 1 DAGs
[2025-11-06T01:42:27.576+0000] {logging_mixin.py:190} INFO - [2025-11-06T01:42:27.576+0000] {dag.py:4156} INFO - Setting next_dagrun for two_stock_dag to 2025-11-06 01:30:00+00:00, run_after=2025-11-07 01:30:00+00:00
[2025-11-06T01:42:27.582+0000] {processor.py:208} INFO - Processing /opt/airflow/dags/lab_etl.py took 0.146 seconds
[2025-11-06T01:46:01.895+0000] {processor.py:186} INFO - Started process (PID=94682) to work on /opt/airflow/dags/lab_etl.py
[2025-11-06T01:46:01.895+0000] {processor.py:914} INFO - Processing file /opt/airflow/dags/lab_etl.py for tasks to queue
[2025-11-06T01:46:01.896+0000] {logging_mixin.py:190} INFO - [2025-11-06T01:46:01.896+0000] {dagbag.py:587} INFO - Filling up the DagBag from /opt/airflow/dags/lab_etl.py
[2025-11-06T01:46:02.032+0000] {processor.py:925} INFO - DAG(s) 'two_stock_dag' retrieved from /opt/airflow/dags/lab_etl.py
[2025-11-06T01:46:02.039+0000] {logging_mixin.py:190} INFO - [2025-11-06T01:46:02.039+0000] {dag.py:3229} INFO - Sync 1 DAGs
[2025-11-06T01:46:02.046+0000] {logging_mixin.py:190} INFO - [2025-11-06T01:46:02.046+0000] {dag.py:4156} INFO - Setting next_dagrun for two_stock_dag to 2025-11-06 01:30:00+00:00, run_after=2025-11-07 01:30:00+00:00
[2025-11-06T01:46:02.051+0000] {processor.py:208} INFO - Processing /opt/airflow/dags/lab_etl.py took 0.158 seconds
[2025-11-06T01:49:08.521+0000] {processor.py:186} INFO - Started process (PID=94713) to work on /opt/airflow/dags/lab_etl.py
[2025-11-06T01:49:08.522+0000] {processor.py:914} INFO - Processing file /opt/airflow/dags/lab_etl.py for tasks to queue
[2025-11-06T01:49:08.522+0000] {logging_mixin.py:190} INFO - [2025-11-06T01:49:08.522+0000] {dagbag.py:587} INFO - Filling up the DagBag from /opt/airflow/dags/lab_etl.py
[2025-11-06T01:49:08.650+0000] {processor.py:925} INFO - DAG(s) 'two_stock_dag' retrieved from /opt/airflow/dags/lab_etl.py
[2025-11-06T01:49:08.658+0000] {logging_mixin.py:190} INFO - [2025-11-06T01:49:08.658+0000] {dag.py:3229} INFO - Sync 1 DAGs
[2025-11-06T01:49:08.667+0000] {logging_mixin.py:190} INFO - [2025-11-06T01:49:08.666+0000] {dag.py:4156} INFO - Setting next_dagrun for two_stock_dag to 2025-11-06 01:30:00+00:00, run_after=2025-11-07 01:30:00+00:00
[2025-11-06T01:49:08.673+0000] {processor.py:208} INFO - Processing /opt/airflow/dags/lab_etl.py took 0.154 seconds
[2025-11-06T01:57:06.560+0000] {processor.py:186} INFO - Started process (PID=94744) to work on /opt/airflow/dags/lab_etl.py
[2025-11-06T01:57:06.561+0000] {processor.py:914} INFO - Processing file /opt/airflow/dags/lab_etl.py for tasks to queue
[2025-11-06T01:57:06.561+0000] {logging_mixin.py:190} INFO - [2025-11-06T01:57:06.561+0000] {dagbag.py:587} INFO - Filling up the DagBag from /opt/airflow/dags/lab_etl.py
[2025-11-06T01:57:06.710+0000] {processor.py:925} INFO - DAG(s) 'two_stock_dag' retrieved from /opt/airflow/dags/lab_etl.py
[2025-11-06T01:57:06.724+0000] {logging_mixin.py:190} INFO - [2025-11-06T01:57:06.724+0000] {dag.py:3229} INFO - Sync 1 DAGs
[2025-11-06T01:57:06.732+0000] {logging_mixin.py:190} INFO - [2025-11-06T01:57:06.732+0000] {dag.py:4156} INFO - Setting next_dagrun for two_stock_dag to 2025-11-06 01:30:00+00:00, run_after=2025-11-07 01:30:00+00:00
[2025-11-06T01:57:06.738+0000] {processor.py:208} INFO - Processing /opt/airflow/dags/lab_etl.py took 0.181 seconds
[2025-11-06T01:57:49.318+0000] {processor.py:186} INFO - Started process (PID=94775) to work on /opt/airflow/dags/lab_etl.py
[2025-11-06T01:57:49.319+0000] {processor.py:914} INFO - Processing file /opt/airflow/dags/lab_etl.py for tasks to queue
[2025-11-06T01:57:49.319+0000] {logging_mixin.py:190} INFO - [2025-11-06T01:57:49.319+0000] {dagbag.py:587} INFO - Filling up the DagBag from /opt/airflow/dags/lab_etl.py
[2025-11-06T01:57:49.445+0000] {processor.py:925} INFO - DAG(s) 'two_stock_dag' retrieved from /opt/airflow/dags/lab_etl.py
[2025-11-06T01:57:49.453+0000] {logging_mixin.py:190} INFO - [2025-11-06T01:57:49.453+0000] {dag.py:3229} INFO - Sync 1 DAGs
[2025-11-06T01:57:49.461+0000] {logging_mixin.py:190} INFO - [2025-11-06T01:57:49.461+0000] {dag.py:4156} INFO - Setting next_dagrun for two_stock_dag to 2025-11-06 01:30:00+00:00, run_after=2025-11-07 01:30:00+00:00
[2025-11-06T01:57:49.466+0000] {processor.py:208} INFO - Processing /opt/airflow/dags/lab_etl.py took 0.150 seconds
[2025-11-06T02:01:54.301+0000] {processor.py:186} INFO - Started process (PID=94806) to work on /opt/airflow/dags/lab_etl.py
[2025-11-06T02:01:54.301+0000] {processor.py:914} INFO - Processing file /opt/airflow/dags/lab_etl.py for tasks to queue
[2025-11-06T02:01:54.302+0000] {logging_mixin.py:190} INFO - [2025-11-06T02:01:54.301+0000] {dagbag.py:587} INFO - Filling up the DagBag from /opt/airflow/dags/lab_etl.py
[2025-11-06T02:01:54.424+0000] {processor.py:925} INFO - DAG(s) 'two_stock_dag' retrieved from /opt/airflow/dags/lab_etl.py
[2025-11-06T02:01:54.432+0000] {logging_mixin.py:190} INFO - [2025-11-06T02:01:54.432+0000] {dag.py:3229} INFO - Sync 1 DAGs
[2025-11-06T02:01:54.440+0000] {logging_mixin.py:190} INFO - [2025-11-06T02:01:54.440+0000] {dag.py:4156} INFO - Setting next_dagrun for two_stock_dag to 2025-11-06 01:30:00+00:00, run_after=2025-11-07 01:30:00+00:00
[2025-11-06T02:01:54.446+0000] {processor.py:208} INFO - Processing /opt/airflow/dags/lab_etl.py took 0.147 seconds
[2025-11-06T02:04:07.177+0000] {processor.py:186} INFO - Started process (PID=94837) to work on /opt/airflow/dags/lab_etl.py
[2025-11-06T02:04:07.177+0000] {processor.py:914} INFO - Processing file /opt/airflow/dags/lab_etl.py for tasks to queue
[2025-11-06T02:04:07.177+0000] {logging_mixin.py:190} INFO - [2025-11-06T02:04:07.177+0000] {dagbag.py:587} INFO - Filling up the DagBag from /opt/airflow/dags/lab_etl.py
[2025-11-06T02:04:07.310+0000] {processor.py:925} INFO - DAG(s) 'two_stock_dag' retrieved from /opt/airflow/dags/lab_etl.py
[2025-11-06T02:04:07.320+0000] {logging_mixin.py:190} INFO - [2025-11-06T02:04:07.319+0000] {dag.py:3229} INFO - Sync 1 DAGs
[2025-11-06T02:04:07.328+0000] {logging_mixin.py:190} INFO - [2025-11-06T02:04:07.328+0000] {dag.py:4156} INFO - Setting next_dagrun for two_stock_dag to 2025-11-06 01:30:00+00:00, run_after=2025-11-07 01:30:00+00:00
[2025-11-06T02:04:07.334+0000] {processor.py:208} INFO - Processing /opt/airflow/dags/lab_etl.py took 0.160 seconds
[2025-11-06T02:11:21.906+0000] {processor.py:186} INFO - Started process (PID=94868) to work on /opt/airflow/dags/lab_etl.py
[2025-11-06T02:11:21.907+0000] {processor.py:914} INFO - Processing file /opt/airflow/dags/lab_etl.py for tasks to queue
[2025-11-06T02:11:21.907+0000] {logging_mixin.py:190} INFO - [2025-11-06T02:11:21.907+0000] {dagbag.py:587} INFO - Filling up the DagBag from /opt/airflow/dags/lab_etl.py
[2025-11-06T02:11:22.090+0000] {processor.py:925} INFO - DAG(s) 'two_stock_dag' retrieved from /opt/airflow/dags/lab_etl.py
[2025-11-06T02:11:22.107+0000] {logging_mixin.py:190} INFO - [2025-11-06T02:11:22.106+0000] {dag.py:3229} INFO - Sync 1 DAGs
[2025-11-06T02:11:22.118+0000] {logging_mixin.py:190} INFO - [2025-11-06T02:11:22.118+0000] {dag.py:4156} INFO - Setting next_dagrun for two_stock_dag to 2025-11-06 01:30:00+00:00, run_after=2025-11-07 01:30:00+00:00
[2025-11-06T02:11:22.126+0000] {processor.py:208} INFO - Processing /opt/airflow/dags/lab_etl.py took 0.229 seconds
[2025-11-06T02:16:08.689+0000] {processor.py:186} INFO - Started process (PID=94898) to work on /opt/airflow/dags/lab_etl.py
[2025-11-06T02:16:08.689+0000] {processor.py:914} INFO - Processing file /opt/airflow/dags/lab_etl.py for tasks to queue
[2025-11-06T02:16:08.690+0000] {logging_mixin.py:190} INFO - [2025-11-06T02:16:08.690+0000] {dagbag.py:587} INFO - Filling up the DagBag from /opt/airflow/dags/lab_etl.py
[2025-11-06T02:16:08.817+0000] {processor.py:925} INFO - DAG(s) 'two_stock_dag' retrieved from /opt/airflow/dags/lab_etl.py
[2025-11-06T02:16:08.826+0000] {logging_mixin.py:190} INFO - [2025-11-06T02:16:08.826+0000] {dag.py:3229} INFO - Sync 1 DAGs
[2025-11-06T02:16:08.836+0000] {logging_mixin.py:190} INFO - [2025-11-06T02:16:08.836+0000] {dag.py:4156} INFO - Setting next_dagrun for two_stock_dag to 2025-11-06 01:30:00+00:00, run_after=2025-11-07 01:30:00+00:00
[2025-11-06T02:16:08.841+0000] {processor.py:208} INFO - Processing /opt/airflow/dags/lab_etl.py took 0.155 seconds
[2025-11-06T02:29:37.121+0000] {processor.py:186} INFO - Started process (PID=94929) to work on /opt/airflow/dags/lab_etl.py
[2025-11-06T02:29:37.121+0000] {processor.py:914} INFO - Processing file /opt/airflow/dags/lab_etl.py for tasks to queue
[2025-11-06T02:29:37.122+0000] {logging_mixin.py:190} INFO - [2025-11-06T02:29:37.122+0000] {dagbag.py:587} INFO - Filling up the DagBag from /opt/airflow/dags/lab_etl.py
[2025-11-06T02:29:37.287+0000] {processor.py:925} INFO - DAG(s) 'two_stock_dag' retrieved from /opt/airflow/dags/lab_etl.py
[2025-11-06T02:29:37.298+0000] {logging_mixin.py:190} INFO - [2025-11-06T02:29:37.297+0000] {dag.py:3229} INFO - Sync 1 DAGs
[2025-11-06T02:29:37.308+0000] {logging_mixin.py:190} INFO - [2025-11-06T02:29:37.308+0000] {dag.py:4156} INFO - Setting next_dagrun for two_stock_dag to 2025-11-06 01:30:00+00:00, run_after=2025-11-07 01:30:00+00:00
[2025-11-06T02:29:37.316+0000] {processor.py:208} INFO - Processing /opt/airflow/dags/lab_etl.py took 0.197 seconds
[2025-11-06T02:34:53.289+0000] {processor.py:186} INFO - Started process (PID=94960) to work on /opt/airflow/dags/lab_etl.py
[2025-11-06T02:34:53.289+0000] {processor.py:914} INFO - Processing file /opt/airflow/dags/lab_etl.py for tasks to queue
[2025-11-06T02:34:53.289+0000] {logging_mixin.py:190} INFO - [2025-11-06T02:34:53.289+0000] {dagbag.py:587} INFO - Filling up the DagBag from /opt/airflow/dags/lab_etl.py
[2025-11-06T02:34:53.424+0000] {processor.py:925} INFO - DAG(s) 'two_stock_dag' retrieved from /opt/airflow/dags/lab_etl.py
[2025-11-06T02:34:53.434+0000] {logging_mixin.py:190} INFO - [2025-11-06T02:34:53.433+0000] {dag.py:3229} INFO - Sync 1 DAGs
[2025-11-06T02:34:53.443+0000] {logging_mixin.py:190} INFO - [2025-11-06T02:34:53.443+0000] {dag.py:4156} INFO - Setting next_dagrun for two_stock_dag to 2025-11-06 01:30:00+00:00, run_after=2025-11-07 01:30:00+00:00
[2025-11-06T02:34:53.449+0000] {processor.py:208} INFO - Processing /opt/airflow/dags/lab_etl.py took 0.164 seconds
[2025-11-06T02:37:32.270+0000] {processor.py:186} INFO - Started process (PID=94991) to work on /opt/airflow/dags/lab_etl.py
[2025-11-06T02:37:32.271+0000] {processor.py:914} INFO - Processing file /opt/airflow/dags/lab_etl.py for tasks to queue
[2025-11-06T02:37:32.271+0000] {logging_mixin.py:190} INFO - [2025-11-06T02:37:32.271+0000] {dagbag.py:587} INFO - Filling up the DagBag from /opt/airflow/dags/lab_etl.py
[2025-11-06T02:37:32.447+0000] {processor.py:925} INFO - DAG(s) 'two_stock_dag' retrieved from /opt/airflow/dags/lab_etl.py
[2025-11-06T02:37:32.457+0000] {logging_mixin.py:190} INFO - [2025-11-06T02:37:32.457+0000] {dag.py:3229} INFO - Sync 1 DAGs
[2025-11-06T02:37:32.467+0000] {logging_mixin.py:190} INFO - [2025-11-06T02:37:32.467+0000] {dag.py:4156} INFO - Setting next_dagrun for two_stock_dag to 2025-11-06 01:30:00+00:00, run_after=2025-11-07 01:30:00+00:00
[2025-11-06T02:37:32.475+0000] {processor.py:208} INFO - Processing /opt/airflow/dags/lab_etl.py took 0.209 seconds
[2025-11-06T02:38:52.099+0000] {processor.py:186} INFO - Started process (PID=95022) to work on /opt/airflow/dags/lab_etl.py
[2025-11-06T02:38:52.099+0000] {processor.py:914} INFO - Processing file /opt/airflow/dags/lab_etl.py for tasks to queue
[2025-11-06T02:38:52.100+0000] {logging_mixin.py:190} INFO - [2025-11-06T02:38:52.100+0000] {dagbag.py:587} INFO - Filling up the DagBag from /opt/airflow/dags/lab_etl.py
[2025-11-06T02:38:52.220+0000] {processor.py:925} INFO - DAG(s) 'two_stock_dag' retrieved from /opt/airflow/dags/lab_etl.py
[2025-11-06T02:38:52.228+0000] {logging_mixin.py:190} INFO - [2025-11-06T02:38:52.228+0000] {dag.py:3229} INFO - Sync 1 DAGs
[2025-11-06T02:38:52.235+0000] {logging_mixin.py:190} INFO - [2025-11-06T02:38:52.235+0000] {dag.py:4156} INFO - Setting next_dagrun for two_stock_dag to 2025-11-06 01:30:00+00:00, run_after=2025-11-07 01:30:00+00:00
[2025-11-06T02:38:52.240+0000] {processor.py:208} INFO - Processing /opt/airflow/dags/lab_etl.py took 0.143 seconds
[2025-11-06T02:50:59.966+0000] {processor.py:186} INFO - Started process (PID=95055) to work on /opt/airflow/dags/lab_etl.py
[2025-11-06T02:50:59.967+0000] {processor.py:914} INFO - Processing file /opt/airflow/dags/lab_etl.py for tasks to queue
[2025-11-06T02:50:59.968+0000] {logging_mixin.py:190} INFO - [2025-11-06T02:50:59.968+0000] {dagbag.py:587} INFO - Filling up the DagBag from /opt/airflow/dags/lab_etl.py
[2025-11-06T02:51:00.185+0000] {processor.py:925} INFO - DAG(s) 'two_stock_dag' retrieved from /opt/airflow/dags/lab_etl.py
[2025-11-06T02:51:00.198+0000] {logging_mixin.py:190} INFO - [2025-11-06T02:51:00.198+0000] {dag.py:3229} INFO - Sync 1 DAGs
[2025-11-06T02:51:00.211+0000] {logging_mixin.py:190} INFO - [2025-11-06T02:51:00.211+0000] {dag.py:4156} INFO - Setting next_dagrun for two_stock_dag to 2025-11-06 01:30:00+00:00, run_after=2025-11-07 01:30:00+00:00
[2025-11-06T02:51:00.223+0000] {processor.py:208} INFO - Processing /opt/airflow/dags/lab_etl.py took 0.261 seconds
[2025-11-06T02:53:30.261+0000] {processor.py:186} INFO - Started process (PID=95094) to work on /opt/airflow/dags/lab_etl.py
[2025-11-06T02:53:30.262+0000] {processor.py:914} INFO - Processing file /opt/airflow/dags/lab_etl.py for tasks to queue
[2025-11-06T02:53:30.262+0000] {logging_mixin.py:190} INFO - [2025-11-06T02:53:30.262+0000] {dagbag.py:587} INFO - Filling up the DagBag from /opt/airflow/dags/lab_etl.py
[2025-11-06T02:53:30.382+0000] {processor.py:925} INFO - DAG(s) 'two_stock_dag' retrieved from /opt/airflow/dags/lab_etl.py
[2025-11-06T02:53:30.390+0000] {logging_mixin.py:190} INFO - [2025-11-06T02:53:30.390+0000] {dag.py:3229} INFO - Sync 1 DAGs
[2025-11-06T02:53:30.398+0000] {logging_mixin.py:190} INFO - [2025-11-06T02:53:30.398+0000] {dag.py:4156} INFO - Setting next_dagrun for two_stock_dag to 2025-11-06 01:30:00+00:00, run_after=2025-11-07 01:30:00+00:00
[2025-11-06T02:53:30.402+0000] {processor.py:208} INFO - Processing /opt/airflow/dags/lab_etl.py took 0.144 seconds
[2025-11-06T02:55:15.229+0000] {processor.py:186} INFO - Started process (PID=95119) to work on /opt/airflow/dags/lab_etl.py
[2025-11-06T02:55:15.229+0000] {processor.py:914} INFO - Processing file /opt/airflow/dags/lab_etl.py for tasks to queue
[2025-11-06T02:55:15.230+0000] {logging_mixin.py:190} INFO - [2025-11-06T02:55:15.230+0000] {dagbag.py:587} INFO - Filling up the DagBag from /opt/airflow/dags/lab_etl.py
[2025-11-06T02:55:15.359+0000] {processor.py:925} INFO - DAG(s) 'two_stock_dag' retrieved from /opt/airflow/dags/lab_etl.py
[2025-11-06T02:55:15.368+0000] {logging_mixin.py:190} INFO - [2025-11-06T02:55:15.368+0000] {dag.py:3229} INFO - Sync 1 DAGs
[2025-11-06T02:55:15.377+0000] {logging_mixin.py:190} INFO - [2025-11-06T02:55:15.377+0000] {dag.py:4156} INFO - Setting next_dagrun for two_stock_dag to 2025-11-06 01:30:00+00:00, run_after=2025-11-07 01:30:00+00:00
[2025-11-06T02:55:15.382+0000] {processor.py:208} INFO - Processing /opt/airflow/dags/lab_etl.py took 0.157 seconds
[2025-11-06T02:58:17.263+0000] {processor.py:186} INFO - Started process (PID=95150) to work on /opt/airflow/dags/lab_etl.py
[2025-11-06T02:58:17.264+0000] {processor.py:914} INFO - Processing file /opt/airflow/dags/lab_etl.py for tasks to queue
[2025-11-06T02:58:17.264+0000] {logging_mixin.py:190} INFO - [2025-11-06T02:58:17.264+0000] {dagbag.py:587} INFO - Filling up the DagBag from /opt/airflow/dags/lab_etl.py
[2025-11-06T02:58:17.471+0000] {processor.py:925} INFO - DAG(s) 'two_stock_dag' retrieved from /opt/airflow/dags/lab_etl.py
[2025-11-06T02:58:17.482+0000] {logging_mixin.py:190} INFO - [2025-11-06T02:58:17.482+0000] {dag.py:3229} INFO - Sync 1 DAGs
[2025-11-06T02:58:17.494+0000] {logging_mixin.py:190} INFO - [2025-11-06T02:58:17.494+0000] {dag.py:4156} INFO - Setting next_dagrun for two_stock_dag to 2025-11-06 01:30:00+00:00, run_after=2025-11-07 01:30:00+00:00
[2025-11-06T02:58:17.503+0000] {processor.py:208} INFO - Processing /opt/airflow/dags/lab_etl.py took 0.243 seconds
[2025-11-06T03:03:40.555+0000] {processor.py:186} INFO - Started process (PID=95181) to work on /opt/airflow/dags/lab_etl.py
[2025-11-06T03:03:40.556+0000] {processor.py:914} INFO - Processing file /opt/airflow/dags/lab_etl.py for tasks to queue
[2025-11-06T03:03:40.556+0000] {logging_mixin.py:190} INFO - [2025-11-06T03:03:40.556+0000] {dagbag.py:587} INFO - Filling up the DagBag from /opt/airflow/dags/lab_etl.py
[2025-11-06T03:03:40.794+0000] {processor.py:925} INFO - DAG(s) 'two_stock_dag' retrieved from /opt/airflow/dags/lab_etl.py
[2025-11-06T03:03:40.806+0000] {logging_mixin.py:190} INFO - [2025-11-06T03:03:40.805+0000] {dag.py:3229} INFO - Sync 1 DAGs
[2025-11-06T03:03:40.817+0000] {logging_mixin.py:190} INFO - [2025-11-06T03:03:40.817+0000] {dag.py:4156} INFO - Setting next_dagrun for two_stock_dag to 2025-11-06 01:30:00+00:00, run_after=2025-11-07 01:30:00+00:00
[2025-11-06T03:03:40.823+0000] {processor.py:208} INFO - Processing /opt/airflow/dags/lab_etl.py took 0.271 seconds
[2025-11-06T03:13:36.719+0000] {processor.py:186} INFO - Started process (PID=95218) to work on /opt/airflow/dags/lab_etl.py
[2025-11-06T03:13:36.720+0000] {processor.py:914} INFO - Processing file /opt/airflow/dags/lab_etl.py for tasks to queue
[2025-11-06T03:13:36.720+0000] {logging_mixin.py:190} INFO - [2025-11-06T03:13:36.720+0000] {dagbag.py:587} INFO - Filling up the DagBag from /opt/airflow/dags/lab_etl.py
[2025-11-06T03:13:36.943+0000] {processor.py:925} INFO - DAG(s) 'two_stock_dag' retrieved from /opt/airflow/dags/lab_etl.py
[2025-11-06T03:13:36.959+0000] {logging_mixin.py:190} INFO - [2025-11-06T03:13:36.958+0000] {dag.py:3229} INFO - Sync 1 DAGs
[2025-11-06T03:13:36.970+0000] {logging_mixin.py:190} INFO - [2025-11-06T03:13:36.970+0000] {dag.py:4156} INFO - Setting next_dagrun for two_stock_dag to 2025-11-06 01:30:00+00:00, run_after=2025-11-07 01:30:00+00:00
[2025-11-06T03:13:36.978+0000] {processor.py:208} INFO - Processing /opt/airflow/dags/lab_etl.py took 0.262 seconds
[2025-11-06T03:14:07.692+0000] {processor.py:186} INFO - Started process (PID=95249) to work on /opt/airflow/dags/lab_etl.py
[2025-11-06T03:14:07.692+0000] {processor.py:914} INFO - Processing file /opt/airflow/dags/lab_etl.py for tasks to queue
[2025-11-06T03:14:07.693+0000] {logging_mixin.py:190} INFO - [2025-11-06T03:14:07.693+0000] {dagbag.py:587} INFO - Filling up the DagBag from /opt/airflow/dags/lab_etl.py
[2025-11-06T03:14:07.848+0000] {processor.py:925} INFO - DAG(s) 'two_stock_dag' retrieved from /opt/airflow/dags/lab_etl.py
[2025-11-06T03:14:07.859+0000] {logging_mixin.py:190} INFO - [2025-11-06T03:14:07.859+0000] {dag.py:3229} INFO - Sync 1 DAGs
[2025-11-06T03:14:07.868+0000] {logging_mixin.py:190} INFO - [2025-11-06T03:14:07.868+0000] {dag.py:4156} INFO - Setting next_dagrun for two_stock_dag to 2025-11-06 01:30:00+00:00, run_after=2025-11-07 01:30:00+00:00
[2025-11-06T03:14:07.873+0000] {processor.py:208} INFO - Processing /opt/airflow/dags/lab_etl.py took 0.186 seconds
[2025-11-06T03:14:38.758+0000] {processor.py:186} INFO - Started process (PID=95280) to work on /opt/airflow/dags/lab_etl.py
[2025-11-06T03:14:38.760+0000] {processor.py:914} INFO - Processing file /opt/airflow/dags/lab_etl.py for tasks to queue
[2025-11-06T03:14:38.762+0000] {logging_mixin.py:190} INFO - [2025-11-06T03:14:38.762+0000] {dagbag.py:587} INFO - Filling up the DagBag from /opt/airflow/dags/lab_etl.py
[2025-11-06T03:14:39.008+0000] {processor.py:925} INFO - DAG(s) 'two_stock_dag' retrieved from /opt/airflow/dags/lab_etl.py
[2025-11-06T03:14:39.022+0000] {logging_mixin.py:190} INFO - [2025-11-06T03:14:39.021+0000] {dag.py:3229} INFO - Sync 1 DAGs
[2025-11-06T03:14:39.038+0000] {logging_mixin.py:190} INFO - [2025-11-06T03:14:39.038+0000] {dag.py:4156} INFO - Setting next_dagrun for two_stock_dag to 2025-11-06 01:30:00+00:00, run_after=2025-11-07 01:30:00+00:00
[2025-11-06T03:14:39.046+0000] {processor.py:208} INFO - Processing /opt/airflow/dags/lab_etl.py took 0.292 seconds
[2025-11-06T03:15:09.921+0000] {processor.py:186} INFO - Started process (PID=95311) to work on /opt/airflow/dags/lab_etl.py
[2025-11-06T03:15:09.922+0000] {processor.py:914} INFO - Processing file /opt/airflow/dags/lab_etl.py for tasks to queue
[2025-11-06T03:15:09.923+0000] {logging_mixin.py:190} INFO - [2025-11-06T03:15:09.923+0000] {dagbag.py:587} INFO - Filling up the DagBag from /opt/airflow/dags/lab_etl.py
[2025-11-06T03:15:10.111+0000] {processor.py:925} INFO - DAG(s) 'two_stock_dag' retrieved from /opt/airflow/dags/lab_etl.py
[2025-11-06T03:15:10.121+0000] {logging_mixin.py:190} INFO - [2025-11-06T03:15:10.121+0000] {dag.py:3229} INFO - Sync 1 DAGs
[2025-11-06T03:15:10.131+0000] {logging_mixin.py:190} INFO - [2025-11-06T03:15:10.131+0000] {dag.py:4156} INFO - Setting next_dagrun for two_stock_dag to 2025-11-06 01:30:00+00:00, run_after=2025-11-07 01:30:00+00:00
[2025-11-06T03:15:10.138+0000] {processor.py:208} INFO - Processing /opt/airflow/dags/lab_etl.py took 0.225 seconds
[2025-11-06T03:15:40.523+0000] {processor.py:186} INFO - Started process (PID=95339) to work on /opt/airflow/dags/lab_etl.py
[2025-11-06T03:15:40.524+0000] {processor.py:914} INFO - Processing file /opt/airflow/dags/lab_etl.py for tasks to queue
[2025-11-06T03:15:40.525+0000] {logging_mixin.py:190} INFO - [2025-11-06T03:15:40.525+0000] {dagbag.py:587} INFO - Filling up the DagBag from /opt/airflow/dags/lab_etl.py
[2025-11-06T03:15:40.690+0000] {processor.py:925} INFO - DAG(s) 'two_stock_dag' retrieved from /opt/airflow/dags/lab_etl.py
[2025-11-06T03:15:40.697+0000] {logging_mixin.py:190} INFO - [2025-11-06T03:15:40.697+0000] {dag.py:3229} INFO - Sync 1 DAGs
[2025-11-06T03:15:40.705+0000] {logging_mixin.py:190} INFO - [2025-11-06T03:15:40.704+0000] {dag.py:4156} INFO - Setting next_dagrun for two_stock_dag to 2025-11-06 01:30:00+00:00, run_after=2025-11-07 01:30:00+00:00
[2025-11-06T03:15:40.709+0000] {processor.py:208} INFO - Processing /opt/airflow/dags/lab_etl.py took 0.194 seconds
[2025-11-06T03:16:11.087+0000] {processor.py:186} INFO - Started process (PID=95370) to work on /opt/airflow/dags/lab_etl.py
[2025-11-06T03:16:11.088+0000] {processor.py:914} INFO - Processing file /opt/airflow/dags/lab_etl.py for tasks to queue
[2025-11-06T03:16:11.089+0000] {logging_mixin.py:190} INFO - [2025-11-06T03:16:11.089+0000] {dagbag.py:587} INFO - Filling up the DagBag from /opt/airflow/dags/lab_etl.py
[2025-11-06T03:16:11.259+0000] {processor.py:925} INFO - DAG(s) 'two_stock_dag' retrieved from /opt/airflow/dags/lab_etl.py
[2025-11-06T03:16:11.266+0000] {logging_mixin.py:190} INFO - [2025-11-06T03:16:11.266+0000] {dag.py:3229} INFO - Sync 1 DAGs
[2025-11-06T03:16:11.274+0000] {logging_mixin.py:190} INFO - [2025-11-06T03:16:11.274+0000] {dag.py:4156} INFO - Setting next_dagrun for two_stock_dag to 2025-11-06 01:30:00+00:00, run_after=2025-11-07 01:30:00+00:00
[2025-11-06T03:16:11.281+0000] {processor.py:208} INFO - Processing /opt/airflow/dags/lab_etl.py took 0.198 seconds
[2025-11-06T03:16:41.618+0000] {processor.py:186} INFO - Started process (PID=95401) to work on /opt/airflow/dags/lab_etl.py
[2025-11-06T03:16:41.619+0000] {processor.py:914} INFO - Processing file /opt/airflow/dags/lab_etl.py for tasks to queue
[2025-11-06T03:16:41.620+0000] {logging_mixin.py:190} INFO - [2025-11-06T03:16:41.620+0000] {dagbag.py:587} INFO - Filling up the DagBag from /opt/airflow/dags/lab_etl.py
[2025-11-06T03:16:41.787+0000] {processor.py:925} INFO - DAG(s) 'two_stock_dag' retrieved from /opt/airflow/dags/lab_etl.py
[2025-11-06T03:16:41.802+0000] {logging_mixin.py:190} INFO - [2025-11-06T03:16:41.801+0000] {dag.py:3229} INFO - Sync 1 DAGs
[2025-11-06T03:16:41.811+0000] {logging_mixin.py:190} INFO - [2025-11-06T03:16:41.811+0000] {dag.py:4156} INFO - Setting next_dagrun for two_stock_dag to 2025-11-06 01:30:00+00:00, run_after=2025-11-07 01:30:00+00:00
[2025-11-06T03:16:41.817+0000] {processor.py:208} INFO - Processing /opt/airflow/dags/lab_etl.py took 0.206 seconds
[2025-11-06T03:17:11.860+0000] {processor.py:186} INFO - Started process (PID=95432) to work on /opt/airflow/dags/lab_etl.py
[2025-11-06T03:17:11.861+0000] {processor.py:914} INFO - Processing file /opt/airflow/dags/lab_etl.py for tasks to queue
[2025-11-06T03:17:11.863+0000] {logging_mixin.py:190} INFO - [2025-11-06T03:17:11.862+0000] {dagbag.py:587} INFO - Filling up the DagBag from /opt/airflow/dags/lab_etl.py
[2025-11-06T03:17:12.043+0000] {processor.py:925} INFO - DAG(s) 'two_stock_dag' retrieved from /opt/airflow/dags/lab_etl.py
[2025-11-06T03:17:12.053+0000] {logging_mixin.py:190} INFO - [2025-11-06T03:17:12.053+0000] {dag.py:3229} INFO - Sync 1 DAGs
[2025-11-06T03:17:12.061+0000] {logging_mixin.py:190} INFO - [2025-11-06T03:17:12.061+0000] {dag.py:4156} INFO - Setting next_dagrun for two_stock_dag to 2025-11-06 01:30:00+00:00, run_after=2025-11-07 01:30:00+00:00
[2025-11-06T03:17:12.066+0000] {processor.py:208} INFO - Processing /opt/airflow/dags/lab_etl.py took 0.211 seconds
[2025-11-06T03:17:42.374+0000] {processor.py:186} INFO - Started process (PID=95463) to work on /opt/airflow/dags/lab_etl.py
[2025-11-06T03:17:42.377+0000] {processor.py:914} INFO - Processing file /opt/airflow/dags/lab_etl.py for tasks to queue
[2025-11-06T03:17:42.378+0000] {logging_mixin.py:190} INFO - [2025-11-06T03:17:42.378+0000] {dagbag.py:587} INFO - Filling up the DagBag from /opt/airflow/dags/lab_etl.py
[2025-11-06T03:17:42.521+0000] {processor.py:925} INFO - DAG(s) 'two_stock_dag' retrieved from /opt/airflow/dags/lab_etl.py
[2025-11-06T03:17:42.528+0000] {logging_mixin.py:190} INFO - [2025-11-06T03:17:42.528+0000] {dag.py:3229} INFO - Sync 1 DAGs
[2025-11-06T03:17:42.535+0000] {logging_mixin.py:190} INFO - [2025-11-06T03:17:42.535+0000] {dag.py:4156} INFO - Setting next_dagrun for two_stock_dag to 2025-11-06 01:30:00+00:00, run_after=2025-11-07 01:30:00+00:00
[2025-11-06T03:17:42.541+0000] {processor.py:208} INFO - Processing /opt/airflow/dags/lab_etl.py took 0.172 seconds
[2025-11-06T03:18:12.873+0000] {processor.py:186} INFO - Started process (PID=95494) to work on /opt/airflow/dags/lab_etl.py
[2025-11-06T03:18:12.874+0000] {processor.py:914} INFO - Processing file /opt/airflow/dags/lab_etl.py for tasks to queue
[2025-11-06T03:18:12.875+0000] {logging_mixin.py:190} INFO - [2025-11-06T03:18:12.874+0000] {dagbag.py:587} INFO - Filling up the DagBag from /opt/airflow/dags/lab_etl.py
[2025-11-06T03:18:13.028+0000] {processor.py:925} INFO - DAG(s) 'two_stock_dag' retrieved from /opt/airflow/dags/lab_etl.py
[2025-11-06T03:18:13.037+0000] {logging_mixin.py:190} INFO - [2025-11-06T03:18:13.036+0000] {dag.py:3229} INFO - Sync 1 DAGs
[2025-11-06T03:18:13.045+0000] {logging_mixin.py:190} INFO - [2025-11-06T03:18:13.045+0000] {dag.py:4156} INFO - Setting next_dagrun for two_stock_dag to 2025-11-06 01:30:00+00:00, run_after=2025-11-07 01:30:00+00:00
[2025-11-06T03:18:13.050+0000] {processor.py:208} INFO - Processing /opt/airflow/dags/lab_etl.py took 0.182 seconds
[2025-11-06T03:18:43.191+0000] {processor.py:186} INFO - Started process (PID=95525) to work on /opt/airflow/dags/lab_etl.py
[2025-11-06T03:18:43.192+0000] {processor.py:914} INFO - Processing file /opt/airflow/dags/lab_etl.py for tasks to queue
[2025-11-06T03:18:43.193+0000] {logging_mixin.py:190} INFO - [2025-11-06T03:18:43.192+0000] {dagbag.py:587} INFO - Filling up the DagBag from /opt/airflow/dags/lab_etl.py
[2025-11-06T03:18:43.339+0000] {processor.py:925} INFO - DAG(s) 'two_stock_dag' retrieved from /opt/airflow/dags/lab_etl.py
[2025-11-06T03:18:43.346+0000] {logging_mixin.py:190} INFO - [2025-11-06T03:18:43.346+0000] {dag.py:3229} INFO - Sync 1 DAGs
[2025-11-06T03:18:43.353+0000] {logging_mixin.py:190} INFO - [2025-11-06T03:18:43.353+0000] {dag.py:4156} INFO - Setting next_dagrun for two_stock_dag to 2025-11-06 01:30:00+00:00, run_after=2025-11-07 01:30:00+00:00
[2025-11-06T03:18:43.358+0000] {processor.py:208} INFO - Processing /opt/airflow/dags/lab_etl.py took 0.173 seconds
[2025-11-06T03:19:14.105+0000] {processor.py:186} INFO - Started process (PID=95556) to work on /opt/airflow/dags/lab_etl.py
[2025-11-06T03:19:14.107+0000] {processor.py:914} INFO - Processing file /opt/airflow/dags/lab_etl.py for tasks to queue
[2025-11-06T03:19:14.109+0000] {logging_mixin.py:190} INFO - [2025-11-06T03:19:14.108+0000] {dagbag.py:587} INFO - Filling up the DagBag from /opt/airflow/dags/lab_etl.py
[2025-11-06T03:19:14.247+0000] {processor.py:925} INFO - DAG(s) 'two_stock_dag' retrieved from /opt/airflow/dags/lab_etl.py
[2025-11-06T03:19:14.254+0000] {logging_mixin.py:190} INFO - [2025-11-06T03:19:14.254+0000] {dag.py:3229} INFO - Sync 1 DAGs
[2025-11-06T03:19:14.261+0000] {logging_mixin.py:190} INFO - [2025-11-06T03:19:14.261+0000] {dag.py:4156} INFO - Setting next_dagrun for two_stock_dag to 2025-11-06 01:30:00+00:00, run_after=2025-11-07 01:30:00+00:00
[2025-11-06T03:19:14.266+0000] {processor.py:208} INFO - Processing /opt/airflow/dags/lab_etl.py took 0.166 seconds
[2025-11-06T03:19:44.930+0000] {processor.py:186} INFO - Started process (PID=95587) to work on /opt/airflow/dags/lab_etl.py
[2025-11-06T03:19:44.931+0000] {processor.py:914} INFO - Processing file /opt/airflow/dags/lab_etl.py for tasks to queue
[2025-11-06T03:19:44.932+0000] {logging_mixin.py:190} INFO - [2025-11-06T03:19:44.932+0000] {dagbag.py:587} INFO - Filling up the DagBag from /opt/airflow/dags/lab_etl.py
[2025-11-06T03:19:45.143+0000] {processor.py:925} INFO - DAG(s) 'two_stock_dag' retrieved from /opt/airflow/dags/lab_etl.py
[2025-11-06T03:19:45.152+0000] {logging_mixin.py:190} INFO - [2025-11-06T03:19:45.152+0000] {dag.py:3229} INFO - Sync 1 DAGs
[2025-11-06T03:19:45.160+0000] {logging_mixin.py:190} INFO - [2025-11-06T03:19:45.160+0000] {dag.py:4156} INFO - Setting next_dagrun for two_stock_dag to 2025-11-06 01:30:00+00:00, run_after=2025-11-07 01:30:00+00:00
[2025-11-06T03:19:45.166+0000] {processor.py:208} INFO - Processing /opt/airflow/dags/lab_etl.py took 0.241 seconds
[2025-11-06T03:20:15.872+0000] {processor.py:186} INFO - Started process (PID=95618) to work on /opt/airflow/dags/lab_etl.py
[2025-11-06T03:20:15.876+0000] {processor.py:914} INFO - Processing file /opt/airflow/dags/lab_etl.py for tasks to queue
[2025-11-06T03:20:15.877+0000] {logging_mixin.py:190} INFO - [2025-11-06T03:20:15.877+0000] {dagbag.py:587} INFO - Filling up the DagBag from /opt/airflow/dags/lab_etl.py
[2025-11-06T03:20:16.132+0000] {processor.py:925} INFO - DAG(s) 'two_stock_dag' retrieved from /opt/airflow/dags/lab_etl.py
[2025-11-06T03:20:16.144+0000] {logging_mixin.py:190} INFO - [2025-11-06T03:20:16.144+0000] {dag.py:3229} INFO - Sync 1 DAGs
[2025-11-06T03:20:16.154+0000] {logging_mixin.py:190} INFO - [2025-11-06T03:20:16.154+0000] {dag.py:4156} INFO - Setting next_dagrun for two_stock_dag to 2025-11-06 01:30:00+00:00, run_after=2025-11-07 01:30:00+00:00
[2025-11-06T03:20:16.168+0000] {processor.py:208} INFO - Processing /opt/airflow/dags/lab_etl.py took 0.312 seconds
[2025-11-06T03:20:46.798+0000] {processor.py:186} INFO - Started process (PID=95649) to work on /opt/airflow/dags/lab_etl.py
[2025-11-06T03:20:46.799+0000] {processor.py:914} INFO - Processing file /opt/airflow/dags/lab_etl.py for tasks to queue
[2025-11-06T03:20:46.800+0000] {logging_mixin.py:190} INFO - [2025-11-06T03:20:46.800+0000] {dagbag.py:587} INFO - Filling up the DagBag from /opt/airflow/dags/lab_etl.py
[2025-11-06T03:20:46.958+0000] {processor.py:925} INFO - DAG(s) 'two_stock_dag' retrieved from /opt/airflow/dags/lab_etl.py
[2025-11-06T03:20:46.965+0000] {logging_mixin.py:190} INFO - [2025-11-06T03:20:46.965+0000] {dag.py:3229} INFO - Sync 1 DAGs
[2025-11-06T03:20:46.972+0000] {logging_mixin.py:190} INFO - [2025-11-06T03:20:46.972+0000] {dag.py:4156} INFO - Setting next_dagrun for two_stock_dag to 2025-11-06 01:30:00+00:00, run_after=2025-11-07 01:30:00+00:00
[2025-11-06T03:20:46.978+0000] {processor.py:208} INFO - Processing /opt/airflow/dags/lab_etl.py took 0.185 seconds
[2025-11-06T03:21:17.725+0000] {processor.py:186} INFO - Started process (PID=95680) to work on /opt/airflow/dags/lab_etl.py
[2025-11-06T03:21:17.727+0000] {processor.py:914} INFO - Processing file /opt/airflow/dags/lab_etl.py for tasks to queue
[2025-11-06T03:21:17.728+0000] {logging_mixin.py:190} INFO - [2025-11-06T03:21:17.727+0000] {dagbag.py:587} INFO - Filling up the DagBag from /opt/airflow/dags/lab_etl.py
[2025-11-06T03:21:17.930+0000] {processor.py:925} INFO - DAG(s) 'two_stock_dag' retrieved from /opt/airflow/dags/lab_etl.py
[2025-11-06T03:21:17.938+0000] {logging_mixin.py:190} INFO - [2025-11-06T03:21:17.938+0000] {dag.py:3229} INFO - Sync 1 DAGs
[2025-11-06T03:21:17.946+0000] {logging_mixin.py:190} INFO - [2025-11-06T03:21:17.946+0000] {dag.py:4156} INFO - Setting next_dagrun for two_stock_dag to 2025-11-06 01:30:00+00:00, run_after=2025-11-07 01:30:00+00:00
[2025-11-06T03:21:17.951+0000] {processor.py:208} INFO - Processing /opt/airflow/dags/lab_etl.py took 0.237 seconds
[2025-11-06T03:21:48.600+0000] {processor.py:186} INFO - Started process (PID=95711) to work on /opt/airflow/dags/lab_etl.py
[2025-11-06T03:21:48.601+0000] {processor.py:914} INFO - Processing file /opt/airflow/dags/lab_etl.py for tasks to queue
[2025-11-06T03:21:48.602+0000] {logging_mixin.py:190} INFO - [2025-11-06T03:21:48.601+0000] {dagbag.py:587} INFO - Filling up the DagBag from /opt/airflow/dags/lab_etl.py
[2025-11-06T03:21:48.744+0000] {processor.py:925} INFO - DAG(s) 'two_stock_dag' retrieved from /opt/airflow/dags/lab_etl.py
[2025-11-06T03:21:48.751+0000] {logging_mixin.py:190} INFO - [2025-11-06T03:21:48.751+0000] {dag.py:3229} INFO - Sync 1 DAGs
[2025-11-06T03:21:48.757+0000] {logging_mixin.py:190} INFO - [2025-11-06T03:21:48.757+0000] {dag.py:4156} INFO - Setting next_dagrun for two_stock_dag to 2025-11-06 01:30:00+00:00, run_after=2025-11-07 01:30:00+00:00
[2025-11-06T03:21:48.762+0000] {processor.py:208} INFO - Processing /opt/airflow/dags/lab_etl.py took 0.168 seconds
[2025-11-06T03:22:19.431+0000] {processor.py:186} INFO - Started process (PID=95742) to work on /opt/airflow/dags/lab_etl.py
[2025-11-06T03:22:19.432+0000] {processor.py:914} INFO - Processing file /opt/airflow/dags/lab_etl.py for tasks to queue
[2025-11-06T03:22:19.432+0000] {logging_mixin.py:190} INFO - [2025-11-06T03:22:19.432+0000] {dagbag.py:587} INFO - Filling up the DagBag from /opt/airflow/dags/lab_etl.py
[2025-11-06T03:22:19.569+0000] {processor.py:925} INFO - DAG(s) 'two_stock_dag' retrieved from /opt/airflow/dags/lab_etl.py
[2025-11-06T03:22:19.576+0000] {logging_mixin.py:190} INFO - [2025-11-06T03:22:19.575+0000] {dag.py:3229} INFO - Sync 1 DAGs
[2025-11-06T03:22:19.582+0000] {logging_mixin.py:190} INFO - [2025-11-06T03:22:19.582+0000] {dag.py:4156} INFO - Setting next_dagrun for two_stock_dag to 2025-11-06 01:30:00+00:00, run_after=2025-11-07 01:30:00+00:00
[2025-11-06T03:22:19.588+0000] {processor.py:208} INFO - Processing /opt/airflow/dags/lab_etl.py took 0.162 seconds
[2025-11-06T03:22:50.243+0000] {processor.py:186} INFO - Started process (PID=95773) to work on /opt/airflow/dags/lab_etl.py
[2025-11-06T03:22:50.243+0000] {processor.py:914} INFO - Processing file /opt/airflow/dags/lab_etl.py for tasks to queue
[2025-11-06T03:22:50.244+0000] {logging_mixin.py:190} INFO - [2025-11-06T03:22:50.244+0000] {dagbag.py:587} INFO - Filling up the DagBag from /opt/airflow/dags/lab_etl.py
[2025-11-06T03:22:50.385+0000] {processor.py:925} INFO - DAG(s) 'two_stock_dag' retrieved from /opt/airflow/dags/lab_etl.py
[2025-11-06T03:22:50.392+0000] {logging_mixin.py:190} INFO - [2025-11-06T03:22:50.392+0000] {dag.py:3229} INFO - Sync 1 DAGs
[2025-11-06T03:22:50.400+0000] {logging_mixin.py:190} INFO - [2025-11-06T03:22:50.400+0000] {dag.py:4156} INFO - Setting next_dagrun for two_stock_dag to 2025-11-06 01:30:00+00:00, run_after=2025-11-07 01:30:00+00:00
[2025-11-06T03:22:50.404+0000] {processor.py:208} INFO - Processing /opt/airflow/dags/lab_etl.py took 0.164 seconds
[2025-11-06T03:23:21.039+0000] {processor.py:186} INFO - Started process (PID=95804) to work on /opt/airflow/dags/lab_etl.py
[2025-11-06T03:23:21.040+0000] {processor.py:914} INFO - Processing file /opt/airflow/dags/lab_etl.py for tasks to queue
[2025-11-06T03:23:21.041+0000] {logging_mixin.py:190} INFO - [2025-11-06T03:23:21.041+0000] {dagbag.py:587} INFO - Filling up the DagBag from /opt/airflow/dags/lab_etl.py
[2025-11-06T03:23:21.171+0000] {processor.py:925} INFO - DAG(s) 'two_stock_dag' retrieved from /opt/airflow/dags/lab_etl.py
[2025-11-06T03:23:21.177+0000] {logging_mixin.py:190} INFO - [2025-11-06T03:23:21.177+0000] {dag.py:3229} INFO - Sync 1 DAGs
[2025-11-06T03:23:21.184+0000] {logging_mixin.py:190} INFO - [2025-11-06T03:23:21.184+0000] {dag.py:4156} INFO - Setting next_dagrun for two_stock_dag to 2025-11-06 01:30:00+00:00, run_after=2025-11-07 01:30:00+00:00
[2025-11-06T03:23:21.189+0000] {processor.py:208} INFO - Processing /opt/airflow/dags/lab_etl.py took 0.153 seconds
[2025-11-06T03:23:51.890+0000] {processor.py:186} INFO - Started process (PID=95835) to work on /opt/airflow/dags/lab_etl.py
[2025-11-06T03:23:51.891+0000] {processor.py:914} INFO - Processing file /opt/airflow/dags/lab_etl.py for tasks to queue
[2025-11-06T03:23:51.892+0000] {logging_mixin.py:190} INFO - [2025-11-06T03:23:51.892+0000] {dagbag.py:587} INFO - Filling up the DagBag from /opt/airflow/dags/lab_etl.py
[2025-11-06T03:23:52.028+0000] {processor.py:925} INFO - DAG(s) 'two_stock_dag' retrieved from /opt/airflow/dags/lab_etl.py
[2025-11-06T03:23:52.035+0000] {logging_mixin.py:190} INFO - [2025-11-06T03:23:52.035+0000] {dag.py:3229} INFO - Sync 1 DAGs
[2025-11-06T03:23:52.042+0000] {logging_mixin.py:190} INFO - [2025-11-06T03:23:52.042+0000] {dag.py:4156} INFO - Setting next_dagrun for two_stock_dag to 2025-11-06 01:30:00+00:00, run_after=2025-11-07 01:30:00+00:00
[2025-11-06T03:23:52.047+0000] {processor.py:208} INFO - Processing /opt/airflow/dags/lab_etl.py took 0.162 seconds
[2025-11-06T03:24:22.724+0000] {processor.py:186} INFO - Started process (PID=95866) to work on /opt/airflow/dags/lab_etl.py
[2025-11-06T03:24:22.725+0000] {processor.py:914} INFO - Processing file /opt/airflow/dags/lab_etl.py for tasks to queue
[2025-11-06T03:24:22.725+0000] {logging_mixin.py:190} INFO - [2025-11-06T03:24:22.725+0000] {dagbag.py:587} INFO - Filling up the DagBag from /opt/airflow/dags/lab_etl.py
[2025-11-06T03:24:22.863+0000] {processor.py:925} INFO - DAG(s) 'two_stock_dag' retrieved from /opt/airflow/dags/lab_etl.py
[2025-11-06T03:24:22.870+0000] {logging_mixin.py:190} INFO - [2025-11-06T03:24:22.869+0000] {dag.py:3229} INFO - Sync 1 DAGs
[2025-11-06T03:24:22.877+0000] {logging_mixin.py:190} INFO - [2025-11-06T03:24:22.877+0000] {dag.py:4156} INFO - Setting next_dagrun for two_stock_dag to 2025-11-06 01:30:00+00:00, run_after=2025-11-07 01:30:00+00:00
[2025-11-06T03:24:22.882+0000] {processor.py:208} INFO - Processing /opt/airflow/dags/lab_etl.py took 0.162 seconds
[2025-11-06T03:24:53.607+0000] {processor.py:186} INFO - Started process (PID=95897) to work on /opt/airflow/dags/lab_etl.py
[2025-11-06T03:24:53.608+0000] {processor.py:914} INFO - Processing file /opt/airflow/dags/lab_etl.py for tasks to queue
[2025-11-06T03:24:53.609+0000] {logging_mixin.py:190} INFO - [2025-11-06T03:24:53.609+0000] {dagbag.py:587} INFO - Filling up the DagBag from /opt/airflow/dags/lab_etl.py
[2025-11-06T03:24:53.744+0000] {processor.py:925} INFO - DAG(s) 'two_stock_dag' retrieved from /opt/airflow/dags/lab_etl.py
[2025-11-06T03:24:53.751+0000] {logging_mixin.py:190} INFO - [2025-11-06T03:24:53.751+0000] {dag.py:3229} INFO - Sync 1 DAGs
[2025-11-06T03:24:53.758+0000] {logging_mixin.py:190} INFO - [2025-11-06T03:24:53.758+0000] {dag.py:4156} INFO - Setting next_dagrun for two_stock_dag to 2025-11-06 01:30:00+00:00, run_after=2025-11-07 01:30:00+00:00
[2025-11-06T03:24:53.763+0000] {processor.py:208} INFO - Processing /opt/airflow/dags/lab_etl.py took 0.161 seconds
[2025-11-06T03:25:24.765+0000] {processor.py:186} INFO - Started process (PID=95933) to work on /opt/airflow/dags/lab_etl.py
[2025-11-06T03:25:24.766+0000] {processor.py:914} INFO - Processing file /opt/airflow/dags/lab_etl.py for tasks to queue
[2025-11-06T03:25:24.767+0000] {logging_mixin.py:190} INFO - [2025-11-06T03:25:24.767+0000] {dagbag.py:587} INFO - Filling up the DagBag from /opt/airflow/dags/lab_etl.py
[2025-11-06T03:25:24.905+0000] {processor.py:925} INFO - DAG(s) 'two_stock_dag' retrieved from /opt/airflow/dags/lab_etl.py
[2025-11-06T03:25:24.912+0000] {logging_mixin.py:190} INFO - [2025-11-06T03:25:24.912+0000] {dag.py:3229} INFO - Sync 1 DAGs
[2025-11-06T03:25:24.919+0000] {logging_mixin.py:190} INFO - [2025-11-06T03:25:24.919+0000] {dag.py:4156} INFO - Setting next_dagrun for two_stock_dag to 2025-11-06 01:30:00+00:00, run_after=2025-11-07 01:30:00+00:00
[2025-11-06T03:25:24.925+0000] {processor.py:208} INFO - Processing /opt/airflow/dags/lab_etl.py took 0.165 seconds
[2025-11-06T03:25:55.568+0000] {processor.py:186} INFO - Started process (PID=95964) to work on /opt/airflow/dags/lab_etl.py
[2025-11-06T03:25:55.569+0000] {processor.py:914} INFO - Processing file /opt/airflow/dags/lab_etl.py for tasks to queue
[2025-11-06T03:25:55.570+0000] {logging_mixin.py:190} INFO - [2025-11-06T03:25:55.570+0000] {dagbag.py:587} INFO - Filling up the DagBag from /opt/airflow/dags/lab_etl.py
[2025-11-06T03:25:55.708+0000] {processor.py:925} INFO - DAG(s) 'two_stock_dag' retrieved from /opt/airflow/dags/lab_etl.py
[2025-11-06T03:25:55.715+0000] {logging_mixin.py:190} INFO - [2025-11-06T03:25:55.715+0000] {dag.py:3229} INFO - Sync 1 DAGs
[2025-11-06T03:25:55.723+0000] {logging_mixin.py:190} INFO - [2025-11-06T03:25:55.723+0000] {dag.py:4156} INFO - Setting next_dagrun for two_stock_dag to 2025-11-06 01:30:00+00:00, run_after=2025-11-07 01:30:00+00:00
[2025-11-06T03:25:55.728+0000] {processor.py:208} INFO - Processing /opt/airflow/dags/lab_etl.py took 0.166 seconds
[2025-11-06T03:26:26.412+0000] {processor.py:186} INFO - Started process (PID=95995) to work on /opt/airflow/dags/lab_etl.py
[2025-11-06T03:26:26.412+0000] {processor.py:914} INFO - Processing file /opt/airflow/dags/lab_etl.py for tasks to queue
[2025-11-06T03:26:26.413+0000] {logging_mixin.py:190} INFO - [2025-11-06T03:26:26.413+0000] {dagbag.py:587} INFO - Filling up the DagBag from /opt/airflow/dags/lab_etl.py
[2025-11-06T03:26:26.552+0000] {processor.py:925} INFO - DAG(s) 'two_stock_dag' retrieved from /opt/airflow/dags/lab_etl.py
[2025-11-06T03:26:26.559+0000] {logging_mixin.py:190} INFO - [2025-11-06T03:26:26.559+0000] {dag.py:3229} INFO - Sync 1 DAGs
[2025-11-06T03:26:26.566+0000] {logging_mixin.py:190} INFO - [2025-11-06T03:26:26.565+0000] {dag.py:4156} INFO - Setting next_dagrun for two_stock_dag to 2025-11-06 01:30:00+00:00, run_after=2025-11-07 01:30:00+00:00
[2025-11-06T03:26:26.570+0000] {processor.py:208} INFO - Processing /opt/airflow/dags/lab_etl.py took 0.164 seconds
