[2025-11-06T00:06:02.904+0000] {processor.py:186} INFO - Started process (PID=94196) to work on /opt/airflow/dags/train_predict_v2.py
[2025-11-06T00:06:02.904+0000] {processor.py:914} INFO - Processing file /opt/airflow/dags/train_predict_v2.py for tasks to queue
[2025-11-06T00:06:02.905+0000] {logging_mixin.py:190} INFO - [2025-11-06T00:06:02.905+0000] {dagbag.py:587} INFO - Filling up the DagBag from /opt/airflow/dags/train_predict_v2.py
[2025-11-06T00:06:02.908+0000] {processor.py:925} INFO - DAG(s) 'lab_forecast_dag' retrieved from /opt/airflow/dags/train_predict_v2.py
[2025-11-06T00:06:02.915+0000] {logging_mixin.py:190} INFO - [2025-11-06T00:06:02.915+0000] {dag.py:3229} INFO - Sync 1 DAGs
[2025-11-06T00:06:02.919+0000] {logging_mixin.py:190} INFO - [2025-11-06T00:06:02.919+0000] {dag.py:4156} INFO - Setting next_dagrun for lab_forecast_dag to None, run_after=None
[2025-11-06T00:06:02.924+0000] {processor.py:208} INFO - Processing /opt/airflow/dags/train_predict_v2.py took 0.023 seconds
[2025-11-06T00:10:36.347+0000] {processor.py:186} INFO - Started process (PID=94220) to work on /opt/airflow/dags/train_predict_v2.py
[2025-11-06T00:10:36.348+0000] {processor.py:914} INFO - Processing file /opt/airflow/dags/train_predict_v2.py for tasks to queue
[2025-11-06T00:10:36.348+0000] {logging_mixin.py:190} INFO - [2025-11-06T00:10:36.348+0000] {dagbag.py:587} INFO - Filling up the DagBag from /opt/airflow/dags/train_predict_v2.py
[2025-11-06T00:10:36.354+0000] {processor.py:925} INFO - DAG(s) 'lab_forecast_dag' retrieved from /opt/airflow/dags/train_predict_v2.py
[2025-11-06T00:10:36.362+0000] {logging_mixin.py:190} INFO - [2025-11-06T00:10:36.361+0000] {dag.py:3229} INFO - Sync 1 DAGs
[2025-11-06T00:10:36.367+0000] {logging_mixin.py:190} INFO - [2025-11-06T00:10:36.367+0000] {dag.py:4156} INFO - Setting next_dagrun for lab_forecast_dag to None, run_after=None
[2025-11-06T00:10:36.372+0000] {processor.py:208} INFO - Processing /opt/airflow/dags/train_predict_v2.py took 0.027 seconds
[2025-11-06T00:12:53.947+0000] {processor.py:186} INFO - Started process (PID=94251) to work on /opt/airflow/dags/train_predict_v2.py
[2025-11-06T00:12:53.948+0000] {processor.py:914} INFO - Processing file /opt/airflow/dags/train_predict_v2.py for tasks to queue
[2025-11-06T00:12:53.948+0000] {logging_mixin.py:190} INFO - [2025-11-06T00:12:53.948+0000] {dagbag.py:587} INFO - Filling up the DagBag from /opt/airflow/dags/train_predict_v2.py
[2025-11-06T00:12:53.951+0000] {processor.py:925} INFO - DAG(s) 'lab_forecast_dag' retrieved from /opt/airflow/dags/train_predict_v2.py
[2025-11-06T00:12:53.958+0000] {logging_mixin.py:190} INFO - [2025-11-06T00:12:53.958+0000] {dag.py:3229} INFO - Sync 1 DAGs
[2025-11-06T00:12:53.963+0000] {logging_mixin.py:190} INFO - [2025-11-06T00:12:53.963+0000] {dag.py:4156} INFO - Setting next_dagrun for lab_forecast_dag to None, run_after=None
[2025-11-06T00:12:53.968+0000] {processor.py:208} INFO - Processing /opt/airflow/dags/train_predict_v2.py took 0.023 seconds
[2025-11-06T00:31:35.610+0000] {processor.py:186} INFO - Started process (PID=94282) to work on /opt/airflow/dags/train_predict_v2.py
[2025-11-06T00:31:35.611+0000] {processor.py:914} INFO - Processing file /opt/airflow/dags/train_predict_v2.py for tasks to queue
[2025-11-06T00:31:35.611+0000] {logging_mixin.py:190} INFO - [2025-11-06T00:31:35.611+0000] {dagbag.py:587} INFO - Filling up the DagBag from /opt/airflow/dags/train_predict_v2.py
[2025-11-06T00:31:35.614+0000] {processor.py:925} INFO - DAG(s) 'lab_forecast_dag' retrieved from /opt/airflow/dags/train_predict_v2.py
[2025-11-06T00:31:35.621+0000] {logging_mixin.py:190} INFO - [2025-11-06T00:31:35.621+0000] {dag.py:3229} INFO - Sync 1 DAGs
[2025-11-06T00:31:35.626+0000] {logging_mixin.py:190} INFO - [2025-11-06T00:31:35.626+0000] {dag.py:4156} INFO - Setting next_dagrun for lab_forecast_dag to None, run_after=None
[2025-11-06T00:31:35.631+0000] {processor.py:208} INFO - Processing /opt/airflow/dags/train_predict_v2.py took 0.023 seconds
[2025-11-06T00:32:06.738+0000] {processor.py:186} INFO - Started process (PID=94313) to work on /opt/airflow/dags/train_predict_v2.py
[2025-11-06T00:32:06.738+0000] {processor.py:914} INFO - Processing file /opt/airflow/dags/train_predict_v2.py for tasks to queue
[2025-11-06T00:32:06.738+0000] {logging_mixin.py:190} INFO - [2025-11-06T00:32:06.738+0000] {dagbag.py:587} INFO - Filling up the DagBag from /opt/airflow/dags/train_predict_v2.py
[2025-11-06T00:32:06.741+0000] {processor.py:925} INFO - DAG(s) 'lab_forecast_dag' retrieved from /opt/airflow/dags/train_predict_v2.py
[2025-11-06T00:32:06.748+0000] {logging_mixin.py:190} INFO - [2025-11-06T00:32:06.748+0000] {dag.py:3229} INFO - Sync 1 DAGs
[2025-11-06T00:32:06.753+0000] {logging_mixin.py:190} INFO - [2025-11-06T00:32:06.753+0000] {dag.py:4156} INFO - Setting next_dagrun for lab_forecast_dag to None, run_after=None
[2025-11-06T00:32:06.759+0000] {processor.py:208} INFO - Processing /opt/airflow/dags/train_predict_v2.py took 0.023 seconds
[2025-11-06T00:39:14.404+0000] {processor.py:186} INFO - Started process (PID=94344) to work on /opt/airflow/dags/train_predict_v2.py
[2025-11-06T00:39:14.405+0000] {processor.py:914} INFO - Processing file /opt/airflow/dags/train_predict_v2.py for tasks to queue
[2025-11-06T00:39:14.405+0000] {logging_mixin.py:190} INFO - [2025-11-06T00:39:14.405+0000] {dagbag.py:587} INFO - Filling up the DagBag from /opt/airflow/dags/train_predict_v2.py
[2025-11-06T00:39:14.408+0000] {processor.py:925} INFO - DAG(s) 'lab_forecast_dag' retrieved from /opt/airflow/dags/train_predict_v2.py
[2025-11-06T00:39:14.415+0000] {logging_mixin.py:190} INFO - [2025-11-06T00:39:14.415+0000] {dag.py:3229} INFO - Sync 1 DAGs
[2025-11-06T00:39:14.420+0000] {logging_mixin.py:190} INFO - [2025-11-06T00:39:14.420+0000] {dag.py:4156} INFO - Setting next_dagrun for lab_forecast_dag to None, run_after=None
[2025-11-06T00:39:14.425+0000] {processor.py:208} INFO - Processing /opt/airflow/dags/train_predict_v2.py took 0.023 seconds
[2025-11-06T00:43:28.930+0000] {processor.py:186} INFO - Started process (PID=94375) to work on /opt/airflow/dags/train_predict_v2.py
[2025-11-06T00:43:28.930+0000] {processor.py:914} INFO - Processing file /opt/airflow/dags/train_predict_v2.py for tasks to queue
[2025-11-06T00:43:28.931+0000] {logging_mixin.py:190} INFO - [2025-11-06T00:43:28.931+0000] {dagbag.py:587} INFO - Filling up the DagBag from /opt/airflow/dags/train_predict_v2.py
[2025-11-06T00:43:28.934+0000] {processor.py:925} INFO - DAG(s) 'lab_forecast_dag' retrieved from /opt/airflow/dags/train_predict_v2.py
[2025-11-06T00:43:28.941+0000] {logging_mixin.py:190} INFO - [2025-11-06T00:43:28.941+0000] {dag.py:3229} INFO - Sync 1 DAGs
[2025-11-06T00:43:28.945+0000] {logging_mixin.py:190} INFO - [2025-11-06T00:43:28.945+0000] {dag.py:4156} INFO - Setting next_dagrun for lab_forecast_dag to None, run_after=None
[2025-11-06T00:43:28.950+0000] {processor.py:208} INFO - Processing /opt/airflow/dags/train_predict_v2.py took 0.022 seconds
[2025-11-06T00:45:28.705+0000] {processor.py:186} INFO - Started process (PID=94406) to work on /opt/airflow/dags/train_predict_v2.py
[2025-11-06T00:45:28.706+0000] {processor.py:914} INFO - Processing file /opt/airflow/dags/train_predict_v2.py for tasks to queue
[2025-11-06T00:45:28.706+0000] {logging_mixin.py:190} INFO - [2025-11-06T00:45:28.706+0000] {dagbag.py:587} INFO - Filling up the DagBag from /opt/airflow/dags/train_predict_v2.py
[2025-11-06T00:45:28.709+0000] {processor.py:925} INFO - DAG(s) 'lab_forecast_dag' retrieved from /opt/airflow/dags/train_predict_v2.py
[2025-11-06T00:45:28.716+0000] {logging_mixin.py:190} INFO - [2025-11-06T00:45:28.716+0000] {dag.py:3229} INFO - Sync 1 DAGs
[2025-11-06T00:45:28.721+0000] {logging_mixin.py:190} INFO - [2025-11-06T00:45:28.721+0000] {dag.py:4156} INFO - Setting next_dagrun for lab_forecast_dag to None, run_after=None
[2025-11-06T00:45:28.725+0000] {processor.py:208} INFO - Processing /opt/airflow/dags/train_predict_v2.py took 0.023 seconds
[2025-11-06T00:55:19.814+0000] {processor.py:186} INFO - Started process (PID=94437) to work on /opt/airflow/dags/train_predict_v2.py
[2025-11-06T00:55:19.814+0000] {processor.py:914} INFO - Processing file /opt/airflow/dags/train_predict_v2.py for tasks to queue
[2025-11-06T00:55:19.815+0000] {logging_mixin.py:190} INFO - [2025-11-06T00:55:19.815+0000] {dagbag.py:587} INFO - Filling up the DagBag from /opt/airflow/dags/train_predict_v2.py
[2025-11-06T00:55:19.818+0000] {processor.py:925} INFO - DAG(s) 'lab_forecast_dag' retrieved from /opt/airflow/dags/train_predict_v2.py
[2025-11-06T00:55:19.824+0000] {logging_mixin.py:190} INFO - [2025-11-06T00:55:19.824+0000] {dag.py:3229} INFO - Sync 1 DAGs
[2025-11-06T00:55:19.829+0000] {logging_mixin.py:190} INFO - [2025-11-06T00:55:19.829+0000] {dag.py:4156} INFO - Setting next_dagrun for lab_forecast_dag to None, run_after=None
[2025-11-06T00:55:19.834+0000] {processor.py:208} INFO - Processing /opt/airflow/dags/train_predict_v2.py took 0.022 seconds
[2025-11-06T01:04:47.501+0000] {processor.py:186} INFO - Started process (PID=94468) to work on /opt/airflow/dags/train_predict_v2.py
[2025-11-06T01:04:47.502+0000] {processor.py:914} INFO - Processing file /opt/airflow/dags/train_predict_v2.py for tasks to queue
[2025-11-06T01:04:47.502+0000] {logging_mixin.py:190} INFO - [2025-11-06T01:04:47.502+0000] {dagbag.py:587} INFO - Filling up the DagBag from /opt/airflow/dags/train_predict_v2.py
[2025-11-06T01:04:47.506+0000] {processor.py:925} INFO - DAG(s) 'lab_forecast_dag' retrieved from /opt/airflow/dags/train_predict_v2.py
[2025-11-06T01:04:47.514+0000] {logging_mixin.py:190} INFO - [2025-11-06T01:04:47.514+0000] {dag.py:3229} INFO - Sync 1 DAGs
[2025-11-06T01:04:47.519+0000] {logging_mixin.py:190} INFO - [2025-11-06T01:04:47.519+0000] {dag.py:4156} INFO - Setting next_dagrun for lab_forecast_dag to None, run_after=None
[2025-11-06T01:04:47.524+0000] {processor.py:208} INFO - Processing /opt/airflow/dags/train_predict_v2.py took 0.025 seconds
[2025-11-06T01:16:44.330+0000] {processor.py:186} INFO - Started process (PID=94499) to work on /opt/airflow/dags/train_predict_v2.py
[2025-11-06T01:16:44.330+0000] {processor.py:914} INFO - Processing file /opt/airflow/dags/train_predict_v2.py for tasks to queue
[2025-11-06T01:16:44.331+0000] {logging_mixin.py:190} INFO - [2025-11-06T01:16:44.331+0000] {dagbag.py:587} INFO - Filling up the DagBag from /opt/airflow/dags/train_predict_v2.py
[2025-11-06T01:16:44.334+0000] {processor.py:925} INFO - DAG(s) 'lab_forecast_dag' retrieved from /opt/airflow/dags/train_predict_v2.py
[2025-11-06T01:16:44.341+0000] {logging_mixin.py:190} INFO - [2025-11-06T01:16:44.341+0000] {dag.py:3229} INFO - Sync 1 DAGs
[2025-11-06T01:16:44.346+0000] {logging_mixin.py:190} INFO - [2025-11-06T01:16:44.346+0000] {dag.py:4156} INFO - Setting next_dagrun for lab_forecast_dag to None, run_after=None
[2025-11-06T01:16:44.351+0000] {processor.py:208} INFO - Processing /opt/airflow/dags/train_predict_v2.py took 0.024 seconds
[2025-11-06T01:24:16.871+0000] {processor.py:186} INFO - Started process (PID=94530) to work on /opt/airflow/dags/train_predict_v2.py
[2025-11-06T01:24:16.871+0000] {processor.py:914} INFO - Processing file /opt/airflow/dags/train_predict_v2.py for tasks to queue
[2025-11-06T01:24:16.871+0000] {logging_mixin.py:190} INFO - [2025-11-06T01:24:16.871+0000] {dagbag.py:587} INFO - Filling up the DagBag from /opt/airflow/dags/train_predict_v2.py
[2025-11-06T01:24:16.875+0000] {processor.py:925} INFO - DAG(s) 'lab_forecast_dag' retrieved from /opt/airflow/dags/train_predict_v2.py
[2025-11-06T01:24:16.882+0000] {logging_mixin.py:190} INFO - [2025-11-06T01:24:16.882+0000] {dag.py:3229} INFO - Sync 1 DAGs
[2025-11-06T01:24:16.888+0000] {logging_mixin.py:190} INFO - [2025-11-06T01:24:16.887+0000] {dag.py:4156} INFO - Setting next_dagrun for lab_forecast_dag to None, run_after=None
[2025-11-06T01:24:16.893+0000] {processor.py:208} INFO - Processing /opt/airflow/dags/train_predict_v2.py took 0.024 seconds
[2025-11-06T01:28:53.983+0000] {processor.py:186} INFO - Started process (PID=94561) to work on /opt/airflow/dags/train_predict_v2.py
[2025-11-06T01:28:53.984+0000] {processor.py:914} INFO - Processing file /opt/airflow/dags/train_predict_v2.py for tasks to queue
[2025-11-06T01:28:53.984+0000] {logging_mixin.py:190} INFO - [2025-11-06T01:28:53.984+0000] {dagbag.py:587} INFO - Filling up the DagBag from /opt/airflow/dags/train_predict_v2.py
[2025-11-06T01:28:53.987+0000] {processor.py:925} INFO - DAG(s) 'lab_forecast_dag' retrieved from /opt/airflow/dags/train_predict_v2.py
[2025-11-06T01:28:53.994+0000] {logging_mixin.py:190} INFO - [2025-11-06T01:28:53.994+0000] {dag.py:3229} INFO - Sync 1 DAGs
[2025-11-06T01:28:53.999+0000] {logging_mixin.py:190} INFO - [2025-11-06T01:28:53.999+0000] {dag.py:4156} INFO - Setting next_dagrun for lab_forecast_dag to None, run_after=None
[2025-11-06T01:28:54.004+0000] {processor.py:208} INFO - Processing /opt/airflow/dags/train_predict_v2.py took 0.023 seconds
[2025-11-06T01:36:16.122+0000] {processor.py:186} INFO - Started process (PID=94594) to work on /opt/airflow/dags/train_predict_v2.py
[2025-11-06T01:36:16.122+0000] {processor.py:914} INFO - Processing file /opt/airflow/dags/train_predict_v2.py for tasks to queue
[2025-11-06T01:36:16.123+0000] {logging_mixin.py:190} INFO - [2025-11-06T01:36:16.123+0000] {dagbag.py:587} INFO - Filling up the DagBag from /opt/airflow/dags/train_predict_v2.py
[2025-11-06T01:36:16.127+0000] {processor.py:925} INFO - DAG(s) 'lab_forecast_dag' retrieved from /opt/airflow/dags/train_predict_v2.py
[2025-11-06T01:36:16.136+0000] {logging_mixin.py:190} INFO - [2025-11-06T01:36:16.136+0000] {dag.py:3229} INFO - Sync 1 DAGs
[2025-11-06T01:36:16.143+0000] {logging_mixin.py:190} INFO - [2025-11-06T01:36:16.143+0000] {dag.py:4156} INFO - Setting next_dagrun for lab_forecast_dag to None, run_after=None
[2025-11-06T01:36:16.150+0000] {processor.py:208} INFO - Processing /opt/airflow/dags/train_predict_v2.py took 0.030 seconds
[2025-11-06T01:42:27.593+0000] {processor.py:186} INFO - Started process (PID=94651) to work on /opt/airflow/dags/train_predict_v2.py
[2025-11-06T01:42:27.593+0000] {processor.py:914} INFO - Processing file /opt/airflow/dags/train_predict_v2.py for tasks to queue
[2025-11-06T01:42:27.594+0000] {logging_mixin.py:190} INFO - [2025-11-06T01:42:27.593+0000] {dagbag.py:587} INFO - Filling up the DagBag from /opt/airflow/dags/train_predict_v2.py
[2025-11-06T01:42:27.597+0000] {processor.py:925} INFO - DAG(s) 'lab_forecast_dag' retrieved from /opt/airflow/dags/train_predict_v2.py
[2025-11-06T01:42:27.605+0000] {logging_mixin.py:190} INFO - [2025-11-06T01:42:27.605+0000] {dag.py:3229} INFO - Sync 1 DAGs
[2025-11-06T01:42:27.610+0000] {logging_mixin.py:190} INFO - [2025-11-06T01:42:27.610+0000] {dag.py:4156} INFO - Setting next_dagrun for lab_forecast_dag to None, run_after=None
[2025-11-06T01:42:27.615+0000] {processor.py:208} INFO - Processing /opt/airflow/dags/train_predict_v2.py took 0.025 seconds
[2025-11-06T01:46:02.062+0000] {processor.py:186} INFO - Started process (PID=94687) to work on /opt/airflow/dags/train_predict_v2.py
[2025-11-06T01:46:02.063+0000] {processor.py:914} INFO - Processing file /opt/airflow/dags/train_predict_v2.py for tasks to queue
[2025-11-06T01:46:02.063+0000] {logging_mixin.py:190} INFO - [2025-11-06T01:46:02.063+0000] {dagbag.py:587} INFO - Filling up the DagBag from /opt/airflow/dags/train_predict_v2.py
[2025-11-06T01:46:02.066+0000] {processor.py:925} INFO - DAG(s) 'lab_forecast_dag' retrieved from /opt/airflow/dags/train_predict_v2.py
[2025-11-06T01:46:02.074+0000] {logging_mixin.py:190} INFO - [2025-11-06T01:46:02.074+0000] {dag.py:3229} INFO - Sync 1 DAGs
[2025-11-06T01:46:02.079+0000] {logging_mixin.py:190} INFO - [2025-11-06T01:46:02.079+0000] {dag.py:4156} INFO - Setting next_dagrun for lab_forecast_dag to None, run_after=None
[2025-11-06T01:46:02.084+0000] {processor.py:208} INFO - Processing /opt/airflow/dags/train_predict_v2.py took 0.024 seconds
[2025-11-06T01:49:08.685+0000] {processor.py:186} INFO - Started process (PID=94718) to work on /opt/airflow/dags/train_predict_v2.py
[2025-11-06T01:49:08.685+0000] {processor.py:914} INFO - Processing file /opt/airflow/dags/train_predict_v2.py for tasks to queue
[2025-11-06T01:49:08.685+0000] {logging_mixin.py:190} INFO - [2025-11-06T01:49:08.685+0000] {dagbag.py:587} INFO - Filling up the DagBag from /opt/airflow/dags/train_predict_v2.py
[2025-11-06T01:49:08.688+0000] {processor.py:925} INFO - DAG(s) 'lab_forecast_dag' retrieved from /opt/airflow/dags/train_predict_v2.py
[2025-11-06T01:49:08.697+0000] {logging_mixin.py:190} INFO - [2025-11-06T01:49:08.697+0000] {dag.py:3229} INFO - Sync 1 DAGs
[2025-11-06T01:49:08.702+0000] {logging_mixin.py:190} INFO - [2025-11-06T01:49:08.702+0000] {dag.py:4156} INFO - Setting next_dagrun for lab_forecast_dag to None, run_after=None
[2025-11-06T01:49:08.707+0000] {processor.py:208} INFO - Processing /opt/airflow/dags/train_predict_v2.py took 0.024 seconds
[2025-11-06T01:57:06.749+0000] {processor.py:186} INFO - Started process (PID=94749) to work on /opt/airflow/dags/train_predict_v2.py
[2025-11-06T01:57:06.750+0000] {processor.py:914} INFO - Processing file /opt/airflow/dags/train_predict_v2.py for tasks to queue
[2025-11-06T01:57:06.750+0000] {logging_mixin.py:190} INFO - [2025-11-06T01:57:06.750+0000] {dagbag.py:587} INFO - Filling up the DagBag from /opt/airflow/dags/train_predict_v2.py
[2025-11-06T01:57:06.753+0000] {processor.py:925} INFO - DAG(s) 'lab_forecast_dag' retrieved from /opt/airflow/dags/train_predict_v2.py
[2025-11-06T01:57:06.760+0000] {logging_mixin.py:190} INFO - [2025-11-06T01:57:06.760+0000] {dag.py:3229} INFO - Sync 1 DAGs
[2025-11-06T01:57:06.765+0000] {logging_mixin.py:190} INFO - [2025-11-06T01:57:06.765+0000] {dag.py:4156} INFO - Setting next_dagrun for lab_forecast_dag to None, run_after=None
[2025-11-06T01:57:06.770+0000] {processor.py:208} INFO - Processing /opt/airflow/dags/train_predict_v2.py took 0.023 seconds
[2025-11-06T01:57:49.485+0000] {processor.py:186} INFO - Started process (PID=94780) to work on /opt/airflow/dags/train_predict_v2.py
[2025-11-06T01:57:49.486+0000] {processor.py:914} INFO - Processing file /opt/airflow/dags/train_predict_v2.py for tasks to queue
[2025-11-06T01:57:49.486+0000] {logging_mixin.py:190} INFO - [2025-11-06T01:57:49.486+0000] {dagbag.py:587} INFO - Filling up the DagBag from /opt/airflow/dags/train_predict_v2.py
[2025-11-06T01:57:49.489+0000] {processor.py:925} INFO - DAG(s) 'lab_forecast_dag' retrieved from /opt/airflow/dags/train_predict_v2.py
[2025-11-06T01:57:49.496+0000] {logging_mixin.py:190} INFO - [2025-11-06T01:57:49.496+0000] {dag.py:3229} INFO - Sync 1 DAGs
[2025-11-06T01:57:49.501+0000] {logging_mixin.py:190} INFO - [2025-11-06T01:57:49.501+0000] {dag.py:4156} INFO - Setting next_dagrun for lab_forecast_dag to None, run_after=None
[2025-11-06T01:57:49.506+0000] {processor.py:208} INFO - Processing /opt/airflow/dags/train_predict_v2.py took 0.023 seconds
[2025-11-06T02:01:54.459+0000] {processor.py:186} INFO - Started process (PID=94811) to work on /opt/airflow/dags/train_predict_v2.py
[2025-11-06T02:01:54.459+0000] {processor.py:914} INFO - Processing file /opt/airflow/dags/train_predict_v2.py for tasks to queue
[2025-11-06T02:01:54.460+0000] {logging_mixin.py:190} INFO - [2025-11-06T02:01:54.459+0000] {dagbag.py:587} INFO - Filling up the DagBag from /opt/airflow/dags/train_predict_v2.py
[2025-11-06T02:01:54.463+0000] {processor.py:925} INFO - DAG(s) 'lab_forecast_dag' retrieved from /opt/airflow/dags/train_predict_v2.py
[2025-11-06T02:01:54.470+0000] {logging_mixin.py:190} INFO - [2025-11-06T02:01:54.470+0000] {dag.py:3229} INFO - Sync 1 DAGs
[2025-11-06T02:01:54.475+0000] {logging_mixin.py:190} INFO - [2025-11-06T02:01:54.475+0000] {dag.py:4156} INFO - Setting next_dagrun for lab_forecast_dag to None, run_after=None
[2025-11-06T02:01:54.480+0000] {processor.py:208} INFO - Processing /opt/airflow/dags/train_predict_v2.py took 0.024 seconds
[2025-11-06T02:04:07.345+0000] {processor.py:186} INFO - Started process (PID=94842) to work on /opt/airflow/dags/train_predict_v2.py
[2025-11-06T02:04:07.345+0000] {processor.py:914} INFO - Processing file /opt/airflow/dags/train_predict_v2.py for tasks to queue
[2025-11-06T02:04:07.346+0000] {logging_mixin.py:190} INFO - [2025-11-06T02:04:07.346+0000] {dagbag.py:587} INFO - Filling up the DagBag from /opt/airflow/dags/train_predict_v2.py
[2025-11-06T02:04:07.349+0000] {processor.py:925} INFO - DAG(s) 'lab_forecast_dag' retrieved from /opt/airflow/dags/train_predict_v2.py
[2025-11-06T02:04:07.356+0000] {logging_mixin.py:190} INFO - [2025-11-06T02:04:07.356+0000] {dag.py:3229} INFO - Sync 1 DAGs
[2025-11-06T02:04:07.360+0000] {logging_mixin.py:190} INFO - [2025-11-06T02:04:07.360+0000] {dag.py:4156} INFO - Setting next_dagrun for lab_forecast_dag to None, run_after=None
[2025-11-06T02:04:07.365+0000] {processor.py:208} INFO - Processing /opt/airflow/dags/train_predict_v2.py took 0.022 seconds
[2025-11-06T02:11:22.140+0000] {processor.py:186} INFO - Started process (PID=94873) to work on /opt/airflow/dags/train_predict_v2.py
[2025-11-06T02:11:22.140+0000] {processor.py:914} INFO - Processing file /opt/airflow/dags/train_predict_v2.py for tasks to queue
[2025-11-06T02:11:22.141+0000] {logging_mixin.py:190} INFO - [2025-11-06T02:11:22.141+0000] {dagbag.py:587} INFO - Filling up the DagBag from /opt/airflow/dags/train_predict_v2.py
[2025-11-06T02:11:22.144+0000] {processor.py:925} INFO - DAG(s) 'lab_forecast_dag' retrieved from /opt/airflow/dags/train_predict_v2.py
[2025-11-06T02:11:22.161+0000] {logging_mixin.py:190} INFO - [2025-11-06T02:11:22.161+0000] {dag.py:3229} INFO - Sync 1 DAGs
[2025-11-06T02:11:22.168+0000] {logging_mixin.py:190} INFO - [2025-11-06T02:11:22.168+0000] {dag.py:4156} INFO - Setting next_dagrun for lab_forecast_dag to None, run_after=None
[2025-11-06T02:11:22.173+0000] {processor.py:208} INFO - Processing /opt/airflow/dags/train_predict_v2.py took 0.036 seconds
[2025-11-06T02:16:08.853+0000] {processor.py:186} INFO - Started process (PID=94903) to work on /opt/airflow/dags/train_predict_v2.py
[2025-11-06T02:16:08.853+0000] {processor.py:914} INFO - Processing file /opt/airflow/dags/train_predict_v2.py for tasks to queue
[2025-11-06T02:16:08.854+0000] {logging_mixin.py:190} INFO - [2025-11-06T02:16:08.854+0000] {dagbag.py:587} INFO - Filling up the DagBag from /opt/airflow/dags/train_predict_v2.py
[2025-11-06T02:16:08.857+0000] {processor.py:925} INFO - DAG(s) 'lab_forecast_dag' retrieved from /opt/airflow/dags/train_predict_v2.py
[2025-11-06T02:16:08.865+0000] {logging_mixin.py:190} INFO - [2025-11-06T02:16:08.865+0000] {dag.py:3229} INFO - Sync 1 DAGs
[2025-11-06T02:16:08.870+0000] {logging_mixin.py:190} INFO - [2025-11-06T02:16:08.870+0000] {dag.py:4156} INFO - Setting next_dagrun for lab_forecast_dag to None, run_after=None
[2025-11-06T02:16:08.876+0000] {processor.py:208} INFO - Processing /opt/airflow/dags/train_predict_v2.py took 0.025 seconds
[2025-11-06T02:29:37.331+0000] {processor.py:186} INFO - Started process (PID=94934) to work on /opt/airflow/dags/train_predict_v2.py
[2025-11-06T02:29:37.332+0000] {processor.py:914} INFO - Processing file /opt/airflow/dags/train_predict_v2.py for tasks to queue
[2025-11-06T02:29:37.333+0000] {logging_mixin.py:190} INFO - [2025-11-06T02:29:37.332+0000] {dagbag.py:587} INFO - Filling up the DagBag from /opt/airflow/dags/train_predict_v2.py
[2025-11-06T02:29:37.337+0000] {processor.py:925} INFO - DAG(s) 'lab_forecast_dag' retrieved from /opt/airflow/dags/train_predict_v2.py
[2025-11-06T02:29:37.346+0000] {logging_mixin.py:190} INFO - [2025-11-06T02:29:37.346+0000] {dag.py:3229} INFO - Sync 1 DAGs
[2025-11-06T02:29:37.353+0000] {logging_mixin.py:190} INFO - [2025-11-06T02:29:37.353+0000] {dag.py:4156} INFO - Setting next_dagrun for lab_forecast_dag to None, run_after=None
[2025-11-06T02:29:37.361+0000] {processor.py:208} INFO - Processing /opt/airflow/dags/train_predict_v2.py took 0.033 seconds
[2025-11-06T02:34:53.463+0000] {processor.py:186} INFO - Started process (PID=94965) to work on /opt/airflow/dags/train_predict_v2.py
[2025-11-06T02:34:53.464+0000] {processor.py:914} INFO - Processing file /opt/airflow/dags/train_predict_v2.py for tasks to queue
[2025-11-06T02:34:53.464+0000] {logging_mixin.py:190} INFO - [2025-11-06T02:34:53.464+0000] {dagbag.py:587} INFO - Filling up the DagBag from /opt/airflow/dags/train_predict_v2.py
[2025-11-06T02:34:53.468+0000] {processor.py:925} INFO - DAG(s) 'lab_forecast_dag' retrieved from /opt/airflow/dags/train_predict_v2.py
[2025-11-06T02:34:53.476+0000] {logging_mixin.py:190} INFO - [2025-11-06T02:34:53.476+0000] {dag.py:3229} INFO - Sync 1 DAGs
[2025-11-06T02:34:53.482+0000] {logging_mixin.py:190} INFO - [2025-11-06T02:34:53.482+0000] {dag.py:4156} INFO - Setting next_dagrun for lab_forecast_dag to None, run_after=None
[2025-11-06T02:34:53.488+0000] {processor.py:208} INFO - Processing /opt/airflow/dags/train_predict_v2.py took 0.027 seconds
[2025-11-06T02:37:32.494+0000] {processor.py:186} INFO - Started process (PID=94996) to work on /opt/airflow/dags/train_predict_v2.py
[2025-11-06T02:37:32.495+0000] {processor.py:914} INFO - Processing file /opt/airflow/dags/train_predict_v2.py for tasks to queue
[2025-11-06T02:37:32.495+0000] {logging_mixin.py:190} INFO - [2025-11-06T02:37:32.495+0000] {dagbag.py:587} INFO - Filling up the DagBag from /opt/airflow/dags/train_predict_v2.py
[2025-11-06T02:37:32.499+0000] {processor.py:925} INFO - DAG(s) 'lab_forecast_dag' retrieved from /opt/airflow/dags/train_predict_v2.py
[2025-11-06T02:37:32.507+0000] {logging_mixin.py:190} INFO - [2025-11-06T02:37:32.507+0000] {dag.py:3229} INFO - Sync 1 DAGs
[2025-11-06T02:37:32.512+0000] {logging_mixin.py:190} INFO - [2025-11-06T02:37:32.512+0000] {dag.py:4156} INFO - Setting next_dagrun for lab_forecast_dag to None, run_after=None
[2025-11-06T02:37:32.518+0000] {processor.py:208} INFO - Processing /opt/airflow/dags/train_predict_v2.py took 0.027 seconds
[2025-11-06T02:38:52.251+0000] {processor.py:186} INFO - Started process (PID=95027) to work on /opt/airflow/dags/train_predict_v2.py
[2025-11-06T02:38:52.251+0000] {processor.py:914} INFO - Processing file /opt/airflow/dags/train_predict_v2.py for tasks to queue
[2025-11-06T02:38:52.252+0000] {logging_mixin.py:190} INFO - [2025-11-06T02:38:52.252+0000] {dagbag.py:587} INFO - Filling up the DagBag from /opt/airflow/dags/train_predict_v2.py
[2025-11-06T02:38:52.255+0000] {processor.py:925} INFO - DAG(s) 'lab_forecast_dag' retrieved from /opt/airflow/dags/train_predict_v2.py
[2025-11-06T02:38:52.262+0000] {logging_mixin.py:190} INFO - [2025-11-06T02:38:52.262+0000] {dag.py:3229} INFO - Sync 1 DAGs
[2025-11-06T02:38:52.267+0000] {logging_mixin.py:190} INFO - [2025-11-06T02:38:52.266+0000] {dag.py:4156} INFO - Setting next_dagrun for lab_forecast_dag to None, run_after=None
[2025-11-06T02:38:52.271+0000] {processor.py:208} INFO - Processing /opt/airflow/dags/train_predict_v2.py took 0.022 seconds
[2025-11-06T02:51:00.243+0000] {processor.py:186} INFO - Started process (PID=95063) to work on /opt/airflow/dags/train_predict_v2.py
[2025-11-06T02:51:00.244+0000] {processor.py:914} INFO - Processing file /opt/airflow/dags/train_predict_v2.py for tasks to queue
[2025-11-06T02:51:00.244+0000] {logging_mixin.py:190} INFO - [2025-11-06T02:51:00.244+0000] {dagbag.py:587} INFO - Filling up the DagBag from /opt/airflow/dags/train_predict_v2.py
[2025-11-06T02:51:00.251+0000] {processor.py:925} INFO - DAG(s) 'lab_forecast_dag' retrieved from /opt/airflow/dags/train_predict_v2.py
[2025-11-06T02:51:00.262+0000] {logging_mixin.py:190} INFO - [2025-11-06T02:51:00.262+0000] {dag.py:3229} INFO - Sync 1 DAGs
[2025-11-06T02:51:00.270+0000] {logging_mixin.py:190} INFO - [2025-11-06T02:51:00.270+0000] {dag.py:4156} INFO - Setting next_dagrun for lab_forecast_dag to None, run_after=None
[2025-11-06T02:51:00.279+0000] {processor.py:208} INFO - Processing /opt/airflow/dags/train_predict_v2.py took 0.039 seconds
[2025-11-06T02:53:30.413+0000] {processor.py:186} INFO - Started process (PID=95099) to work on /opt/airflow/dags/train_predict_v2.py
[2025-11-06T02:53:30.414+0000] {processor.py:914} INFO - Processing file /opt/airflow/dags/train_predict_v2.py for tasks to queue
[2025-11-06T02:53:30.414+0000] {logging_mixin.py:190} INFO - [2025-11-06T02:53:30.414+0000] {dagbag.py:587} INFO - Filling up the DagBag from /opt/airflow/dags/train_predict_v2.py
[2025-11-06T02:53:30.417+0000] {processor.py:925} INFO - DAG(s) 'lab_forecast_dag' retrieved from /opt/airflow/dags/train_predict_v2.py
[2025-11-06T02:53:30.424+0000] {logging_mixin.py:190} INFO - [2025-11-06T02:53:30.424+0000] {dag.py:3229} INFO - Sync 1 DAGs
[2025-11-06T02:53:30.429+0000] {logging_mixin.py:190} INFO - [2025-11-06T02:53:30.429+0000] {dag.py:4156} INFO - Setting next_dagrun for lab_forecast_dag to None, run_after=None
[2025-11-06T02:53:30.434+0000] {processor.py:208} INFO - Processing /opt/airflow/dags/train_predict_v2.py took 0.023 seconds
[2025-11-06T02:55:15.401+0000] {processor.py:186} INFO - Started process (PID=95130) to work on /opt/airflow/dags/train_predict_v2.py
[2025-11-06T02:55:15.401+0000] {processor.py:914} INFO - Processing file /opt/airflow/dags/train_predict_v2.py for tasks to queue
[2025-11-06T02:55:15.402+0000] {logging_mixin.py:190} INFO - [2025-11-06T02:55:15.402+0000] {dagbag.py:587} INFO - Filling up the DagBag from /opt/airflow/dags/train_predict_v2.py
[2025-11-06T02:55:15.408+0000] {processor.py:925} INFO - DAG(s) 'lab_forecast_dag' retrieved from /opt/airflow/dags/train_predict_v2.py
[2025-11-06T02:55:15.417+0000] {logging_mixin.py:190} INFO - [2025-11-06T02:55:15.416+0000] {dag.py:3229} INFO - Sync 1 DAGs
[2025-11-06T02:55:15.422+0000] {logging_mixin.py:190} INFO - [2025-11-06T02:55:15.422+0000] {dag.py:4156} INFO - Setting next_dagrun for lab_forecast_dag to None, run_after=None
[2025-11-06T02:55:15.427+0000] {processor.py:208} INFO - Processing /opt/airflow/dags/train_predict_v2.py took 0.031 seconds
[2025-11-06T02:58:17.518+0000] {processor.py:186} INFO - Started process (PID=95161) to work on /opt/airflow/dags/train_predict_v2.py
[2025-11-06T02:58:17.521+0000] {processor.py:914} INFO - Processing file /opt/airflow/dags/train_predict_v2.py for tasks to queue
[2025-11-06T02:58:17.522+0000] {logging_mixin.py:190} INFO - [2025-11-06T02:58:17.522+0000] {dagbag.py:587} INFO - Filling up the DagBag from /opt/airflow/dags/train_predict_v2.py
[2025-11-06T02:58:17.539+0000] {processor.py:925} INFO - DAG(s) 'lab_forecast_dag' retrieved from /opt/airflow/dags/train_predict_v2.py
[2025-11-06T02:58:17.552+0000] {logging_mixin.py:190} INFO - [2025-11-06T02:58:17.552+0000] {dag.py:3229} INFO - Sync 1 DAGs
[2025-11-06T02:58:17.561+0000] {logging_mixin.py:190} INFO - [2025-11-06T02:58:17.561+0000] {dag.py:4156} INFO - Setting next_dagrun for lab_forecast_dag to None, run_after=None
[2025-11-06T02:58:17.574+0000] {processor.py:208} INFO - Processing /opt/airflow/dags/train_predict_v2.py took 0.059 seconds
[2025-11-06T03:03:40.842+0000] {processor.py:186} INFO - Started process (PID=95192) to work on /opt/airflow/dags/train_predict_v2.py
[2025-11-06T03:03:40.843+0000] {processor.py:914} INFO - Processing file /opt/airflow/dags/train_predict_v2.py for tasks to queue
[2025-11-06T03:03:40.844+0000] {logging_mixin.py:190} INFO - [2025-11-06T03:03:40.844+0000] {dagbag.py:587} INFO - Filling up the DagBag from /opt/airflow/dags/train_predict_v2.py
[2025-11-06T03:03:40.848+0000] {processor.py:925} INFO - DAG(s) 'lab_forecast_dag' retrieved from /opt/airflow/dags/train_predict_v2.py
[2025-11-06T03:03:40.856+0000] {logging_mixin.py:190} INFO - [2025-11-06T03:03:40.856+0000] {dag.py:3229} INFO - Sync 1 DAGs
[2025-11-06T03:03:40.862+0000] {logging_mixin.py:190} INFO - [2025-11-06T03:03:40.862+0000] {dag.py:4156} INFO - Setting next_dagrun for lab_forecast_dag to None, run_after=None
[2025-11-06T03:03:40.867+0000] {processor.py:208} INFO - Processing /opt/airflow/dags/train_predict_v2.py took 0.031 seconds
[2025-11-06T03:13:36.999+0000] {processor.py:186} INFO - Started process (PID=95223) to work on /opt/airflow/dags/train_predict_v2.py
[2025-11-06T03:13:37.000+0000] {processor.py:914} INFO - Processing file /opt/airflow/dags/train_predict_v2.py for tasks to queue
[2025-11-06T03:13:37.000+0000] {logging_mixin.py:190} INFO - [2025-11-06T03:13:37.000+0000] {dagbag.py:587} INFO - Filling up the DagBag from /opt/airflow/dags/train_predict_v2.py
[2025-11-06T03:13:37.006+0000] {processor.py:925} INFO - DAG(s) 'lab_forecast_dag' retrieved from /opt/airflow/dags/train_predict_v2.py
[2025-11-06T03:13:37.016+0000] {logging_mixin.py:190} INFO - [2025-11-06T03:13:37.016+0000] {dag.py:3229} INFO - Sync 1 DAGs
[2025-11-06T03:13:37.023+0000] {logging_mixin.py:190} INFO - [2025-11-06T03:13:37.023+0000] {dag.py:4156} INFO - Setting next_dagrun for lab_forecast_dag to None, run_after=None
[2025-11-06T03:13:37.030+0000] {processor.py:208} INFO - Processing /opt/airflow/dags/train_predict_v2.py took 0.035 seconds
[2025-11-06T03:14:07.886+0000] {processor.py:186} INFO - Started process (PID=95254) to work on /opt/airflow/dags/train_predict_v2.py
[2025-11-06T03:14:07.886+0000] {processor.py:914} INFO - Processing file /opt/airflow/dags/train_predict_v2.py for tasks to queue
[2025-11-06T03:14:07.887+0000] {logging_mixin.py:190} INFO - [2025-11-06T03:14:07.887+0000] {dagbag.py:587} INFO - Filling up the DagBag from /opt/airflow/dags/train_predict_v2.py
[2025-11-06T03:14:07.890+0000] {processor.py:925} INFO - DAG(s) 'lab_forecast_dag' retrieved from /opt/airflow/dags/train_predict_v2.py
[2025-11-06T03:14:07.898+0000] {logging_mixin.py:190} INFO - [2025-11-06T03:14:07.898+0000] {dag.py:3229} INFO - Sync 1 DAGs
[2025-11-06T03:14:07.903+0000] {logging_mixin.py:190} INFO - [2025-11-06T03:14:07.902+0000] {dag.py:4156} INFO - Setting next_dagrun for lab_forecast_dag to None, run_after=None
[2025-11-06T03:14:07.907+0000] {processor.py:208} INFO - Processing /opt/airflow/dags/train_predict_v2.py took 0.025 seconds
[2025-11-06T03:14:39.060+0000] {processor.py:186} INFO - Started process (PID=95285) to work on /opt/airflow/dags/train_predict_v2.py
[2025-11-06T03:14:39.061+0000] {processor.py:914} INFO - Processing file /opt/airflow/dags/train_predict_v2.py for tasks to queue
[2025-11-06T03:14:39.061+0000] {logging_mixin.py:190} INFO - [2025-11-06T03:14:39.061+0000] {dagbag.py:587} INFO - Filling up the DagBag from /opt/airflow/dags/train_predict_v2.py
[2025-11-06T03:14:39.066+0000] {processor.py:925} INFO - DAG(s) 'lab_forecast_dag' retrieved from /opt/airflow/dags/train_predict_v2.py
[2025-11-06T03:14:39.074+0000] {logging_mixin.py:190} INFO - [2025-11-06T03:14:39.074+0000] {dag.py:3229} INFO - Sync 1 DAGs
[2025-11-06T03:14:39.080+0000] {logging_mixin.py:190} INFO - [2025-11-06T03:14:39.080+0000] {dag.py:4156} INFO - Setting next_dagrun for lab_forecast_dag to None, run_after=None
[2025-11-06T03:14:39.087+0000] {processor.py:208} INFO - Processing /opt/airflow/dags/train_predict_v2.py took 0.029 seconds
[2025-11-06T03:15:10.151+0000] {processor.py:186} INFO - Started process (PID=95316) to work on /opt/airflow/dags/train_predict_v2.py
[2025-11-06T03:15:10.152+0000] {processor.py:914} INFO - Processing file /opt/airflow/dags/train_predict_v2.py for tasks to queue
[2025-11-06T03:15:10.153+0000] {logging_mixin.py:190} INFO - [2025-11-06T03:15:10.152+0000] {dagbag.py:587} INFO - Filling up the DagBag from /opt/airflow/dags/train_predict_v2.py
[2025-11-06T03:15:10.156+0000] {processor.py:925} INFO - DAG(s) 'lab_forecast_dag' retrieved from /opt/airflow/dags/train_predict_v2.py
[2025-11-06T03:15:10.164+0000] {logging_mixin.py:190} INFO - [2025-11-06T03:15:10.164+0000] {dag.py:3229} INFO - Sync 1 DAGs
[2025-11-06T03:15:10.169+0000] {logging_mixin.py:190} INFO - [2025-11-06T03:15:10.169+0000] {dag.py:4156} INFO - Setting next_dagrun for lab_forecast_dag to None, run_after=None
[2025-11-06T03:15:10.174+0000] {processor.py:208} INFO - Processing /opt/airflow/dags/train_predict_v2.py took 0.027 seconds
[2025-11-06T03:15:40.525+0000] {processor.py:186} INFO - Started process (PID=95342) to work on /opt/airflow/dags/train_predict_v2.py
[2025-11-06T03:15:40.527+0000] {processor.py:914} INFO - Processing file /opt/airflow/dags/train_predict_v2.py for tasks to queue
[2025-11-06T03:15:40.527+0000] {logging_mixin.py:190} INFO - [2025-11-06T03:15:40.527+0000] {dagbag.py:587} INFO - Filling up the DagBag from /opt/airflow/dags/train_predict_v2.py
[2025-11-06T03:15:40.539+0000] {processor.py:925} INFO - DAG(s) 'lab_forecast_dag' retrieved from /opt/airflow/dags/train_predict_v2.py
[2025-11-06T03:15:40.560+0000] {logging_mixin.py:190} INFO - [2025-11-06T03:15:40.560+0000] {dag.py:3229} INFO - Sync 1 DAGs
[2025-11-06T03:15:40.566+0000] {logging_mixin.py:190} INFO - [2025-11-06T03:15:40.566+0000] {dag.py:4156} INFO - Setting next_dagrun for lab_forecast_dag to None, run_after=None
[2025-11-06T03:15:40.572+0000] {processor.py:208} INFO - Processing /opt/airflow/dags/train_predict_v2.py took 0.054 seconds
[2025-11-06T03:16:11.091+0000] {processor.py:186} INFO - Started process (PID=95373) to work on /opt/airflow/dags/train_predict_v2.py
[2025-11-06T03:16:11.092+0000] {processor.py:914} INFO - Processing file /opt/airflow/dags/train_predict_v2.py for tasks to queue
[2025-11-06T03:16:11.095+0000] {logging_mixin.py:190} INFO - [2025-11-06T03:16:11.094+0000] {dagbag.py:587} INFO - Filling up the DagBag from /opt/airflow/dags/train_predict_v2.py
[2025-11-06T03:16:11.109+0000] {processor.py:925} INFO - DAG(s) 'lab_forecast_dag' retrieved from /opt/airflow/dags/train_predict_v2.py
[2025-11-06T03:16:11.125+0000] {logging_mixin.py:190} INFO - [2025-11-06T03:16:11.125+0000] {dag.py:3229} INFO - Sync 1 DAGs
[2025-11-06T03:16:11.136+0000] {logging_mixin.py:190} INFO - [2025-11-06T03:16:11.135+0000] {dag.py:4156} INFO - Setting next_dagrun for lab_forecast_dag to None, run_after=None
[2025-11-06T03:16:11.151+0000] {processor.py:208} INFO - Processing /opt/airflow/dags/train_predict_v2.py took 0.064 seconds
[2025-11-06T03:16:41.624+0000] {processor.py:186} INFO - Started process (PID=95404) to work on /opt/airflow/dags/train_predict_v2.py
[2025-11-06T03:16:41.627+0000] {processor.py:914} INFO - Processing file /opt/airflow/dags/train_predict_v2.py for tasks to queue
[2025-11-06T03:16:41.631+0000] {logging_mixin.py:190} INFO - [2025-11-06T03:16:41.630+0000] {dagbag.py:587} INFO - Filling up the DagBag from /opt/airflow/dags/train_predict_v2.py
[2025-11-06T03:16:41.640+0000] {processor.py:925} INFO - DAG(s) 'lab_forecast_dag' retrieved from /opt/airflow/dags/train_predict_v2.py
[2025-11-06T03:16:41.654+0000] {logging_mixin.py:190} INFO - [2025-11-06T03:16:41.653+0000] {dag.py:3229} INFO - Sync 1 DAGs
[2025-11-06T03:16:41.662+0000] {logging_mixin.py:190} INFO - [2025-11-06T03:16:41.662+0000] {dag.py:4156} INFO - Setting next_dagrun for lab_forecast_dag to None, run_after=None
[2025-11-06T03:16:41.670+0000] {processor.py:208} INFO - Processing /opt/airflow/dags/train_predict_v2.py took 0.050 seconds
[2025-11-06T03:17:11.868+0000] {processor.py:186} INFO - Started process (PID=95435) to work on /opt/airflow/dags/train_predict_v2.py
[2025-11-06T03:17:11.871+0000] {processor.py:914} INFO - Processing file /opt/airflow/dags/train_predict_v2.py for tasks to queue
[2025-11-06T03:17:11.874+0000] {logging_mixin.py:190} INFO - [2025-11-06T03:17:11.874+0000] {dagbag.py:587} INFO - Filling up the DagBag from /opt/airflow/dags/train_predict_v2.py
[2025-11-06T03:17:11.889+0000] {processor.py:925} INFO - DAG(s) 'lab_forecast_dag' retrieved from /opt/airflow/dags/train_predict_v2.py
[2025-11-06T03:17:11.913+0000] {logging_mixin.py:190} INFO - [2025-11-06T03:17:11.913+0000] {dag.py:3229} INFO - Sync 1 DAGs
[2025-11-06T03:17:11.928+0000] {logging_mixin.py:190} INFO - [2025-11-06T03:17:11.927+0000] {dag.py:4156} INFO - Setting next_dagrun for lab_forecast_dag to None, run_after=None
[2025-11-06T03:17:11.936+0000] {processor.py:208} INFO - Processing /opt/airflow/dags/train_predict_v2.py took 0.074 seconds
[2025-11-06T03:17:42.377+0000] {processor.py:186} INFO - Started process (PID=95466) to work on /opt/airflow/dags/train_predict_v2.py
[2025-11-06T03:17:42.377+0000] {processor.py:914} INFO - Processing file /opt/airflow/dags/train_predict_v2.py for tasks to queue
[2025-11-06T03:17:42.378+0000] {logging_mixin.py:190} INFO - [2025-11-06T03:17:42.378+0000] {dagbag.py:587} INFO - Filling up the DagBag from /opt/airflow/dags/train_predict_v2.py
[2025-11-06T03:17:42.384+0000] {processor.py:925} INFO - DAG(s) 'lab_forecast_dag' retrieved from /opt/airflow/dags/train_predict_v2.py
[2025-11-06T03:17:42.402+0000] {logging_mixin.py:190} INFO - [2025-11-06T03:17:42.402+0000] {dag.py:3229} INFO - Sync 1 DAGs
[2025-11-06T03:17:42.412+0000] {logging_mixin.py:190} INFO - [2025-11-06T03:17:42.412+0000] {dag.py:4156} INFO - Setting next_dagrun for lab_forecast_dag to None, run_after=None
[2025-11-06T03:17:42.418+0000] {processor.py:208} INFO - Processing /opt/airflow/dags/train_predict_v2.py took 0.045 seconds
[2025-11-06T03:18:12.877+0000] {processor.py:186} INFO - Started process (PID=95497) to work on /opt/airflow/dags/train_predict_v2.py
[2025-11-06T03:18:12.877+0000] {processor.py:914} INFO - Processing file /opt/airflow/dags/train_predict_v2.py for tasks to queue
[2025-11-06T03:18:12.881+0000] {logging_mixin.py:190} INFO - [2025-11-06T03:18:12.881+0000] {dagbag.py:587} INFO - Filling up the DagBag from /opt/airflow/dags/train_predict_v2.py
[2025-11-06T03:18:12.888+0000] {processor.py:925} INFO - DAG(s) 'lab_forecast_dag' retrieved from /opt/airflow/dags/train_predict_v2.py
[2025-11-06T03:18:12.899+0000] {logging_mixin.py:190} INFO - [2025-11-06T03:18:12.899+0000] {dag.py:3229} INFO - Sync 1 DAGs
[2025-11-06T03:18:12.906+0000] {logging_mixin.py:190} INFO - [2025-11-06T03:18:12.906+0000] {dag.py:4156} INFO - Setting next_dagrun for lab_forecast_dag to None, run_after=None
[2025-11-06T03:18:12.918+0000] {processor.py:208} INFO - Processing /opt/airflow/dags/train_predict_v2.py took 0.046 seconds
[2025-11-06T03:18:43.193+0000] {processor.py:186} INFO - Started process (PID=95528) to work on /opt/airflow/dags/train_predict_v2.py
[2025-11-06T03:18:43.194+0000] {processor.py:914} INFO - Processing file /opt/airflow/dags/train_predict_v2.py for tasks to queue
[2025-11-06T03:18:43.195+0000] {logging_mixin.py:190} INFO - [2025-11-06T03:18:43.195+0000] {dagbag.py:587} INFO - Filling up the DagBag from /opt/airflow/dags/train_predict_v2.py
[2025-11-06T03:18:43.204+0000] {processor.py:925} INFO - DAG(s) 'lab_forecast_dag' retrieved from /opt/airflow/dags/train_predict_v2.py
[2025-11-06T03:18:43.215+0000] {logging_mixin.py:190} INFO - [2025-11-06T03:18:43.214+0000] {dag.py:3229} INFO - Sync 1 DAGs
[2025-11-06T03:18:43.225+0000] {logging_mixin.py:190} INFO - [2025-11-06T03:18:43.224+0000] {dag.py:4156} INFO - Setting next_dagrun for lab_forecast_dag to None, run_after=None
[2025-11-06T03:18:43.231+0000] {processor.py:208} INFO - Processing /opt/airflow/dags/train_predict_v2.py took 0.043 seconds
[2025-11-06T03:19:14.108+0000] {processor.py:186} INFO - Started process (PID=95559) to work on /opt/airflow/dags/train_predict_v2.py
[2025-11-06T03:19:14.109+0000] {processor.py:914} INFO - Processing file /opt/airflow/dags/train_predict_v2.py for tasks to queue
[2025-11-06T03:19:14.110+0000] {logging_mixin.py:190} INFO - [2025-11-06T03:19:14.109+0000] {dagbag.py:587} INFO - Filling up the DagBag from /opt/airflow/dags/train_predict_v2.py
[2025-11-06T03:19:14.114+0000] {processor.py:925} INFO - DAG(s) 'lab_forecast_dag' retrieved from /opt/airflow/dags/train_predict_v2.py
[2025-11-06T03:19:14.129+0000] {logging_mixin.py:190} INFO - [2025-11-06T03:19:14.129+0000] {dag.py:3229} INFO - Sync 1 DAGs
[2025-11-06T03:19:14.139+0000] {logging_mixin.py:190} INFO - [2025-11-06T03:19:14.139+0000] {dag.py:4156} INFO - Setting next_dagrun for lab_forecast_dag to None, run_after=None
[2025-11-06T03:19:14.152+0000] {processor.py:208} INFO - Processing /opt/airflow/dags/train_predict_v2.py took 0.048 seconds
[2025-11-06T03:19:44.934+0000] {processor.py:186} INFO - Started process (PID=95590) to work on /opt/airflow/dags/train_predict_v2.py
[2025-11-06T03:19:44.939+0000] {processor.py:914} INFO - Processing file /opt/airflow/dags/train_predict_v2.py for tasks to queue
[2025-11-06T03:19:44.942+0000] {logging_mixin.py:190} INFO - [2025-11-06T03:19:44.942+0000] {dagbag.py:587} INFO - Filling up the DagBag from /opt/airflow/dags/train_predict_v2.py
[2025-11-06T03:19:44.951+0000] {processor.py:925} INFO - DAG(s) 'lab_forecast_dag' retrieved from /opt/airflow/dags/train_predict_v2.py
[2025-11-06T03:19:44.970+0000] {logging_mixin.py:190} INFO - [2025-11-06T03:19:44.970+0000] {dag.py:3229} INFO - Sync 1 DAGs
[2025-11-06T03:19:44.986+0000] {logging_mixin.py:190} INFO - [2025-11-06T03:19:44.986+0000] {dag.py:4156} INFO - Setting next_dagrun for lab_forecast_dag to None, run_after=None
[2025-11-06T03:19:45.002+0000] {processor.py:208} INFO - Processing /opt/airflow/dags/train_predict_v2.py took 0.074 seconds
[2025-11-06T03:20:15.864+0000] {processor.py:186} INFO - Started process (PID=95621) to work on /opt/airflow/dags/train_predict_v2.py
[2025-11-06T03:20:15.865+0000] {processor.py:914} INFO - Processing file /opt/airflow/dags/train_predict_v2.py for tasks to queue
[2025-11-06T03:20:15.867+0000] {logging_mixin.py:190} INFO - [2025-11-06T03:20:15.866+0000] {dagbag.py:587} INFO - Filling up the DagBag from /opt/airflow/dags/train_predict_v2.py
[2025-11-06T03:20:15.876+0000] {processor.py:925} INFO - DAG(s) 'lab_forecast_dag' retrieved from /opt/airflow/dags/train_predict_v2.py
[2025-11-06T03:20:15.901+0000] {logging_mixin.py:190} INFO - [2025-11-06T03:20:15.900+0000] {dag.py:3229} INFO - Sync 1 DAGs
[2025-11-06T03:20:15.912+0000] {logging_mixin.py:190} INFO - [2025-11-06T03:20:15.912+0000] {dag.py:4156} INFO - Setting next_dagrun for lab_forecast_dag to None, run_after=None
[2025-11-06T03:20:15.925+0000] {processor.py:208} INFO - Processing /opt/airflow/dags/train_predict_v2.py took 0.067 seconds
[2025-11-06T03:20:46.803+0000] {processor.py:186} INFO - Started process (PID=95652) to work on /opt/airflow/dags/train_predict_v2.py
[2025-11-06T03:20:46.806+0000] {processor.py:914} INFO - Processing file /opt/airflow/dags/train_predict_v2.py for tasks to queue
[2025-11-06T03:20:46.807+0000] {logging_mixin.py:190} INFO - [2025-11-06T03:20:46.807+0000] {dagbag.py:587} INFO - Filling up the DagBag from /opt/airflow/dags/train_predict_v2.py
[2025-11-06T03:20:46.816+0000] {processor.py:925} INFO - DAG(s) 'lab_forecast_dag' retrieved from /opt/airflow/dags/train_predict_v2.py
[2025-11-06T03:20:46.827+0000] {logging_mixin.py:190} INFO - [2025-11-06T03:20:46.827+0000] {dag.py:3229} INFO - Sync 1 DAGs
[2025-11-06T03:20:46.834+0000] {logging_mixin.py:190} INFO - [2025-11-06T03:20:46.834+0000] {dag.py:4156} INFO - Setting next_dagrun for lab_forecast_dag to None, run_after=None
[2025-11-06T03:20:46.841+0000] {processor.py:208} INFO - Processing /opt/airflow/dags/train_predict_v2.py took 0.043 seconds
[2025-11-06T03:21:17.728+0000] {processor.py:186} INFO - Started process (PID=95683) to work on /opt/airflow/dags/train_predict_v2.py
[2025-11-06T03:21:17.729+0000] {processor.py:914} INFO - Processing file /opt/airflow/dags/train_predict_v2.py for tasks to queue
[2025-11-06T03:21:17.730+0000] {logging_mixin.py:190} INFO - [2025-11-06T03:21:17.730+0000] {dagbag.py:587} INFO - Filling up the DagBag from /opt/airflow/dags/train_predict_v2.py
[2025-11-06T03:21:17.743+0000] {processor.py:925} INFO - DAG(s) 'lab_forecast_dag' retrieved from /opt/airflow/dags/train_predict_v2.py
[2025-11-06T03:21:17.760+0000] {logging_mixin.py:190} INFO - [2025-11-06T03:21:17.760+0000] {dag.py:3229} INFO - Sync 1 DAGs
[2025-11-06T03:21:17.775+0000] {logging_mixin.py:190} INFO - [2025-11-06T03:21:17.775+0000] {dag.py:4156} INFO - Setting next_dagrun for lab_forecast_dag to None, run_after=None
[2025-11-06T03:21:17.788+0000] {processor.py:208} INFO - Processing /opt/airflow/dags/train_predict_v2.py took 0.071 seconds
[2025-11-06T03:21:48.602+0000] {processor.py:186} INFO - Started process (PID=95714) to work on /opt/airflow/dags/train_predict_v2.py
[2025-11-06T03:21:48.603+0000] {processor.py:914} INFO - Processing file /opt/airflow/dags/train_predict_v2.py for tasks to queue
[2025-11-06T03:21:48.604+0000] {logging_mixin.py:190} INFO - [2025-11-06T03:21:48.603+0000] {dagbag.py:587} INFO - Filling up the DagBag from /opt/airflow/dags/train_predict_v2.py
[2025-11-06T03:21:48.614+0000] {processor.py:925} INFO - DAG(s) 'lab_forecast_dag' retrieved from /opt/airflow/dags/train_predict_v2.py
[2025-11-06T03:21:48.624+0000] {logging_mixin.py:190} INFO - [2025-11-06T03:21:48.623+0000] {dag.py:3229} INFO - Sync 1 DAGs
[2025-11-06T03:21:48.630+0000] {logging_mixin.py:190} INFO - [2025-11-06T03:21:48.630+0000] {dag.py:4156} INFO - Setting next_dagrun for lab_forecast_dag to None, run_after=None
[2025-11-06T03:21:48.636+0000] {processor.py:208} INFO - Processing /opt/airflow/dags/train_predict_v2.py took 0.038 seconds
[2025-11-06T03:22:19.434+0000] {processor.py:186} INFO - Started process (PID=95745) to work on /opt/airflow/dags/train_predict_v2.py
[2025-11-06T03:22:19.438+0000] {processor.py:914} INFO - Processing file /opt/airflow/dags/train_predict_v2.py for tasks to queue
[2025-11-06T03:22:19.439+0000] {logging_mixin.py:190} INFO - [2025-11-06T03:22:19.439+0000] {dagbag.py:587} INFO - Filling up the DagBag from /opt/airflow/dags/train_predict_v2.py
[2025-11-06T03:22:19.445+0000] {processor.py:925} INFO - DAG(s) 'lab_forecast_dag' retrieved from /opt/airflow/dags/train_predict_v2.py
[2025-11-06T03:22:19.455+0000] {logging_mixin.py:190} INFO - [2025-11-06T03:22:19.455+0000] {dag.py:3229} INFO - Sync 1 DAGs
[2025-11-06T03:22:19.461+0000] {logging_mixin.py:190} INFO - [2025-11-06T03:22:19.461+0000] {dag.py:4156} INFO - Setting next_dagrun for lab_forecast_dag to None, run_after=None
[2025-11-06T03:22:19.467+0000] {processor.py:208} INFO - Processing /opt/airflow/dags/train_predict_v2.py took 0.037 seconds
[2025-11-06T03:22:50.243+0000] {processor.py:186} INFO - Started process (PID=95776) to work on /opt/airflow/dags/train_predict_v2.py
[2025-11-06T03:22:50.244+0000] {processor.py:914} INFO - Processing file /opt/airflow/dags/train_predict_v2.py for tasks to queue
[2025-11-06T03:22:50.244+0000] {logging_mixin.py:190} INFO - [2025-11-06T03:22:50.244+0000] {dagbag.py:587} INFO - Filling up the DagBag from /opt/airflow/dags/train_predict_v2.py
[2025-11-06T03:22:50.249+0000] {processor.py:925} INFO - DAG(s) 'lab_forecast_dag' retrieved from /opt/airflow/dags/train_predict_v2.py
[2025-11-06T03:22:50.259+0000] {logging_mixin.py:190} INFO - [2025-11-06T03:22:50.259+0000] {dag.py:3229} INFO - Sync 1 DAGs
[2025-11-06T03:22:50.266+0000] {logging_mixin.py:190} INFO - [2025-11-06T03:22:50.266+0000] {dag.py:4156} INFO - Setting next_dagrun for lab_forecast_dag to None, run_after=None
[2025-11-06T03:22:50.274+0000] {processor.py:208} INFO - Processing /opt/airflow/dags/train_predict_v2.py took 0.033 seconds
[2025-11-06T03:23:21.039+0000] {processor.py:186} INFO - Started process (PID=95807) to work on /opt/airflow/dags/train_predict_v2.py
[2025-11-06T03:23:21.040+0000] {processor.py:914} INFO - Processing file /opt/airflow/dags/train_predict_v2.py for tasks to queue
[2025-11-06T03:23:21.040+0000] {logging_mixin.py:190} INFO - [2025-11-06T03:23:21.040+0000] {dagbag.py:587} INFO - Filling up the DagBag from /opt/airflow/dags/train_predict_v2.py
[2025-11-06T03:23:21.045+0000] {processor.py:925} INFO - DAG(s) 'lab_forecast_dag' retrieved from /opt/airflow/dags/train_predict_v2.py
[2025-11-06T03:23:21.054+0000] {logging_mixin.py:190} INFO - [2025-11-06T03:23:21.054+0000] {dag.py:3229} INFO - Sync 1 DAGs
[2025-11-06T03:23:21.060+0000] {logging_mixin.py:190} INFO - [2025-11-06T03:23:21.060+0000] {dag.py:4156} INFO - Setting next_dagrun for lab_forecast_dag to None, run_after=None
[2025-11-06T03:23:21.065+0000] {processor.py:208} INFO - Processing /opt/airflow/dags/train_predict_v2.py took 0.028 seconds
[2025-11-06T03:23:51.890+0000] {processor.py:186} INFO - Started process (PID=95838) to work on /opt/airflow/dags/train_predict_v2.py
[2025-11-06T03:23:51.891+0000] {processor.py:914} INFO - Processing file /opt/airflow/dags/train_predict_v2.py for tasks to queue
[2025-11-06T03:23:51.892+0000] {logging_mixin.py:190} INFO - [2025-11-06T03:23:51.892+0000] {dagbag.py:587} INFO - Filling up the DagBag from /opt/airflow/dags/train_predict_v2.py
[2025-11-06T03:23:51.899+0000] {processor.py:925} INFO - DAG(s) 'lab_forecast_dag' retrieved from /opt/airflow/dags/train_predict_v2.py
[2025-11-06T03:23:51.910+0000] {logging_mixin.py:190} INFO - [2025-11-06T03:23:51.910+0000] {dag.py:3229} INFO - Sync 1 DAGs
[2025-11-06T03:23:51.917+0000] {logging_mixin.py:190} INFO - [2025-11-06T03:23:51.916+0000] {dag.py:4156} INFO - Setting next_dagrun for lab_forecast_dag to None, run_after=None
[2025-11-06T03:23:51.923+0000] {processor.py:208} INFO - Processing /opt/airflow/dags/train_predict_v2.py took 0.037 seconds
[2025-11-06T03:24:22.724+0000] {processor.py:186} INFO - Started process (PID=95869) to work on /opt/airflow/dags/train_predict_v2.py
[2025-11-06T03:24:22.725+0000] {processor.py:914} INFO - Processing file /opt/airflow/dags/train_predict_v2.py for tasks to queue
[2025-11-06T03:24:22.725+0000] {logging_mixin.py:190} INFO - [2025-11-06T03:24:22.725+0000] {dagbag.py:587} INFO - Filling up the DagBag from /opt/airflow/dags/train_predict_v2.py
[2025-11-06T03:24:22.736+0000] {processor.py:925} INFO - DAG(s) 'lab_forecast_dag' retrieved from /opt/airflow/dags/train_predict_v2.py
[2025-11-06T03:24:22.747+0000] {logging_mixin.py:190} INFO - [2025-11-06T03:24:22.747+0000] {dag.py:3229} INFO - Sync 1 DAGs
[2025-11-06T03:24:22.755+0000] {logging_mixin.py:190} INFO - [2025-11-06T03:24:22.755+0000] {dag.py:4156} INFO - Setting next_dagrun for lab_forecast_dag to None, run_after=None
[2025-11-06T03:24:22.761+0000] {processor.py:208} INFO - Processing /opt/airflow/dags/train_predict_v2.py took 0.042 seconds
[2025-11-06T03:24:53.607+0000] {processor.py:186} INFO - Started process (PID=95900) to work on /opt/airflow/dags/train_predict_v2.py
[2025-11-06T03:24:53.608+0000] {processor.py:914} INFO - Processing file /opt/airflow/dags/train_predict_v2.py for tasks to queue
[2025-11-06T03:24:53.609+0000] {logging_mixin.py:190} INFO - [2025-11-06T03:24:53.609+0000] {dagbag.py:587} INFO - Filling up the DagBag from /opt/airflow/dags/train_predict_v2.py
[2025-11-06T03:24:53.615+0000] {processor.py:925} INFO - DAG(s) 'lab_forecast_dag' retrieved from /opt/airflow/dags/train_predict_v2.py
[2025-11-06T03:24:53.627+0000] {logging_mixin.py:190} INFO - [2025-11-06T03:24:53.627+0000] {dag.py:3229} INFO - Sync 1 DAGs
[2025-11-06T03:24:53.634+0000] {logging_mixin.py:190} INFO - [2025-11-06T03:24:53.634+0000] {dag.py:4156} INFO - Setting next_dagrun for lab_forecast_dag to None, run_after=None
[2025-11-06T03:24:53.639+0000] {processor.py:208} INFO - Processing /opt/airflow/dags/train_predict_v2.py took 0.037 seconds
[2025-11-06T03:25:23.709+0000] {processor.py:186} INFO - Started process (PID=95928) to work on /opt/airflow/dags/train_predict_v2.py
[2025-11-06T03:25:23.709+0000] {processor.py:914} INFO - Processing file /opt/airflow/dags/train_predict_v2.py for tasks to queue
[2025-11-06T03:25:23.710+0000] {logging_mixin.py:190} INFO - [2025-11-06T03:25:23.710+0000] {dagbag.py:587} INFO - Filling up the DagBag from /opt/airflow/dags/train_predict_v2.py
[2025-11-06T03:25:23.717+0000] {processor.py:925} INFO - DAG(s) 'lab_forecast_dag' retrieved from /opt/airflow/dags/train_predict_v2.py
[2025-11-06T03:25:23.731+0000] {logging_mixin.py:190} INFO - [2025-11-06T03:25:23.731+0000] {dag.py:3229} INFO - Sync 1 DAGs
[2025-11-06T03:25:23.737+0000] {logging_mixin.py:190} INFO - [2025-11-06T03:25:23.737+0000] {dag.py:4156} INFO - Setting next_dagrun for lab_forecast_dag to None, run_after=None
[2025-11-06T03:25:23.744+0000] {processor.py:208} INFO - Processing /opt/airflow/dags/train_predict_v2.py took 0.041 seconds
[2025-11-06T03:25:54.503+0000] {processor.py:186} INFO - Started process (PID=95959) to work on /opt/airflow/dags/train_predict_v2.py
[2025-11-06T03:25:54.504+0000] {processor.py:914} INFO - Processing file /opt/airflow/dags/train_predict_v2.py for tasks to queue
[2025-11-06T03:25:54.505+0000] {logging_mixin.py:190} INFO - [2025-11-06T03:25:54.505+0000] {dagbag.py:587} INFO - Filling up the DagBag from /opt/airflow/dags/train_predict_v2.py
[2025-11-06T03:25:54.513+0000] {processor.py:925} INFO - DAG(s) 'lab_forecast_dag' retrieved from /opt/airflow/dags/train_predict_v2.py
[2025-11-06T03:25:54.527+0000] {logging_mixin.py:190} INFO - [2025-11-06T03:25:54.527+0000] {dag.py:3229} INFO - Sync 1 DAGs
[2025-11-06T03:25:54.535+0000] {logging_mixin.py:190} INFO - [2025-11-06T03:25:54.534+0000] {dag.py:4156} INFO - Setting next_dagrun for lab_forecast_dag to None, run_after=None
[2025-11-06T03:25:54.541+0000] {processor.py:208} INFO - Processing /opt/airflow/dags/train_predict_v2.py took 0.044 seconds
[2025-11-06T03:26:25.362+0000] {processor.py:186} INFO - Started process (PID=95990) to work on /opt/airflow/dags/train_predict_v2.py
[2025-11-06T03:26:25.362+0000] {processor.py:914} INFO - Processing file /opt/airflow/dags/train_predict_v2.py for tasks to queue
[2025-11-06T03:26:25.363+0000] {logging_mixin.py:190} INFO - [2025-11-06T03:26:25.363+0000] {dagbag.py:587} INFO - Filling up the DagBag from /opt/airflow/dags/train_predict_v2.py
[2025-11-06T03:26:25.370+0000] {processor.py:925} INFO - DAG(s) 'lab_forecast_dag' retrieved from /opt/airflow/dags/train_predict_v2.py
[2025-11-06T03:26:25.383+0000] {logging_mixin.py:190} INFO - [2025-11-06T03:26:25.383+0000] {dag.py:3229} INFO - Sync 1 DAGs
[2025-11-06T03:26:25.389+0000] {logging_mixin.py:190} INFO - [2025-11-06T03:26:25.389+0000] {dag.py:4156} INFO - Setting next_dagrun for lab_forecast_dag to None, run_after=None
[2025-11-06T03:26:25.396+0000] {processor.py:208} INFO - Processing /opt/airflow/dags/train_predict_v2.py took 0.040 seconds
