[2025-10-29T02:50:04.893+0000] {local_task_job_runner.py:123} INFO - ::group::Pre task execution logs
[2025-10-29T02:50:04.898+0000] {taskinstance.py:2612} INFO - Dependencies all met for dep_context=non-requeueable deps ti=<TaskInstance: ETL_DAG.create_table_load scheduled__2025-10-28T02:45:00+00:00 [queued]>
[2025-10-29T02:50:04.900+0000] {taskinstance.py:2612} INFO - Dependencies all met for dep_context=requeueable deps ti=<TaskInstance: ETL_DAG.create_table_load scheduled__2025-10-28T02:45:00+00:00 [queued]>
[2025-10-29T02:50:04.900+0000] {taskinstance.py:2865} INFO - Starting attempt 1 of 1
[2025-10-29T02:50:04.903+0000] {taskinstance.py:2888} INFO - Executing <Task(_PythonDecoratedOperator): create_table_load> on 2025-10-28 02:45:00+00:00
[2025-10-29T02:50:04.906+0000] {logging_mixin.py:190} WARNING - /home/***/.local/lib/python3.12/site-packages/***/task/task_runner/standard_task_runner.py:70 DeprecationWarning: This process (pid=16674) is multi-threaded, use of fork() may lead to deadlocks in the child.
[2025-10-29T02:50:04.906+0000] {standard_task_runner.py:104} INFO - Running: ['***', 'tasks', 'run', 'ETL_DAG', 'create_table_load', 'scheduled__2025-10-28T02:45:00+00:00', '--job-id', '145', '--raw', '--subdir', 'DAGS_FOLDER/homework6_etl.py', '--cfg-path', '/tmp/tmpsnmshctq']
[2025-10-29T02:50:04.906+0000] {standard_task_runner.py:72} INFO - Started process 16696 to run task
[2025-10-29T02:50:04.907+0000] {standard_task_runner.py:105} INFO - Job 145: Subtask create_table_load
[2025-10-29T02:50:04.924+0000] {task_command.py:467} INFO - Running <TaskInstance: ETL_DAG.create_table_load scheduled__2025-10-28T02:45:00+00:00 [running]> on host ccfe9eddc1e8
[2025-10-29T02:50:04.952+0000] {taskinstance.py:3131} INFO - Exporting env vars: AIRFLOW_CTX_DAG_OWNER='***' AIRFLOW_CTX_DAG_ID='ETL_DAG' AIRFLOW_CTX_TASK_ID='create_table_load' AIRFLOW_CTX_EXECUTION_DATE='2025-10-28T02:45:00+00:00' AIRFLOW_CTX_TRY_NUMBER='1' AIRFLOW_CTX_DAG_RUN_ID='scheduled__2025-10-28T02:45:00+00:00'
[2025-10-29T02:50:04.952+0000] {taskinstance.py:731} INFO - ::endgroup::
[2025-10-29T02:50:05.203+0000] {cursor.py:1156} INFO - Number of results in first chunk: 1
[2025-10-29T02:50:05.357+0000] {cursor.py:1156} INFO - Number of results in first chunk: 1
[2025-10-29T02:50:05.453+0000] {cursor.py:1156} INFO - Number of results in first chunk: 1
[2025-10-29T02:50:05.676+0000] {cursor.py:1156} INFO - Number of results in first chunk: 1
[2025-10-29T02:50:07.916+0000] {cursor.py:1156} INFO - Number of results in first chunk: 1
[2025-10-29T02:50:08.621+0000] {cursor.py:1156} INFO - Number of results in first chunk: 1
[2025-10-29T02:50:08.875+0000] {cursor.py:1156} INFO - Number of results in first chunk: 1
[2025-10-29T02:50:08.876+0000] {logging_mixin.py:190} INFO - Tables created successfully
[2025-10-29T02:50:08.876+0000] {logging_mixin.py:190} INFO - Data loaded successfully
[2025-10-29T02:50:08.877+0000] {python.py:240} INFO - Done. Returned value was: None
[2025-10-29T02:50:08.890+0000] {taskinstance.py:340} INFO - ::group::Post task execution logs
[2025-10-29T02:50:08.890+0000] {taskinstance.py:352} INFO - Marking task as SUCCESS. dag_id=ETL_DAG, task_id=create_table_load, run_id=scheduled__2025-10-28T02:45:00+00:00, execution_date=20251028T024500, start_date=20251029T025004, end_date=20251029T025008
[2025-10-29T02:50:08.931+0000] {local_task_job_runner.py:266} INFO - Task exited with return code 0
[2025-10-29T02:50:08.943+0000] {taskinstance.py:3900} INFO - 0 downstream tasks scheduled from follow-on schedule check
[2025-10-29T02:50:08.943+0000] {local_task_job_runner.py:245} INFO - ::endgroup::
