[2025-11-25T10:58:04.250+0000] {local_task_job_runner.py:123} INFO - ::group::Pre task execution logs
[2025-11-25T10:58:04.289+0000] {taskinstance.py:2612} INFO - Dependencies all met for dep_context=non-requeueable deps ti=<TaskInstance: dbt_stock_analytics.dbt_run manual__2025-11-25T10:53:02.052750+00:00 [queued]>
[2025-11-25T10:58:04.296+0000] {taskinstance.py:2612} INFO - Dependencies all met for dep_context=requeueable deps ti=<TaskInstance: dbt_stock_analytics.dbt_run manual__2025-11-25T10:53:02.052750+00:00 [queued]>
[2025-11-25T10:58:04.296+0000] {taskinstance.py:2865} INFO - Starting attempt 2 of 2
[2025-11-25T10:58:04.310+0000] {taskinstance.py:2888} INFO - Executing <Task(BashOperator): dbt_run> on 2025-11-25 10:53:02.052750+00:00
[2025-11-25T10:58:04.314+0000] {standard_task_runner.py:104} INFO - Running: ['***', 'tasks', 'run', 'dbt_stock_analytics', 'dbt_run', 'manual__2025-11-25T10:53:02.052750+00:00', '--job-id', '27', '--raw', '--subdir', 'DAGS_FOLDER/dbt_stock_analytics_lab2.py', '--cfg-path', '/tmp/tmp26viycpd']
[2025-11-25T10:58:04.315+0000] {standard_task_runner.py:105} INFO - Job 27: Subtask dbt_run
[2025-11-25T10:58:04.316+0000] {logging_mixin.py:190} WARNING - /home/***/.local/lib/python3.12/site-packages/***/task/task_runner/standard_task_runner.py:70 DeprecationWarning: This process (pid=7578) is multi-threaded, use of fork() may lead to deadlocks in the child.
[2025-11-25T10:58:04.316+0000] {standard_task_runner.py:72} INFO - Started process 7579 to run task
[2025-11-25T10:58:04.428+0000] {task_command.py:467} INFO - Running <TaskInstance: dbt_stock_analytics.dbt_run manual__2025-11-25T10:53:02.052750+00:00 [running]> on host 42ac9fe1c2d2
[2025-11-25T10:58:04.596+0000] {taskinstance.py:3131} INFO - Exporting env vars: AIRFLOW_CTX_DAG_OWNER='***' AIRFLOW_CTX_DAG_ID='dbt_stock_analytics' AIRFLOW_CTX_TASK_ID='dbt_run' AIRFLOW_CTX_EXECUTION_DATE='2025-11-25T10:53:02.052750+00:00' AIRFLOW_CTX_TRY_NUMBER='2' AIRFLOW_CTX_DAG_RUN_ID='manual__2025-11-25T10:53:02.052750+00:00'
[2025-11-25T10:58:04.596+0000] {taskinstance.py:731} INFO - ::endgroup::
[2025-11-25T10:58:04.605+0000] {subprocess.py:63} INFO - Tmp dir root location: /tmp
[2025-11-25T10:58:04.606+0000] {subprocess.py:75} INFO - Running command: ['/usr/bin/bash', '-c', 'cd /opt/***/dbt/stock_analytics && dbt run']
[2025-11-25T10:58:04.610+0000] {subprocess.py:86} INFO - Output:
[2025-11-25T10:58:06.160+0000] {subprocess.py:93} INFO - [0m10:58:06  Running with dbt=1.8.8
[2025-11-25T10:58:07.073+0000] {subprocess.py:93} INFO - [0m10:58:07  Registered adapter: snowflake=1.8.4
[2025-11-25T10:58:07.304+0000] {subprocess.py:93} INFO - [0m10:58:07  Found 2 models, 1 snapshot, 8 data tests, 1 source, 455 macros
[2025-11-25T10:58:07.306+0000] {subprocess.py:93} INFO - [0m10:58:07
[2025-11-25T10:58:08.992+0000] {subprocess.py:93} INFO - [0m10:58:08  Concurrency: 4 threads (target='dev')
[2025-11-25T10:58:08.992+0000] {subprocess.py:93} INFO - [0m10:58:08
[2025-11-25T10:58:09.006+0000] {subprocess.py:93} INFO - [0m10:58:09  1 of 2 START sql view model ANALYTICS.stg_stock_data ........................... [RUN]
[2025-11-25T10:58:09.955+0000] {subprocess.py:93} INFO - [0m10:58:09  1 of 2 OK created sql view model ANALYTICS.stg_stock_data ...................... [[32mSUCCESS 1[0m in 0.94s]
[2025-11-25T10:58:09.964+0000] {subprocess.py:93} INFO - [0m10:58:09  2 of 2 START sql view model ANALYTICS.fct_stock_metrics ........................ [RUN]
[2025-11-25T10:58:10.601+0000] {subprocess.py:93} INFO - [0m10:58:10  2 of 2 OK created sql view model ANALYTICS.fct_stock_metrics ................... [[32mSUCCESS 1[0m in 0.64s]
[2025-11-25T10:58:10.606+0000] {subprocess.py:93} INFO - [0m10:58:10
[2025-11-25T10:58:10.606+0000] {subprocess.py:93} INFO - [0m10:58:10  Finished running 2 view models in 0 hours 0 minutes and 3.30 seconds (3.30s).
[2025-11-25T10:58:10.639+0000] {subprocess.py:93} INFO - [0m10:58:10
[2025-11-25T10:58:10.640+0000] {subprocess.py:93} INFO - [0m10:58:10  [32mCompleted successfully[0m
[2025-11-25T10:58:10.640+0000] {subprocess.py:93} INFO - [0m10:58:10
[2025-11-25T10:58:10.641+0000] {subprocess.py:93} INFO - [0m10:58:10  Done. PASS=2 WARN=0 ERROR=0 SKIP=0 TOTAL=2
[2025-11-25T10:58:11.314+0000] {subprocess.py:97} INFO - Command exited with return code 0
[2025-11-25T10:58:11.399+0000] {taskinstance.py:340} INFO - ::group::Post task execution logs
[2025-11-25T10:58:11.400+0000] {taskinstance.py:352} INFO - Marking task as SUCCESS. dag_id=dbt_stock_analytics, task_id=dbt_run, run_id=manual__2025-11-25T10:53:02.052750+00:00, execution_date=20251125T105302, start_date=20251125T105804, end_date=20251125T105811
[2025-11-25T10:58:11.461+0000] {local_task_job_runner.py:266} INFO - Task exited with return code 0
[2025-11-25T10:58:11.522+0000] {taskinstance.py:3900} INFO - 1 downstream tasks scheduled from follow-on schedule check
[2025-11-25T10:58:11.524+0000] {local_task_job_runner.py:245} INFO - ::endgroup::
