[2025-10-07T05:58:10.531+0000] {local_task_job_runner.py:123} INFO - ::group::Pre task execution logs
[2025-10-07T05:58:10.538+0000] {taskinstance.py:2612} INFO - Dependencies all met for dep_context=non-requeueable deps ti=<TaskInstance: Snowflake_Stock_Price_DAG.return_last_90d_price scheduled__2025-10-06T02:30:00+00:00 [queued]>
[2025-10-07T05:58:10.540+0000] {taskinstance.py:2612} INFO - Dependencies all met for dep_context=requeueable deps ti=<TaskInstance: Snowflake_Stock_Price_DAG.return_last_90d_price scheduled__2025-10-06T02:30:00+00:00 [queued]>
[2025-10-07T05:58:10.541+0000] {taskinstance.py:2865} INFO - Starting attempt 1 of 1
[2025-10-07T05:58:10.544+0000] {taskinstance.py:2888} INFO - Executing <Task(_PythonDecoratedOperator): return_last_90d_price> on 2025-10-06 02:30:00+00:00
[2025-10-07T05:58:10.549+0000] {logging_mixin.py:190} WARNING - /home/***/.local/lib/python3.12/site-packages/***/task/task_runner/standard_task_runner.py:70 DeprecationWarning: This process (pid=18564) is multi-threaded, use of fork() may lead to deadlocks in the child.
[2025-10-07T05:58:10.549+0000] {standard_task_runner.py:72} INFO - Started process 18570 to run task
[2025-10-07T05:58:10.549+0000] {standard_task_runner.py:104} INFO - Running: ['***', 'tasks', 'run', 'Snowflake_Stock_Price_DAG', 'return_last_90d_price', 'scheduled__2025-10-06T02:30:00+00:00', '--job-id', '38', '--raw', '--subdir', 'DAGS_FOLDER/train_predict.py', '--cfg-path', '/tmp/tmp1ch9blsr']
[2025-10-07T05:58:10.550+0000] {standard_task_runner.py:105} INFO - Job 38: Subtask return_last_90d_price
[2025-10-07T05:58:10.573+0000] {task_command.py:467} INFO - Running <TaskInstance: Snowflake_Stock_Price_DAG.return_last_90d_price scheduled__2025-10-06T02:30:00+00:00 [running]> on host ccfe9eddc1e8
[2025-10-07T05:58:10.605+0000] {taskinstance.py:3131} INFO - Exporting env vars: AIRFLOW_CTX_DAG_OWNER='***' AIRFLOW_CTX_DAG_ID='Snowflake_Stock_Price_DAG' AIRFLOW_CTX_TASK_ID='return_last_90d_price' AIRFLOW_CTX_EXECUTION_DATE='2025-10-06T02:30:00+00:00' AIRFLOW_CTX_TRY_NUMBER='1' AIRFLOW_CTX_DAG_RUN_ID='scheduled__2025-10-06T02:30:00+00:00'
[2025-10-07T05:58:10.607+0000] {taskinstance.py:731} INFO - ::endgroup::
[2025-10-07T05:58:10.776+0000] {python.py:240} INFO - Done. Returned value was: [{'date': '2025-10-06', '1. open': '240.3600', '2. high': '245.7589', '3. low': '239.5000', '4. close': '242.5200', '5. volume': '5131190'}, {'date': '2025-10-03', '1. open': '242.5000', '2. high': '242.5000', '3. low': '233.2400', '4. close': '235.0900', '5. volume': '4073676'}, {'date': '2025-10-02', '1. open': '235.0000', '2. high': '241.1169', '3. low': '234.0101', '4. close': '240.5400', '5. volume': '6623123'}, {'date': '2025-10-01', '1. open': '223.8800', '2. high': '231.8600', '3. low': '222.6400', '4. close': '230.5500', '5. volume': '4678325'}, {'date': '2025-09-30', '1. open': '225.8400', '2. high': '227.5000', '3. low': '221.5200', '4. close': '225.5500', '5. volume': '3420049'}, {'date': '2025-09-29', '1. open': '226.9400', '2. high': '230.3300', '3. low': '224.0700', '4. close': '225.2500', '5. volume': '4429088'}, {'date': '2025-09-26', '1. open': '222.3100', '2. high': '225.9709', '3. low': '220.2950', '4. close': '224.6400', '5. volume': '3014785'}, {'date': '2025-09-25', '1. open': '219.5000', '2. high': '225.4100', '3. low': '217.2700', '4. close': '221.6000', '5. volume': '3006175'}, {'date': '2025-09-24', '1. open': '226.8000', '2. high': '228.0600', '3. low': '221.1200', '4. close': '222.5700', '5. volume': '3259385'}, {'date': '2025-09-23', '1. open': '230.1600', '2. high': '231.4920', '3. low': '222.8800', '4. close': '223.5400', '5. volume': '4939267'}, {'date': '2025-09-22', '1. open': '228.9100', '2. high': '230.1299', '3. low': '225.3301', '4. close': '229.5400', '5. volume': '3217095'}, {'date': '2025-09-19', '1. open': '223.3100', '2. high': '231.9400', '3. low': '222.5701', '4. close': '230.4800', '5. volume': '7774901'}, {'date': '2025-09-18', '1. open': '219.9950', '2. high': '222.2500', '3. low': '218.5100', '4. close': '222.1100', '5. volume': '3752581'}, {'date': '2025-09-17', '1. open': '217.2000', '2. high': '219.0100', '3. low': '214.3000', '4. close': '217.9600', '5. volume': '4366339'}, {'date': '2025-09-16', '1. open': '221.2400', '2. high': '222.3450', '3. low': '215.9500', '4. close': '215.9500', '5. volume': '7212202'}, {'date': '2025-09-15', '1. open': '222.0150', '2. high': '228.5400', '3. low': '222.0150', '4. close': '225.7900', '5. volume': '3722267'}, {'date': '2025-09-12', '1. open': '224.5000', '2. high': '224.8150', '3. low': '220.8100', '4. close': '221.1500', '5. volume': '2634690'}, {'date': '2025-09-11', '1. open': '226.1100', '2. high': '228.6599', '3. low': '223.4110', '4. close': '224.5300', '5. volume': '4152549'}, {'date': '2025-09-10', '1. open': '229.9000', '2. high': '232.2100', '3. low': '224.0200', '4. close': '225.8500', '5. volume': '5142081'}, {'date': '2025-09-09', '1. open': '223.0000', '2. high': '225.8300', '3. low': '222.1000', '4. close': '225.5600', '5. volume': '3949406'}, {'date': '2025-09-08', '1. open': '226.8400', '2. high': '230.9500', '3. low': '225.9950', '4. close': '226.5200', '5. volume': '4519522'}, {'date': '2025-09-05', '1. open': '223.9200', '2. high': '226.5000', '3. low': '221.1900', '4. close': '225.5800', '5. volume': '5889395'}, {'date': '2025-09-04', '1. open': '222.7000', '2. high': '224.0500', '3. low': '215.0500', '4. close': '221.9000', '5. volume': '13279986'}, {'date': '2025-09-03', '1. open': '234.8500', '2. high': '236.5000', '3. low': '227.8440', '4. close': '229.3300', '5. volume': '6244091'}, {'date': '2025-09-02', '1. open': '234.0000', '2. high': '235.2599', '3. low': '228.4000', '4. close': '233.6000', '5. volume': '7218016'}, {'date': '2025-08-29', '1. open': '236.9300', '2. high': '241.5000', '3. low': '233.2900', '4. close': '238.6600', '5. volume': '11742142'}, {'date': '2025-08-28', '1. open': '222.0000', '2. high': '249.9900', '3. low': '218.0900', '4. close': '241.0000', '5. volume': '42167445'}, {'date': '2025-08-27', '1. open': '201.7500', '2. high': '202.5400', '3. low': '196.6600', '4. close': '200.3900', '5. volume': '17841893'}, {'date': '2025-08-26', '1. open': '195.2000', '2. high': '196.5000', '3. low': '193.4200', '4. close': '194.3500', '5. volume': '4665905'}, {'date': '2025-08-25', '1. open': '199.0000', '2. high': '200.4700', '3. low': '194.6700', '4. close': '194.6800', '5. volume': '3770606'}, {'date': '2025-08-22', '1. open': '195.1600', '2. high': '199.9100', '3. low': '193.8700', '4. close': '196.8100', '5. volume': '3107867'}, {'date': '2025-08-21', '1. open': '192.8100', '2. high': '195.2900', '3. low': '191.2400', '4. close': '194.6800', '5. volume': '2848425'}, {'date': '2025-08-20', '1. open': '197.6100', '2. high': '197.7700', '3. low': '189.9900', '4. close': '194.8000', '5. volume': '4945563'}, {'date': '2025-08-19', '1. open': '199.3900', '2. high': '199.9500', '3. low': '191.3212', '4. close': '192.6300', '5. volume': '3582705'}, {'date': '2025-08-18', '1. open': '197.4700', '2. high': '198.6400', '3. low': '196.1100', '4. close': '198.2400', '5. volume': '2379307'}, {'date': '2025-08-15', '1. open': '195.2500', '2. high': '200.3400', '3. low': '194.8000', '4. close': '199.0800', '5. volume': '3344882'}, {'date': '2025-08-14', '1. open': '195.9400', '2. high': '197.5000', '3. low': '193.7050', '4. close': '194.9000', '5. volume': '2791038'}, {'date': '2025-08-13', '1. open': '194.1250', '2. high': '198.2400', '3. low': '193.0000', '4. close': '196.8700', '5. volume': '4429356'}, {'date': '2025-08-12', '1. open': '191.7500', '2. high': '194.0000', '3. low': '188.0000', '4. close': '193.0600', '5. volume': '3944781'}, {'date': '2025-08-11', '1. open': '192.1600', '2. high': '196.7300', '3. low': '191.1200', '4. close': '191.8000', '5. volume': '5214015'}, {'date': '2025-08-08', '1. open': '205.7900', '2. high': '206.4000', '3. low': '191.3300', '4. close': '191.7300', '5. volume': '8616058'}, {'date': '2025-08-07', '1. open': '215.0000', '2. high': '215.3900', '3. low': '200.8001', '4. close': '206.4000', '5. volume': '4619413'}, {'date': '2025-08-06', '1. open': '205.9700', '2. high': '211.0000', '3. low': '205.8000', '4. close': '210.5400', '5. volume': '3236562'}, {'date': '2025-08-05', '1. open': '208.2500', '2. high': '209.8900', '3. low': '204.6600', '4. close': '205.7700', '5. volume': '4003943'}, {'date': '2025-08-04', '1. open': '207.7000', '2. high': '210.4100', '3. low': '205.6500', '4. close': '208.4800', '5. volume': '3422662'}, {'date': '2025-08-01', '1. open': '216.8000', '2. high': '216.8000', '3. low': '202.8700', '4. close': '205.0200', '5. volume': '8577996'}, {'date': '2025-07-31', '1. open': '225.1300', '2. high': '229.2700', '3. low': '220.9400', '4. close': '223.5000', '5. volume': '6227727'}, {'date': '2025-07-30', '1. open': '218.7500', '2. high': '222.1899', '3. low': '217.7102', '4. close': '220.2800', '5. volume': '3175254'}, {'date': '2025-07-29', '1. open': '220.3600', '2. high': '220.6000', '3. low': '217.0100', '4. close': '218.7600', '5. volume': '2487933'}, {'date': '2025-07-28', '1. open': '219.9300', '2. high': '222.3000', '3. low': '216.9200', '4. close': '218.6700', '5. volume': '3441933'}, {'date': '2025-07-25', '1. open': '215.4250', '2. high': '220.9200', '3. low': '215.1400', '4. close': '219.5100', '5. volume': '3259067'}, {'date': '2025-07-24', '1. open': '214.5100', '2. high': '217.0000', '3. low': '212.1100', '4. close': '215.0200', '5. volume': '2226104'}, {'date': '2025-07-23', '1. open': '211.7700', '2. high': '213.6099', '3. low': '210.4000', '4. close': '212.5600', '5. volume': '1692462'}, {'date': '2025-07-22', '1. open': '214.9050', '2. high': '216.6000', '3. low': '211.4000', '4. close': '212.2500', '5. volume': '2537030'}, {'date': '2025-07-21', '1. open': '217.0000', '2. high': '218.7200', '3. low': '214.2600', '4. close': '215.6500', '5. volume': '2922451'}, {'date': '2025-07-18', '1. open': '212.6900', '2. high': '217.5400', '3. low': '212.2000', '4. close': '216.8900', '5. volume': '3384165'}, {'date': '2025-07-17', '1. open': '211.7500', '2. high': '214.0300', '3. low': '210.3100', '4. close': '211.5800', '5. volume': '2681779'}, {'date': '2025-07-16', '1. open': '212.9800', '2. high': '214.0000', '3. low': '209.2532', '4. close': '211.9400', '5. volume': '2790937'}, {'date': '2025-07-15', '1. open': '213.7500', '2. high': '215.1000', '3. low': '212.2500', '4. close': '212.7900', '5. volume': '3249067'}, {'date': '2025-07-14', '1. open': '209.8650', '2. high': '214.9400', '3. low': '208.6000', '4. close': '213.5200', '5. volume': '2863820'}, {'date': '2025-07-11', '1. open': '213.4800', '2. high': '215.4900', '3. low': '209.4600', '4. close': '210.8400', '5. volume': '3868631'}, {'date': '2025-07-10', '1. open': '221.8300', '2. high': '222.3000', '3. low': '213.2242', '4. close': '214.4200', '5. volume': '4799553'}, {'date': '2025-07-09', '1. open': '224.6000', '2. high': '224.7500', '3. low': '220.9300', '4. close': '221.9000', '5. volume': '2658440'}, {'date': '2025-07-08', '1. open': '225.6000', '2. high': '226.6000', '3. low': '220.8400', '4. close': '223.5000', '5. volume': '3412521'}, {'date': '2025-07-07', '1. open': '221.4300', '2. high': '225.8600', '3. low': '220.1800', '4. close': '225.7900', '5. volume': '4090043'}, {'date': '2025-07-03', '1. open': '217.7400', '2. high': '222.6050', '3. low': '217.7400', '4. close': '221.4900', '5. volume': '2761777'}, {'date': '2025-07-02', '1. open': '215.6100', '2. high': '218.2900', '3. low': '214.5200', '4. close': '217.3400', '5. volume': '2363692'}, {'date': '2025-07-01', '1. open': '218.9000', '2. high': '223.1600', '3. low': '214.4200', '4. close': '215.9700', '5. volume': '5398126'}, {'date': '2025-06-30', '1. open': '224.4000', '2. high': '225.5100', '3. low': '222.6100', '4. close': '223.7700', '5. volume': '3492413'}, {'date': '2025-06-27', '1. open': '222.4250', '2. high': '224.4300', '3. low': '219.8202', '4. close': '222.6100', '5. volume': '4924398'}, {'date': '2025-06-26', '1. open': '222.0500', '2. high': '222.7900', '3. low': '215.5300', '4. close': '221.9200', '5. volume': '5086050'}, {'date': '2025-06-25', '1. open': '223.1900', '2. high': '225.6834', '3. low': '219.9900', '4. close': '221.5200', '5. volume': '3550187'}, {'date': '2025-06-24', '1. open': '219.4850', '2. high': '224.6100', '3. low': '219.2500', '4. close': '223.1400', '5. volume': '7206453'}, {'date': '2025-06-23', '1. open': '209.6250', '2. high': '214.8800', '3. low': '207.3600', '4. close': '213.7100', '5. volume': '3146772'}, {'date': '2025-06-20', '1. open': '213.3500', '2. high': '215.9900', '3. low': '210.8500', '4. close': '211.9900', '5. volume': '4246319'}, {'date': '2025-06-18', '1. open': '210.3600', '2. high': '212.6999', '3. low': '209.4700', '4. close': '212.0800', '5. volume': '4218197'}, {'date': '2025-06-17', '1. open': '208.0000', '2. high': '210.2983', '3. low': '206.2600', '4. close': '209.4500', '5. volume': '2217902'}, {'date': '2025-06-16', '1. open': '210.3100', '2. high': '211.0000', '3. low': '207.0501', '4. close': '209.1200', '5. volume': '2579570'}, {'date': '2025-06-13', '1. open': '208.0000', '2. high': '212.3000', '3. low': '207.4400', '4. close': '208.1800', '5. volume': '3636510'}, {'date': '2025-06-12', '1. open': '206.1400', '2. high': '213.1000', '3. low': '206.1400', '4. close': '211.2800', '5. volume': '5138792'}, {'date': '2025-06-11', '1. open': '207.9900', '2. high': '210.2000', '3. low': '205.2300', '4. close': '208.6100', '5. volume': '5140168'}, {'date': '2025-06-10', '1. open': '210.0750', '2. high': '212.3972', '3. low': '206.2200', '4. close': '208.2400', '5. volume': '3598135'}, {'date': '2025-06-09', '1. open': '211.3100', '2. high': '212.0900', '3. low': '208.5000', '4. close': '210.8500', '5. volume': '3548170'}, {'date': '2025-06-06', '1. open': '211.4500', '2. high': '213.0000', '3. low': '209.4000', '4. close': '210.8400', '5. volume': '3798936'}, {'date': '2025-06-05', '1. open': '211.2300', '2. high': '214.3700', '3. low': '208.8900', '4. close': '210.1000', '5. volume': '5234404'}, {'date': '2025-06-04', '1. open': '213.4250', '2. high': '214.8300', '3. low': '205.2900', '4. close': '209.6000', '5. volume': '6648504'}, {'date': '2025-06-03', '1. open': '210.5000', '2. high': '210.8200', '3. low': '207.2000', '4. close': '209.1500', '5. volume': '4063004'}, {'date': '2025-06-02', '1. open': '205.6700', '2. high': '210.4400', '3. low': '204.4100', '4. close': '210.1700', '5. volume': '4476945'}, {'date': '2025-05-30', '1. open': '202.1900', '2. high': '206.0000', '3. low': '199.7500', '4. close': '205.6700', '5. volume': '7077520'}, {'date': '2025-05-29', '1. open': '206.2900', '2. high': '206.7100', '3. low': '201.0800', '4. close': '202.3100', '5. volume': '3805005'}]
[2025-10-07T05:58:10.787+0000] {taskinstance.py:340} INFO - ::group::Post task execution logs
[2025-10-07T05:58:10.787+0000] {taskinstance.py:352} INFO - Marking task as SUCCESS. dag_id=Snowflake_Stock_Price_DAG, task_id=return_last_90d_price, run_id=scheduled__2025-10-06T02:30:00+00:00, execution_date=20251006T023000, start_date=20251007T055810, end_date=20251007T055810
[2025-10-07T05:58:10.819+0000] {local_task_job_runner.py:266} INFO - Task exited with return code 0
[2025-10-07T05:58:10.823+0000] {taskinstance.py:3925} ERROR - Error scheduling downstream tasks. Skipping it as this is entirely optional optimisation. There might be various reasons for it, please take a look at the stack trace to figure out if the root cause can be diagnosed and fixed. See the issue https://github.com/apache/***/issues/39717 for details and an example problem. If you would like to get help in solving root cause, open discussion with all details with your managed service support or in Airflow repository.
Traceback (most recent call last):
  File "/home/airflow/.local/lib/python3.12/site-packages/airflow/models/taskinstance.py", line 3921, in schedule_downstream_tasks
    return TaskInstance._schedule_downstream_tasks(
           ^^^^^^^^^^^^^^^^^^^^^^^^^^^^^^^^^^^^^^^^
  File "/home/airflow/.local/lib/python3.12/site-packages/airflow/utils/session.py", line 94, in wrapper
    return func(*args, **kwargs)
           ^^^^^^^^^^^^^^^^^^^^^
  File "/home/airflow/.local/lib/python3.12/site-packages/airflow/models/taskinstance.py", line 3870, in _schedule_downstream_tasks
    partial_dag = task.dag.partial_subset(
                  ^^^^^^^^^^^^^^^^^^^^^^^^
  File "/home/airflow/.local/lib/python3.12/site-packages/airflow/models/dag.py", line 2664, in partial_subset
    t.task_id: _deepcopy_task(t)
               ^^^^^^^^^^^^^^^^^
  File "/home/airflow/.local/lib/python3.12/site-packages/airflow/models/dag.py", line 2661, in _deepcopy_task
    return copy.deepcopy(t, memo)
           ^^^^^^^^^^^^^^^^^^^^^^
  File "/usr/local/lib/python3.12/copy.py", line 143, in deepcopy
    y = copier(memo)
        ^^^^^^^^^^^^
  File "/home/airflow/.local/lib/python3.12/site-packages/airflow/models/baseoperator.py", line 1388, in __deepcopy__
    setattr(result, k, copy.deepcopy(v, memo))
                       ^^^^^^^^^^^^^^^^^^^^^^
  File "/usr/local/lib/python3.12/copy.py", line 136, in deepcopy
    y = copier(x, memo)
        ^^^^^^^^^^^^^^^
  File "/usr/local/lib/python3.12/copy.py", line 221, in _deepcopy_dict
    y[deepcopy(key, memo)] = deepcopy(value, memo)
                             ^^^^^^^^^^^^^^^^^^^^^
  File "/usr/local/lib/python3.12/copy.py", line 136, in deepcopy
    y = copier(x, memo)
        ^^^^^^^^^^^^^^^
  File "/usr/local/lib/python3.12/copy.py", line 201, in _deepcopy_tuple
    y = [deepcopy(a, memo) for a in x]
         ^^^^^^^^^^^^^^^^^
  File "/usr/local/lib/python3.12/copy.py", line 162, in deepcopy
    y = _reconstruct(x, memo, *rv)
        ^^^^^^^^^^^^^^^^^^^^^^^^^^
  File "/usr/local/lib/python3.12/copy.py", line 259, in _reconstruct
    state = deepcopy(state, memo)
            ^^^^^^^^^^^^^^^^^^^^^
  File "/usr/local/lib/python3.12/copy.py", line 136, in deepcopy
    y = copier(x, memo)
        ^^^^^^^^^^^^^^^
  File "/usr/local/lib/python3.12/copy.py", line 221, in _deepcopy_dict
    y[deepcopy(key, memo)] = deepcopy(value, memo)
                             ^^^^^^^^^^^^^^^^^^^^^
  File "/usr/local/lib/python3.12/copy.py", line 162, in deepcopy
    y = _reconstruct(x, memo, *rv)
        ^^^^^^^^^^^^^^^^^^^^^^^^^^
  File "/usr/local/lib/python3.12/copy.py", line 259, in _reconstruct
    state = deepcopy(state, memo)
            ^^^^^^^^^^^^^^^^^^^^^
  File "/usr/local/lib/python3.12/copy.py", line 136, in deepcopy
    y = copier(x, memo)
        ^^^^^^^^^^^^^^^
  File "/usr/local/lib/python3.12/copy.py", line 221, in _deepcopy_dict
    y[deepcopy(key, memo)] = deepcopy(value, memo)
                             ^^^^^^^^^^^^^^^^^^^^^
  File "/usr/local/lib/python3.12/copy.py", line 151, in deepcopy
    rv = reductor(4)
         ^^^^^^^^^^^
TypeError: cannot pickle '_thread.lock' object
[2025-10-07T05:58:10.825+0000] {local_task_job_runner.py:245} INFO - ::endgroup::
