[2025-10-06T18:28:58.498+0000] {local_task_job_runner.py:123} INFO - ::group::Pre task execution logs
[2025-10-06T18:28:58.505+0000] {taskinstance.py:2612} INFO - Dependencies all met for dep_context=non-requeueable deps ti=<TaskInstance: TrainPredictRef.check_alpha_var manual__2025-10-06T18:28:57.581611+00:00 [queued]>
[2025-10-06T18:28:58.508+0000] {taskinstance.py:2612} INFO - Dependencies all met for dep_context=requeueable deps ti=<TaskInstance: TrainPredictRef.check_alpha_var manual__2025-10-06T18:28:57.581611+00:00 [queued]>
[2025-10-06T18:28:58.508+0000] {taskinstance.py:2865} INFO - Starting attempt 1 of 1
[2025-10-06T18:28:58.512+0000] {taskinstance.py:2888} INFO - Executing <Task(_PythonDecoratedOperator): check_alpha_var> on 2025-10-06 18:28:57.581611+00:00
[2025-10-06T18:28:58.516+0000] {logging_mixin.py:190} WARNING - /home/***/.local/lib/python3.12/site-packages/***/task/task_runner/standard_task_runner.py:70 DeprecationWarning: This process (pid=15208) is multi-threaded, use of fork() may lead to deadlocks in the child.
[2025-10-06T18:28:58.516+0000] {standard_task_runner.py:104} INFO - Running: ['***', 'tasks', 'run', 'TrainPredictRef', 'check_alpha_var', 'manual__2025-10-06T18:28:57.581611+00:00', '--job-id', '26', '--raw', '--subdir', 'DAGS_FOLDER/train_predict.py', '--cfg-path', '/tmp/tmp84mho53t']
[2025-10-06T18:28:58.517+0000] {standard_task_runner.py:72} INFO - Started process 15215 to run task
[2025-10-06T18:28:58.517+0000] {standard_task_runner.py:105} INFO - Job 26: Subtask check_alpha_var
[2025-10-06T18:28:58.536+0000] {task_command.py:467} INFO - Running <TaskInstance: TrainPredictRef.check_alpha_var manual__2025-10-06T18:28:57.581611+00:00 [running]> on host ccfe9eddc1e8
[2025-10-06T18:28:58.562+0000] {taskinstance.py:3131} INFO - Exporting env vars: AIRFLOW_CTX_DAG_OWNER='***' AIRFLOW_CTX_DAG_ID='TrainPredictRef' AIRFLOW_CTX_TASK_ID='check_alpha_var' AIRFLOW_CTX_EXECUTION_DATE='2025-10-06T18:28:57.581611+00:00' AIRFLOW_CTX_TRY_NUMBER='1' AIRFLOW_CTX_DAG_RUN_ID='manual__2025-10-06T18:28:57.581611+00:00'
[2025-10-06T18:28:58.562+0000] {taskinstance.py:731} INFO - ::endgroup::
[2025-10-06T18:28:58.567+0000] {train_predict.py:19} INFO - ALPHAVANTAGE_API_KEY is set.
[2025-10-06T18:28:58.567+0000] {python.py:240} INFO - Done. Returned value was: None
[2025-10-06T18:28:58.570+0000] {taskinstance.py:340} INFO - ::group::Post task execution logs
[2025-10-06T18:28:58.570+0000] {taskinstance.py:352} INFO - Marking task as SUCCESS. dag_id=TrainPredictRef, task_id=check_alpha_var, run_id=manual__2025-10-06T18:28:57.581611+00:00, execution_date=20251006T182857, start_date=20251006T182858, end_date=20251006T182858
[2025-10-06T18:28:58.616+0000] {local_task_job_runner.py:266} INFO - Task exited with return code 0
[2025-10-06T18:28:58.620+0000] {taskinstance.py:3925} ERROR - Error scheduling downstream tasks. Skipping it as this is entirely optional optimisation. There might be various reasons for it, please take a look at the stack trace to figure out if the root cause can be diagnosed and fixed. See the issue https://github.com/apache/***/issues/39717 for details and an example problem. If you would like to get help in solving root cause, open discussion with all details with your managed service support or in Airflow repository.
Traceback (most recent call last):
  File "/home/airflow/.local/lib/python3.12/site-packages/airflow/models/taskinstance.py", line 3921, in schedule_downstream_tasks
    return TaskInstance._schedule_downstream_tasks(
           ^^^^^^^^^^^^^^^^^^^^^^^^^^^^^^^^^^^^^^^^
  File "/home/airflow/.local/lib/python3.12/site-packages/airflow/utils/session.py", line 94, in wrapper
    return func(*args, **kwargs)
           ^^^^^^^^^^^^^^^^^^^^^
  File "/home/airflow/.local/lib/python3.12/site-packages/airflow/models/taskinstance.py", line 3870, in _schedule_downstream_tasks
    partial_dag = task.dag.partial_subset(
                  ^^^^^^^^^^^^^^^^^^^^^^^^
  File "/home/airflow/.local/lib/python3.12/site-packages/airflow/models/dag.py", line 2664, in partial_subset
    t.task_id: _deepcopy_task(t)
               ^^^^^^^^^^^^^^^^^
  File "/home/airflow/.local/lib/python3.12/site-packages/airflow/models/dag.py", line 2661, in _deepcopy_task
    return copy.deepcopy(t, memo)
           ^^^^^^^^^^^^^^^^^^^^^^
  File "/usr/local/lib/python3.12/copy.py", line 143, in deepcopy
    y = copier(memo)
        ^^^^^^^^^^^^
  File "/home/airflow/.local/lib/python3.12/site-packages/airflow/models/baseoperator.py", line 1388, in __deepcopy__
    setattr(result, k, copy.deepcopy(v, memo))
                       ^^^^^^^^^^^^^^^^^^^^^^
  File "/usr/local/lib/python3.12/copy.py", line 136, in deepcopy
    y = copier(x, memo)
        ^^^^^^^^^^^^^^^
  File "/usr/local/lib/python3.12/copy.py", line 221, in _deepcopy_dict
    y[deepcopy(key, memo)] = deepcopy(value, memo)
                             ^^^^^^^^^^^^^^^^^^^^^
  File "/usr/local/lib/python3.12/copy.py", line 136, in deepcopy
    y = copier(x, memo)
        ^^^^^^^^^^^^^^^
  File "/usr/local/lib/python3.12/copy.py", line 201, in _deepcopy_tuple
    y = [deepcopy(a, memo) for a in x]
         ^^^^^^^^^^^^^^^^^
  File "/usr/local/lib/python3.12/copy.py", line 162, in deepcopy
    y = _reconstruct(x, memo, *rv)
        ^^^^^^^^^^^^^^^^^^^^^^^^^^
  File "/usr/local/lib/python3.12/copy.py", line 259, in _reconstruct
    state = deepcopy(state, memo)
            ^^^^^^^^^^^^^^^^^^^^^
  File "/usr/local/lib/python3.12/copy.py", line 136, in deepcopy
    y = copier(x, memo)
        ^^^^^^^^^^^^^^^
  File "/usr/local/lib/python3.12/copy.py", line 221, in _deepcopy_dict
    y[deepcopy(key, memo)] = deepcopy(value, memo)
                             ^^^^^^^^^^^^^^^^^^^^^
  File "/usr/local/lib/python3.12/copy.py", line 162, in deepcopy
    y = _reconstruct(x, memo, *rv)
        ^^^^^^^^^^^^^^^^^^^^^^^^^^
  File "/usr/local/lib/python3.12/copy.py", line 259, in _reconstruct
    state = deepcopy(state, memo)
            ^^^^^^^^^^^^^^^^^^^^^
  File "/usr/local/lib/python3.12/copy.py", line 136, in deepcopy
    y = copier(x, memo)
        ^^^^^^^^^^^^^^^
  File "/usr/local/lib/python3.12/copy.py", line 221, in _deepcopy_dict
    y[deepcopy(key, memo)] = deepcopy(value, memo)
                             ^^^^^^^^^^^^^^^^^^^^^
  File "/usr/local/lib/python3.12/copy.py", line 151, in deepcopy
    rv = reductor(4)
         ^^^^^^^^^^^
TypeError: cannot pickle '_thread.lock' object
[2025-10-06T18:28:58.622+0000] {local_task_job_runner.py:245} INFO - ::endgroup::
