[2025-10-07T00:54:58.927+0000] {local_task_job_runner.py:123} INFO - ::group::Pre task execution logs
[2025-10-07T00:54:58.933+0000] {taskinstance.py:2612} INFO - Dependencies all met for dep_context=non-requeueable deps ti=<TaskInstance: PRICE_PREDICTION_DAG.return_last_90d_price manual__2025-10-07T00:54:57.158008+00:00 [queued]>
[2025-10-07T00:54:58.935+0000] {taskinstance.py:2612} INFO - Dependencies all met for dep_context=requeueable deps ti=<TaskInstance: PRICE_PREDICTION_DAG.return_last_90d_price manual__2025-10-07T00:54:57.158008+00:00 [queued]>
[2025-10-07T00:54:58.935+0000] {taskinstance.py:2865} INFO - Starting attempt 1 of 1
[2025-10-07T00:54:58.939+0000] {taskinstance.py:2888} INFO - Executing <Task(_PythonDecoratedOperator): return_last_90d_price> on 2025-10-07 00:54:57.158008+00:00
[2025-10-07T00:54:58.943+0000] {logging_mixin.py:190} WARNING - /home/***/.local/lib/python3.12/site-packages/***/task/task_runner/standard_task_runner.py:70 DeprecationWarning: This process (pid=16564) is multi-threaded, use of fork() may lead to deadlocks in the child.
[2025-10-07T00:54:58.943+0000] {standard_task_runner.py:104} INFO - Running: ['***', 'tasks', 'run', 'PRICE_PREDICTION_DAG', 'return_last_90d_price', 'manual__2025-10-07T00:54:57.158008+00:00', '--job-id', '32', '--raw', '--subdir', 'DAGS_FOLDER/train_predict.py', '--cfg-path', '/tmp/tmp5n3alf8t']
[2025-10-07T00:54:58.944+0000] {standard_task_runner.py:72} INFO - Started process 16567 to run task
[2025-10-07T00:54:58.944+0000] {standard_task_runner.py:105} INFO - Job 32: Subtask return_last_90d_price
[2025-10-07T00:54:58.963+0000] {task_command.py:467} INFO - Running <TaskInstance: PRICE_PREDICTION_DAG.return_last_90d_price manual__2025-10-07T00:54:57.158008+00:00 [running]> on host ccfe9eddc1e8
[2025-10-07T00:54:58.994+0000] {taskinstance.py:3131} INFO - Exporting env vars: AIRFLOW_CTX_DAG_OWNER='***' AIRFLOW_CTX_DAG_ID='PRICE_PREDICTION_DAG' AIRFLOW_CTX_TASK_ID='return_last_90d_price' AIRFLOW_CTX_EXECUTION_DATE='2025-10-07T00:54:57.158008+00:00' AIRFLOW_CTX_TRY_NUMBER='1' AIRFLOW_CTX_DAG_RUN_ID='manual__2025-10-07T00:54:57.158008+00:00'
[2025-10-07T00:54:58.995+0000] {taskinstance.py:731} INFO - ::endgroup::
[2025-10-07T00:54:59.280+0000] {python.py:240} INFO - Done. Returned value was: [{'date': '2025-10-06', '1. open': '50.9300', '2. high': '51.3200', '3. low': '49.8900', '4. close': '50.3900', '5. volume': '25303452'}, {'date': '2025-10-03', '1. open': '50.6200', '2. high': '51.1300', '3. low': '50.5523', '4. close': '50.6400', '5. volume': '24565717'}, {'date': '2025-10-02', '1. open': '50.6500', '2. high': '50.8450', '3. low': '50.0700', '4. close': '50.4800', '5. volume': '22757213'}, {'date': '2025-10-01', '1. open': '51.3000', '2. high': '51.6750', '3. low': '50.5550', '4. close': '50.6800', '5. volume': '27709125'}, {'date': '2025-09-30', '1. open': '52.4800', '2. high': '52.5650', '3. low': '51.0150', '4. close': '51.5900', '5. volume': '29944960'}, {'date': '2025-09-29', '1. open': '52.3600', '2. high': '52.5500', '3. low': '52.1100', '4. close': '52.4200', '5. volume': '23700991'}, {'date': '2025-09-26', '1. open': '52.1100', '2. high': '52.6200', '3. low': '51.9800', '4. close': '52.2100', '5. volume': '20025763'}, {'date': '2025-09-25', '1. open': '51.4800', '2. high': '52.3300', '3. low': '51.4400', '4. close': '51.8500', '5. volume': '22957932'}, {'date': '2025-09-24', '1. open': '51.8500', '2. high': '52.2500', '3. low': '51.4550', '4. close': '51.7000', '5. volume': '27010386'}, {'date': '2025-09-23', '1. open': '52.0000', '2. high': '52.8800', '3. low': '51.5150', '4. close': '51.7000', '5. volume': '28278182'}, {'date': '2025-09-22', '1. open': '51.7600', '2. high': '52.3500', '3. low': '51.7550', '4. close': '51.9200', '5. volume': '27467951'}, {'date': '2025-09-19', '1. open': '52.1500', '2. high': '52.6600', '3. low': '51.7600', '4. close': '52.2500', '5. volume': '98970669'}, {'date': '2025-09-18', '1. open': '51.4900', '2. high': '52.1900', '3. low': '51.3000', '4. close': '52.1300', '5. volume': '35246871'}, {'date': '2025-09-17', '1. open': '50.8600', '2. high': '51.6250', '3. low': '50.7900', '4. close': '51.4000', '5. volume': '38337889'}, {'date': '2025-09-16', '1. open': '50.6400', '2. high': '50.8750', '3. low': '50.2100', '4. close': '50.6600', '5. volume': '31624444'}, {'date': '2025-09-15', '1. open': '50.8500', '2. high': '51.0900', '3. low': '50.4600', '4. close': '50.5900', '5. volume': '29043572'}, {'date': '2025-09-12', '1. open': '50.7000', '2. high': '50.9300', '3. low': '50.4550', '4. close': '50.5800', '5. volume': '27851108'}, {'date': '2025-09-11', '1. open': '50.1400', '2. high': '50.9600', '3. low': '49.9900', '4. close': '50.7500', '5. volume': '28055187'}, {'date': '2025-09-10', '1. open': '50.3700', '2. high': '50.6250', '3. low': '49.9650', '4. close': '50.1300', '5. volume': '31706338'}, {'date': '2025-09-09', '1. open': '49.5000', '2. high': '50.5600', '3. low': '49.4600', '4. close': '50.2900', '5. volume': '40060147'}, {'date': '2025-09-08', '1. open': '49.8000', '2. high': '49.9050', '3. low': '48.8750', '4. close': '49.4600', '5. volume': '48033135'}, {'date': '2025-09-05', '1. open': '50.4400', '2. high': '50.7900', '3. low': '49.2300', '4. close': '49.7700', '5. volume': '40063322'}, {'date': '2025-09-04', '1. open': '50.2400', '2. high': '50.8300', '3. low': '50.1200', '4. close': '50.6200', '5. volume': '34796896'}, {'date': '2025-09-03', '1. open': '50.4000', '2. high': '50.5700', '3. low': '49.7000', '4. close': '50.0600', '5. volume': '33934810'}, {'date': '2025-09-02', '1. open': '50.2200', '2. high': '50.4700', '3. low': '49.6700', '4. close': '50.4200', '5. volume': '52719782'}, {'date': '2025-08-29', '1. open': '50.5100', '2. high': '50.9175', '3. low': '50.5100', '4. close': '50.7400', '5. volume': '32496470'}, {'date': '2025-08-28', '1. open': '50.5500', '2. high': '50.6400', '3. low': '50.2800', '4. close': '50.4900', '5. volume': '32949399'}, {'date': '2025-08-27', '1. open': '50.0300', '2. high': '50.6300', '3. low': '49.9900', '4. close': '50.3800', '5. volume': '42428187'}, {'date': '2025-08-26', '1. open': '49.2500', '2. high': '50.2600', '3. low': '49.2500', '4. close': '50.2500', '5. volume': '40609302'}, {'date': '2025-08-25', '1. open': '49.3900', '2. high': '49.6600', '3. low': '49.2100', '4. close': '49.4800', '5. volume': '34715749'}, {'date': '2025-08-22', '1. open': '48.5200', '2. high': '49.6600', '3. low': '48.4600', '4. close': '49.4800', '5. volume': '45078911'}, {'date': '2025-08-21', '1. open': '48.2700', '2. high': '48.4900', '3. low': '47.8100', '4. close': '48.2600', '5. volume': '28713163'}, {'date': '2025-08-20', '1. open': '48.1650', '2. high': '48.5000', '3. low': '47.8700', '4. close': '48.3500', '5. volume': '30822222'}, {'date': '2025-08-19', '1. open': '47.8200', '2. high': '48.1150', '3. low': '47.6300', '4. close': '48.0800', '5. volume': '33783443'}, {'date': '2025-08-18', '1. open': '46.9200', '2. high': '48.0400', '3. low': '46.7900', '4. close': '47.9200', '5. volume': '43125120'}, {'date': '2025-08-15', '1. open': '47.7500', '2. high': '47.8200', '3. low': '46.9000', '4. close': '46.9400', '5. volume': '26276902'}, {'date': '2025-08-14', '1. open': '47.0850', '2. high': '47.7300', '3. low': '46.8904', '4. close': '47.7100', '5. volume': '21073786'}, {'date': '2025-08-13', '1. open': '47.6800', '2. high': '47.7600', '3. low': '46.9900', '4. close': '47.2400', '5. volume': '29465062'}, {'date': '2025-08-12', '1. open': '46.4800', '2. high': '47.6600', '3. low': '46.3600', '4. close': '47.5000', '5. volume': '35484466'}, {'date': '2025-08-11', '1. open': '46.0550', '2. high': '46.5200', '3. low': '45.8100', '4. close': '46.1600', '5. volume': '35559383'}, {'date': '2025-08-08', '1. open': '45.1500', '2. high': '46.3000', '3. low': '44.9800', '4. close': '46.0100', '5. volume': '37131557'}, {'date': '2025-08-07', '1. open': '45.7100', '2. high': '45.7600', '3. low': '44.7800', '4. close': '44.9200', '5. volume': '30609882'}, {'date': '2025-08-06', '1. open': '45.7100', '2. high': '45.9400', '3. low': '45.3850', '4. close': '45.4200', '5. volume': '27916767'}, {'date': '2025-08-05', '1. open': '45.9500', '2. high': '46.0000', '3. low': '44.7500', '4. close': '45.5600', '5. volume': '36798320'}, {'date': '2025-08-04', '1. open': '45.9600', '2. high': '46.1050', '3. low': '45.6350', '4. close': '45.8500', '5. volume': '31038904'}, {'date': '2025-08-01', '1. open': '46.3600', '2. high': '46.4100', '3. low': '45.3200', '4. close': '45.6600', '5. volume': '52310438'}, {'date': '2025-07-31', '1. open': '47.7600', '2. high': '48.0300', '3. low': '47.1900', '4. close': '47.2700', '5. volume': '40016313'}, {'date': '2025-07-30', '1. open': '48.2600', '2. high': '48.5000', '3. low': '47.7401', '4. close': '47.9600', '5. volume': '32265850'}, {'date': '2025-07-29', '1. open': '48.3900', '2. high': '48.5100', '3. low': '47.8901', '4. close': '47.9500', '5. volume': '26216484'}, {'date': '2025-07-28', '1. open': '48.4500', '2. high': '48.5400', '3. low': '48.0801', '4. close': '48.2300', '5. volume': '20590380'}, {'date': '2025-07-25', '1. open': '48.3900', '2. high': '48.5500', '3. low': '47.9350', '4. close': '48.4500', '5. volume': '24461228'}, {'date': '2025-07-24', '1. open': '48.4900', '2. high': '49.0000', '3. low': '48.2100', '4. close': '48.3900', '5. volume': '42967619'}, {'date': '2025-07-23', '1. open': '48.0100', '2. high': '48.3050', '3. low': '47.8050', '4. close': '48.1400', '5. volume': '31380097'}, {'date': '2025-07-22', '1. open': '47.6000', '2. high': '48.1700', '3. low': '47.4600', '4. close': '47.7700', '5. volume': '34749381'}, {'date': '2025-07-21', '1. open': '47.5400', '2. high': '48.0400', '3. low': '47.2000', '4. close': '47.4800', '5. volume': '32199673'}, {'date': '2025-07-18', '1. open': '47.0100', '2. high': '47.3800', '3. low': '46.9000', '4. close': '47.3200', '5. volume': '48314188'}, {'date': '2025-07-17', '1. open': '45.6350', '2. high': '47.2200', '3. low': '45.4400', '4. close': '47.0200', '5. volume': '56480729'}, {'date': '2025-07-16', '1. open': '46.2500', '2. high': '46.5600', '3. low': '45.0100', '4. close': '46.0300', '5. volume': '61296628'}, {'date': '2025-07-15', '1. open': '46.8800', '2. high': '47.0100', '3. low': '45.9500', '4. close': '46.1500', '5. volume': '55144992'}, {'date': '2025-07-14', '1. open': '46.8100', '2. high': '47.0700', '3. low': '46.5500', '4. close': '47.0700', '5. volume': '36381172'}, {'date': '2025-07-11', '1. open': '46.6400', '2. high': '46.8100', '3. low': '46.2500', '4. close': '46.7300', '5. volume': '31653005'}, {'date': '2025-07-10', '1. open': '46.9000', '2. high': '47.2200', '3. low': '46.7800', '4. close': '46.9700', '5. volume': '44224992'}, {'date': '2025-07-09', '1. open': '47.1600', '2. high': '47.4500', '3. low': '46.7100', '4. close': '46.8400', '5. volume': '46227855'}, {'date': '2025-07-08', '1. open': '47.5000', '2. high': '47.7900', '3. low': '46.7600', '4. close': '47.1500', '5. volume': '88086497'}, {'date': '2025-07-07', '1. open': '48.7350', '2. high': '49.2100', '3. low': '48.3650', '4. close': '48.6600', '5. volume': '35567880'}, {'date': '2025-07-03', '1. open': '48.9450', '2. high': '49.3050', '3. low': '48.8100', '4. close': '48.9300', '5. volume': '21620278'}, {'date': '2025-07-02', '1. open': '48.3600', '2. high': '48.7300', '3. low': '48.0600', '4. close': '48.7100', '5. volume': '48003612'}, {'date': '2025-07-01', '1. open': '47.0200', '2. high': '48.4200', '3. low': '46.9400', '4. close': '48.1500', '5. volume': '48540877'}, {'date': '2025-06-30', '1. open': '47.6200', '2. high': '47.6200', '3. low': '47.0300', '4. close': '47.3200', '5. volume': '47921177'}, {'date': '2025-06-27', '1. open': '47.4500', '2. high': '47.6700', '3. low': '46.9100', '4. close': '47.1200', '5. volume': '56705021'}, {'date': '2025-06-26', '1. open': '46.9450', '2. high': '47.5800', '3. low': '46.9000', '4. close': '47.4600', '5. volume': '40127021'}, {'date': '2025-06-25', '1. open': '46.5750', '2. high': '46.9800', '3. low': '46.4600', '4. close': '46.8500', '5. volume': '33532391'}, {'date': '2025-06-24', '1. open': '46.7500', '2. high': '47.1900', '3. low': '46.5650', '4. close': '46.6600', '5. volume': '45437593'}, {'date': '2025-06-23', '1. open': '45.4000', '2. high': '46.3700', '3. low': '45.1050', '4. close': '46.3000', '5. volume': '42683615'}, {'date': '2025-06-20', '1. open': '45.3050', '2. high': '45.6500', '3. low': '45.2650', '4. close': '45.5000', '5. volume': '64591572'}, {'date': '2025-06-18', '1. open': '44.2600', '2. high': '45.2000', '3. low': '44.2100', '4. close': '45.0600', '5. volume': '37684730'}, {'date': '2025-06-17', '1. open': '44.2700', '2. high': '44.6700', '3. low': '44.0600', '4. close': '44.2300', '5. volume': '27489633'}, {'date': '2025-06-16', '1. open': '44.6400', '2. high': '44.8900', '3. low': '44.3500', '4. close': '44.4100', '5. volume': '34103646'}, {'date': '2025-06-13', '1. open': '43.9950', '2. high': '44.4600', '3. low': '43.6649', '4. close': '44.0900', '5. volume': '43281740'}, {'date': '2025-06-12', '1. open': '44.4000', '2. high': '44.6500', '3. low': '44.0200', '4. close': '44.6200', '5. volume': '30165422'}, {'date': '2025-06-11', '1. open': '45.2000', '2. high': '45.4100', '3. low': '44.5500', '4. close': '44.7300', '5. volume': '47873455'}, {'date': '2025-06-10', '1. open': '44.8000', '2. high': '45.1950', '3. low': '44.7500', '4. close': '45.0900', '5. volume': '32229081'}, {'date': '2025-06-09', '1. open': '45.1100', '2. high': '45.4000', '3. low': '44.7800', '4. close': '44.8700', '5. volume': '32414025'}, {'date': '2025-06-06', '1. open': '44.6900', '2. high': '45.1650', '3. low': '44.6400', '4. close': '44.9700', '5. volume': '37013001'}, {'date': '2025-06-05', '1. open': '44.4500', '2. high': '44.5750', '3. low': '44.0100', '4. close': '44.3800', '5. volume': '32036157'}, {'date': '2025-06-04', '1. open': '44.6000', '2. high': '45.0900', '3. low': '44.3400', '4. close': '44.3600', '5. volume': '30591708'}, {'date': '2025-06-03', '1. open': '44.0100', '2. high': '44.7300', '3. low': '43.9400', '4. close': '44.6500', '5. volume': '31320154'}, {'date': '2025-06-02', '1. open': '43.8800', '2. high': '44.1500', '3. low': '43.3600', '4. close': '44.0800', '5. volume': '28582598'}, {'date': '2025-05-30', '1. open': '44.1900', '2. high': '44.3000', '3. low': '43.7200', '4. close': '44.1300', '5. volume': '66537474'}, {'date': '2025-05-29', '1. open': '44.3700', '2. high': '44.4600', '3. low': '43.9000', '4. close': '44.2400', '5. volume': '28553008'}]
[2025-10-07T00:54:59.301+0000] {taskinstance.py:340} INFO - ::group::Post task execution logs
[2025-10-07T00:54:59.302+0000] {taskinstance.py:352} INFO - Marking task as SUCCESS. dag_id=PRICE_PREDICTION_DAG, task_id=return_last_90d_price, run_id=manual__2025-10-07T00:54:57.158008+00:00, execution_date=20251007T005457, start_date=20251007T005458, end_date=20251007T005459
[2025-10-07T00:54:59.343+0000] {local_task_job_runner.py:266} INFO - Task exited with return code 0
[2025-10-07T00:54:59.348+0000] {taskinstance.py:3925} ERROR - Error scheduling downstream tasks. Skipping it as this is entirely optional optimisation. There might be various reasons for it, please take a look at the stack trace to figure out if the root cause can be diagnosed and fixed. See the issue https://github.com/apache/***/issues/39717 for details and an example problem. If you would like to get help in solving root cause, open discussion with all details with your managed service support or in Airflow repository.
Traceback (most recent call last):
  File "/home/airflow/.local/lib/python3.12/site-packages/airflow/models/taskinstance.py", line 3921, in schedule_downstream_tasks
    return TaskInstance._schedule_downstream_tasks(
           ^^^^^^^^^^^^^^^^^^^^^^^^^^^^^^^^^^^^^^^^
  File "/home/airflow/.local/lib/python3.12/site-packages/airflow/utils/session.py", line 94, in wrapper
    return func(*args, **kwargs)
           ^^^^^^^^^^^^^^^^^^^^^
  File "/home/airflow/.local/lib/python3.12/site-packages/airflow/models/taskinstance.py", line 3870, in _schedule_downstream_tasks
    partial_dag = task.dag.partial_subset(
                  ^^^^^^^^^^^^^^^^^^^^^^^^
  File "/home/airflow/.local/lib/python3.12/site-packages/airflow/models/dag.py", line 2664, in partial_subset
    t.task_id: _deepcopy_task(t)
               ^^^^^^^^^^^^^^^^^
  File "/home/airflow/.local/lib/python3.12/site-packages/airflow/models/dag.py", line 2661, in _deepcopy_task
    return copy.deepcopy(t, memo)
           ^^^^^^^^^^^^^^^^^^^^^^
  File "/usr/local/lib/python3.12/copy.py", line 143, in deepcopy
    y = copier(memo)
        ^^^^^^^^^^^^
  File "/home/airflow/.local/lib/python3.12/site-packages/airflow/models/baseoperator.py", line 1388, in __deepcopy__
    setattr(result, k, copy.deepcopy(v, memo))
                       ^^^^^^^^^^^^^^^^^^^^^^
  File "/usr/local/lib/python3.12/copy.py", line 136, in deepcopy
    y = copier(x, memo)
        ^^^^^^^^^^^^^^^
  File "/usr/local/lib/python3.12/copy.py", line 221, in _deepcopy_dict
    y[deepcopy(key, memo)] = deepcopy(value, memo)
                             ^^^^^^^^^^^^^^^^^^^^^
  File "/usr/local/lib/python3.12/copy.py", line 136, in deepcopy
    y = copier(x, memo)
        ^^^^^^^^^^^^^^^
  File "/usr/local/lib/python3.12/copy.py", line 201, in _deepcopy_tuple
    y = [deepcopy(a, memo) for a in x]
         ^^^^^^^^^^^^^^^^^
  File "/usr/local/lib/python3.12/copy.py", line 162, in deepcopy
    y = _reconstruct(x, memo, *rv)
        ^^^^^^^^^^^^^^^^^^^^^^^^^^
  File "/usr/local/lib/python3.12/copy.py", line 259, in _reconstruct
    state = deepcopy(state, memo)
            ^^^^^^^^^^^^^^^^^^^^^
  File "/usr/local/lib/python3.12/copy.py", line 136, in deepcopy
    y = copier(x, memo)
        ^^^^^^^^^^^^^^^
  File "/usr/local/lib/python3.12/copy.py", line 221, in _deepcopy_dict
    y[deepcopy(key, memo)] = deepcopy(value, memo)
                             ^^^^^^^^^^^^^^^^^^^^^
  File "/usr/local/lib/python3.12/copy.py", line 162, in deepcopy
    y = _reconstruct(x, memo, *rv)
        ^^^^^^^^^^^^^^^^^^^^^^^^^^
  File "/usr/local/lib/python3.12/copy.py", line 259, in _reconstruct
    state = deepcopy(state, memo)
            ^^^^^^^^^^^^^^^^^^^^^
  File "/usr/local/lib/python3.12/copy.py", line 136, in deepcopy
    y = copier(x, memo)
        ^^^^^^^^^^^^^^^
  File "/usr/local/lib/python3.12/copy.py", line 221, in _deepcopy_dict
    y[deepcopy(key, memo)] = deepcopy(value, memo)
                             ^^^^^^^^^^^^^^^^^^^^^
  File "/usr/local/lib/python3.12/copy.py", line 151, in deepcopy
    rv = reductor(4)
         ^^^^^^^^^^^
TypeError: cannot pickle '_thread.lock' object
[2025-10-07T00:54:59.350+0000] {local_task_job_runner.py:245} INFO - ::endgroup::
