[2025-11-25T09:19:00.549+0000] {local_task_job_runner.py:123} INFO - ::group::Pre task execution logs
[2025-11-25T09:19:00.593+0000] {taskinstance.py:2612} INFO - Dependencies all met for dep_context=non-requeueable deps ti=<TaskInstance: dbt_stock_analytics.dbt_run manual__2025-11-25T09:18:59.589351+00:00 [queued]>
[2025-11-25T09:19:00.601+0000] {taskinstance.py:2612} INFO - Dependencies all met for dep_context=requeueable deps ti=<TaskInstance: dbt_stock_analytics.dbt_run manual__2025-11-25T09:18:59.589351+00:00 [queued]>
[2025-11-25T09:19:00.601+0000] {taskinstance.py:2865} INFO - Starting attempt 1 of 1
[2025-11-25T09:19:00.618+0000] {taskinstance.py:2888} INFO - Executing <Task(BashOperator): dbt_run> on 2025-11-25 09:18:59.589351+00:00
[2025-11-25T09:19:00.622+0000] {standard_task_runner.py:104} INFO - Running: ['***', 'tasks', 'run', 'dbt_stock_analytics', 'dbt_run', 'manual__2025-11-25T09:18:59.589351+00:00', '--job-id', '7', '--raw', '--subdir', 'DAGS_FOLDER/dbt_stock_analytics_lab2.py', '--cfg-path', '/tmp/tmppykbjwxc']
[2025-11-25T09:19:00.625+0000] {standard_task_runner.py:105} INFO - Job 7: Subtask dbt_run
[2025-11-25T09:19:00.625+0000] {logging_mixin.py:190} WARNING - /home/***/.local/lib/python3.12/site-packages/***/task/task_runner/standard_task_runner.py:70 DeprecationWarning: This process (pid=285) is multi-threaded, use of fork() may lead to deadlocks in the child.
[2025-11-25T09:19:00.626+0000] {standard_task_runner.py:72} INFO - Started process 286 to run task
[2025-11-25T09:19:00.737+0000] {task_command.py:467} INFO - Running <TaskInstance: dbt_stock_analytics.dbt_run manual__2025-11-25T09:18:59.589351+00:00 [running]> on host 42ac9fe1c2d2
[2025-11-25T09:19:00.894+0000] {taskinstance.py:3131} INFO - Exporting env vars: AIRFLOW_CTX_DAG_OWNER='***' AIRFLOW_CTX_DAG_ID='dbt_stock_analytics' AIRFLOW_CTX_TASK_ID='dbt_run' AIRFLOW_CTX_EXECUTION_DATE='2025-11-25T09:18:59.589351+00:00' AIRFLOW_CTX_TRY_NUMBER='1' AIRFLOW_CTX_DAG_RUN_ID='manual__2025-11-25T09:18:59.589351+00:00'
[2025-11-25T09:19:00.894+0000] {taskinstance.py:731} INFO - ::endgroup::
[2025-11-25T09:19:00.908+0000] {subprocess.py:63} INFO - Tmp dir root location: /tmp
[2025-11-25T09:19:00.910+0000] {subprocess.py:75} INFO - Running command: ['/usr/bin/bash', '-c', 'cd /opt/***/dbt/stock_analytics && dbt run']
[2025-11-25T09:19:00.916+0000] {subprocess.py:86} INFO - Output:
[2025-11-25T09:19:02.440+0000] {subprocess.py:93} INFO - [0m09:19:02  Running with dbt=1.8.8
[2025-11-25T09:19:03.381+0000] {subprocess.py:93} INFO - [0m09:19:03  Registered adapter: snowflake=1.8.4
[2025-11-25T09:19:03.472+0000] {subprocess.py:93} INFO - [0m09:19:03  Unable to do partial parsing because profile has changed
[2025-11-25T09:19:04.230+0000] {subprocess.py:93} INFO - [0m09:19:04  [[33mWARNING[0m]: Deprecated functionality
[2025-11-25T09:19:04.231+0000] {subprocess.py:93} INFO - The `tests` config has been renamed to `data_tests`. Please see
[2025-11-25T09:19:04.231+0000] {subprocess.py:93} INFO - https://docs.getdbt.com/docs/build/data-tests#new-data_tests-syntax for more
[2025-11-25T09:19:04.231+0000] {subprocess.py:93} INFO - information.
[2025-11-25T09:19:04.532+0000] {subprocess.py:93} INFO - [0m09:19:04  Found 2 models, 1 snapshot, 8 data tests, 1 source, 455 macros
[2025-11-25T09:19:04.534+0000] {subprocess.py:93} INFO - [0m09:19:04
[2025-11-25T09:19:06.466+0000] {subprocess.py:93} INFO - [0m09:19:06  Concurrency: 4 threads (target='dev')
[2025-11-25T09:19:06.467+0000] {subprocess.py:93} INFO - [0m09:19:06
[2025-11-25T09:19:06.481+0000] {subprocess.py:93} INFO - [0m09:19:06  1 of 2 START sql view model ANALYTICS.stg_stock_data ........................... [RUN]
[2025-11-25T09:19:07.460+0000] {subprocess.py:93} INFO - [0m09:19:07  1 of 2 OK created sql view model ANALYTICS.stg_stock_data ...................... [[32mSUCCESS 1[0m in 0.97s]
[2025-11-25T09:19:07.464+0000] {subprocess.py:93} INFO - [0m09:19:07  2 of 2 START sql view model ANALYTICS.fct_stock_metrics ........................ [RUN]
[2025-11-25T09:19:08.367+0000] {subprocess.py:93} INFO - [0m09:19:08  2 of 2 OK created sql view model ANALYTICS.fct_stock_metrics ................... [[32mSUCCESS 1[0m in 0.90s]
[2025-11-25T09:19:08.371+0000] {subprocess.py:93} INFO - [0m09:19:08
[2025-11-25T09:19:08.372+0000] {subprocess.py:93} INFO - [0m09:19:08  Finished running 2 view models in 0 hours 0 minutes and 3.84 seconds (3.84s).
[2025-11-25T09:19:08.400+0000] {subprocess.py:93} INFO - [0m09:19:08
[2025-11-25T09:19:08.400+0000] {subprocess.py:93} INFO - [0m09:19:08  [32mCompleted successfully[0m
[2025-11-25T09:19:08.401+0000] {subprocess.py:93} INFO - [0m09:19:08
[2025-11-25T09:19:08.401+0000] {subprocess.py:93} INFO - [0m09:19:08  Done. PASS=2 WARN=0 ERROR=0 SKIP=0 TOTAL=2
[2025-11-25T09:19:09.177+0000] {subprocess.py:97} INFO - Command exited with return code 0
[2025-11-25T09:19:09.259+0000] {taskinstance.py:340} INFO - ::group::Post task execution logs
[2025-11-25T09:19:09.259+0000] {taskinstance.py:352} INFO - Marking task as SUCCESS. dag_id=dbt_stock_analytics, task_id=dbt_run, run_id=manual__2025-11-25T09:18:59.589351+00:00, execution_date=20251125T091859, start_date=20251125T091900, end_date=20251125T091909
[2025-11-25T09:19:09.299+0000] {local_task_job_runner.py:266} INFO - Task exited with return code 0
[2025-11-25T09:19:09.349+0000] {taskinstance.py:3900} INFO - 1 downstream tasks scheduled from follow-on schedule check
[2025-11-25T09:19:09.351+0000] {local_task_job_runner.py:245} INFO - ::endgroup::
