[2025-10-07T05:58:11.802+0000] {local_task_job_runner.py:123} INFO - ::group::Pre task execution logs
[2025-10-07T05:58:11.809+0000] {taskinstance.py:2612} INFO - Dependencies all met for dep_context=non-requeueable deps ti=<TaskInstance: Snowflake_Stock_Price_DAG.load_to_snowflake manual__2025-10-07T05:58:09.437072+00:00 [queued]>
[2025-10-07T05:58:11.815+0000] {taskinstance.py:2612} INFO - Dependencies all met for dep_context=requeueable deps ti=<TaskInstance: Snowflake_Stock_Price_DAG.load_to_snowflake manual__2025-10-07T05:58:09.437072+00:00 [queued]>
[2025-10-07T05:58:11.815+0000] {taskinstance.py:2865} INFO - Starting attempt 1 of 1
[2025-10-07T05:58:11.820+0000] {taskinstance.py:2888} INFO - Executing <Task(_PythonDecoratedOperator): load_to_snowflake> on 2025-10-07 05:58:09.437072+00:00
[2025-10-07T05:58:11.823+0000] {logging_mixin.py:190} WARNING - /home/***/.local/lib/python3.12/site-packages/***/task/task_runner/standard_task_runner.py:70 DeprecationWarning: This process (pid=18575) is multi-threaded, use of fork() may lead to deadlocks in the child.
[2025-10-07T05:58:11.824+0000] {standard_task_runner.py:104} INFO - Running: ['***', 'tasks', 'run', 'Snowflake_Stock_Price_DAG', 'load_to_snowflake', 'manual__2025-10-07T05:58:09.437072+00:00', '--job-id', '40', '--raw', '--subdir', 'DAGS_FOLDER/train_predict.py', '--cfg-path', '/tmp/tmpzw_0qzcs']
[2025-10-07T05:58:11.825+0000] {standard_task_runner.py:72} INFO - Started process 18580 to run task
[2025-10-07T05:58:11.825+0000] {standard_task_runner.py:105} INFO - Job 40: Subtask load_to_snowflake
[2025-10-07T05:58:11.841+0000] {task_command.py:467} INFO - Running <TaskInstance: Snowflake_Stock_Price_DAG.load_to_snowflake manual__2025-10-07T05:58:09.437072+00:00 [running]> on host ccfe9eddc1e8
[2025-10-07T05:58:11.869+0000] {taskinstance.py:3131} INFO - Exporting env vars: AIRFLOW_CTX_DAG_OWNER='***' AIRFLOW_CTX_DAG_ID='Snowflake_Stock_Price_DAG' AIRFLOW_CTX_TASK_ID='load_to_snowflake' AIRFLOW_CTX_EXECUTION_DATE='2025-10-07T05:58:09.437072+00:00' AIRFLOW_CTX_TRY_NUMBER='1' AIRFLOW_CTX_DAG_RUN_ID='manual__2025-10-07T05:58:09.437072+00:00'
[2025-10-07T05:58:11.870+0000] {taskinstance.py:731} INFO - ::endgroup::
[2025-10-07T05:58:11.874+0000] {base.py:84} INFO - Retrieving connection 'snowflake_conn'
[2025-10-07T05:58:11.874+0000] {connection.py:413} INFO - Snowflake Connector for Python Version: 3.12.1, Python Version: 3.12.5, Platform: Linux-6.10.14-linuxkit-aarch64-with-glibc2.36
[2025-10-07T05:58:11.874+0000] {connection.py:1196} INFO - Connecting to GLOBAL Snowflake domain
[2025-10-07T05:58:11.874+0000] {connection.py:1277} INFO - This connection is in OCSP Fail Open Mode. TLS Certificates would be checked for validity and revocation status. Any other Certificate Revocation related exceptions or OCSP Responder failures would be disregarded in favor of connectivity.
[2025-10-07T05:58:12.319+0000] {cursor.py:1156} INFO - Number of results in first chunk: 1
[2025-10-07T05:58:12.476+0000] {cursor.py:1156} INFO - Number of results in first chunk: 1
[2025-10-07T05:58:12.995+0000] {logging_mixin.py:190} INFO - Inserting 2025-10-06 240.3600 245.7589 239.5000 242.5200 5131190 SNOW
[2025-10-07T05:58:13.666+0000] {logging_mixin.py:190} INFO - Inserting 2025-10-03 242.5000 242.5000 233.2400 235.0900 4073676 SNOW
[2025-10-07T05:58:14.382+0000] {logging_mixin.py:190} INFO - Inserting 2025-10-02 235.0000 241.1169 234.0101 240.5400 6623123 SNOW
[2025-10-07T05:58:15.112+0000] {logging_mixin.py:190} INFO - Inserting 2025-10-01 223.8800 231.8600 222.6400 230.5500 4678325 SNOW
[2025-10-07T05:58:15.712+0000] {logging_mixin.py:190} INFO - Inserting 2025-09-30 225.8400 227.5000 221.5200 225.5500 3420049 SNOW
[2025-10-07T05:58:16.532+0000] {logging_mixin.py:190} INFO - Inserting 2025-09-29 226.9400 230.3300 224.0700 225.2500 4429088 SNOW
[2025-10-07T05:58:16.955+0000] {logging_mixin.py:190} INFO - Inserting 2025-09-26 222.3100 225.9709 220.2950 224.6400 3014785 SNOW
[2025-10-07T05:58:17.420+0000] {logging_mixin.py:190} INFO - Inserting 2025-09-25 219.5000 225.4100 217.2700 221.6000 3006175 SNOW
[2025-10-07T05:58:17.978+0000] {logging_mixin.py:190} INFO - Inserting 2025-09-24 226.8000 228.0600 221.1200 222.5700 3259385 SNOW
[2025-10-07T05:58:18.783+0000] {logging_mixin.py:190} INFO - Inserting 2025-09-23 230.1600 231.4920 222.8800 223.5400 4939267 SNOW
[2025-10-07T05:58:19.280+0000] {logging_mixin.py:190} INFO - Inserting 2025-09-22 228.9100 230.1299 225.3301 229.5400 3217095 SNOW
[2025-10-07T05:58:20.259+0000] {logging_mixin.py:190} INFO - Inserting 2025-09-19 223.3100 231.9400 222.5701 230.4800 7774901 SNOW
[2025-10-07T05:58:21.112+0000] {logging_mixin.py:190} INFO - Inserting 2025-09-18 219.9950 222.2500 218.5100 222.1100 3752581 SNOW
[2025-10-07T05:58:21.550+0000] {logging_mixin.py:190} INFO - Inserting 2025-09-17 217.2000 219.0100 214.3000 217.9600 4366339 SNOW
[2025-10-07T05:58:22.264+0000] {logging_mixin.py:190} INFO - Inserting 2025-09-16 221.2400 222.3450 215.9500 215.9500 7212202 SNOW
[2025-10-07T05:58:22.719+0000] {logging_mixin.py:190} INFO - Inserting 2025-09-15 222.0150 228.5400 222.0150 225.7900 3722267 SNOW
[2025-10-07T05:58:23.643+0000] {logging_mixin.py:190} INFO - Inserting 2025-09-12 224.5000 224.8150 220.8100 221.1500 2634690 SNOW
[2025-10-07T05:58:24.182+0000] {logging_mixin.py:190} INFO - Inserting 2025-09-11 226.1100 228.6599 223.4110 224.5300 4152549 SNOW
[2025-10-07T05:58:24.568+0000] {logging_mixin.py:190} INFO - Inserting 2025-09-10 229.9000 232.2100 224.0200 225.8500 5142081 SNOW
[2025-10-07T05:58:25.607+0000] {logging_mixin.py:190} INFO - Inserting 2025-09-09 223.0000 225.8300 222.1000 225.5600 3949406 SNOW
[2025-10-07T05:58:26.304+0000] {logging_mixin.py:190} INFO - Inserting 2025-09-08 226.8400 230.9500 225.9950 226.5200 4519522 SNOW
[2025-10-07T05:58:27.257+0000] {logging_mixin.py:190} INFO - Inserting 2025-09-05 223.9200 226.5000 221.1900 225.5800 5889395 SNOW
[2025-10-07T05:58:28.105+0000] {logging_mixin.py:190} INFO - Inserting 2025-09-04 222.7000 224.0500 215.0500 221.9000 13279986 SNOW
[2025-10-07T05:58:29.164+0000] {logging_mixin.py:190} INFO - Inserting 2025-09-03 234.8500 236.5000 227.8440 229.3300 6244091 SNOW
[2025-10-07T05:58:30.363+0000] {logging_mixin.py:190} INFO - Inserting 2025-09-02 234.0000 235.2599 228.4000 233.6000 7218016 SNOW
[2025-10-07T05:58:30.792+0000] {logging_mixin.py:190} INFO - Inserting 2025-08-29 236.9300 241.5000 233.2900 238.6600 11742142 SNOW
[2025-10-07T05:58:31.527+0000] {logging_mixin.py:190} INFO - Inserting 2025-08-28 222.0000 249.9900 218.0900 241.0000 42167445 SNOW
[2025-10-07T05:58:32.218+0000] {logging_mixin.py:190} INFO - Inserting 2025-08-27 201.7500 202.5400 196.6600 200.3900 17841893 SNOW
[2025-10-07T05:58:32.884+0000] {logging_mixin.py:190} INFO - Inserting 2025-08-26 195.2000 196.5000 193.4200 194.3500 4665905 SNOW
[2025-10-07T05:58:33.284+0000] {logging_mixin.py:190} INFO - Inserting 2025-08-25 199.0000 200.4700 194.6700 194.6800 3770606 SNOW
[2025-10-07T05:58:33.857+0000] {logging_mixin.py:190} INFO - Inserting 2025-08-22 195.1600 199.9100 193.8700 196.8100 3107867 SNOW
[2025-10-07T05:58:34.550+0000] {logging_mixin.py:190} INFO - Inserting 2025-08-21 192.8100 195.2900 191.2400 194.6800 2848425 SNOW
[2025-10-07T05:58:35.169+0000] {logging_mixin.py:190} INFO - Inserting 2025-08-20 197.6100 197.7700 189.9900 194.8000 4945563 SNOW
[2025-10-07T05:58:35.983+0000] {logging_mixin.py:190} INFO - Inserting 2025-08-19 199.3900 199.9500 191.3212 192.6300 3582705 SNOW
[2025-10-07T05:58:36.875+0000] {logging_mixin.py:190} INFO - Inserting 2025-08-18 197.4700 198.6400 196.1100 198.2400 2379307 SNOW
[2025-10-07T05:58:37.365+0000] {logging_mixin.py:190} INFO - Inserting 2025-08-15 195.2500 200.3400 194.8000 199.0800 3344882 SNOW
[2025-10-07T05:58:38.036+0000] {logging_mixin.py:190} INFO - Inserting 2025-08-14 195.9400 197.5000 193.7050 194.9000 2791038 SNOW
[2025-10-07T05:58:38.834+0000] {logging_mixin.py:190} INFO - Inserting 2025-08-13 194.1250 198.2400 193.0000 196.8700 4429356 SNOW
[2025-10-07T05:58:39.201+0000] {logging_mixin.py:190} INFO - Inserting 2025-08-12 191.7500 194.0000 188.0000 193.0600 3944781 SNOW
[2025-10-07T05:58:39.758+0000] {logging_mixin.py:190} INFO - Inserting 2025-08-11 192.1600 196.7300 191.1200 191.8000 5214015 SNOW
[2025-10-07T05:58:40.470+0000] {logging_mixin.py:190} INFO - Inserting 2025-08-08 205.7900 206.4000 191.3300 191.7300 8616058 SNOW
[2025-10-07T05:58:41.107+0000] {logging_mixin.py:190} INFO - Inserting 2025-08-07 215.0000 215.3900 200.8001 206.4000 4619413 SNOW
[2025-10-07T05:58:41.895+0000] {logging_mixin.py:190} INFO - Inserting 2025-08-06 205.9700 211.0000 205.8000 210.5400 3236562 SNOW
[2025-10-07T05:58:42.238+0000] {logging_mixin.py:190} INFO - Inserting 2025-08-05 208.2500 209.8900 204.6600 205.7700 4003943 SNOW
[2025-10-07T05:58:42.832+0000] {logging_mixin.py:190} INFO - Inserting 2025-08-04 207.7000 210.4100 205.6500 208.4800 3422662 SNOW
[2025-10-07T05:58:43.345+0000] {logging_mixin.py:190} INFO - Inserting 2025-08-01 216.8000 216.8000 202.8700 205.0200 8577996 SNOW
[2025-10-07T05:58:43.769+0000] {logging_mixin.py:190} INFO - Inserting 2025-07-31 225.1300 229.2700 220.9400 223.5000 6227727 SNOW
[2025-10-07T05:58:44.269+0000] {logging_mixin.py:190} INFO - Inserting 2025-07-30 218.7500 222.1899 217.7102 220.2800 3175254 SNOW
[2025-10-07T05:58:44.819+0000] {logging_mixin.py:190} INFO - Inserting 2025-07-29 220.3600 220.6000 217.0100 218.7600 2487933 SNOW
[2025-10-07T05:58:45.901+0000] {logging_mixin.py:190} INFO - Inserting 2025-07-28 219.9300 222.3000 216.9200 218.6700 3441933 SNOW
[2025-10-07T05:58:46.345+0000] {logging_mixin.py:190} INFO - Inserting 2025-07-25 215.4250 220.9200 215.1400 219.5100 3259067 SNOW
[2025-10-07T05:58:47.009+0000] {logging_mixin.py:190} INFO - Inserting 2025-07-24 214.5100 217.0000 212.1100 215.0200 2226104 SNOW
[2025-10-07T05:58:47.779+0000] {logging_mixin.py:190} INFO - Inserting 2025-07-23 211.7700 213.6099 210.4000 212.5600 1692462 SNOW
[2025-10-07T05:58:48.685+0000] {logging_mixin.py:190} INFO - Inserting 2025-07-22 214.9050 216.6000 211.4000 212.2500 2537030 SNOW
[2025-10-07T05:58:49.403+0000] {logging_mixin.py:190} INFO - Inserting 2025-07-21 217.0000 218.7200 214.2600 215.6500 2922451 SNOW
[2025-10-07T05:58:49.915+0000] {logging_mixin.py:190} INFO - Inserting 2025-07-18 212.6900 217.5400 212.2000 216.8900 3384165 SNOW
[2025-10-07T05:58:50.838+0000] {logging_mixin.py:190} INFO - Inserting 2025-07-17 211.7500 214.0300 210.3100 211.5800 2681779 SNOW
[2025-10-07T05:58:51.905+0000] {logging_mixin.py:190} INFO - Inserting 2025-07-16 212.9800 214.0000 209.2532 211.9400 2790937 SNOW
[2025-10-07T05:58:52.445+0000] {logging_mixin.py:190} INFO - Inserting 2025-07-15 213.7500 215.1000 212.2500 212.7900 3249067 SNOW
[2025-10-07T05:58:53.416+0000] {logging_mixin.py:190} INFO - Inserting 2025-07-14 209.8650 214.9400 208.6000 213.5200 2863820 SNOW
[2025-10-07T05:58:53.920+0000] {logging_mixin.py:190} INFO - Inserting 2025-07-11 213.4800 215.4900 209.4600 210.8400 3868631 SNOW
[2025-10-07T05:58:54.512+0000] {logging_mixin.py:190} INFO - Inserting 2025-07-10 221.8300 222.3000 213.2242 214.4200 4799553 SNOW
[2025-10-07T05:58:54.956+0000] {logging_mixin.py:190} INFO - Inserting 2025-07-09 224.6000 224.7500 220.9300 221.9000 2658440 SNOW
[2025-10-07T05:58:56.162+0000] {logging_mixin.py:190} INFO - Inserting 2025-07-08 225.6000 226.6000 220.8400 223.5000 3412521 SNOW
[2025-10-07T05:58:56.816+0000] {logging_mixin.py:190} INFO - Inserting 2025-07-07 221.4300 225.8600 220.1800 225.7900 4090043 SNOW
[2025-10-07T05:58:57.396+0000] {logging_mixin.py:190} INFO - Inserting 2025-07-03 217.7400 222.6050 217.7400 221.4900 2761777 SNOW
[2025-10-07T05:58:58.079+0000] {logging_mixin.py:190} INFO - Inserting 2025-07-02 215.6100 218.2900 214.5200 217.3400 2363692 SNOW
[2025-10-07T05:58:58.721+0000] {logging_mixin.py:190} INFO - Inserting 2025-07-01 218.9000 223.1600 214.4200 215.9700 5398126 SNOW
[2025-10-07T05:58:59.264+0000] {logging_mixin.py:190} INFO - Inserting 2025-06-30 224.4000 225.5100 222.6100 223.7700 3492413 SNOW
[2025-10-07T05:59:00.152+0000] {logging_mixin.py:190} INFO - Inserting 2025-06-27 222.4250 224.4300 219.8202 222.6100 4924398 SNOW
[2025-10-07T05:59:00.904+0000] {logging_mixin.py:190} INFO - Inserting 2025-06-26 222.0500 222.7900 215.5300 221.9200 5086050 SNOW
[2025-10-07T05:59:01.691+0000] {logging_mixin.py:190} INFO - Inserting 2025-06-25 223.1900 225.6834 219.9900 221.5200 3550187 SNOW
[2025-10-07T05:59:02.288+0000] {logging_mixin.py:190} INFO - Inserting 2025-06-24 219.4850 224.6100 219.2500 223.1400 7206453 SNOW
[2025-10-07T05:59:02.817+0000] {logging_mixin.py:190} INFO - Inserting 2025-06-23 209.6250 214.8800 207.3600 213.7100 3146772 SNOW
[2025-10-07T05:59:03.295+0000] {logging_mixin.py:190} INFO - Inserting 2025-06-20 213.3500 215.9900 210.8500 211.9900 4246319 SNOW
[2025-10-07T05:59:03.882+0000] {logging_mixin.py:190} INFO - Inserting 2025-06-18 210.3600 212.6999 209.4700 212.0800 4218197 SNOW
[2025-10-07T05:59:04.537+0000] {logging_mixin.py:190} INFO - Inserting 2025-06-17 208.0000 210.2983 206.2600 209.4500 2217902 SNOW
[2025-10-07T05:59:05.156+0000] {logging_mixin.py:190} INFO - Inserting 2025-06-16 210.3100 211.0000 207.0501 209.1200 2579570 SNOW
[2025-10-07T05:59:05.585+0000] {logging_mixin.py:190} INFO - Inserting 2025-06-13 208.0000 212.3000 207.4400 208.1800 3636510 SNOW
[2025-10-07T05:59:06.795+0000] {logging_mixin.py:190} INFO - Inserting 2025-06-12 206.1400 213.1000 206.1400 211.2800 5138792 SNOW
[2025-10-07T05:59:07.333+0000] {logging_mixin.py:190} INFO - Inserting 2025-06-11 207.9900 210.2000 205.2300 208.6100 5140168 SNOW
[2025-10-07T05:59:08.354+0000] {logging_mixin.py:190} INFO - Inserting 2025-06-10 210.0750 212.3972 206.2200 208.2400 3598135 SNOW
[2025-10-07T05:59:09.067+0000] {logging_mixin.py:190} INFO - Inserting 2025-06-09 211.3100 212.0900 208.5000 210.8500 3548170 SNOW
[2025-10-07T05:59:09.574+0000] {logging_mixin.py:190} INFO - Inserting 2025-06-06 211.4500 213.0000 209.4000 210.8400 3798936 SNOW
[2025-10-07T05:59:10.292+0000] {logging_mixin.py:190} INFO - Inserting 2025-06-05 211.2300 214.3700 208.8900 210.1000 5234404 SNOW
[2025-10-07T05:59:10.824+0000] {logging_mixin.py:190} INFO - Inserting 2025-06-04 213.4250 214.8300 205.2900 209.6000 6648504 SNOW
[2025-10-07T05:59:11.173+0000] {logging_mixin.py:190} INFO - Inserting 2025-06-03 210.5000 210.8200 207.2000 209.1500 4063004 SNOW
[2025-10-07T05:59:11.928+0000] {logging_mixin.py:190} INFO - Inserting 2025-06-02 205.6700 210.4400 204.4100 210.1700 4476945 SNOW
[2025-10-07T05:59:12.646+0000] {logging_mixin.py:190} INFO - Inserting 2025-05-30 202.1900 206.0000 199.7500 205.6700 7077520 SNOW
[2025-10-07T05:59:13.236+0000] {logging_mixin.py:190} INFO - Inserting 2025-05-29 206.2900 206.7100 201.0800 202.3100 3805005 SNOW
[2025-10-07T05:59:25.849+0000] {cursor.py:1156} INFO - Number of results in first chunk: 1
[2025-10-07T05:59:25.853+0000] {python.py:240} INFO - Done. Returned value was: None
[2025-10-07T05:59:25.865+0000] {taskinstance.py:340} INFO - ::group::Post task execution logs
[2025-10-07T05:59:25.866+0000] {taskinstance.py:352} INFO - Marking task as SUCCESS. dag_id=Snowflake_Stock_Price_DAG, task_id=load_to_snowflake, run_id=manual__2025-10-07T05:58:09.437072+00:00, execution_date=20251007T055809, start_date=20251007T055811, end_date=20251007T055925
[2025-10-07T05:59:25.914+0000] {local_task_job_runner.py:266} INFO - Task exited with return code 0
[2025-10-07T05:59:25.922+0000] {taskinstance.py:3925} ERROR - Error scheduling downstream tasks. Skipping it as this is entirely optional optimisation. There might be various reasons for it, please take a look at the stack trace to figure out if the root cause can be diagnosed and fixed. See the issue https://github.com/apache/***/issues/39717 for details and an example problem. If you would like to get help in solving root cause, open discussion with all details with your managed service support or in Airflow repository.
Traceback (most recent call last):
  File "/home/airflow/.local/lib/python3.12/site-packages/airflow/models/taskinstance.py", line 3921, in schedule_downstream_tasks
    return TaskInstance._schedule_downstream_tasks(
           ^^^^^^^^^^^^^^^^^^^^^^^^^^^^^^^^^^^^^^^^
  File "/home/airflow/.local/lib/python3.12/site-packages/airflow/utils/session.py", line 94, in wrapper
    return func(*args, **kwargs)
           ^^^^^^^^^^^^^^^^^^^^^
  File "/home/airflow/.local/lib/python3.12/site-packages/airflow/models/taskinstance.py", line 3870, in _schedule_downstream_tasks
    partial_dag = task.dag.partial_subset(
                  ^^^^^^^^^^^^^^^^^^^^^^^^
  File "/home/airflow/.local/lib/python3.12/site-packages/airflow/models/dag.py", line 2664, in partial_subset
    t.task_id: _deepcopy_task(t)
               ^^^^^^^^^^^^^^^^^
  File "/home/airflow/.local/lib/python3.12/site-packages/airflow/models/dag.py", line 2661, in _deepcopy_task
    return copy.deepcopy(t, memo)
           ^^^^^^^^^^^^^^^^^^^^^^
  File "/usr/local/lib/python3.12/copy.py", line 143, in deepcopy
    y = copier(memo)
        ^^^^^^^^^^^^
  File "/home/airflow/.local/lib/python3.12/site-packages/airflow/models/baseoperator.py", line 1388, in __deepcopy__
    setattr(result, k, copy.deepcopy(v, memo))
                       ^^^^^^^^^^^^^^^^^^^^^^
  File "/usr/local/lib/python3.12/copy.py", line 136, in deepcopy
    y = copier(x, memo)
        ^^^^^^^^^^^^^^^
  File "/usr/local/lib/python3.12/copy.py", line 221, in _deepcopy_dict
    y[deepcopy(key, memo)] = deepcopy(value, memo)
                             ^^^^^^^^^^^^^^^^^^^^^
  File "/usr/local/lib/python3.12/copy.py", line 136, in deepcopy
    y = copier(x, memo)
        ^^^^^^^^^^^^^^^
  File "/usr/local/lib/python3.12/copy.py", line 201, in _deepcopy_tuple
    y = [deepcopy(a, memo) for a in x]
         ^^^^^^^^^^^^^^^^^
  File "/usr/local/lib/python3.12/copy.py", line 162, in deepcopy
    y = _reconstruct(x, memo, *rv)
        ^^^^^^^^^^^^^^^^^^^^^^^^^^
  File "/usr/local/lib/python3.12/copy.py", line 259, in _reconstruct
    state = deepcopy(state, memo)
            ^^^^^^^^^^^^^^^^^^^^^
  File "/usr/local/lib/python3.12/copy.py", line 136, in deepcopy
    y = copier(x, memo)
        ^^^^^^^^^^^^^^^
  File "/usr/local/lib/python3.12/copy.py", line 221, in _deepcopy_dict
    y[deepcopy(key, memo)] = deepcopy(value, memo)
                             ^^^^^^^^^^^^^^^^^^^^^
  File "/usr/local/lib/python3.12/copy.py", line 162, in deepcopy
    y = _reconstruct(x, memo, *rv)
        ^^^^^^^^^^^^^^^^^^^^^^^^^^
  File "/usr/local/lib/python3.12/copy.py", line 259, in _reconstruct
    state = deepcopy(state, memo)
            ^^^^^^^^^^^^^^^^^^^^^
  File "/usr/local/lib/python3.12/copy.py", line 136, in deepcopy
    y = copier(x, memo)
        ^^^^^^^^^^^^^^^
  File "/usr/local/lib/python3.12/copy.py", line 221, in _deepcopy_dict
    y[deepcopy(key, memo)] = deepcopy(value, memo)
                             ^^^^^^^^^^^^^^^^^^^^^
  File "/usr/local/lib/python3.12/copy.py", line 151, in deepcopy
    rv = reductor(4)
         ^^^^^^^^^^^
TypeError: cannot pickle '_thread.lock' object
[2025-10-07T05:59:25.925+0000] {local_task_job_runner.py:245} INFO - ::endgroup::
