[2025-11-25T09:15:21.353+0000] {local_task_job_runner.py:123} INFO - ::group::Pre task execution logs
[2025-11-25T09:15:21.395+0000] {taskinstance.py:2612} INFO - Dependencies all met for dep_context=non-requeueable deps ti=<TaskInstance: dbt_stock_analytics.dbt_run manual__2025-11-25T09:15:20.555414+00:00 [queued]>
[2025-11-25T09:15:21.402+0000] {taskinstance.py:2612} INFO - Dependencies all met for dep_context=requeueable deps ti=<TaskInstance: dbt_stock_analytics.dbt_run manual__2025-11-25T09:15:20.555414+00:00 [queued]>
[2025-11-25T09:15:21.403+0000] {taskinstance.py:2865} INFO - Starting attempt 1 of 1
[2025-11-25T09:15:21.421+0000] {taskinstance.py:2888} INFO - Executing <Task(BashOperator): dbt_run> on 2025-11-25 09:15:20.555414+00:00
[2025-11-25T09:15:21.425+0000] {standard_task_runner.py:104} INFO - Running: ['***', 'tasks', 'run', 'dbt_stock_analytics', 'dbt_run', 'manual__2025-11-25T09:15:20.555414+00:00', '--job-id', '3', '--raw', '--subdir', 'DAGS_FOLDER/dbt_stock_analytics_lab2.py', '--cfg-path', '/tmp/tmpkv3026nv']
[2025-11-25T09:15:21.426+0000] {standard_task_runner.py:105} INFO - Job 3: Subtask dbt_run
[2025-11-25T09:15:21.427+0000] {logging_mixin.py:190} WARNING - /home/***/.local/lib/python3.12/site-packages/***/task/task_runner/standard_task_runner.py:70 DeprecationWarning: This process (pid=1203) is multi-threaded, use of fork() may lead to deadlocks in the child.
[2025-11-25T09:15:21.428+0000] {standard_task_runner.py:72} INFO - Started process 1210 to run task
[2025-11-25T09:15:21.535+0000] {task_command.py:467} INFO - Running <TaskInstance: dbt_stock_analytics.dbt_run manual__2025-11-25T09:15:20.555414+00:00 [running]> on host 42ac9fe1c2d2
[2025-11-25T09:15:21.693+0000] {taskinstance.py:3131} INFO - Exporting env vars: AIRFLOW_CTX_DAG_OWNER='***' AIRFLOW_CTX_DAG_ID='dbt_stock_analytics' AIRFLOW_CTX_TASK_ID='dbt_run' AIRFLOW_CTX_EXECUTION_DATE='2025-11-25T09:15:20.555414+00:00' AIRFLOW_CTX_TRY_NUMBER='1' AIRFLOW_CTX_DAG_RUN_ID='manual__2025-11-25T09:15:20.555414+00:00'
[2025-11-25T09:15:21.694+0000] {taskinstance.py:731} INFO - ::endgroup::
[2025-11-25T09:15:21.706+0000] {subprocess.py:63} INFO - Tmp dir root location: /tmp
[2025-11-25T09:15:21.707+0000] {subprocess.py:75} INFO - Running command: ['/usr/bin/bash', '-c', 'cd /opt/***/dbt/stock_analytics && dbt run']
[2025-11-25T09:15:21.711+0000] {subprocess.py:86} INFO - Output:
[2025-11-25T09:15:23.453+0000] {subprocess.py:93} INFO - [0m09:15:23  Running with dbt=1.8.8
[2025-11-25T09:15:24.532+0000] {subprocess.py:93} INFO - [0m09:15:24  Registered adapter: snowflake=1.8.4
[2025-11-25T09:15:24.635+0000] {subprocess.py:93} INFO - [0m09:15:24  Unable to do partial parsing because of a version mismatch
[2025-11-25T09:15:25.445+0000] {subprocess.py:93} INFO - [0m09:15:25  [[33mWARNING[0m]: Deprecated functionality
[2025-11-25T09:15:25.445+0000] {subprocess.py:93} INFO - The `tests` config has been renamed to `data_tests`. Please see
[2025-11-25T09:15:25.445+0000] {subprocess.py:93} INFO - https://docs.getdbt.com/docs/build/data-tests#new-data_tests-syntax for more
[2025-11-25T09:15:25.446+0000] {subprocess.py:93} INFO - information.
[2025-11-25T09:15:25.805+0000] {subprocess.py:93} INFO - [0m09:15:25  Found 2 models, 1 snapshot, 8 data tests, 1 source, 455 macros
[2025-11-25T09:15:25.807+0000] {subprocess.py:93} INFO - [0m09:15:25
[2025-11-25T09:15:27.686+0000] {subprocess.py:93} INFO - [0m09:15:27  Concurrency: 4 threads (target='dev')
[2025-11-25T09:15:27.688+0000] {subprocess.py:93} INFO - [0m09:15:27
[2025-11-25T09:15:27.695+0000] {subprocess.py:93} INFO - [0m09:15:27  1 of 2 START sql view model ANALYTICS.stg_stock_data ........................... [RUN]
[2025-11-25T09:15:28.530+0000] {subprocess.py:93} INFO - [0m09:15:28  1 of 2 OK created sql view model ANALYTICS.stg_stock_data ...................... [[32mSUCCESS 1[0m in 0.82s]
[2025-11-25T09:15:28.538+0000] {subprocess.py:93} INFO - [0m09:15:28  2 of 2 START sql view model ANALYTICS.fct_stock_metrics ........................ [RUN]
[2025-11-25T09:15:29.430+0000] {subprocess.py:93} INFO - [0m09:15:29  2 of 2 OK created sql view model ANALYTICS.fct_stock_metrics ................... [[32mSUCCESS 1[0m in 0.89s]
[2025-11-25T09:15:29.440+0000] {subprocess.py:93} INFO - [0m09:15:29
[2025-11-25T09:15:29.441+0000] {subprocess.py:93} INFO - [0m09:15:29  Finished running 2 view models in 0 hours 0 minutes and 3.63 seconds (3.63s).
[2025-11-25T09:15:29.480+0000] {subprocess.py:93} INFO - [0m09:15:29
[2025-11-25T09:15:29.481+0000] {subprocess.py:93} INFO - [0m09:15:29  [32mCompleted successfully[0m
[2025-11-25T09:15:29.481+0000] {subprocess.py:93} INFO - [0m09:15:29
[2025-11-25T09:15:29.481+0000] {subprocess.py:93} INFO - [0m09:15:29  Done. PASS=2 WARN=0 ERROR=0 SKIP=0 TOTAL=2
[2025-11-25T09:15:30.209+0000] {subprocess.py:97} INFO - Command exited with return code 0
[2025-11-25T09:15:30.316+0000] {taskinstance.py:340} INFO - ::group::Post task execution logs
[2025-11-25T09:15:30.317+0000] {taskinstance.py:352} INFO - Marking task as SUCCESS. dag_id=dbt_stock_analytics, task_id=dbt_run, run_id=manual__2025-11-25T09:15:20.555414+00:00, execution_date=20251125T091520, start_date=20251125T091521, end_date=20251125T091530
[2025-11-25T09:15:30.359+0000] {local_task_job_runner.py:266} INFO - Task exited with return code 0
[2025-11-25T09:15:30.434+0000] {taskinstance.py:3900} INFO - 1 downstream tasks scheduled from follow-on schedule check
[2025-11-25T09:15:30.436+0000] {local_task_job_runner.py:245} INFO - ::endgroup::
