[2025-11-03T03:00:08.719+0000] {local_task_job_runner.py:123} INFO - ::group::Pre task execution logs
[2025-11-03T03:00:08.723+0000] {taskinstance.py:2612} INFO - Dependencies all met for dep_context=non-requeueable deps ti=<TaskInstance: ETL_DAG.create_table_load scheduled__2025-11-02T02:45:00+00:00 [queued]>
[2025-11-03T03:00:08.726+0000] {taskinstance.py:2612} INFO - Dependencies all met for dep_context=requeueable deps ti=<TaskInstance: ETL_DAG.create_table_load scheduled__2025-11-02T02:45:00+00:00 [queued]>
[2025-11-03T03:00:08.726+0000] {taskinstance.py:2865} INFO - Starting attempt 1 of 1
[2025-11-03T03:00:08.729+0000] {taskinstance.py:2888} INFO - Executing <Task(_PythonDecoratedOperator): create_table_load> on 2025-11-02 02:45:00+00:00
[2025-11-03T03:00:08.732+0000] {logging_mixin.py:190} WARNING - /home/***/.local/lib/python3.12/site-packages/***/task/task_runner/standard_task_runner.py:70 DeprecationWarning: This process (pid=57295) is multi-threaded, use of fork() may lead to deadlocks in the child.
[2025-11-03T03:00:08.733+0000] {standard_task_runner.py:72} INFO - Started process 57326 to run task
[2025-11-03T03:00:08.732+0000] {standard_task_runner.py:104} INFO - Running: ['***', 'tasks', 'run', 'ETL_DAG', 'create_table_load', 'scheduled__2025-11-02T02:45:00+00:00', '--job-id', '187', '--raw', '--subdir', 'DAGS_FOLDER/homework6_etl.py', '--cfg-path', '/tmp/tmpk2sy_5j9']
[2025-11-03T03:00:08.733+0000] {standard_task_runner.py:105} INFO - Job 187: Subtask create_table_load
[2025-11-03T03:00:08.746+0000] {task_command.py:467} INFO - Running <TaskInstance: ETL_DAG.create_table_load scheduled__2025-11-02T02:45:00+00:00 [running]> on host ccfe9eddc1e8
[2025-11-03T03:00:08.768+0000] {taskinstance.py:3131} INFO - Exporting env vars: AIRFLOW_CTX_DAG_OWNER='***' AIRFLOW_CTX_DAG_ID='ETL_DAG' AIRFLOW_CTX_TASK_ID='create_table_load' AIRFLOW_CTX_EXECUTION_DATE='2025-11-02T02:45:00+00:00' AIRFLOW_CTX_TRY_NUMBER='1' AIRFLOW_CTX_DAG_RUN_ID='scheduled__2025-11-02T02:45:00+00:00'
[2025-11-03T03:00:08.768+0000] {taskinstance.py:731} INFO - ::endgroup::
[2025-11-03T03:00:09.113+0000] {cursor.py:1156} INFO - Number of results in first chunk: 1
[2025-11-03T03:00:09.986+0000] {cursor.py:1156} INFO - Number of results in first chunk: 1
[2025-11-03T03:00:10.186+0000] {cursor.py:1156} INFO - Number of results in first chunk: 1
[2025-11-03T03:00:11.565+0000] {cursor.py:1156} INFO - Number of results in first chunk: 1
[2025-11-03T03:00:13.071+0000] {cursor.py:1156} INFO - Number of results in first chunk: 1
[2025-11-03T03:00:13.993+0000] {cursor.py:1156} INFO - Number of results in first chunk: 1
[2025-11-03T03:00:14.178+0000] {cursor.py:1156} INFO - Number of results in first chunk: 1
[2025-11-03T03:00:14.179+0000] {logging_mixin.py:190} INFO - Tables created successfully
[2025-11-03T03:00:14.180+0000] {logging_mixin.py:190} INFO - Data loaded successfully
[2025-11-03T03:00:14.180+0000] {python.py:240} INFO - Done. Returned value was: None
[2025-11-03T03:00:14.194+0000] {taskinstance.py:340} INFO - ::group::Post task execution logs
[2025-11-03T03:00:14.195+0000] {taskinstance.py:352} INFO - Marking task as SUCCESS. dag_id=ETL_DAG, task_id=create_table_load, run_id=scheduled__2025-11-02T02:45:00+00:00, execution_date=20251102T024500, start_date=20251103T030008, end_date=20251103T030014
[2025-11-03T03:00:14.220+0000] {local_task_job_runner.py:266} INFO - Task exited with return code 0
[2025-11-03T03:00:14.230+0000] {taskinstance.py:3900} INFO - 0 downstream tasks scheduled from follow-on schedule check
[2025-11-03T03:00:14.231+0000] {local_task_job_runner.py:245} INFO - ::endgroup::
