[2025-11-02T00:05:31.715+0000] {processor.py:186} INFO - Started process (PID=53751) to work on /opt/airflow/dags/homework6_elt.py
[2025-11-02T00:05:31.716+0000] {processor.py:914} INFO - Processing file /opt/airflow/dags/homework6_elt.py for tasks to queue
[2025-11-02T00:05:31.717+0000] {logging_mixin.py:190} INFO - [2025-11-02T00:05:31.717+0000] {dagbag.py:587} INFO - Filling up the DagBag from /opt/airflow/dags/homework6_elt.py
[2025-11-02T00:05:31.725+0000] {processor.py:925} INFO - DAG(s) 'BuildELT_CTAS' retrieved from /opt/airflow/dags/homework6_elt.py
[2025-11-02T00:05:31.738+0000] {logging_mixin.py:190} INFO - [2025-11-02T00:05:31.738+0000] {dag.py:3229} INFO - Sync 1 DAGs
[2025-11-02T00:05:31.749+0000] {logging_mixin.py:190} INFO - [2025-11-02T00:05:31.749+0000] {dag.py:4156} INFO - Setting next_dagrun for BuildELT_CTAS to 2025-11-01 02:45:00+00:00, run_after=2025-11-02 02:45:00+00:00
[2025-11-02T00:05:31.756+0000] {processor.py:208} INFO - Processing /opt/airflow/dags/homework6_elt.py took 0.046 seconds
[2025-11-02T00:22:32.011+0000] {processor.py:186} INFO - Started process (PID=53782) to work on /opt/airflow/dags/homework6_elt.py
[2025-11-02T00:22:32.014+0000] {processor.py:914} INFO - Processing file /opt/airflow/dags/homework6_elt.py for tasks to queue
[2025-11-02T00:22:32.015+0000] {logging_mixin.py:190} INFO - [2025-11-02T00:22:32.014+0000] {dagbag.py:587} INFO - Filling up the DagBag from /opt/airflow/dags/homework6_elt.py
[2025-11-02T00:22:32.019+0000] {processor.py:925} INFO - DAG(s) 'BuildELT_CTAS' retrieved from /opt/airflow/dags/homework6_elt.py
[2025-11-02T00:22:32.030+0000] {logging_mixin.py:190} INFO - [2025-11-02T00:22:32.030+0000] {dag.py:3229} INFO - Sync 1 DAGs
[2025-11-02T00:22:32.039+0000] {logging_mixin.py:190} INFO - [2025-11-02T00:22:32.039+0000] {dag.py:4156} INFO - Setting next_dagrun for BuildELT_CTAS to 2025-11-01 02:45:00+00:00, run_after=2025-11-02 02:45:00+00:00
[2025-11-02T00:22:32.044+0000] {processor.py:208} INFO - Processing /opt/airflow/dags/homework6_elt.py took 0.036 seconds
[2025-11-02T00:28:54.824+0000] {processor.py:186} INFO - Started process (PID=53813) to work on /opt/airflow/dags/homework6_elt.py
[2025-11-02T00:28:54.825+0000] {processor.py:914} INFO - Processing file /opt/airflow/dags/homework6_elt.py for tasks to queue
[2025-11-02T00:28:54.826+0000] {logging_mixin.py:190} INFO - [2025-11-02T00:28:54.826+0000] {dagbag.py:587} INFO - Filling up the DagBag from /opt/airflow/dags/homework6_elt.py
[2025-11-02T00:28:54.833+0000] {processor.py:925} INFO - DAG(s) 'BuildELT_CTAS' retrieved from /opt/airflow/dags/homework6_elt.py
[2025-11-02T00:28:54.843+0000] {logging_mixin.py:190} INFO - [2025-11-02T00:28:54.843+0000] {dag.py:3229} INFO - Sync 1 DAGs
[2025-11-02T00:28:54.853+0000] {logging_mixin.py:190} INFO - [2025-11-02T00:28:54.853+0000] {dag.py:4156} INFO - Setting next_dagrun for BuildELT_CTAS to 2025-11-01 02:45:00+00:00, run_after=2025-11-02 02:45:00+00:00
[2025-11-02T00:28:54.859+0000] {processor.py:208} INFO - Processing /opt/airflow/dags/homework6_elt.py took 0.038 seconds
[2025-11-02T00:41:28.608+0000] {processor.py:186} INFO - Started process (PID=53845) to work on /opt/airflow/dags/homework6_elt.py
[2025-11-02T00:41:28.609+0000] {processor.py:914} INFO - Processing file /opt/airflow/dags/homework6_elt.py for tasks to queue
[2025-11-02T00:41:28.610+0000] {logging_mixin.py:190} INFO - [2025-11-02T00:41:28.610+0000] {dagbag.py:587} INFO - Filling up the DagBag from /opt/airflow/dags/homework6_elt.py
[2025-11-02T00:41:28.618+0000] {processor.py:925} INFO - DAG(s) 'BuildELT_CTAS' retrieved from /opt/airflow/dags/homework6_elt.py
[2025-11-02T00:41:28.629+0000] {logging_mixin.py:190} INFO - [2025-11-02T00:41:28.629+0000] {dag.py:3229} INFO - Sync 1 DAGs
[2025-11-02T00:41:28.638+0000] {logging_mixin.py:190} INFO - [2025-11-02T00:41:28.638+0000] {dag.py:4156} INFO - Setting next_dagrun for BuildELT_CTAS to 2025-11-01 02:45:00+00:00, run_after=2025-11-02 02:45:00+00:00
[2025-11-02T00:41:28.644+0000] {processor.py:208} INFO - Processing /opt/airflow/dags/homework6_elt.py took 0.039 seconds
[2025-11-02T00:47:31.370+0000] {processor.py:186} INFO - Started process (PID=53876) to work on /opt/airflow/dags/homework6_elt.py
[2025-11-02T00:47:31.374+0000] {processor.py:914} INFO - Processing file /opt/airflow/dags/homework6_elt.py for tasks to queue
[2025-11-02T00:47:31.375+0000] {logging_mixin.py:190} INFO - [2025-11-02T00:47:31.375+0000] {dagbag.py:587} INFO - Filling up the DagBag from /opt/airflow/dags/homework6_elt.py
[2025-11-02T00:47:31.381+0000] {processor.py:925} INFO - DAG(s) 'BuildELT_CTAS' retrieved from /opt/airflow/dags/homework6_elt.py
[2025-11-02T00:47:31.391+0000] {logging_mixin.py:190} INFO - [2025-11-02T00:47:31.391+0000] {dag.py:3229} INFO - Sync 1 DAGs
[2025-11-02T00:47:31.401+0000] {logging_mixin.py:190} INFO - [2025-11-02T00:47:31.401+0000] {dag.py:4156} INFO - Setting next_dagrun for BuildELT_CTAS to 2025-11-01 02:45:00+00:00, run_after=2025-11-02 02:45:00+00:00
[2025-11-02T00:47:31.407+0000] {processor.py:208} INFO - Processing /opt/airflow/dags/homework6_elt.py took 0.041 seconds
[2025-11-02T00:53:02.549+0000] {processor.py:186} INFO - Started process (PID=53907) to work on /opt/airflow/dags/homework6_elt.py
[2025-11-02T00:53:02.550+0000] {processor.py:914} INFO - Processing file /opt/airflow/dags/homework6_elt.py for tasks to queue
[2025-11-02T00:53:02.551+0000] {logging_mixin.py:190} INFO - [2025-11-02T00:53:02.551+0000] {dagbag.py:587} INFO - Filling up the DagBag from /opt/airflow/dags/homework6_elt.py
[2025-11-02T00:53:02.557+0000] {processor.py:925} INFO - DAG(s) 'BuildELT_CTAS' retrieved from /opt/airflow/dags/homework6_elt.py
[2025-11-02T00:53:02.567+0000] {logging_mixin.py:190} INFO - [2025-11-02T00:53:02.567+0000] {dag.py:3229} INFO - Sync 1 DAGs
[2025-11-02T00:53:02.579+0000] {logging_mixin.py:190} INFO - [2025-11-02T00:53:02.579+0000] {dag.py:4156} INFO - Setting next_dagrun for BuildELT_CTAS to 2025-11-01 02:45:00+00:00, run_after=2025-11-02 02:45:00+00:00
[2025-11-02T00:53:02.585+0000] {processor.py:208} INFO - Processing /opt/airflow/dags/homework6_elt.py took 0.039 seconds
[2025-11-02T01:02:08.646+0000] {processor.py:186} INFO - Started process (PID=53938) to work on /opt/airflow/dags/homework6_elt.py
[2025-11-02T01:02:08.647+0000] {processor.py:914} INFO - Processing file /opt/airflow/dags/homework6_elt.py for tasks to queue
[2025-11-02T01:02:08.648+0000] {logging_mixin.py:190} INFO - [2025-11-02T01:02:08.647+0000] {dagbag.py:587} INFO - Filling up the DagBag from /opt/airflow/dags/homework6_elt.py
[2025-11-02T01:02:08.654+0000] {processor.py:925} INFO - DAG(s) 'BuildELT_CTAS' retrieved from /opt/airflow/dags/homework6_elt.py
[2025-11-02T01:02:08.667+0000] {logging_mixin.py:190} INFO - [2025-11-02T01:02:08.667+0000] {dag.py:3229} INFO - Sync 1 DAGs
[2025-11-02T01:02:08.677+0000] {logging_mixin.py:190} INFO - [2025-11-02T01:02:08.676+0000] {dag.py:4156} INFO - Setting next_dagrun for BuildELT_CTAS to 2025-11-01 02:45:00+00:00, run_after=2025-11-02 02:45:00+00:00
[2025-11-02T01:02:08.682+0000] {processor.py:208} INFO - Processing /opt/airflow/dags/homework6_elt.py took 0.041 seconds
[2025-11-02T01:13:03.627+0000] {processor.py:186} INFO - Started process (PID=53969) to work on /opt/airflow/dags/homework6_elt.py
[2025-11-02T01:13:03.627+0000] {processor.py:914} INFO - Processing file /opt/airflow/dags/homework6_elt.py for tasks to queue
[2025-11-02T01:13:03.628+0000] {logging_mixin.py:190} INFO - [2025-11-02T01:13:03.628+0000] {dagbag.py:587} INFO - Filling up the DagBag from /opt/airflow/dags/homework6_elt.py
[2025-11-02T01:13:03.637+0000] {processor.py:925} INFO - DAG(s) 'BuildELT_CTAS' retrieved from /opt/airflow/dags/homework6_elt.py
[2025-11-02T01:13:03.649+0000] {logging_mixin.py:190} INFO - [2025-11-02T01:13:03.649+0000] {dag.py:3229} INFO - Sync 1 DAGs
[2025-11-02T01:13:03.659+0000] {logging_mixin.py:190} INFO - [2025-11-02T01:13:03.659+0000] {dag.py:4156} INFO - Setting next_dagrun for BuildELT_CTAS to 2025-11-01 02:45:00+00:00, run_after=2025-11-02 02:45:00+00:00
[2025-11-02T01:13:03.665+0000] {processor.py:208} INFO - Processing /opt/airflow/dags/homework6_elt.py took 0.042 seconds
[2025-11-02T01:21:37.589+0000] {processor.py:186} INFO - Started process (PID=54000) to work on /opt/airflow/dags/homework6_elt.py
[2025-11-02T01:21:37.590+0000] {processor.py:914} INFO - Processing file /opt/airflow/dags/homework6_elt.py for tasks to queue
[2025-11-02T01:21:37.591+0000] {logging_mixin.py:190} INFO - [2025-11-02T01:21:37.591+0000] {dagbag.py:587} INFO - Filling up the DagBag from /opt/airflow/dags/homework6_elt.py
[2025-11-02T01:21:37.598+0000] {processor.py:925} INFO - DAG(s) 'BuildELT_CTAS' retrieved from /opt/airflow/dags/homework6_elt.py
[2025-11-02T01:21:37.609+0000] {logging_mixin.py:190} INFO - [2025-11-02T01:21:37.609+0000] {dag.py:3229} INFO - Sync 1 DAGs
[2025-11-02T01:21:37.619+0000] {logging_mixin.py:190} INFO - [2025-11-02T01:21:37.619+0000] {dag.py:4156} INFO - Setting next_dagrun for BuildELT_CTAS to 2025-11-01 02:45:00+00:00, run_after=2025-11-02 02:45:00+00:00
[2025-11-02T01:21:37.624+0000] {processor.py:208} INFO - Processing /opt/airflow/dags/homework6_elt.py took 0.039 seconds
[2025-11-02T01:26:51.970+0000] {processor.py:186} INFO - Started process (PID=54031) to work on /opt/airflow/dags/homework6_elt.py
[2025-11-02T01:26:51.970+0000] {processor.py:914} INFO - Processing file /opt/airflow/dags/homework6_elt.py for tasks to queue
[2025-11-02T01:26:51.972+0000] {logging_mixin.py:190} INFO - [2025-11-02T01:26:51.972+0000] {dagbag.py:587} INFO - Filling up the DagBag from /opt/airflow/dags/homework6_elt.py
[2025-11-02T01:26:51.978+0000] {processor.py:925} INFO - DAG(s) 'BuildELT_CTAS' retrieved from /opt/airflow/dags/homework6_elt.py
[2025-11-02T01:26:51.989+0000] {logging_mixin.py:190} INFO - [2025-11-02T01:26:51.989+0000] {dag.py:3229} INFO - Sync 1 DAGs
[2025-11-02T01:26:51.998+0000] {logging_mixin.py:190} INFO - [2025-11-02T01:26:51.998+0000] {dag.py:4156} INFO - Setting next_dagrun for BuildELT_CTAS to 2025-11-01 02:45:00+00:00, run_after=2025-11-02 02:45:00+00:00
[2025-11-02T01:26:52.004+0000] {processor.py:208} INFO - Processing /opt/airflow/dags/homework6_elt.py took 0.038 seconds
[2025-11-02T01:37:04.317+0000] {processor.py:186} INFO - Started process (PID=54062) to work on /opt/airflow/dags/homework6_elt.py
[2025-11-02T01:37:04.318+0000] {processor.py:914} INFO - Processing file /opt/airflow/dags/homework6_elt.py for tasks to queue
[2025-11-02T01:37:04.320+0000] {logging_mixin.py:190} INFO - [2025-11-02T01:37:04.319+0000] {dagbag.py:587} INFO - Filling up the DagBag from /opt/airflow/dags/homework6_elt.py
[2025-11-02T01:37:04.330+0000] {processor.py:925} INFO - DAG(s) 'BuildELT_CTAS' retrieved from /opt/airflow/dags/homework6_elt.py
[2025-11-02T01:37:04.342+0000] {logging_mixin.py:190} INFO - [2025-11-02T01:37:04.342+0000] {dag.py:3229} INFO - Sync 1 DAGs
[2025-11-02T01:37:04.354+0000] {logging_mixin.py:190} INFO - [2025-11-02T01:37:04.354+0000] {dag.py:4156} INFO - Setting next_dagrun for BuildELT_CTAS to 2025-11-01 02:45:00+00:00, run_after=2025-11-02 02:45:00+00:00
[2025-11-02T01:37:04.361+0000] {processor.py:208} INFO - Processing /opt/airflow/dags/homework6_elt.py took 0.048 seconds
[2025-11-02T01:45:54.540+0000] {processor.py:186} INFO - Started process (PID=54121) to work on /opt/airflow/dags/homework6_elt.py
[2025-11-02T01:45:54.541+0000] {processor.py:914} INFO - Processing file /opt/airflow/dags/homework6_elt.py for tasks to queue
[2025-11-02T01:45:54.542+0000] {logging_mixin.py:190} INFO - [2025-11-02T01:45:54.542+0000] {dagbag.py:587} INFO - Filling up the DagBag from /opt/airflow/dags/homework6_elt.py
[2025-11-02T01:45:54.551+0000] {processor.py:925} INFO - DAG(s) 'BuildELT_CTAS' retrieved from /opt/airflow/dags/homework6_elt.py
[2025-11-02T01:45:54.561+0000] {logging_mixin.py:190} INFO - [2025-11-02T01:45:54.561+0000] {dag.py:3229} INFO - Sync 1 DAGs
[2025-11-02T01:45:54.572+0000] {logging_mixin.py:190} INFO - [2025-11-02T01:45:54.572+0000] {dag.py:4156} INFO - Setting next_dagrun for BuildELT_CTAS to 2025-11-01 02:45:00+00:00, run_after=2025-11-02 02:45:00+00:00
[2025-11-02T01:45:54.578+0000] {processor.py:208} INFO - Processing /opt/airflow/dags/homework6_elt.py took 0.041 seconds
[2025-11-02T01:52:57.149+0000] {processor.py:186} INFO - Started process (PID=54154) to work on /opt/airflow/dags/homework6_elt.py
[2025-11-02T01:52:57.149+0000] {processor.py:914} INFO - Processing file /opt/airflow/dags/homework6_elt.py for tasks to queue
[2025-11-02T01:52:57.150+0000] {logging_mixin.py:190} INFO - [2025-11-02T01:52:57.150+0000] {dagbag.py:587} INFO - Filling up the DagBag from /opt/airflow/dags/homework6_elt.py
[2025-11-02T01:52:57.157+0000] {processor.py:925} INFO - DAG(s) 'BuildELT_CTAS' retrieved from /opt/airflow/dags/homework6_elt.py
[2025-11-02T01:52:57.167+0000] {logging_mixin.py:190} INFO - [2025-11-02T01:52:57.167+0000] {dag.py:3229} INFO - Sync 1 DAGs
[2025-11-02T01:52:57.176+0000] {logging_mixin.py:190} INFO - [2025-11-02T01:52:57.176+0000] {dag.py:4156} INFO - Setting next_dagrun for BuildELT_CTAS to 2025-11-01 02:45:00+00:00, run_after=2025-11-02 02:45:00+00:00
[2025-11-02T01:52:57.181+0000] {processor.py:208} INFO - Processing /opt/airflow/dags/homework6_elt.py took 0.035 seconds
[2025-11-02T01:59:55.134+0000] {processor.py:186} INFO - Started process (PID=54198) to work on /opt/airflow/dags/homework6_elt.py
[2025-11-02T01:59:55.134+0000] {processor.py:914} INFO - Processing file /opt/airflow/dags/homework6_elt.py for tasks to queue
[2025-11-02T01:59:55.135+0000] {logging_mixin.py:190} INFO - [2025-11-02T01:59:55.134+0000] {dagbag.py:587} INFO - Filling up the DagBag from /opt/airflow/dags/homework6_elt.py
[2025-11-02T01:59:55.140+0000] {processor.py:925} INFO - DAG(s) 'BuildELT_CTAS' retrieved from /opt/airflow/dags/homework6_elt.py
[2025-11-02T01:59:55.148+0000] {logging_mixin.py:190} INFO - [2025-11-02T01:59:55.148+0000] {dag.py:3229} INFO - Sync 1 DAGs
[2025-11-02T01:59:55.158+0000] {logging_mixin.py:190} INFO - [2025-11-02T01:59:55.158+0000] {dag.py:4156} INFO - Setting next_dagrun for BuildELT_CTAS to 2025-11-01 02:45:00+00:00, run_after=2025-11-02 02:45:00+00:00
[2025-11-02T01:59:55.163+0000] {processor.py:208} INFO - Processing /opt/airflow/dags/homework6_elt.py took 0.032 seconds
[2025-11-02T02:05:36.583+0000] {processor.py:186} INFO - Started process (PID=54229) to work on /opt/airflow/dags/homework6_elt.py
[2025-11-02T02:05:36.584+0000] {processor.py:914} INFO - Processing file /opt/airflow/dags/homework6_elt.py for tasks to queue
[2025-11-02T02:05:36.585+0000] {logging_mixin.py:190} INFO - [2025-11-02T02:05:36.585+0000] {dagbag.py:587} INFO - Filling up the DagBag from /opt/airflow/dags/homework6_elt.py
[2025-11-02T02:05:36.592+0000] {processor.py:925} INFO - DAG(s) 'BuildELT_CTAS' retrieved from /opt/airflow/dags/homework6_elt.py
[2025-11-02T02:05:36.602+0000] {logging_mixin.py:190} INFO - [2025-11-02T02:05:36.602+0000] {dag.py:3229} INFO - Sync 1 DAGs
[2025-11-02T02:05:36.612+0000] {logging_mixin.py:190} INFO - [2025-11-02T02:05:36.612+0000] {dag.py:4156} INFO - Setting next_dagrun for BuildELT_CTAS to 2025-11-01 02:45:00+00:00, run_after=2025-11-02 02:45:00+00:00
[2025-11-02T02:05:36.617+0000] {processor.py:208} INFO - Processing /opt/airflow/dags/homework6_elt.py took 0.037 seconds
[2025-11-02T02:12:55.045+0000] {processor.py:186} INFO - Started process (PID=54260) to work on /opt/airflow/dags/homework6_elt.py
[2025-11-02T02:12:55.046+0000] {processor.py:914} INFO - Processing file /opt/airflow/dags/homework6_elt.py for tasks to queue
[2025-11-02T02:12:55.047+0000] {logging_mixin.py:190} INFO - [2025-11-02T02:12:55.046+0000] {dagbag.py:587} INFO - Filling up the DagBag from /opt/airflow/dags/homework6_elt.py
[2025-11-02T02:12:55.053+0000] {processor.py:925} INFO - DAG(s) 'BuildELT_CTAS' retrieved from /opt/airflow/dags/homework6_elt.py
[2025-11-02T02:12:55.062+0000] {logging_mixin.py:190} INFO - [2025-11-02T02:12:55.062+0000] {dag.py:3229} INFO - Sync 1 DAGs
[2025-11-02T02:12:55.071+0000] {logging_mixin.py:190} INFO - [2025-11-02T02:12:55.071+0000] {dag.py:4156} INFO - Setting next_dagrun for BuildELT_CTAS to 2025-11-01 02:45:00+00:00, run_after=2025-11-02 02:45:00+00:00
[2025-11-02T02:12:55.076+0000] {processor.py:208} INFO - Processing /opt/airflow/dags/homework6_elt.py took 0.033 seconds
[2025-11-02T02:20:55.345+0000] {processor.py:186} INFO - Started process (PID=54291) to work on /opt/airflow/dags/homework6_elt.py
[2025-11-02T02:20:55.345+0000] {processor.py:914} INFO - Processing file /opt/airflow/dags/homework6_elt.py for tasks to queue
[2025-11-02T02:20:55.346+0000] {logging_mixin.py:190} INFO - [2025-11-02T02:20:55.345+0000] {dagbag.py:587} INFO - Filling up the DagBag from /opt/airflow/dags/homework6_elt.py
[2025-11-02T02:20:55.352+0000] {processor.py:925} INFO - DAG(s) 'BuildELT_CTAS' retrieved from /opt/airflow/dags/homework6_elt.py
[2025-11-02T02:20:55.361+0000] {logging_mixin.py:190} INFO - [2025-11-02T02:20:55.361+0000] {dag.py:3229} INFO - Sync 1 DAGs
[2025-11-02T02:20:55.370+0000] {logging_mixin.py:190} INFO - [2025-11-02T02:20:55.370+0000] {dag.py:4156} INFO - Setting next_dagrun for BuildELT_CTAS to 2025-11-01 02:45:00+00:00, run_after=2025-11-02 02:45:00+00:00
[2025-11-02T02:20:55.375+0000] {processor.py:208} INFO - Processing /opt/airflow/dags/homework6_elt.py took 0.032 seconds
[2025-11-02T02:32:41.254+0000] {processor.py:186} INFO - Started process (PID=54322) to work on /opt/airflow/dags/homework6_elt.py
[2025-11-02T02:32:41.257+0000] {processor.py:914} INFO - Processing file /opt/airflow/dags/homework6_elt.py for tasks to queue
[2025-11-02T02:32:41.258+0000] {logging_mixin.py:190} INFO - [2025-11-02T02:32:41.258+0000] {dagbag.py:587} INFO - Filling up the DagBag from /opt/airflow/dags/homework6_elt.py
[2025-11-02T02:32:41.262+0000] {processor.py:925} INFO - DAG(s) 'BuildELT_CTAS' retrieved from /opt/airflow/dags/homework6_elt.py
[2025-11-02T02:32:41.274+0000] {logging_mixin.py:190} INFO - [2025-11-02T02:32:41.273+0000] {dag.py:3229} INFO - Sync 1 DAGs
[2025-11-02T02:32:41.283+0000] {logging_mixin.py:190} INFO - [2025-11-02T02:32:41.283+0000] {dag.py:4156} INFO - Setting next_dagrun for BuildELT_CTAS to 2025-11-01 02:45:00+00:00, run_after=2025-11-02 02:45:00+00:00
[2025-11-02T02:32:41.288+0000] {processor.py:208} INFO - Processing /opt/airflow/dags/homework6_elt.py took 0.038 seconds
[2025-11-02T02:37:28.277+0000] {processor.py:186} INFO - Started process (PID=54353) to work on /opt/airflow/dags/homework6_elt.py
[2025-11-02T02:37:28.278+0000] {processor.py:914} INFO - Processing file /opt/airflow/dags/homework6_elt.py for tasks to queue
[2025-11-02T02:37:28.279+0000] {logging_mixin.py:190} INFO - [2025-11-02T02:37:28.279+0000] {dagbag.py:587} INFO - Filling up the DagBag from /opt/airflow/dags/homework6_elt.py
[2025-11-02T02:37:28.285+0000] {processor.py:925} INFO - DAG(s) 'BuildELT_CTAS' retrieved from /opt/airflow/dags/homework6_elt.py
[2025-11-02T02:37:28.296+0000] {logging_mixin.py:190} INFO - [2025-11-02T02:37:28.296+0000] {dag.py:3229} INFO - Sync 1 DAGs
[2025-11-02T02:37:28.308+0000] {logging_mixin.py:190} INFO - [2025-11-02T02:37:28.308+0000] {dag.py:4156} INFO - Setting next_dagrun for BuildELT_CTAS to 2025-11-01 02:45:00+00:00, run_after=2025-11-02 02:45:00+00:00
[2025-11-02T02:37:28.316+0000] {processor.py:208} INFO - Processing /opt/airflow/dags/homework6_elt.py took 0.042 seconds
[2025-11-02T02:41:13.707+0000] {processor.py:186} INFO - Started process (PID=54384) to work on /opt/airflow/dags/homework6_elt.py
[2025-11-02T02:41:13.708+0000] {processor.py:914} INFO - Processing file /opt/airflow/dags/homework6_elt.py for tasks to queue
[2025-11-02T02:41:13.710+0000] {logging_mixin.py:190} INFO - [2025-11-02T02:41:13.710+0000] {dagbag.py:587} INFO - Filling up the DagBag from /opt/airflow/dags/homework6_elt.py
[2025-11-02T02:41:13.722+0000] {processor.py:925} INFO - DAG(s) 'BuildELT_CTAS' retrieved from /opt/airflow/dags/homework6_elt.py
[2025-11-02T02:41:13.735+0000] {logging_mixin.py:190} INFO - [2025-11-02T02:41:13.734+0000] {dag.py:3229} INFO - Sync 1 DAGs
[2025-11-02T02:41:13.744+0000] {logging_mixin.py:190} INFO - [2025-11-02T02:41:13.744+0000] {dag.py:4156} INFO - Setting next_dagrun for BuildELT_CTAS to 2025-11-01 02:45:00+00:00, run_after=2025-11-02 02:45:00+00:00
[2025-11-02T02:41:13.750+0000] {processor.py:208} INFO - Processing /opt/airflow/dags/homework6_elt.py took 0.048 seconds
[2025-11-02T02:54:19.115+0000] {processor.py:186} INFO - Started process (PID=54419) to work on /opt/airflow/dags/homework6_elt.py
[2025-11-02T02:54:19.117+0000] {processor.py:914} INFO - Processing file /opt/airflow/dags/homework6_elt.py for tasks to queue
[2025-11-02T02:54:19.118+0000] {logging_mixin.py:190} INFO - [2025-11-02T02:54:19.118+0000] {dagbag.py:587} INFO - Filling up the DagBag from /opt/airflow/dags/homework6_elt.py
[2025-11-02T02:54:19.123+0000] {processor.py:925} INFO - DAG(s) 'BuildELT_CTAS' retrieved from /opt/airflow/dags/homework6_elt.py
[2025-11-02T02:54:19.133+0000] {logging_mixin.py:190} INFO - [2025-11-02T02:54:19.133+0000] {dag.py:3229} INFO - Sync 1 DAGs
[2025-11-02T02:54:19.142+0000] {logging_mixin.py:190} INFO - [2025-11-02T02:54:19.142+0000] {dag.py:4156} INFO - Setting next_dagrun for BuildELT_CTAS to 2025-11-02 02:45:00+00:00, run_after=2025-11-03 02:45:00+00:00
[2025-11-02T02:54:19.148+0000] {processor.py:208} INFO - Processing /opt/airflow/dags/homework6_elt.py took 0.037 seconds
[2025-11-02T03:19:06.611+0000] {processor.py:186} INFO - Started process (PID=54456) to work on /opt/airflow/dags/homework6_elt.py
[2025-11-02T03:19:06.612+0000] {processor.py:914} INFO - Processing file /opt/airflow/dags/homework6_elt.py for tasks to queue
[2025-11-02T03:19:06.613+0000] {logging_mixin.py:190} INFO - [2025-11-02T03:19:06.613+0000] {dagbag.py:587} INFO - Filling up the DagBag from /opt/airflow/dags/homework6_elt.py
[2025-11-02T03:19:06.620+0000] {processor.py:925} INFO - DAG(s) 'BuildELT_CTAS' retrieved from /opt/airflow/dags/homework6_elt.py
[2025-11-02T03:19:06.635+0000] {logging_mixin.py:190} INFO - [2025-11-02T03:19:06.634+0000] {dag.py:3229} INFO - Sync 1 DAGs
[2025-11-02T03:19:06.650+0000] {logging_mixin.py:190} INFO - [2025-11-02T03:19:06.650+0000] {dag.py:4156} INFO - Setting next_dagrun for BuildELT_CTAS to 2025-11-02 02:45:00+00:00, run_after=2025-11-03 02:45:00+00:00
[2025-11-02T03:19:06.657+0000] {processor.py:208} INFO - Processing /opt/airflow/dags/homework6_elt.py took 0.050 seconds
[2025-11-02T03:20:21.096+0000] {processor.py:186} INFO - Started process (PID=54487) to work on /opt/airflow/dags/homework6_elt.py
[2025-11-02T03:20:21.097+0000] {processor.py:914} INFO - Processing file /opt/airflow/dags/homework6_elt.py for tasks to queue
[2025-11-02T03:20:21.099+0000] {logging_mixin.py:190} INFO - [2025-11-02T03:20:21.098+0000] {dagbag.py:587} INFO - Filling up the DagBag from /opt/airflow/dags/homework6_elt.py
[2025-11-02T03:20:21.109+0000] {processor.py:925} INFO - DAG(s) 'BuildELT_CTAS' retrieved from /opt/airflow/dags/homework6_elt.py
[2025-11-02T03:20:21.122+0000] {logging_mixin.py:190} INFO - [2025-11-02T03:20:21.122+0000] {dag.py:3229} INFO - Sync 1 DAGs
[2025-11-02T03:20:21.135+0000] {logging_mixin.py:190} INFO - [2025-11-02T03:20:21.135+0000] {dag.py:4156} INFO - Setting next_dagrun for BuildELT_CTAS to 2025-11-02 02:45:00+00:00, run_after=2025-11-03 02:45:00+00:00
[2025-11-02T03:20:21.141+0000] {processor.py:208} INFO - Processing /opt/airflow/dags/homework6_elt.py took 0.050 seconds
[2025-11-02T03:21:21.934+0000] {processor.py:186} INFO - Started process (PID=54518) to work on /opt/airflow/dags/homework6_elt.py
[2025-11-02T03:21:21.935+0000] {processor.py:914} INFO - Processing file /opt/airflow/dags/homework6_elt.py for tasks to queue
[2025-11-02T03:21:21.936+0000] {logging_mixin.py:190} INFO - [2025-11-02T03:21:21.936+0000] {dagbag.py:587} INFO - Filling up the DagBag from /opt/airflow/dags/homework6_elt.py
[2025-11-02T03:21:21.950+0000] {processor.py:925} INFO - DAG(s) 'BuildELT_CTAS' retrieved from /opt/airflow/dags/homework6_elt.py
[2025-11-02T03:21:21.968+0000] {logging_mixin.py:190} INFO - [2025-11-02T03:21:21.968+0000] {dag.py:3229} INFO - Sync 1 DAGs
[2025-11-02T03:21:21.977+0000] {logging_mixin.py:190} INFO - [2025-11-02T03:21:21.977+0000] {dag.py:4156} INFO - Setting next_dagrun for BuildELT_CTAS to 2025-11-02 02:45:00+00:00, run_after=2025-11-03 02:45:00+00:00
[2025-11-02T03:21:21.983+0000] {processor.py:208} INFO - Processing /opt/airflow/dags/homework6_elt.py took 0.055 seconds
[2025-11-02T03:24:50.116+0000] {processor.py:186} INFO - Started process (PID=54549) to work on /opt/airflow/dags/homework6_elt.py
[2025-11-02T03:24:50.117+0000] {processor.py:914} INFO - Processing file /opt/airflow/dags/homework6_elt.py for tasks to queue
[2025-11-02T03:24:50.117+0000] {logging_mixin.py:190} INFO - [2025-11-02T03:24:50.117+0000] {dagbag.py:587} INFO - Filling up the DagBag from /opt/airflow/dags/homework6_elt.py
[2025-11-02T03:24:50.125+0000] {processor.py:925} INFO - DAG(s) 'BuildELT_CTAS' retrieved from /opt/airflow/dags/homework6_elt.py
[2025-11-02T03:24:50.137+0000] {logging_mixin.py:190} INFO - [2025-11-02T03:24:50.137+0000] {dag.py:3229} INFO - Sync 1 DAGs
[2025-11-02T03:24:50.218+0000] {logging_mixin.py:190} INFO - [2025-11-02T03:24:50.218+0000] {dag.py:4156} INFO - Setting next_dagrun for BuildELT_CTAS to 2025-11-02 02:45:00+00:00, run_after=2025-11-03 02:45:00+00:00
[2025-11-02T03:24:50.309+0000] {processor.py:208} INFO - Processing /opt/airflow/dags/homework6_elt.py took 0.196 seconds
[2025-11-02T03:45:21.977+0000] {processor.py:186} INFO - Started process (PID=54580) to work on /opt/airflow/dags/homework6_elt.py
[2025-11-02T03:45:21.978+0000] {processor.py:914} INFO - Processing file /opt/airflow/dags/homework6_elt.py for tasks to queue
[2025-11-02T03:45:21.978+0000] {logging_mixin.py:190} INFO - [2025-11-02T03:45:21.978+0000] {dagbag.py:587} INFO - Filling up the DagBag from /opt/airflow/dags/homework6_elt.py
[2025-11-02T03:45:21.986+0000] {processor.py:925} INFO - DAG(s) 'BuildELT_CTAS' retrieved from /opt/airflow/dags/homework6_elt.py
[2025-11-02T03:45:21.998+0000] {logging_mixin.py:190} INFO - [2025-11-02T03:45:21.998+0000] {dag.py:3229} INFO - Sync 1 DAGs
[2025-11-02T03:45:22.010+0000] {logging_mixin.py:190} INFO - [2025-11-02T03:45:22.010+0000] {dag.py:4156} INFO - Setting next_dagrun for BuildELT_CTAS to 2025-11-02 02:45:00+00:00, run_after=2025-11-03 02:45:00+00:00
[2025-11-02T03:45:22.015+0000] {processor.py:208} INFO - Processing /opt/airflow/dags/homework6_elt.py took 0.043 seconds
[2025-11-02T05:02:35.376+0000] {processor.py:186} INFO - Started process (PID=54610) to work on /opt/airflow/dags/homework6_elt.py
[2025-11-02T05:02:35.378+0000] {processor.py:914} INFO - Processing file /opt/airflow/dags/homework6_elt.py for tasks to queue
[2025-11-02T05:02:35.380+0000] {logging_mixin.py:190} INFO - [2025-11-02T05:02:35.380+0000] {dagbag.py:587} INFO - Filling up the DagBag from /opt/airflow/dags/homework6_elt.py
[2025-11-02T05:02:35.403+0000] {processor.py:925} INFO - DAG(s) 'BuildELT_CTAS' retrieved from /opt/airflow/dags/homework6_elt.py
[2025-11-02T05:02:35.425+0000] {logging_mixin.py:190} INFO - [2025-11-02T05:02:35.425+0000] {dag.py:3229} INFO - Sync 1 DAGs
[2025-11-02T05:02:35.439+0000] {logging_mixin.py:190} INFO - [2025-11-02T05:02:35.439+0000] {dag.py:4156} INFO - Setting next_dagrun for BuildELT_CTAS to 2025-11-02 02:45:00+00:00, run_after=2025-11-03 02:45:00+00:00
[2025-11-02T05:02:35.446+0000] {processor.py:208} INFO - Processing /opt/airflow/dags/homework6_elt.py took 0.083 seconds
[2025-11-02T05:09:52.735+0000] {processor.py:186} INFO - Started process (PID=54642) to work on /opt/airflow/dags/homework6_elt.py
[2025-11-02T05:09:52.736+0000] {processor.py:914} INFO - Processing file /opt/airflow/dags/homework6_elt.py for tasks to queue
[2025-11-02T05:09:52.736+0000] {logging_mixin.py:190} INFO - [2025-11-02T05:09:52.736+0000] {dagbag.py:587} INFO - Filling up the DagBag from /opt/airflow/dags/homework6_elt.py
[2025-11-02T05:09:52.745+0000] {processor.py:925} INFO - DAG(s) 'BuildELT_CTAS' retrieved from /opt/airflow/dags/homework6_elt.py
[2025-11-02T05:09:52.757+0000] {logging_mixin.py:190} INFO - [2025-11-02T05:09:52.757+0000] {dag.py:3229} INFO - Sync 1 DAGs
[2025-11-02T05:09:52.768+0000] {logging_mixin.py:190} INFO - [2025-11-02T05:09:52.768+0000] {dag.py:4156} INFO - Setting next_dagrun for BuildELT_CTAS to 2025-11-02 02:45:00+00:00, run_after=2025-11-03 02:45:00+00:00
[2025-11-02T05:09:52.773+0000] {processor.py:208} INFO - Processing /opt/airflow/dags/homework6_elt.py took 0.043 seconds
[2025-11-02T05:21:24.536+0000] {processor.py:186} INFO - Started process (PID=54673) to work on /opt/airflow/dags/homework6_elt.py
[2025-11-02T05:21:24.537+0000] {processor.py:914} INFO - Processing file /opt/airflow/dags/homework6_elt.py for tasks to queue
[2025-11-02T05:21:24.538+0000] {logging_mixin.py:190} INFO - [2025-11-02T05:21:24.538+0000] {dagbag.py:587} INFO - Filling up the DagBag from /opt/airflow/dags/homework6_elt.py
[2025-11-02T05:21:24.547+0000] {processor.py:925} INFO - DAG(s) 'BuildELT_CTAS' retrieved from /opt/airflow/dags/homework6_elt.py
[2025-11-02T05:21:24.558+0000] {logging_mixin.py:190} INFO - [2025-11-02T05:21:24.558+0000] {dag.py:3229} INFO - Sync 1 DAGs
[2025-11-02T05:21:24.568+0000] {logging_mixin.py:190} INFO - [2025-11-02T05:21:24.568+0000] {dag.py:4156} INFO - Setting next_dagrun for BuildELT_CTAS to 2025-11-02 02:45:00+00:00, run_after=2025-11-03 02:45:00+00:00
[2025-11-02T05:21:24.573+0000] {processor.py:208} INFO - Processing /opt/airflow/dags/homework6_elt.py took 0.041 seconds
[2025-11-02T05:48:08.745+0000] {processor.py:186} INFO - Started process (PID=54704) to work on /opt/airflow/dags/homework6_elt.py
[2025-11-02T05:48:08.745+0000] {processor.py:914} INFO - Processing file /opt/airflow/dags/homework6_elt.py for tasks to queue
[2025-11-02T05:48:08.746+0000] {logging_mixin.py:190} INFO - [2025-11-02T05:48:08.746+0000] {dagbag.py:587} INFO - Filling up the DagBag from /opt/airflow/dags/homework6_elt.py
[2025-11-02T05:48:08.758+0000] {processor.py:925} INFO - DAG(s) 'BuildELT_CTAS' retrieved from /opt/airflow/dags/homework6_elt.py
[2025-11-02T05:48:08.770+0000] {logging_mixin.py:190} INFO - [2025-11-02T05:48:08.770+0000] {dag.py:3229} INFO - Sync 1 DAGs
[2025-11-02T05:48:08.780+0000] {logging_mixin.py:190} INFO - [2025-11-02T05:48:08.780+0000] {dag.py:4156} INFO - Setting next_dagrun for BuildELT_CTAS to 2025-11-02 02:45:00+00:00, run_after=2025-11-03 02:45:00+00:00
[2025-11-02T05:48:08.786+0000] {processor.py:208} INFO - Processing /opt/airflow/dags/homework6_elt.py took 0.044 seconds
[2025-11-02T06:53:36.285+0000] {processor.py:186} INFO - Started process (PID=54735) to work on /opt/airflow/dags/homework6_elt.py
[2025-11-02T06:53:36.286+0000] {processor.py:914} INFO - Processing file /opt/airflow/dags/homework6_elt.py for tasks to queue
[2025-11-02T06:53:36.287+0000] {logging_mixin.py:190} INFO - [2025-11-02T06:53:36.287+0000] {dagbag.py:587} INFO - Filling up the DagBag from /opt/airflow/dags/homework6_elt.py
[2025-11-02T06:53:36.297+0000] {processor.py:925} INFO - DAG(s) 'BuildELT_CTAS' retrieved from /opt/airflow/dags/homework6_elt.py
[2025-11-02T06:53:36.310+0000] {logging_mixin.py:190} INFO - [2025-11-02T06:53:36.310+0000] {dag.py:3229} INFO - Sync 1 DAGs
[2025-11-02T06:53:36.320+0000] {logging_mixin.py:190} INFO - [2025-11-02T06:53:36.320+0000] {dag.py:4156} INFO - Setting next_dagrun for BuildELT_CTAS to 2025-11-02 02:45:00+00:00, run_after=2025-11-03 02:45:00+00:00
[2025-11-02T06:53:36.326+0000] {processor.py:208} INFO - Processing /opt/airflow/dags/homework6_elt.py took 0.044 seconds
[2025-11-02T07:17:09.509+0000] {processor.py:186} INFO - Started process (PID=54766) to work on /opt/airflow/dags/homework6_elt.py
[2025-11-02T07:17:09.509+0000] {processor.py:914} INFO - Processing file /opt/airflow/dags/homework6_elt.py for tasks to queue
[2025-11-02T07:17:09.511+0000] {logging_mixin.py:190} INFO - [2025-11-02T07:17:09.511+0000] {dagbag.py:587} INFO - Filling up the DagBag from /opt/airflow/dags/homework6_elt.py
[2025-11-02T07:17:09.524+0000] {processor.py:925} INFO - DAG(s) 'BuildELT_CTAS' retrieved from /opt/airflow/dags/homework6_elt.py
[2025-11-02T07:17:09.537+0000] {logging_mixin.py:190} INFO - [2025-11-02T07:17:09.537+0000] {dag.py:3229} INFO - Sync 1 DAGs
[2025-11-02T07:17:09.549+0000] {logging_mixin.py:190} INFO - [2025-11-02T07:17:09.549+0000] {dag.py:4156} INFO - Setting next_dagrun for BuildELT_CTAS to 2025-11-02 02:45:00+00:00, run_after=2025-11-03 02:45:00+00:00
[2025-11-02T07:17:09.556+0000] {processor.py:208} INFO - Processing /opt/airflow/dags/homework6_elt.py took 0.052 seconds
[2025-11-02T07:23:47.510+0000] {processor.py:186} INFO - Started process (PID=54797) to work on /opt/airflow/dags/homework6_elt.py
[2025-11-02T07:23:47.511+0000] {processor.py:914} INFO - Processing file /opt/airflow/dags/homework6_elt.py for tasks to queue
[2025-11-02T07:23:47.512+0000] {logging_mixin.py:190} INFO - [2025-11-02T07:23:47.512+0000] {dagbag.py:587} INFO - Filling up the DagBag from /opt/airflow/dags/homework6_elt.py
[2025-11-02T07:23:47.521+0000] {processor.py:925} INFO - DAG(s) 'BuildELT_CTAS' retrieved from /opt/airflow/dags/homework6_elt.py
[2025-11-02T07:23:47.532+0000] {logging_mixin.py:190} INFO - [2025-11-02T07:23:47.532+0000] {dag.py:3229} INFO - Sync 1 DAGs
[2025-11-02T07:23:47.542+0000] {logging_mixin.py:190} INFO - [2025-11-02T07:23:47.542+0000] {dag.py:4156} INFO - Setting next_dagrun for BuildELT_CTAS to 2025-11-02 02:45:00+00:00, run_after=2025-11-03 02:45:00+00:00
[2025-11-02T07:23:47.548+0000] {processor.py:208} INFO - Processing /opt/airflow/dags/homework6_elt.py took 0.042 seconds
[2025-11-02T08:07:05.418+0000] {processor.py:186} INFO - Started process (PID=54828) to work on /opt/airflow/dags/homework6_elt.py
[2025-11-02T08:07:05.419+0000] {processor.py:914} INFO - Processing file /opt/airflow/dags/homework6_elt.py for tasks to queue
[2025-11-02T08:07:05.420+0000] {logging_mixin.py:190} INFO - [2025-11-02T08:07:05.419+0000] {dagbag.py:587} INFO - Filling up the DagBag from /opt/airflow/dags/homework6_elt.py
[2025-11-02T08:07:05.427+0000] {processor.py:925} INFO - DAG(s) 'BuildELT_CTAS' retrieved from /opt/airflow/dags/homework6_elt.py
[2025-11-02T08:07:05.438+0000] {logging_mixin.py:190} INFO - [2025-11-02T08:07:05.438+0000] {dag.py:3229} INFO - Sync 1 DAGs
[2025-11-02T08:07:05.448+0000] {logging_mixin.py:190} INFO - [2025-11-02T08:07:05.447+0000] {dag.py:4156} INFO - Setting next_dagrun for BuildELT_CTAS to 2025-11-02 02:45:00+00:00, run_after=2025-11-03 02:45:00+00:00
[2025-11-02T08:07:05.453+0000] {processor.py:208} INFO - Processing /opt/airflow/dags/homework6_elt.py took 0.040 seconds
[2025-11-02T08:29:22.171+0000] {processor.py:186} INFO - Started process (PID=54859) to work on /opt/airflow/dags/homework6_elt.py
[2025-11-02T08:29:22.171+0000] {processor.py:914} INFO - Processing file /opt/airflow/dags/homework6_elt.py for tasks to queue
[2025-11-02T08:29:22.172+0000] {logging_mixin.py:190} INFO - [2025-11-02T08:29:22.172+0000] {dagbag.py:587} INFO - Filling up the DagBag from /opt/airflow/dags/homework6_elt.py
[2025-11-02T08:29:22.179+0000] {processor.py:925} INFO - DAG(s) 'BuildELT_CTAS' retrieved from /opt/airflow/dags/homework6_elt.py
[2025-11-02T08:29:22.191+0000] {logging_mixin.py:190} INFO - [2025-11-02T08:29:22.191+0000] {dag.py:3229} INFO - Sync 1 DAGs
[2025-11-02T08:29:22.200+0000] {logging_mixin.py:190} INFO - [2025-11-02T08:29:22.200+0000] {dag.py:4156} INFO - Setting next_dagrun for BuildELT_CTAS to 2025-11-02 02:45:00+00:00, run_after=2025-11-03 02:45:00+00:00
[2025-11-02T08:29:22.205+0000] {processor.py:208} INFO - Processing /opt/airflow/dags/homework6_elt.py took 0.037 seconds
[2025-11-02T09:28:45.360+0000] {processor.py:186} INFO - Started process (PID=54890) to work on /opt/airflow/dags/homework6_elt.py
[2025-11-02T09:28:45.361+0000] {processor.py:914} INFO - Processing file /opt/airflow/dags/homework6_elt.py for tasks to queue
[2025-11-02T09:28:45.361+0000] {logging_mixin.py:190} INFO - [2025-11-02T09:28:45.361+0000] {dagbag.py:587} INFO - Filling up the DagBag from /opt/airflow/dags/homework6_elt.py
[2025-11-02T09:28:45.373+0000] {processor.py:925} INFO - DAG(s) 'BuildELT_CTAS' retrieved from /opt/airflow/dags/homework6_elt.py
[2025-11-02T09:28:45.388+0000] {logging_mixin.py:190} INFO - [2025-11-02T09:28:45.388+0000] {dag.py:3229} INFO - Sync 1 DAGs
[2025-11-02T09:28:45.399+0000] {logging_mixin.py:190} INFO - [2025-11-02T09:28:45.399+0000] {dag.py:4156} INFO - Setting next_dagrun for BuildELT_CTAS to 2025-11-02 02:45:00+00:00, run_after=2025-11-03 02:45:00+00:00
[2025-11-02T09:28:45.405+0000] {processor.py:208} INFO - Processing /opt/airflow/dags/homework6_elt.py took 0.049 seconds
[2025-11-02T10:06:53.633+0000] {processor.py:186} INFO - Started process (PID=54921) to work on /opt/airflow/dags/homework6_elt.py
[2025-11-02T10:06:53.634+0000] {processor.py:914} INFO - Processing file /opt/airflow/dags/homework6_elt.py for tasks to queue
[2025-11-02T10:06:53.634+0000] {logging_mixin.py:190} INFO - [2025-11-02T10:06:53.634+0000] {dagbag.py:587} INFO - Filling up the DagBag from /opt/airflow/dags/homework6_elt.py
[2025-11-02T10:06:53.641+0000] {processor.py:925} INFO - DAG(s) 'BuildELT_CTAS' retrieved from /opt/airflow/dags/homework6_elt.py
[2025-11-02T10:06:53.650+0000] {logging_mixin.py:190} INFO - [2025-11-02T10:06:53.650+0000] {dag.py:3229} INFO - Sync 1 DAGs
[2025-11-02T10:06:53.660+0000] {logging_mixin.py:190} INFO - [2025-11-02T10:06:53.660+0000] {dag.py:4156} INFO - Setting next_dagrun for BuildELT_CTAS to 2025-11-02 02:45:00+00:00, run_after=2025-11-03 02:45:00+00:00
[2025-11-02T10:06:53.666+0000] {processor.py:208} INFO - Processing /opt/airflow/dags/homework6_elt.py took 0.036 seconds
[2025-11-02T10:41:00.538+0000] {processor.py:186} INFO - Started process (PID=54952) to work on /opt/airflow/dags/homework6_elt.py
[2025-11-02T10:41:00.541+0000] {processor.py:914} INFO - Processing file /opt/airflow/dags/homework6_elt.py for tasks to queue
[2025-11-02T10:41:00.542+0000] {logging_mixin.py:190} INFO - [2025-11-02T10:41:00.542+0000] {dagbag.py:587} INFO - Filling up the DagBag from /opt/airflow/dags/homework6_elt.py
[2025-11-02T10:41:00.547+0000] {processor.py:925} INFO - DAG(s) 'BuildELT_CTAS' retrieved from /opt/airflow/dags/homework6_elt.py
[2025-11-02T10:41:00.558+0000] {logging_mixin.py:190} INFO - [2025-11-02T10:41:00.558+0000] {dag.py:3229} INFO - Sync 1 DAGs
[2025-11-02T10:41:00.567+0000] {logging_mixin.py:190} INFO - [2025-11-02T10:41:00.567+0000] {dag.py:4156} INFO - Setting next_dagrun for BuildELT_CTAS to 2025-11-02 02:45:00+00:00, run_after=2025-11-03 02:45:00+00:00
[2025-11-02T10:41:00.572+0000] {processor.py:208} INFO - Processing /opt/airflow/dags/homework6_elt.py took 0.037 seconds
[2025-11-02T12:12:30.360+0000] {processor.py:186} INFO - Started process (PID=54983) to work on /opt/airflow/dags/homework6_elt.py
[2025-11-02T12:12:30.361+0000] {processor.py:914} INFO - Processing file /opt/airflow/dags/homework6_elt.py for tasks to queue
[2025-11-02T12:12:30.361+0000] {logging_mixin.py:190} INFO - [2025-11-02T12:12:30.361+0000] {dagbag.py:587} INFO - Filling up the DagBag from /opt/airflow/dags/homework6_elt.py
[2025-11-02T12:12:30.368+0000] {processor.py:925} INFO - DAG(s) 'BuildELT_CTAS' retrieved from /opt/airflow/dags/homework6_elt.py
[2025-11-02T12:12:30.378+0000] {logging_mixin.py:190} INFO - [2025-11-02T12:12:30.378+0000] {dag.py:3229} INFO - Sync 1 DAGs
[2025-11-02T12:12:30.388+0000] {logging_mixin.py:190} INFO - [2025-11-02T12:12:30.388+0000] {dag.py:4156} INFO - Setting next_dagrun for BuildELT_CTAS to 2025-11-02 02:45:00+00:00, run_after=2025-11-03 02:45:00+00:00
[2025-11-02T12:12:30.394+0000] {processor.py:208} INFO - Processing /opt/airflow/dags/homework6_elt.py took 0.037 seconds
[2025-11-02T13:13:04.134+0000] {processor.py:186} INFO - Started process (PID=55014) to work on /opt/airflow/dags/homework6_elt.py
[2025-11-02T13:13:04.135+0000] {processor.py:914} INFO - Processing file /opt/airflow/dags/homework6_elt.py for tasks to queue
[2025-11-02T13:13:04.135+0000] {logging_mixin.py:190} INFO - [2025-11-02T13:13:04.135+0000] {dagbag.py:587} INFO - Filling up the DagBag from /opt/airflow/dags/homework6_elt.py
[2025-11-02T13:13:04.142+0000] {processor.py:925} INFO - DAG(s) 'BuildELT_CTAS' retrieved from /opt/airflow/dags/homework6_elt.py
[2025-11-02T13:13:04.155+0000] {logging_mixin.py:190} INFO - [2025-11-02T13:13:04.154+0000] {dag.py:3229} INFO - Sync 1 DAGs
[2025-11-02T13:13:04.165+0000] {logging_mixin.py:190} INFO - [2025-11-02T13:13:04.165+0000] {dag.py:4156} INFO - Setting next_dagrun for BuildELT_CTAS to 2025-11-02 02:45:00+00:00, run_after=2025-11-03 02:45:00+00:00
[2025-11-02T13:13:04.171+0000] {processor.py:208} INFO - Processing /opt/airflow/dags/homework6_elt.py took 0.041 seconds
[2025-11-02T14:15:54.994+0000] {processor.py:186} INFO - Started process (PID=55045) to work on /opt/airflow/dags/homework6_elt.py
[2025-11-02T14:15:54.995+0000] {processor.py:914} INFO - Processing file /opt/airflow/dags/homework6_elt.py for tasks to queue
[2025-11-02T14:15:54.995+0000] {logging_mixin.py:190} INFO - [2025-11-02T14:15:54.995+0000] {dagbag.py:587} INFO - Filling up the DagBag from /opt/airflow/dags/homework6_elt.py
[2025-11-02T14:15:55.003+0000] {processor.py:925} INFO - DAG(s) 'BuildELT_CTAS' retrieved from /opt/airflow/dags/homework6_elt.py
[2025-11-02T14:15:55.014+0000] {logging_mixin.py:190} INFO - [2025-11-02T14:15:55.014+0000] {dag.py:3229} INFO - Sync 1 DAGs
[2025-11-02T14:15:55.023+0000] {logging_mixin.py:190} INFO - [2025-11-02T14:15:55.023+0000] {dag.py:4156} INFO - Setting next_dagrun for BuildELT_CTAS to 2025-11-02 02:45:00+00:00, run_after=2025-11-03 02:45:00+00:00
[2025-11-02T14:15:55.028+0000] {processor.py:208} INFO - Processing /opt/airflow/dags/homework6_elt.py took 0.037 seconds
[2025-11-02T15:06:37.600+0000] {processor.py:186} INFO - Started process (PID=55076) to work on /opt/airflow/dags/homework6_elt.py
[2025-11-02T15:06:37.600+0000] {processor.py:914} INFO - Processing file /opt/airflow/dags/homework6_elt.py for tasks to queue
[2025-11-02T15:06:37.601+0000] {logging_mixin.py:190} INFO - [2025-11-02T15:06:37.601+0000] {dagbag.py:587} INFO - Filling up the DagBag from /opt/airflow/dags/homework6_elt.py
[2025-11-02T15:06:37.609+0000] {processor.py:925} INFO - DAG(s) 'BuildELT_CTAS' retrieved from /opt/airflow/dags/homework6_elt.py
[2025-11-02T15:06:37.620+0000] {logging_mixin.py:190} INFO - [2025-11-02T15:06:37.620+0000] {dag.py:3229} INFO - Sync 1 DAGs
[2025-11-02T15:06:37.632+0000] {logging_mixin.py:190} INFO - [2025-11-02T15:06:37.632+0000] {dag.py:4156} INFO - Setting next_dagrun for BuildELT_CTAS to 2025-11-02 02:45:00+00:00, run_after=2025-11-03 02:45:00+00:00
[2025-11-02T15:06:37.638+0000] {processor.py:208} INFO - Processing /opt/airflow/dags/homework6_elt.py took 0.042 seconds
[2025-11-02T15:30:07.316+0000] {processor.py:186} INFO - Started process (PID=55107) to work on /opt/airflow/dags/homework6_elt.py
[2025-11-02T15:30:07.319+0000] {processor.py:914} INFO - Processing file /opt/airflow/dags/homework6_elt.py for tasks to queue
[2025-11-02T15:30:07.320+0000] {logging_mixin.py:190} INFO - [2025-11-02T15:30:07.319+0000] {dagbag.py:587} INFO - Filling up the DagBag from /opt/airflow/dags/homework6_elt.py
[2025-11-02T15:30:07.325+0000] {processor.py:925} INFO - DAG(s) 'BuildELT_CTAS' retrieved from /opt/airflow/dags/homework6_elt.py
[2025-11-02T15:30:07.335+0000] {logging_mixin.py:190} INFO - [2025-11-02T15:30:07.335+0000] {dag.py:3229} INFO - Sync 1 DAGs
[2025-11-02T15:30:07.344+0000] {logging_mixin.py:190} INFO - [2025-11-02T15:30:07.344+0000] {dag.py:4156} INFO - Setting next_dagrun for BuildELT_CTAS to 2025-11-02 02:45:00+00:00, run_after=2025-11-03 02:45:00+00:00
[2025-11-02T15:30:07.349+0000] {processor.py:208} INFO - Processing /opt/airflow/dags/homework6_elt.py took 0.037 seconds
[2025-11-02T15:39:47.608+0000] {processor.py:186} INFO - Started process (PID=55138) to work on /opt/airflow/dags/homework6_elt.py
[2025-11-02T15:39:47.608+0000] {processor.py:914} INFO - Processing file /opt/airflow/dags/homework6_elt.py for tasks to queue
[2025-11-02T15:39:47.610+0000] {logging_mixin.py:190} INFO - [2025-11-02T15:39:47.609+0000] {dagbag.py:587} INFO - Filling up the DagBag from /opt/airflow/dags/homework6_elt.py
[2025-11-02T15:39:47.617+0000] {processor.py:925} INFO - DAG(s) 'BuildELT_CTAS' retrieved from /opt/airflow/dags/homework6_elt.py
[2025-11-02T15:39:47.628+0000] {logging_mixin.py:190} INFO - [2025-11-02T15:39:47.628+0000] {dag.py:3229} INFO - Sync 1 DAGs
[2025-11-02T15:39:47.637+0000] {logging_mixin.py:190} INFO - [2025-11-02T15:39:47.637+0000] {dag.py:4156} INFO - Setting next_dagrun for BuildELT_CTAS to 2025-11-02 02:45:00+00:00, run_after=2025-11-03 02:45:00+00:00
[2025-11-02T15:39:47.643+0000] {processor.py:208} INFO - Processing /opt/airflow/dags/homework6_elt.py took 0.039 seconds
[2025-11-02T16:18:50.936+0000] {processor.py:186} INFO - Started process (PID=55169) to work on /opt/airflow/dags/homework6_elt.py
[2025-11-02T16:18:50.936+0000] {processor.py:914} INFO - Processing file /opt/airflow/dags/homework6_elt.py for tasks to queue
[2025-11-02T16:18:50.938+0000] {logging_mixin.py:190} INFO - [2025-11-02T16:18:50.937+0000] {dagbag.py:587} INFO - Filling up the DagBag from /opt/airflow/dags/homework6_elt.py
[2025-11-02T16:18:50.946+0000] {processor.py:925} INFO - DAG(s) 'BuildELT_CTAS' retrieved from /opt/airflow/dags/homework6_elt.py
[2025-11-02T16:18:50.958+0000] {logging_mixin.py:190} INFO - [2025-11-02T16:18:50.958+0000] {dag.py:3229} INFO - Sync 1 DAGs
[2025-11-02T16:18:50.967+0000] {logging_mixin.py:190} INFO - [2025-11-02T16:18:50.967+0000] {dag.py:4156} INFO - Setting next_dagrun for BuildELT_CTAS to 2025-11-02 02:45:00+00:00, run_after=2025-11-03 02:45:00+00:00
[2025-11-02T16:18:50.973+0000] {processor.py:208} INFO - Processing /opt/airflow/dags/homework6_elt.py took 0.040 seconds
[2025-11-02T16:38:23.629+0000] {processor.py:186} INFO - Started process (PID=55200) to work on /opt/airflow/dags/homework6_elt.py
[2025-11-02T16:38:23.629+0000] {processor.py:914} INFO - Processing file /opt/airflow/dags/homework6_elt.py for tasks to queue
[2025-11-02T16:38:23.630+0000] {logging_mixin.py:190} INFO - [2025-11-02T16:38:23.629+0000] {dagbag.py:587} INFO - Filling up the DagBag from /opt/airflow/dags/homework6_elt.py
[2025-11-02T16:38:23.637+0000] {processor.py:925} INFO - DAG(s) 'BuildELT_CTAS' retrieved from /opt/airflow/dags/homework6_elt.py
[2025-11-02T16:38:23.648+0000] {logging_mixin.py:190} INFO - [2025-11-02T16:38:23.648+0000] {dag.py:3229} INFO - Sync 1 DAGs
[2025-11-02T16:38:23.657+0000] {logging_mixin.py:190} INFO - [2025-11-02T16:38:23.657+0000] {dag.py:4156} INFO - Setting next_dagrun for BuildELT_CTAS to 2025-11-02 02:45:00+00:00, run_after=2025-11-03 02:45:00+00:00
[2025-11-02T16:38:23.663+0000] {processor.py:208} INFO - Processing /opt/airflow/dags/homework6_elt.py took 0.037 seconds
[2025-11-02T16:50:49.123+0000] {processor.py:186} INFO - Started process (PID=55231) to work on /opt/airflow/dags/homework6_elt.py
[2025-11-02T16:50:49.124+0000] {processor.py:914} INFO - Processing file /opt/airflow/dags/homework6_elt.py for tasks to queue
[2025-11-02T16:50:49.125+0000] {logging_mixin.py:190} INFO - [2025-11-02T16:50:49.124+0000] {dagbag.py:587} INFO - Filling up the DagBag from /opt/airflow/dags/homework6_elt.py
[2025-11-02T16:50:49.135+0000] {processor.py:925} INFO - DAG(s) 'BuildELT_CTAS' retrieved from /opt/airflow/dags/homework6_elt.py
[2025-11-02T16:50:49.147+0000] {logging_mixin.py:190} INFO - [2025-11-02T16:50:49.147+0000] {dag.py:3229} INFO - Sync 1 DAGs
[2025-11-02T16:50:49.158+0000] {logging_mixin.py:190} INFO - [2025-11-02T16:50:49.158+0000] {dag.py:4156} INFO - Setting next_dagrun for BuildELT_CTAS to 2025-11-02 02:45:00+00:00, run_after=2025-11-03 02:45:00+00:00
[2025-11-02T16:50:49.165+0000] {processor.py:208} INFO - Processing /opt/airflow/dags/homework6_elt.py took 0.046 seconds
[2025-11-02T16:57:52.814+0000] {processor.py:186} INFO - Started process (PID=55262) to work on /opt/airflow/dags/homework6_elt.py
[2025-11-02T16:57:52.814+0000] {processor.py:914} INFO - Processing file /opt/airflow/dags/homework6_elt.py for tasks to queue
[2025-11-02T16:57:52.815+0000] {logging_mixin.py:190} INFO - [2025-11-02T16:57:52.815+0000] {dagbag.py:587} INFO - Filling up the DagBag from /opt/airflow/dags/homework6_elt.py
[2025-11-02T16:57:52.822+0000] {processor.py:925} INFO - DAG(s) 'BuildELT_CTAS' retrieved from /opt/airflow/dags/homework6_elt.py
[2025-11-02T16:57:52.833+0000] {logging_mixin.py:190} INFO - [2025-11-02T16:57:52.833+0000] {dag.py:3229} INFO - Sync 1 DAGs
[2025-11-02T16:57:52.841+0000] {logging_mixin.py:190} INFO - [2025-11-02T16:57:52.841+0000] {dag.py:4156} INFO - Setting next_dagrun for BuildELT_CTAS to 2025-11-02 02:45:00+00:00, run_after=2025-11-03 02:45:00+00:00
[2025-11-02T16:57:52.847+0000] {processor.py:208} INFO - Processing /opt/airflow/dags/homework6_elt.py took 0.036 seconds
[2025-11-02T17:10:18.209+0000] {processor.py:186} INFO - Started process (PID=55293) to work on /opt/airflow/dags/homework6_elt.py
[2025-11-02T17:10:18.210+0000] {processor.py:914} INFO - Processing file /opt/airflow/dags/homework6_elt.py for tasks to queue
[2025-11-02T17:10:18.211+0000] {logging_mixin.py:190} INFO - [2025-11-02T17:10:18.211+0000] {dagbag.py:587} INFO - Filling up the DagBag from /opt/airflow/dags/homework6_elt.py
[2025-11-02T17:10:18.218+0000] {processor.py:925} INFO - DAG(s) 'BuildELT_CTAS' retrieved from /opt/airflow/dags/homework6_elt.py
[2025-11-02T17:10:18.228+0000] {logging_mixin.py:190} INFO - [2025-11-02T17:10:18.228+0000] {dag.py:3229} INFO - Sync 1 DAGs
[2025-11-02T17:10:18.237+0000] {logging_mixin.py:190} INFO - [2025-11-02T17:10:18.237+0000] {dag.py:4156} INFO - Setting next_dagrun for BuildELT_CTAS to 2025-11-02 02:45:00+00:00, run_after=2025-11-03 02:45:00+00:00
[2025-11-02T17:10:18.242+0000] {processor.py:208} INFO - Processing /opt/airflow/dags/homework6_elt.py took 0.036 seconds
[2025-11-02T17:16:28.700+0000] {processor.py:186} INFO - Started process (PID=55324) to work on /opt/airflow/dags/homework6_elt.py
[2025-11-02T17:16:28.701+0000] {processor.py:914} INFO - Processing file /opt/airflow/dags/homework6_elt.py for tasks to queue
[2025-11-02T17:16:28.702+0000] {logging_mixin.py:190} INFO - [2025-11-02T17:16:28.702+0000] {dagbag.py:587} INFO - Filling up the DagBag from /opt/airflow/dags/homework6_elt.py
[2025-11-02T17:16:28.710+0000] {processor.py:925} INFO - DAG(s) 'BuildELT_CTAS' retrieved from /opt/airflow/dags/homework6_elt.py
[2025-11-02T17:16:28.722+0000] {logging_mixin.py:190} INFO - [2025-11-02T17:16:28.722+0000] {dag.py:3229} INFO - Sync 1 DAGs
[2025-11-02T17:16:28.731+0000] {logging_mixin.py:190} INFO - [2025-11-02T17:16:28.731+0000] {dag.py:4156} INFO - Setting next_dagrun for BuildELT_CTAS to 2025-11-02 02:45:00+00:00, run_after=2025-11-03 02:45:00+00:00
[2025-11-02T17:16:28.737+0000] {processor.py:208} INFO - Processing /opt/airflow/dags/homework6_elt.py took 0.042 seconds
[2025-11-02T17:27:10.782+0000] {processor.py:186} INFO - Started process (PID=55355) to work on /opt/airflow/dags/homework6_elt.py
[2025-11-02T17:27:10.785+0000] {processor.py:914} INFO - Processing file /opt/airflow/dags/homework6_elt.py for tasks to queue
[2025-11-02T17:27:10.786+0000] {logging_mixin.py:190} INFO - [2025-11-02T17:27:10.786+0000] {dagbag.py:587} INFO - Filling up the DagBag from /opt/airflow/dags/homework6_elt.py
[2025-11-02T17:27:10.791+0000] {processor.py:925} INFO - DAG(s) 'BuildELT_CTAS' retrieved from /opt/airflow/dags/homework6_elt.py
[2025-11-02T17:27:10.801+0000] {logging_mixin.py:190} INFO - [2025-11-02T17:27:10.801+0000] {dag.py:3229} INFO - Sync 1 DAGs
[2025-11-02T17:27:10.810+0000] {logging_mixin.py:190} INFO - [2025-11-02T17:27:10.809+0000] {dag.py:4156} INFO - Setting next_dagrun for BuildELT_CTAS to 2025-11-02 02:45:00+00:00, run_after=2025-11-03 02:45:00+00:00
[2025-11-02T17:27:10.815+0000] {processor.py:208} INFO - Processing /opt/airflow/dags/homework6_elt.py took 0.036 seconds
[2025-11-02T17:35:43.629+0000] {processor.py:186} INFO - Started process (PID=55386) to work on /opt/airflow/dags/homework6_elt.py
[2025-11-02T17:35:43.629+0000] {processor.py:914} INFO - Processing file /opt/airflow/dags/homework6_elt.py for tasks to queue
[2025-11-02T17:35:43.630+0000] {logging_mixin.py:190} INFO - [2025-11-02T17:35:43.630+0000] {dagbag.py:587} INFO - Filling up the DagBag from /opt/airflow/dags/homework6_elt.py
[2025-11-02T17:35:43.636+0000] {processor.py:925} INFO - DAG(s) 'BuildELT_CTAS' retrieved from /opt/airflow/dags/homework6_elt.py
[2025-11-02T17:35:43.647+0000] {logging_mixin.py:190} INFO - [2025-11-02T17:35:43.647+0000] {dag.py:3229} INFO - Sync 1 DAGs
[2025-11-02T17:35:43.655+0000] {logging_mixin.py:190} INFO - [2025-11-02T17:35:43.655+0000] {dag.py:4156} INFO - Setting next_dagrun for BuildELT_CTAS to 2025-11-02 02:45:00+00:00, run_after=2025-11-03 02:45:00+00:00
[2025-11-02T17:35:43.661+0000] {processor.py:208} INFO - Processing /opt/airflow/dags/homework6_elt.py took 0.034 seconds
[2025-11-02T17:47:05.585+0000] {processor.py:186} INFO - Started process (PID=55417) to work on /opt/airflow/dags/homework6_elt.py
[2025-11-02T17:47:05.585+0000] {processor.py:914} INFO - Processing file /opt/airflow/dags/homework6_elt.py for tasks to queue
[2025-11-02T17:47:05.587+0000] {logging_mixin.py:190} INFO - [2025-11-02T17:47:05.587+0000] {dagbag.py:587} INFO - Filling up the DagBag from /opt/airflow/dags/homework6_elt.py
[2025-11-02T17:47:05.593+0000] {processor.py:925} INFO - DAG(s) 'BuildELT_CTAS' retrieved from /opt/airflow/dags/homework6_elt.py
[2025-11-02T17:47:05.604+0000] {logging_mixin.py:190} INFO - [2025-11-02T17:47:05.604+0000] {dag.py:3229} INFO - Sync 1 DAGs
[2025-11-02T17:47:05.614+0000] {logging_mixin.py:190} INFO - [2025-11-02T17:47:05.613+0000] {dag.py:4156} INFO - Setting next_dagrun for BuildELT_CTAS to 2025-11-02 02:45:00+00:00, run_after=2025-11-03 02:45:00+00:00
[2025-11-02T17:47:05.619+0000] {processor.py:208} INFO - Processing /opt/airflow/dags/homework6_elt.py took 0.038 seconds
[2025-11-02T18:00:18.431+0000] {processor.py:186} INFO - Started process (PID=55448) to work on /opt/airflow/dags/homework6_elt.py
[2025-11-02T18:00:18.432+0000] {processor.py:914} INFO - Processing file /opt/airflow/dags/homework6_elt.py for tasks to queue
[2025-11-02T18:00:18.433+0000] {logging_mixin.py:190} INFO - [2025-11-02T18:00:18.433+0000] {dagbag.py:587} INFO - Filling up the DagBag from /opt/airflow/dags/homework6_elt.py
[2025-11-02T18:00:18.439+0000] {processor.py:925} INFO - DAG(s) 'BuildELT_CTAS' retrieved from /opt/airflow/dags/homework6_elt.py
[2025-11-02T18:00:18.450+0000] {logging_mixin.py:190} INFO - [2025-11-02T18:00:18.450+0000] {dag.py:3229} INFO - Sync 1 DAGs
[2025-11-02T18:00:18.459+0000] {logging_mixin.py:190} INFO - [2025-11-02T18:00:18.458+0000] {dag.py:4156} INFO - Setting next_dagrun for BuildELT_CTAS to 2025-11-02 02:45:00+00:00, run_after=2025-11-03 02:45:00+00:00
[2025-11-02T18:00:18.464+0000] {processor.py:208} INFO - Processing /opt/airflow/dags/homework6_elt.py took 0.035 seconds
[2025-11-02T18:07:13.250+0000] {processor.py:186} INFO - Started process (PID=55479) to work on /opt/airflow/dags/homework6_elt.py
[2025-11-02T18:07:13.250+0000] {processor.py:914} INFO - Processing file /opt/airflow/dags/homework6_elt.py for tasks to queue
[2025-11-02T18:07:13.251+0000] {logging_mixin.py:190} INFO - [2025-11-02T18:07:13.251+0000] {dagbag.py:587} INFO - Filling up the DagBag from /opt/airflow/dags/homework6_elt.py
[2025-11-02T18:07:13.258+0000] {processor.py:925} INFO - DAG(s) 'BuildELT_CTAS' retrieved from /opt/airflow/dags/homework6_elt.py
[2025-11-02T18:07:13.268+0000] {logging_mixin.py:190} INFO - [2025-11-02T18:07:13.268+0000] {dag.py:3229} INFO - Sync 1 DAGs
[2025-11-02T18:07:13.278+0000] {logging_mixin.py:190} INFO - [2025-11-02T18:07:13.278+0000] {dag.py:4156} INFO - Setting next_dagrun for BuildELT_CTAS to 2025-11-02 02:45:00+00:00, run_after=2025-11-03 02:45:00+00:00
[2025-11-02T18:07:13.283+0000] {processor.py:208} INFO - Processing /opt/airflow/dags/homework6_elt.py took 0.038 seconds
[2025-11-02T18:22:32.662+0000] {processor.py:186} INFO - Started process (PID=55510) to work on /opt/airflow/dags/homework6_elt.py
[2025-11-02T18:22:32.665+0000] {processor.py:914} INFO - Processing file /opt/airflow/dags/homework6_elt.py for tasks to queue
[2025-11-02T18:22:32.666+0000] {logging_mixin.py:190} INFO - [2025-11-02T18:22:32.666+0000] {dagbag.py:587} INFO - Filling up the DagBag from /opt/airflow/dags/homework6_elt.py
[2025-11-02T18:22:32.671+0000] {processor.py:925} INFO - DAG(s) 'BuildELT_CTAS' retrieved from /opt/airflow/dags/homework6_elt.py
[2025-11-02T18:22:32.681+0000] {logging_mixin.py:190} INFO - [2025-11-02T18:22:32.681+0000] {dag.py:3229} INFO - Sync 1 DAGs
[2025-11-02T18:22:32.690+0000] {logging_mixin.py:190} INFO - [2025-11-02T18:22:32.690+0000] {dag.py:4156} INFO - Setting next_dagrun for BuildELT_CTAS to 2025-11-02 02:45:00+00:00, run_after=2025-11-03 02:45:00+00:00
[2025-11-02T18:22:32.696+0000] {processor.py:208} INFO - Processing /opt/airflow/dags/homework6_elt.py took 0.038 seconds
[2025-11-02T18:38:53.726+0000] {processor.py:186} INFO - Started process (PID=55541) to work on /opt/airflow/dags/homework6_elt.py
[2025-11-02T18:38:53.726+0000] {processor.py:914} INFO - Processing file /opt/airflow/dags/homework6_elt.py for tasks to queue
[2025-11-02T18:38:53.727+0000] {logging_mixin.py:190} INFO - [2025-11-02T18:38:53.727+0000] {dagbag.py:587} INFO - Filling up the DagBag from /opt/airflow/dags/homework6_elt.py
[2025-11-02T18:38:53.733+0000] {processor.py:925} INFO - DAG(s) 'BuildELT_CTAS' retrieved from /opt/airflow/dags/homework6_elt.py
[2025-11-02T18:38:53.746+0000] {logging_mixin.py:190} INFO - [2025-11-02T18:38:53.746+0000] {dag.py:3229} INFO - Sync 1 DAGs
[2025-11-02T18:38:53.755+0000] {logging_mixin.py:190} INFO - [2025-11-02T18:38:53.755+0000] {dag.py:4156} INFO - Setting next_dagrun for BuildELT_CTAS to 2025-11-02 02:45:00+00:00, run_after=2025-11-03 02:45:00+00:00
[2025-11-02T18:38:53.760+0000] {processor.py:208} INFO - Processing /opt/airflow/dags/homework6_elt.py took 0.037 seconds
[2025-11-02T18:44:30.989+0000] {processor.py:186} INFO - Started process (PID=55572) to work on /opt/airflow/dags/homework6_elt.py
[2025-11-02T18:44:30.989+0000] {processor.py:914} INFO - Processing file /opt/airflow/dags/homework6_elt.py for tasks to queue
[2025-11-02T18:44:30.990+0000] {logging_mixin.py:190} INFO - [2025-11-02T18:44:30.990+0000] {dagbag.py:587} INFO - Filling up the DagBag from /opt/airflow/dags/homework6_elt.py
[2025-11-02T18:44:30.997+0000] {processor.py:925} INFO - DAG(s) 'BuildELT_CTAS' retrieved from /opt/airflow/dags/homework6_elt.py
[2025-11-02T18:44:31.009+0000] {logging_mixin.py:190} INFO - [2025-11-02T18:44:31.009+0000] {dag.py:3229} INFO - Sync 1 DAGs
[2025-11-02T18:44:31.018+0000] {logging_mixin.py:190} INFO - [2025-11-02T18:44:31.017+0000] {dag.py:4156} INFO - Setting next_dagrun for BuildELT_CTAS to 2025-11-02 02:45:00+00:00, run_after=2025-11-03 02:45:00+00:00
[2025-11-02T18:44:31.023+0000] {processor.py:208} INFO - Processing /opt/airflow/dags/homework6_elt.py took 0.038 seconds
[2025-11-02T18:59:16.478+0000] {processor.py:186} INFO - Started process (PID=55603) to work on /opt/airflow/dags/homework6_elt.py
[2025-11-02T18:59:16.479+0000] {processor.py:914} INFO - Processing file /opt/airflow/dags/homework6_elt.py for tasks to queue
[2025-11-02T18:59:16.480+0000] {logging_mixin.py:190} INFO - [2025-11-02T18:59:16.480+0000] {dagbag.py:587} INFO - Filling up the DagBag from /opt/airflow/dags/homework6_elt.py
[2025-11-02T18:59:16.488+0000] {processor.py:925} INFO - DAG(s) 'BuildELT_CTAS' retrieved from /opt/airflow/dags/homework6_elt.py
[2025-11-02T18:59:16.501+0000] {logging_mixin.py:190} INFO - [2025-11-02T18:59:16.501+0000] {dag.py:3229} INFO - Sync 1 DAGs
[2025-11-02T18:59:16.510+0000] {logging_mixin.py:190} INFO - [2025-11-02T18:59:16.510+0000] {dag.py:4156} INFO - Setting next_dagrun for BuildELT_CTAS to 2025-11-02 02:45:00+00:00, run_after=2025-11-03 02:45:00+00:00
[2025-11-02T18:59:16.516+0000] {processor.py:208} INFO - Processing /opt/airflow/dags/homework6_elt.py took 0.040 seconds
[2025-11-02T19:11:02.292+0000] {processor.py:186} INFO - Started process (PID=55634) to work on /opt/airflow/dags/homework6_elt.py
[2025-11-02T19:11:02.292+0000] {processor.py:914} INFO - Processing file /opt/airflow/dags/homework6_elt.py for tasks to queue
[2025-11-02T19:11:02.293+0000] {logging_mixin.py:190} INFO - [2025-11-02T19:11:02.293+0000] {dagbag.py:587} INFO - Filling up the DagBag from /opt/airflow/dags/homework6_elt.py
[2025-11-02T19:11:02.299+0000] {processor.py:925} INFO - DAG(s) 'BuildELT_CTAS' retrieved from /opt/airflow/dags/homework6_elt.py
[2025-11-02T19:11:02.310+0000] {logging_mixin.py:190} INFO - [2025-11-02T19:11:02.310+0000] {dag.py:3229} INFO - Sync 1 DAGs
[2025-11-02T19:11:02.319+0000] {logging_mixin.py:190} INFO - [2025-11-02T19:11:02.319+0000] {dag.py:4156} INFO - Setting next_dagrun for BuildELT_CTAS to 2025-11-02 02:45:00+00:00, run_after=2025-11-03 02:45:00+00:00
[2025-11-02T19:11:02.324+0000] {processor.py:208} INFO - Processing /opt/airflow/dags/homework6_elt.py took 0.035 seconds
[2025-11-02T19:14:55.443+0000] {processor.py:186} INFO - Started process (PID=55665) to work on /opt/airflow/dags/homework6_elt.py
[2025-11-02T19:14:55.443+0000] {processor.py:914} INFO - Processing file /opt/airflow/dags/homework6_elt.py for tasks to queue
[2025-11-02T19:14:55.445+0000] {logging_mixin.py:190} INFO - [2025-11-02T19:14:55.445+0000] {dagbag.py:587} INFO - Filling up the DagBag from /opt/airflow/dags/homework6_elt.py
[2025-11-02T19:14:55.457+0000] {processor.py:925} INFO - DAG(s) 'BuildELT_CTAS' retrieved from /opt/airflow/dags/homework6_elt.py
[2025-11-02T19:14:55.471+0000] {logging_mixin.py:190} INFO - [2025-11-02T19:14:55.471+0000] {dag.py:3229} INFO - Sync 1 DAGs
[2025-11-02T19:14:55.482+0000] {logging_mixin.py:190} INFO - [2025-11-02T19:14:55.482+0000] {dag.py:4156} INFO - Setting next_dagrun for BuildELT_CTAS to 2025-11-02 02:45:00+00:00, run_after=2025-11-03 02:45:00+00:00
[2025-11-02T19:14:55.488+0000] {processor.py:208} INFO - Processing /opt/airflow/dags/homework6_elt.py took 0.050 seconds
[2025-11-02T19:26:03.268+0000] {processor.py:186} INFO - Started process (PID=55696) to work on /opt/airflow/dags/homework6_elt.py
[2025-11-02T19:26:03.268+0000] {processor.py:914} INFO - Processing file /opt/airflow/dags/homework6_elt.py for tasks to queue
[2025-11-02T19:26:03.269+0000] {logging_mixin.py:190} INFO - [2025-11-02T19:26:03.269+0000] {dagbag.py:587} INFO - Filling up the DagBag from /opt/airflow/dags/homework6_elt.py
[2025-11-02T19:26:03.278+0000] {processor.py:925} INFO - DAG(s) 'BuildELT_CTAS' retrieved from /opt/airflow/dags/homework6_elt.py
[2025-11-02T19:26:03.291+0000] {logging_mixin.py:190} INFO - [2025-11-02T19:26:03.291+0000] {dag.py:3229} INFO - Sync 1 DAGs
[2025-11-02T19:26:03.300+0000] {logging_mixin.py:190} INFO - [2025-11-02T19:26:03.300+0000] {dag.py:4156} INFO - Setting next_dagrun for BuildELT_CTAS to 2025-11-02 02:45:00+00:00, run_after=2025-11-03 02:45:00+00:00
[2025-11-02T19:26:03.307+0000] {processor.py:208} INFO - Processing /opt/airflow/dags/homework6_elt.py took 0.042 seconds
[2025-11-02T19:32:34.186+0000] {processor.py:186} INFO - Started process (PID=55727) to work on /opt/airflow/dags/homework6_elt.py
[2025-11-02T19:32:34.186+0000] {processor.py:914} INFO - Processing file /opt/airflow/dags/homework6_elt.py for tasks to queue
[2025-11-02T19:32:34.187+0000] {logging_mixin.py:190} INFO - [2025-11-02T19:32:34.187+0000] {dagbag.py:587} INFO - Filling up the DagBag from /opt/airflow/dags/homework6_elt.py
[2025-11-02T19:32:34.194+0000] {processor.py:925} INFO - DAG(s) 'BuildELT_CTAS' retrieved from /opt/airflow/dags/homework6_elt.py
[2025-11-02T19:32:34.205+0000] {logging_mixin.py:190} INFO - [2025-11-02T19:32:34.205+0000] {dag.py:3229} INFO - Sync 1 DAGs
[2025-11-02T19:32:34.214+0000] {logging_mixin.py:190} INFO - [2025-11-02T19:32:34.214+0000] {dag.py:4156} INFO - Setting next_dagrun for BuildELT_CTAS to 2025-11-02 02:45:00+00:00, run_after=2025-11-03 02:45:00+00:00
[2025-11-02T19:32:34.220+0000] {processor.py:208} INFO - Processing /opt/airflow/dags/homework6_elt.py took 0.037 seconds
[2025-11-02T19:34:48.829+0000] {processor.py:186} INFO - Started process (PID=55758) to work on /opt/airflow/dags/homework6_elt.py
[2025-11-02T19:34:48.830+0000] {processor.py:914} INFO - Processing file /opt/airflow/dags/homework6_elt.py for tasks to queue
[2025-11-02T19:34:48.832+0000] {logging_mixin.py:190} INFO - [2025-11-02T19:34:48.832+0000] {dagbag.py:587} INFO - Filling up the DagBag from /opt/airflow/dags/homework6_elt.py
[2025-11-02T19:34:48.841+0000] {processor.py:925} INFO - DAG(s) 'BuildELT_CTAS' retrieved from /opt/airflow/dags/homework6_elt.py
[2025-11-02T19:34:48.852+0000] {logging_mixin.py:190} INFO - [2025-11-02T19:34:48.852+0000] {dag.py:3229} INFO - Sync 1 DAGs
[2025-11-02T19:34:48.862+0000] {logging_mixin.py:190} INFO - [2025-11-02T19:34:48.861+0000] {dag.py:4156} INFO - Setting next_dagrun for BuildELT_CTAS to 2025-11-02 02:45:00+00:00, run_after=2025-11-03 02:45:00+00:00
[2025-11-02T19:34:48.867+0000] {processor.py:208} INFO - Processing /opt/airflow/dags/homework6_elt.py took 0.042 seconds
[2025-11-02T19:39:25.033+0000] {processor.py:186} INFO - Started process (PID=55787) to work on /opt/airflow/dags/homework6_elt.py
[2025-11-02T19:39:25.034+0000] {processor.py:914} INFO - Processing file /opt/airflow/dags/homework6_elt.py for tasks to queue
[2025-11-02T19:39:25.035+0000] {logging_mixin.py:190} INFO - [2025-11-02T19:39:25.035+0000] {dagbag.py:587} INFO - Filling up the DagBag from /opt/airflow/dags/homework6_elt.py
[2025-11-02T19:39:25.042+0000] {processor.py:925} INFO - DAG(s) 'BuildELT_CTAS' retrieved from /opt/airflow/dags/homework6_elt.py
[2025-11-02T19:39:25.054+0000] {logging_mixin.py:190} INFO - [2025-11-02T19:39:25.053+0000] {dag.py:3229} INFO - Sync 1 DAGs
[2025-11-02T19:39:25.062+0000] {logging_mixin.py:190} INFO - [2025-11-02T19:39:25.062+0000] {dag.py:4156} INFO - Setting next_dagrun for BuildELT_CTAS to 2025-11-02 02:45:00+00:00, run_after=2025-11-03 02:45:00+00:00
[2025-11-02T19:39:25.068+0000] {processor.py:208} INFO - Processing /opt/airflow/dags/homework6_elt.py took 0.038 seconds
[2025-11-02T19:52:56.071+0000] {processor.py:186} INFO - Started process (PID=55813) to work on /opt/airflow/dags/homework6_elt.py
[2025-11-02T19:52:56.071+0000] {processor.py:914} INFO - Processing file /opt/airflow/dags/homework6_elt.py for tasks to queue
[2025-11-02T19:52:56.072+0000] {logging_mixin.py:190} INFO - [2025-11-02T19:52:56.072+0000] {dagbag.py:587} INFO - Filling up the DagBag from /opt/airflow/dags/homework6_elt.py
[2025-11-02T19:52:56.079+0000] {processor.py:925} INFO - DAG(s) 'BuildELT_CTAS' retrieved from /opt/airflow/dags/homework6_elt.py
[2025-11-02T19:52:56.090+0000] {logging_mixin.py:190} INFO - [2025-11-02T19:52:56.090+0000] {dag.py:3229} INFO - Sync 1 DAGs
[2025-11-02T19:52:56.099+0000] {logging_mixin.py:190} INFO - [2025-11-02T19:52:56.099+0000] {dag.py:4156} INFO - Setting next_dagrun for BuildELT_CTAS to 2025-11-02 02:45:00+00:00, run_after=2025-11-03 02:45:00+00:00
[2025-11-02T19:52:56.105+0000] {processor.py:208} INFO - Processing /opt/airflow/dags/homework6_elt.py took 0.038 seconds
[2025-11-02T19:59:44.898+0000] {processor.py:186} INFO - Started process (PID=55844) to work on /opt/airflow/dags/homework6_elt.py
[2025-11-02T19:59:44.898+0000] {processor.py:914} INFO - Processing file /opt/airflow/dags/homework6_elt.py for tasks to queue
[2025-11-02T19:59:44.900+0000] {logging_mixin.py:190} INFO - [2025-11-02T19:59:44.900+0000] {dagbag.py:587} INFO - Filling up the DagBag from /opt/airflow/dags/homework6_elt.py
[2025-11-02T19:59:44.906+0000] {processor.py:925} INFO - DAG(s) 'BuildELT_CTAS' retrieved from /opt/airflow/dags/homework6_elt.py
[2025-11-02T19:59:44.916+0000] {logging_mixin.py:190} INFO - [2025-11-02T19:59:44.916+0000] {dag.py:3229} INFO - Sync 1 DAGs
[2025-11-02T19:59:44.925+0000] {logging_mixin.py:190} INFO - [2025-11-02T19:59:44.925+0000] {dag.py:4156} INFO - Setting next_dagrun for BuildELT_CTAS to 2025-11-02 02:45:00+00:00, run_after=2025-11-03 02:45:00+00:00
[2025-11-02T19:59:44.931+0000] {processor.py:208} INFO - Processing /opt/airflow/dags/homework6_elt.py took 0.037 seconds
[2025-11-02T20:22:20.927+0000] {processor.py:186} INFO - Started process (PID=55875) to work on /opt/airflow/dags/homework6_elt.py
[2025-11-02T20:22:20.928+0000] {processor.py:914} INFO - Processing file /opt/airflow/dags/homework6_elt.py for tasks to queue
[2025-11-02T20:22:20.929+0000] {logging_mixin.py:190} INFO - [2025-11-02T20:22:20.929+0000] {dagbag.py:587} INFO - Filling up the DagBag from /opt/airflow/dags/homework6_elt.py
[2025-11-02T20:22:20.937+0000] {processor.py:925} INFO - DAG(s) 'BuildELT_CTAS' retrieved from /opt/airflow/dags/homework6_elt.py
[2025-11-02T20:22:20.947+0000] {logging_mixin.py:190} INFO - [2025-11-02T20:22:20.947+0000] {dag.py:3229} INFO - Sync 1 DAGs
[2025-11-02T20:22:20.956+0000] {logging_mixin.py:190} INFO - [2025-11-02T20:22:20.956+0000] {dag.py:4156} INFO - Setting next_dagrun for BuildELT_CTAS to 2025-11-02 02:45:00+00:00, run_after=2025-11-03 02:45:00+00:00
[2025-11-02T20:22:20.962+0000] {processor.py:208} INFO - Processing /opt/airflow/dags/homework6_elt.py took 0.038 seconds
[2025-11-02T20:29:18.419+0000] {processor.py:186} INFO - Started process (PID=55906) to work on /opt/airflow/dags/homework6_elt.py
[2025-11-02T20:29:18.419+0000] {processor.py:914} INFO - Processing file /opt/airflow/dags/homework6_elt.py for tasks to queue
[2025-11-02T20:29:18.421+0000] {logging_mixin.py:190} INFO - [2025-11-02T20:29:18.421+0000] {dagbag.py:587} INFO - Filling up the DagBag from /opt/airflow/dags/homework6_elt.py
[2025-11-02T20:29:18.427+0000] {processor.py:925} INFO - DAG(s) 'BuildELT_CTAS' retrieved from /opt/airflow/dags/homework6_elt.py
[2025-11-02T20:29:18.439+0000] {logging_mixin.py:190} INFO - [2025-11-02T20:29:18.439+0000] {dag.py:3229} INFO - Sync 1 DAGs
[2025-11-02T20:29:18.448+0000] {logging_mixin.py:190} INFO - [2025-11-02T20:29:18.448+0000] {dag.py:4156} INFO - Setting next_dagrun for BuildELT_CTAS to 2025-11-02 02:45:00+00:00, run_after=2025-11-03 02:45:00+00:00
[2025-11-02T20:29:18.454+0000] {processor.py:208} INFO - Processing /opt/airflow/dags/homework6_elt.py took 0.038 seconds
[2025-11-02T20:38:46.868+0000] {processor.py:186} INFO - Started process (PID=55937) to work on /opt/airflow/dags/homework6_elt.py
[2025-11-02T20:38:46.872+0000] {processor.py:914} INFO - Processing file /opt/airflow/dags/homework6_elt.py for tasks to queue
[2025-11-02T20:38:46.873+0000] {logging_mixin.py:190} INFO - [2025-11-02T20:38:46.872+0000] {dagbag.py:587} INFO - Filling up the DagBag from /opt/airflow/dags/homework6_elt.py
[2025-11-02T20:38:46.878+0000] {processor.py:925} INFO - DAG(s) 'BuildELT_CTAS' retrieved from /opt/airflow/dags/homework6_elt.py
[2025-11-02T20:38:46.887+0000] {logging_mixin.py:190} INFO - [2025-11-02T20:38:46.887+0000] {dag.py:3229} INFO - Sync 1 DAGs
[2025-11-02T20:38:46.896+0000] {logging_mixin.py:190} INFO - [2025-11-02T20:38:46.896+0000] {dag.py:4156} INFO - Setting next_dagrun for BuildELT_CTAS to 2025-11-02 02:45:00+00:00, run_after=2025-11-03 02:45:00+00:00
[2025-11-02T20:38:46.902+0000] {processor.py:208} INFO - Processing /opt/airflow/dags/homework6_elt.py took 0.037 seconds
[2025-11-02T20:44:41.360+0000] {processor.py:186} INFO - Started process (PID=55968) to work on /opt/airflow/dags/homework6_elt.py
[2025-11-02T20:44:41.361+0000] {processor.py:914} INFO - Processing file /opt/airflow/dags/homework6_elt.py for tasks to queue
[2025-11-02T20:44:41.363+0000] {logging_mixin.py:190} INFO - [2025-11-02T20:44:41.363+0000] {dagbag.py:587} INFO - Filling up the DagBag from /opt/airflow/dags/homework6_elt.py
[2025-11-02T20:44:41.373+0000] {processor.py:925} INFO - DAG(s) 'BuildELT_CTAS' retrieved from /opt/airflow/dags/homework6_elt.py
[2025-11-02T20:44:41.383+0000] {logging_mixin.py:190} INFO - [2025-11-02T20:44:41.383+0000] {dag.py:3229} INFO - Sync 1 DAGs
[2025-11-02T20:44:41.392+0000] {logging_mixin.py:190} INFO - [2025-11-02T20:44:41.392+0000] {dag.py:4156} INFO - Setting next_dagrun for BuildELT_CTAS to 2025-11-02 02:45:00+00:00, run_after=2025-11-03 02:45:00+00:00
[2025-11-02T20:44:41.398+0000] {processor.py:208} INFO - Processing /opt/airflow/dags/homework6_elt.py took 0.042 seconds
[2025-11-02T20:49:12.558+0000] {processor.py:186} INFO - Started process (PID=55999) to work on /opt/airflow/dags/homework6_elt.py
[2025-11-02T20:49:12.559+0000] {processor.py:914} INFO - Processing file /opt/airflow/dags/homework6_elt.py for tasks to queue
[2025-11-02T20:49:12.560+0000] {logging_mixin.py:190} INFO - [2025-11-02T20:49:12.560+0000] {dagbag.py:587} INFO - Filling up the DagBag from /opt/airflow/dags/homework6_elt.py
[2025-11-02T20:49:12.572+0000] {processor.py:925} INFO - DAG(s) 'BuildELT_CTAS' retrieved from /opt/airflow/dags/homework6_elt.py
[2025-11-02T20:49:12.585+0000] {logging_mixin.py:190} INFO - [2025-11-02T20:49:12.585+0000] {dag.py:3229} INFO - Sync 1 DAGs
[2025-11-02T20:49:12.594+0000] {logging_mixin.py:190} INFO - [2025-11-02T20:49:12.594+0000] {dag.py:4156} INFO - Setting next_dagrun for BuildELT_CTAS to 2025-11-02 02:45:00+00:00, run_after=2025-11-03 02:45:00+00:00
[2025-11-02T20:49:12.600+0000] {processor.py:208} INFO - Processing /opt/airflow/dags/homework6_elt.py took 0.046 seconds
[2025-11-02T20:57:40.482+0000] {processor.py:186} INFO - Started process (PID=56027) to work on /opt/airflow/dags/homework6_elt.py
[2025-11-02T20:57:40.482+0000] {processor.py:914} INFO - Processing file /opt/airflow/dags/homework6_elt.py for tasks to queue
[2025-11-02T20:57:40.483+0000] {logging_mixin.py:190} INFO - [2025-11-02T20:57:40.482+0000] {dagbag.py:587} INFO - Filling up the DagBag from /opt/airflow/dags/homework6_elt.py
[2025-11-02T20:57:40.489+0000] {processor.py:925} INFO - DAG(s) 'BuildELT_CTAS' retrieved from /opt/airflow/dags/homework6_elt.py
[2025-11-02T20:57:40.500+0000] {logging_mixin.py:190} INFO - [2025-11-02T20:57:40.500+0000] {dag.py:3229} INFO - Sync 1 DAGs
[2025-11-02T20:57:40.513+0000] {logging_mixin.py:190} INFO - [2025-11-02T20:57:40.513+0000] {dag.py:4156} INFO - Setting next_dagrun for BuildELT_CTAS to 2025-11-02 02:45:00+00:00, run_after=2025-11-03 02:45:00+00:00
[2025-11-02T20:57:40.518+0000] {processor.py:208} INFO - Processing /opt/airflow/dags/homework6_elt.py took 0.040 seconds
[2025-11-02T21:02:19.933+0000] {processor.py:186} INFO - Started process (PID=56056) to work on /opt/airflow/dags/homework6_elt.py
[2025-11-02T21:02:19.936+0000] {processor.py:914} INFO - Processing file /opt/airflow/dags/homework6_elt.py for tasks to queue
[2025-11-02T21:02:19.937+0000] {logging_mixin.py:190} INFO - [2025-11-02T21:02:19.937+0000] {dagbag.py:587} INFO - Filling up the DagBag from /opt/airflow/dags/homework6_elt.py
[2025-11-02T21:02:19.943+0000] {processor.py:925} INFO - DAG(s) 'BuildELT_CTAS' retrieved from /opt/airflow/dags/homework6_elt.py
[2025-11-02T21:02:19.953+0000] {logging_mixin.py:190} INFO - [2025-11-02T21:02:19.953+0000] {dag.py:3229} INFO - Sync 1 DAGs
[2025-11-02T21:02:19.963+0000] {logging_mixin.py:190} INFO - [2025-11-02T21:02:19.963+0000] {dag.py:4156} INFO - Setting next_dagrun for BuildELT_CTAS to 2025-11-02 02:45:00+00:00, run_after=2025-11-03 02:45:00+00:00
[2025-11-02T21:02:19.969+0000] {processor.py:208} INFO - Processing /opt/airflow/dags/homework6_elt.py took 0.041 seconds
[2025-11-02T21:07:50.600+0000] {processor.py:186} INFO - Started process (PID=56087) to work on /opt/airflow/dags/homework6_elt.py
[2025-11-02T21:07:50.601+0000] {processor.py:914} INFO - Processing file /opt/airflow/dags/homework6_elt.py for tasks to queue
[2025-11-02T21:07:50.602+0000] {logging_mixin.py:190} INFO - [2025-11-02T21:07:50.602+0000] {dagbag.py:587} INFO - Filling up the DagBag from /opt/airflow/dags/homework6_elt.py
[2025-11-02T21:07:50.610+0000] {processor.py:925} INFO - DAG(s) 'BuildELT_CTAS' retrieved from /opt/airflow/dags/homework6_elt.py
[2025-11-02T21:07:50.622+0000] {logging_mixin.py:190} INFO - [2025-11-02T21:07:50.622+0000] {dag.py:3229} INFO - Sync 1 DAGs
[2025-11-02T21:07:50.632+0000] {logging_mixin.py:190} INFO - [2025-11-02T21:07:50.632+0000] {dag.py:4156} INFO - Setting next_dagrun for BuildELT_CTAS to 2025-11-02 02:45:00+00:00, run_after=2025-11-03 02:45:00+00:00
[2025-11-02T21:07:50.638+0000] {processor.py:208} INFO - Processing /opt/airflow/dags/homework6_elt.py took 0.042 seconds
[2025-11-02T21:13:31.490+0000] {processor.py:186} INFO - Started process (PID=56118) to work on /opt/airflow/dags/homework6_elt.py
[2025-11-02T21:13:31.491+0000] {processor.py:914} INFO - Processing file /opt/airflow/dags/homework6_elt.py for tasks to queue
[2025-11-02T21:13:31.491+0000] {logging_mixin.py:190} INFO - [2025-11-02T21:13:31.491+0000] {dagbag.py:587} INFO - Filling up the DagBag from /opt/airflow/dags/homework6_elt.py
[2025-11-02T21:13:31.501+0000] {processor.py:925} INFO - DAG(s) 'BuildELT_CTAS' retrieved from /opt/airflow/dags/homework6_elt.py
[2025-11-02T21:13:31.515+0000] {logging_mixin.py:190} INFO - [2025-11-02T21:13:31.515+0000] {dag.py:3229} INFO - Sync 1 DAGs
[2025-11-02T21:13:31.525+0000] {logging_mixin.py:190} INFO - [2025-11-02T21:13:31.525+0000] {dag.py:4156} INFO - Setting next_dagrun for BuildELT_CTAS to 2025-11-02 02:45:00+00:00, run_after=2025-11-03 02:45:00+00:00
[2025-11-02T21:13:31.531+0000] {processor.py:208} INFO - Processing /opt/airflow/dags/homework6_elt.py took 0.045 seconds
[2025-11-02T21:24:08.341+0000] {processor.py:186} INFO - Started process (PID=56149) to work on /opt/airflow/dags/homework6_elt.py
[2025-11-02T21:24:08.342+0000] {processor.py:914} INFO - Processing file /opt/airflow/dags/homework6_elt.py for tasks to queue
[2025-11-02T21:24:08.344+0000] {logging_mixin.py:190} INFO - [2025-11-02T21:24:08.343+0000] {dagbag.py:587} INFO - Filling up the DagBag from /opt/airflow/dags/homework6_elt.py
[2025-11-02T21:24:08.353+0000] {processor.py:925} INFO - DAG(s) 'BuildELT_CTAS' retrieved from /opt/airflow/dags/homework6_elt.py
[2025-11-02T21:24:08.366+0000] {logging_mixin.py:190} INFO - [2025-11-02T21:24:08.366+0000] {dag.py:3229} INFO - Sync 1 DAGs
[2025-11-02T21:24:08.377+0000] {logging_mixin.py:190} INFO - [2025-11-02T21:24:08.377+0000] {dag.py:4156} INFO - Setting next_dagrun for BuildELT_CTAS to 2025-11-02 02:45:00+00:00, run_after=2025-11-03 02:45:00+00:00
[2025-11-02T21:24:08.384+0000] {processor.py:208} INFO - Processing /opt/airflow/dags/homework6_elt.py took 0.048 seconds
[2025-11-02T21:37:48.475+0000] {processor.py:186} INFO - Started process (PID=56180) to work on /opt/airflow/dags/homework6_elt.py
[2025-11-02T21:37:48.475+0000] {processor.py:914} INFO - Processing file /opt/airflow/dags/homework6_elt.py for tasks to queue
[2025-11-02T21:37:48.476+0000] {logging_mixin.py:190} INFO - [2025-11-02T21:37:48.476+0000] {dagbag.py:587} INFO - Filling up the DagBag from /opt/airflow/dags/homework6_elt.py
[2025-11-02T21:37:48.484+0000] {processor.py:925} INFO - DAG(s) 'BuildELT_CTAS' retrieved from /opt/airflow/dags/homework6_elt.py
[2025-11-02T21:37:48.495+0000] {logging_mixin.py:190} INFO - [2025-11-02T21:37:48.495+0000] {dag.py:3229} INFO - Sync 1 DAGs
[2025-11-02T21:37:48.507+0000] {logging_mixin.py:190} INFO - [2025-11-02T21:37:48.507+0000] {dag.py:4156} INFO - Setting next_dagrun for BuildELT_CTAS to 2025-11-02 02:45:00+00:00, run_after=2025-11-03 02:45:00+00:00
[2025-11-02T21:37:48.513+0000] {processor.py:208} INFO - Processing /opt/airflow/dags/homework6_elt.py took 0.043 seconds
[2025-11-02T21:43:31.212+0000] {processor.py:186} INFO - Started process (PID=56211) to work on /opt/airflow/dags/homework6_elt.py
[2025-11-02T21:43:31.212+0000] {processor.py:914} INFO - Processing file /opt/airflow/dags/homework6_elt.py for tasks to queue
[2025-11-02T21:43:31.212+0000] {logging_mixin.py:190} INFO - [2025-11-02T21:43:31.212+0000] {dagbag.py:587} INFO - Filling up the DagBag from /opt/airflow/dags/homework6_elt.py
[2025-11-02T21:43:31.219+0000] {processor.py:925} INFO - DAG(s) 'BuildELT_CTAS' retrieved from /opt/airflow/dags/homework6_elt.py
[2025-11-02T21:43:31.229+0000] {logging_mixin.py:190} INFO - [2025-11-02T21:43:31.229+0000] {dag.py:3229} INFO - Sync 1 DAGs
[2025-11-02T21:43:31.239+0000] {logging_mixin.py:190} INFO - [2025-11-02T21:43:31.239+0000] {dag.py:4156} INFO - Setting next_dagrun for BuildELT_CTAS to 2025-11-02 02:45:00+00:00, run_after=2025-11-03 02:45:00+00:00
[2025-11-02T21:43:31.244+0000] {processor.py:208} INFO - Processing /opt/airflow/dags/homework6_elt.py took 0.035 seconds
[2025-11-02T21:59:24.070+0000] {processor.py:186} INFO - Started process (PID=56242) to work on /opt/airflow/dags/homework6_elt.py
[2025-11-02T21:59:24.070+0000] {processor.py:914} INFO - Processing file /opt/airflow/dags/homework6_elt.py for tasks to queue
[2025-11-02T21:59:24.071+0000] {logging_mixin.py:190} INFO - [2025-11-02T21:59:24.071+0000] {dagbag.py:587} INFO - Filling up the DagBag from /opt/airflow/dags/homework6_elt.py
[2025-11-02T21:59:24.078+0000] {processor.py:925} INFO - DAG(s) 'BuildELT_CTAS' retrieved from /opt/airflow/dags/homework6_elt.py
[2025-11-02T21:59:24.089+0000] {logging_mixin.py:190} INFO - [2025-11-02T21:59:24.089+0000] {dag.py:3229} INFO - Sync 1 DAGs
[2025-11-02T21:59:24.097+0000] {logging_mixin.py:190} INFO - [2025-11-02T21:59:24.097+0000] {dag.py:4156} INFO - Setting next_dagrun for BuildELT_CTAS to 2025-11-02 02:45:00+00:00, run_after=2025-11-03 02:45:00+00:00
[2025-11-02T21:59:24.103+0000] {processor.py:208} INFO - Processing /opt/airflow/dags/homework6_elt.py took 0.036 seconds
[2025-11-02T22:14:12.129+0000] {processor.py:186} INFO - Started process (PID=56273) to work on /opt/airflow/dags/homework6_elt.py
[2025-11-02T22:14:12.132+0000] {processor.py:914} INFO - Processing file /opt/airflow/dags/homework6_elt.py for tasks to queue
[2025-11-02T22:14:12.132+0000] {logging_mixin.py:190} INFO - [2025-11-02T22:14:12.132+0000] {dagbag.py:587} INFO - Filling up the DagBag from /opt/airflow/dags/homework6_elt.py
[2025-11-02T22:14:12.137+0000] {processor.py:925} INFO - DAG(s) 'BuildELT_CTAS' retrieved from /opt/airflow/dags/homework6_elt.py
[2025-11-02T22:14:12.148+0000] {logging_mixin.py:190} INFO - [2025-11-02T22:14:12.148+0000] {dag.py:3229} INFO - Sync 1 DAGs
[2025-11-02T22:14:12.157+0000] {logging_mixin.py:190} INFO - [2025-11-02T22:14:12.157+0000] {dag.py:4156} INFO - Setting next_dagrun for BuildELT_CTAS to 2025-11-02 02:45:00+00:00, run_after=2025-11-03 02:45:00+00:00
[2025-11-02T22:14:12.163+0000] {processor.py:208} INFO - Processing /opt/airflow/dags/homework6_elt.py took 0.038 seconds
[2025-11-02T22:25:27.236+0000] {processor.py:186} INFO - Started process (PID=56304) to work on /opt/airflow/dags/homework6_elt.py
[2025-11-02T22:25:27.237+0000] {processor.py:914} INFO - Processing file /opt/airflow/dags/homework6_elt.py for tasks to queue
[2025-11-02T22:25:27.238+0000] {logging_mixin.py:190} INFO - [2025-11-02T22:25:27.237+0000] {dagbag.py:587} INFO - Filling up the DagBag from /opt/airflow/dags/homework6_elt.py
[2025-11-02T22:25:27.246+0000] {processor.py:925} INFO - DAG(s) 'BuildELT_CTAS' retrieved from /opt/airflow/dags/homework6_elt.py
[2025-11-02T22:25:27.261+0000] {logging_mixin.py:190} INFO - [2025-11-02T22:25:27.261+0000] {dag.py:3229} INFO - Sync 1 DAGs
[2025-11-02T22:25:27.270+0000] {logging_mixin.py:190} INFO - [2025-11-02T22:25:27.270+0000] {dag.py:4156} INFO - Setting next_dagrun for BuildELT_CTAS to 2025-11-02 02:45:00+00:00, run_after=2025-11-03 02:45:00+00:00
[2025-11-02T22:25:27.276+0000] {processor.py:208} INFO - Processing /opt/airflow/dags/homework6_elt.py took 0.044 seconds
[2025-11-02T22:33:42.041+0000] {processor.py:186} INFO - Started process (PID=56335) to work on /opt/airflow/dags/homework6_elt.py
[2025-11-02T22:33:42.041+0000] {processor.py:914} INFO - Processing file /opt/airflow/dags/homework6_elt.py for tasks to queue
[2025-11-02T22:33:42.042+0000] {logging_mixin.py:190} INFO - [2025-11-02T22:33:42.042+0000] {dagbag.py:587} INFO - Filling up the DagBag from /opt/airflow/dags/homework6_elt.py
[2025-11-02T22:33:42.050+0000] {processor.py:925} INFO - DAG(s) 'BuildELT_CTAS' retrieved from /opt/airflow/dags/homework6_elt.py
[2025-11-02T22:33:42.061+0000] {logging_mixin.py:190} INFO - [2025-11-02T22:33:42.060+0000] {dag.py:3229} INFO - Sync 1 DAGs
[2025-11-02T22:33:42.069+0000] {logging_mixin.py:190} INFO - [2025-11-02T22:33:42.069+0000] {dag.py:4156} INFO - Setting next_dagrun for BuildELT_CTAS to 2025-11-02 02:45:00+00:00, run_after=2025-11-03 02:45:00+00:00
[2025-11-02T22:33:42.075+0000] {processor.py:208} INFO - Processing /opt/airflow/dags/homework6_elt.py took 0.037 seconds
[2025-11-02T22:44:25.977+0000] {processor.py:186} INFO - Started process (PID=56366) to work on /opt/airflow/dags/homework6_elt.py
[2025-11-02T22:44:25.977+0000] {processor.py:914} INFO - Processing file /opt/airflow/dags/homework6_elt.py for tasks to queue
[2025-11-02T22:44:25.978+0000] {logging_mixin.py:190} INFO - [2025-11-02T22:44:25.978+0000] {dagbag.py:587} INFO - Filling up the DagBag from /opt/airflow/dags/homework6_elt.py
[2025-11-02T22:44:25.984+0000] {processor.py:925} INFO - DAG(s) 'BuildELT_CTAS' retrieved from /opt/airflow/dags/homework6_elt.py
[2025-11-02T22:44:25.994+0000] {logging_mixin.py:190} INFO - [2025-11-02T22:44:25.994+0000] {dag.py:3229} INFO - Sync 1 DAGs
[2025-11-02T22:44:26.002+0000] {logging_mixin.py:190} INFO - [2025-11-02T22:44:26.002+0000] {dag.py:4156} INFO - Setting next_dagrun for BuildELT_CTAS to 2025-11-02 02:45:00+00:00, run_after=2025-11-03 02:45:00+00:00
[2025-11-02T22:44:26.007+0000] {processor.py:208} INFO - Processing /opt/airflow/dags/homework6_elt.py took 0.032 seconds
[2025-11-02T22:50:33.711+0000] {processor.py:186} INFO - Started process (PID=56397) to work on /opt/airflow/dags/homework6_elt.py
[2025-11-02T22:50:33.711+0000] {processor.py:914} INFO - Processing file /opt/airflow/dags/homework6_elt.py for tasks to queue
[2025-11-02T22:50:33.712+0000] {logging_mixin.py:190} INFO - [2025-11-02T22:50:33.712+0000] {dagbag.py:587} INFO - Filling up the DagBag from /opt/airflow/dags/homework6_elt.py
[2025-11-02T22:50:33.721+0000] {processor.py:925} INFO - DAG(s) 'BuildELT_CTAS' retrieved from /opt/airflow/dags/homework6_elt.py
[2025-11-02T22:50:33.733+0000] {logging_mixin.py:190} INFO - [2025-11-02T22:50:33.733+0000] {dag.py:3229} INFO - Sync 1 DAGs
[2025-11-02T22:50:33.743+0000] {logging_mixin.py:190} INFO - [2025-11-02T22:50:33.743+0000] {dag.py:4156} INFO - Setting next_dagrun for BuildELT_CTAS to 2025-11-02 02:45:00+00:00, run_after=2025-11-03 02:45:00+00:00
[2025-11-02T22:50:33.749+0000] {processor.py:208} INFO - Processing /opt/airflow/dags/homework6_elt.py took 0.042 seconds
[2025-11-02T23:10:22.247+0000] {processor.py:186} INFO - Started process (PID=56428) to work on /opt/airflow/dags/homework6_elt.py
[2025-11-02T23:10:22.247+0000] {processor.py:914} INFO - Processing file /opt/airflow/dags/homework6_elt.py for tasks to queue
[2025-11-02T23:10:22.248+0000] {logging_mixin.py:190} INFO - [2025-11-02T23:10:22.248+0000] {dagbag.py:587} INFO - Filling up the DagBag from /opt/airflow/dags/homework6_elt.py
[2025-11-02T23:10:22.256+0000] {processor.py:925} INFO - DAG(s) 'BuildELT_CTAS' retrieved from /opt/airflow/dags/homework6_elt.py
[2025-11-02T23:10:22.266+0000] {logging_mixin.py:190} INFO - [2025-11-02T23:10:22.266+0000] {dag.py:3229} INFO - Sync 1 DAGs
[2025-11-02T23:10:22.275+0000] {logging_mixin.py:190} INFO - [2025-11-02T23:10:22.275+0000] {dag.py:4156} INFO - Setting next_dagrun for BuildELT_CTAS to 2025-11-02 02:45:00+00:00, run_after=2025-11-03 02:45:00+00:00
[2025-11-02T23:10:22.280+0000] {processor.py:208} INFO - Processing /opt/airflow/dags/homework6_elt.py took 0.036 seconds
[2025-11-02T23:23:00.435+0000] {processor.py:186} INFO - Started process (PID=56459) to work on /opt/airflow/dags/homework6_elt.py
[2025-11-02T23:23:00.435+0000] {processor.py:914} INFO - Processing file /opt/airflow/dags/homework6_elt.py for tasks to queue
[2025-11-02T23:23:00.437+0000] {logging_mixin.py:190} INFO - [2025-11-02T23:23:00.436+0000] {dagbag.py:587} INFO - Filling up the DagBag from /opt/airflow/dags/homework6_elt.py
[2025-11-02T23:23:00.444+0000] {processor.py:925} INFO - DAG(s) 'BuildELT_CTAS' retrieved from /opt/airflow/dags/homework6_elt.py
[2025-11-02T23:23:00.455+0000] {logging_mixin.py:190} INFO - [2025-11-02T23:23:00.454+0000] {dag.py:3229} INFO - Sync 1 DAGs
[2025-11-02T23:23:00.464+0000] {logging_mixin.py:190} INFO - [2025-11-02T23:23:00.464+0000] {dag.py:4156} INFO - Setting next_dagrun for BuildELT_CTAS to 2025-11-02 02:45:00+00:00, run_after=2025-11-03 02:45:00+00:00
[2025-11-02T23:23:00.469+0000] {processor.py:208} INFO - Processing /opt/airflow/dags/homework6_elt.py took 0.038 seconds
[2025-11-02T23:30:42.904+0000] {processor.py:186} INFO - Started process (PID=56490) to work on /opt/airflow/dags/homework6_elt.py
[2025-11-02T23:30:42.905+0000] {processor.py:914} INFO - Processing file /opt/airflow/dags/homework6_elt.py for tasks to queue
[2025-11-02T23:30:42.907+0000] {logging_mixin.py:190} INFO - [2025-11-02T23:30:42.906+0000] {dagbag.py:587} INFO - Filling up the DagBag from /opt/airflow/dags/homework6_elt.py
[2025-11-02T23:30:42.921+0000] {processor.py:925} INFO - DAG(s) 'BuildELT_CTAS' retrieved from /opt/airflow/dags/homework6_elt.py
[2025-11-02T23:30:42.935+0000] {logging_mixin.py:190} INFO - [2025-11-02T23:30:42.935+0000] {dag.py:3229} INFO - Sync 1 DAGs
[2025-11-02T23:30:42.946+0000] {logging_mixin.py:190} INFO - [2025-11-02T23:30:42.946+0000] {dag.py:4156} INFO - Setting next_dagrun for BuildELT_CTAS to 2025-11-02 02:45:00+00:00, run_after=2025-11-03 02:45:00+00:00
[2025-11-02T23:30:42.953+0000] {processor.py:208} INFO - Processing /opt/airflow/dags/homework6_elt.py took 0.053 seconds
[2025-11-02T23:43:10.247+0000] {processor.py:186} INFO - Started process (PID=56521) to work on /opt/airflow/dags/homework6_elt.py
[2025-11-02T23:43:10.248+0000] {processor.py:914} INFO - Processing file /opt/airflow/dags/homework6_elt.py for tasks to queue
[2025-11-02T23:43:10.248+0000] {logging_mixin.py:190} INFO - [2025-11-02T23:43:10.248+0000] {dagbag.py:587} INFO - Filling up the DagBag from /opt/airflow/dags/homework6_elt.py
[2025-11-02T23:43:10.256+0000] {processor.py:925} INFO - DAG(s) 'BuildELT_CTAS' retrieved from /opt/airflow/dags/homework6_elt.py
[2025-11-02T23:43:10.267+0000] {logging_mixin.py:190} INFO - [2025-11-02T23:43:10.267+0000] {dag.py:3229} INFO - Sync 1 DAGs
[2025-11-02T23:43:10.276+0000] {logging_mixin.py:190} INFO - [2025-11-02T23:43:10.276+0000] {dag.py:4156} INFO - Setting next_dagrun for BuildELT_CTAS to 2025-11-02 02:45:00+00:00, run_after=2025-11-03 02:45:00+00:00
[2025-11-02T23:43:10.282+0000] {processor.py:208} INFO - Processing /opt/airflow/dags/homework6_elt.py took 0.039 seconds
[2025-11-02T23:50:26.120+0000] {processor.py:186} INFO - Started process (PID=56552) to work on /opt/airflow/dags/homework6_elt.py
[2025-11-02T23:50:26.123+0000] {processor.py:914} INFO - Processing file /opt/airflow/dags/homework6_elt.py for tasks to queue
[2025-11-02T23:50:26.124+0000] {logging_mixin.py:190} INFO - [2025-11-02T23:50:26.124+0000] {dagbag.py:587} INFO - Filling up the DagBag from /opt/airflow/dags/homework6_elt.py
[2025-11-02T23:50:26.130+0000] {processor.py:925} INFO - DAG(s) 'BuildELT_CTAS' retrieved from /opt/airflow/dags/homework6_elt.py
[2025-11-02T23:50:26.141+0000] {logging_mixin.py:190} INFO - [2025-11-02T23:50:26.140+0000] {dag.py:3229} INFO - Sync 1 DAGs
[2025-11-02T23:50:26.150+0000] {logging_mixin.py:190} INFO - [2025-11-02T23:50:26.150+0000] {dag.py:4156} INFO - Setting next_dagrun for BuildELT_CTAS to 2025-11-02 02:45:00+00:00, run_after=2025-11-03 02:45:00+00:00
[2025-11-02T23:50:26.156+0000] {processor.py:208} INFO - Processing /opt/airflow/dags/homework6_elt.py took 0.040 seconds
[2025-11-02T23:58:50.362+0000] {processor.py:186} INFO - Started process (PID=56583) to work on /opt/airflow/dags/homework6_elt.py
[2025-11-02T23:58:50.363+0000] {processor.py:914} INFO - Processing file /opt/airflow/dags/homework6_elt.py for tasks to queue
[2025-11-02T23:58:50.363+0000] {logging_mixin.py:190} INFO - [2025-11-02T23:58:50.363+0000] {dagbag.py:587} INFO - Filling up the DagBag from /opt/airflow/dags/homework6_elt.py
[2025-11-02T23:58:50.372+0000] {processor.py:925} INFO - DAG(s) 'BuildELT_CTAS' retrieved from /opt/airflow/dags/homework6_elt.py
[2025-11-02T23:58:50.382+0000] {logging_mixin.py:190} INFO - [2025-11-02T23:58:50.382+0000] {dag.py:3229} INFO - Sync 1 DAGs
[2025-11-02T23:58:50.393+0000] {logging_mixin.py:190} INFO - [2025-11-02T23:58:50.393+0000] {dag.py:4156} INFO - Setting next_dagrun for BuildELT_CTAS to 2025-11-02 02:45:00+00:00, run_after=2025-11-03 02:45:00+00:00
[2025-11-02T23:58:50.398+0000] {processor.py:208} INFO - Processing /opt/airflow/dags/homework6_elt.py took 0.040 seconds
