[2025-11-02T00:05:32.028+0000] {processor.py:186} INFO - Started process (PID=53761) to work on /opt/airflow/dags/train_predict_v2.py
[2025-11-02T00:05:32.029+0000] {processor.py:914} INFO - Processing file /opt/airflow/dags/train_predict_v2.py for tasks to queue
[2025-11-02T00:05:32.029+0000] {logging_mixin.py:190} INFO - [2025-11-02T00:05:32.029+0000] {dagbag.py:587} INFO - Filling up the DagBag from /opt/airflow/dags/train_predict_v2.py
[2025-11-02T00:05:32.033+0000] {processor.py:925} INFO - DAG(s) 'lab_forecast_dag' retrieved from /opt/airflow/dags/train_predict_v2.py
[2025-11-02T00:05:32.041+0000] {logging_mixin.py:190} INFO - [2025-11-02T00:05:32.041+0000] {dag.py:3229} INFO - Sync 1 DAGs
[2025-11-02T00:05:32.047+0000] {logging_mixin.py:190} INFO - [2025-11-02T00:05:32.047+0000] {dag.py:4156} INFO - Setting next_dagrun for lab_forecast_dag to None, run_after=None
[2025-11-02T00:05:32.054+0000] {processor.py:208} INFO - Processing /opt/airflow/dags/train_predict_v2.py took 0.028 seconds
[2025-11-02T00:22:32.277+0000] {processor.py:186} INFO - Started process (PID=53792) to work on /opt/airflow/dags/train_predict_v2.py
[2025-11-02T00:22:32.277+0000] {processor.py:914} INFO - Processing file /opt/airflow/dags/train_predict_v2.py for tasks to queue
[2025-11-02T00:22:32.277+0000] {logging_mixin.py:190} INFO - [2025-11-02T00:22:32.277+0000] {dagbag.py:587} INFO - Filling up the DagBag from /opt/airflow/dags/train_predict_v2.py
[2025-11-02T00:22:32.280+0000] {processor.py:925} INFO - DAG(s) 'lab_forecast_dag' retrieved from /opt/airflow/dags/train_predict_v2.py
[2025-11-02T00:22:32.287+0000] {logging_mixin.py:190} INFO - [2025-11-02T00:22:32.287+0000] {dag.py:3229} INFO - Sync 1 DAGs
[2025-11-02T00:22:32.292+0000] {logging_mixin.py:190} INFO - [2025-11-02T00:22:32.292+0000] {dag.py:4156} INFO - Setting next_dagrun for lab_forecast_dag to None, run_after=None
[2025-11-02T00:22:32.297+0000] {processor.py:208} INFO - Processing /opt/airflow/dags/train_predict_v2.py took 0.022 seconds
[2025-11-02T00:28:55.090+0000] {processor.py:186} INFO - Started process (PID=53823) to work on /opt/airflow/dags/train_predict_v2.py
[2025-11-02T00:28:55.090+0000] {processor.py:914} INFO - Processing file /opt/airflow/dags/train_predict_v2.py for tasks to queue
[2025-11-02T00:28:55.091+0000] {logging_mixin.py:190} INFO - [2025-11-02T00:28:55.091+0000] {dagbag.py:587} INFO - Filling up the DagBag from /opt/airflow/dags/train_predict_v2.py
[2025-11-02T00:28:55.094+0000] {processor.py:925} INFO - DAG(s) 'lab_forecast_dag' retrieved from /opt/airflow/dags/train_predict_v2.py
[2025-11-02T00:28:55.101+0000] {logging_mixin.py:190} INFO - [2025-11-02T00:28:55.100+0000] {dag.py:3229} INFO - Sync 1 DAGs
[2025-11-02T00:28:55.105+0000] {logging_mixin.py:190} INFO - [2025-11-02T00:28:55.105+0000] {dag.py:4156} INFO - Setting next_dagrun for lab_forecast_dag to None, run_after=None
[2025-11-02T00:28:55.110+0000] {processor.py:208} INFO - Processing /opt/airflow/dags/train_predict_v2.py took 0.022 seconds
[2025-11-02T00:41:28.872+0000] {processor.py:186} INFO - Started process (PID=53855) to work on /opt/airflow/dags/train_predict_v2.py
[2025-11-02T00:41:28.873+0000] {processor.py:914} INFO - Processing file /opt/airflow/dags/train_predict_v2.py for tasks to queue
[2025-11-02T00:41:28.873+0000] {logging_mixin.py:190} INFO - [2025-11-02T00:41:28.873+0000] {dagbag.py:587} INFO - Filling up the DagBag from /opt/airflow/dags/train_predict_v2.py
[2025-11-02T00:41:28.876+0000] {processor.py:925} INFO - DAG(s) 'lab_forecast_dag' retrieved from /opt/airflow/dags/train_predict_v2.py
[2025-11-02T00:41:28.883+0000] {logging_mixin.py:190} INFO - [2025-11-02T00:41:28.883+0000] {dag.py:3229} INFO - Sync 1 DAGs
[2025-11-02T00:41:28.888+0000] {logging_mixin.py:190} INFO - [2025-11-02T00:41:28.888+0000] {dag.py:4156} INFO - Setting next_dagrun for lab_forecast_dag to None, run_after=None
[2025-11-02T00:41:28.893+0000] {processor.py:208} INFO - Processing /opt/airflow/dags/train_predict_v2.py took 0.023 seconds
[2025-11-02T00:47:31.638+0000] {processor.py:186} INFO - Started process (PID=53886) to work on /opt/airflow/dags/train_predict_v2.py
[2025-11-02T00:47:31.638+0000] {processor.py:914} INFO - Processing file /opt/airflow/dags/train_predict_v2.py for tasks to queue
[2025-11-02T00:47:31.639+0000] {logging_mixin.py:190} INFO - [2025-11-02T00:47:31.639+0000] {dagbag.py:587} INFO - Filling up the DagBag from /opt/airflow/dags/train_predict_v2.py
[2025-11-02T00:47:31.642+0000] {processor.py:925} INFO - DAG(s) 'lab_forecast_dag' retrieved from /opt/airflow/dags/train_predict_v2.py
[2025-11-02T00:47:31.649+0000] {logging_mixin.py:190} INFO - [2025-11-02T00:47:31.649+0000] {dag.py:3229} INFO - Sync 1 DAGs
[2025-11-02T00:47:31.653+0000] {logging_mixin.py:190} INFO - [2025-11-02T00:47:31.653+0000] {dag.py:4156} INFO - Setting next_dagrun for lab_forecast_dag to None, run_after=None
[2025-11-02T00:47:31.658+0000] {processor.py:208} INFO - Processing /opt/airflow/dags/train_predict_v2.py took 0.022 seconds
[2025-11-02T00:53:02.809+0000] {processor.py:186} INFO - Started process (PID=53917) to work on /opt/airflow/dags/train_predict_v2.py
[2025-11-02T00:53:02.810+0000] {processor.py:914} INFO - Processing file /opt/airflow/dags/train_predict_v2.py for tasks to queue
[2025-11-02T00:53:02.810+0000] {logging_mixin.py:190} INFO - [2025-11-02T00:53:02.810+0000] {dagbag.py:587} INFO - Filling up the DagBag from /opt/airflow/dags/train_predict_v2.py
[2025-11-02T00:53:02.813+0000] {processor.py:925} INFO - DAG(s) 'lab_forecast_dag' retrieved from /opt/airflow/dags/train_predict_v2.py
[2025-11-02T00:53:02.820+0000] {logging_mixin.py:190} INFO - [2025-11-02T00:53:02.820+0000] {dag.py:3229} INFO - Sync 1 DAGs
[2025-11-02T00:53:02.824+0000] {logging_mixin.py:190} INFO - [2025-11-02T00:53:02.824+0000] {dag.py:4156} INFO - Setting next_dagrun for lab_forecast_dag to None, run_after=None
[2025-11-02T00:53:02.829+0000] {processor.py:208} INFO - Processing /opt/airflow/dags/train_predict_v2.py took 0.021 seconds
[2025-11-02T01:02:08.912+0000] {processor.py:186} INFO - Started process (PID=53948) to work on /opt/airflow/dags/train_predict_v2.py
[2025-11-02T01:02:08.912+0000] {processor.py:914} INFO - Processing file /opt/airflow/dags/train_predict_v2.py for tasks to queue
[2025-11-02T01:02:08.913+0000] {logging_mixin.py:190} INFO - [2025-11-02T01:02:08.912+0000] {dagbag.py:587} INFO - Filling up the DagBag from /opt/airflow/dags/train_predict_v2.py
[2025-11-02T01:02:08.916+0000] {processor.py:925} INFO - DAG(s) 'lab_forecast_dag' retrieved from /opt/airflow/dags/train_predict_v2.py
[2025-11-02T01:02:08.923+0000] {logging_mixin.py:190} INFO - [2025-11-02T01:02:08.922+0000] {dag.py:3229} INFO - Sync 1 DAGs
[2025-11-02T01:02:08.927+0000] {logging_mixin.py:190} INFO - [2025-11-02T01:02:08.927+0000] {dag.py:4156} INFO - Setting next_dagrun for lab_forecast_dag to None, run_after=None
[2025-11-02T01:02:08.932+0000] {processor.py:208} INFO - Processing /opt/airflow/dags/train_predict_v2.py took 0.022 seconds
[2025-11-02T01:13:03.894+0000] {processor.py:186} INFO - Started process (PID=53979) to work on /opt/airflow/dags/train_predict_v2.py
[2025-11-02T01:13:03.895+0000] {processor.py:914} INFO - Processing file /opt/airflow/dags/train_predict_v2.py for tasks to queue
[2025-11-02T01:13:03.895+0000] {logging_mixin.py:190} INFO - [2025-11-02T01:13:03.895+0000] {dagbag.py:587} INFO - Filling up the DagBag from /opt/airflow/dags/train_predict_v2.py
[2025-11-02T01:13:03.898+0000] {processor.py:925} INFO - DAG(s) 'lab_forecast_dag' retrieved from /opt/airflow/dags/train_predict_v2.py
[2025-11-02T01:13:03.905+0000] {logging_mixin.py:190} INFO - [2025-11-02T01:13:03.905+0000] {dag.py:3229} INFO - Sync 1 DAGs
[2025-11-02T01:13:03.910+0000] {logging_mixin.py:190} INFO - [2025-11-02T01:13:03.910+0000] {dag.py:4156} INFO - Setting next_dagrun for lab_forecast_dag to None, run_after=None
[2025-11-02T01:13:03.914+0000] {processor.py:208} INFO - Processing /opt/airflow/dags/train_predict_v2.py took 0.022 seconds
[2025-11-02T01:21:37.850+0000] {processor.py:186} INFO - Started process (PID=54010) to work on /opt/airflow/dags/train_predict_v2.py
[2025-11-02T01:21:37.850+0000] {processor.py:914} INFO - Processing file /opt/airflow/dags/train_predict_v2.py for tasks to queue
[2025-11-02T01:21:37.851+0000] {logging_mixin.py:190} INFO - [2025-11-02T01:21:37.851+0000] {dagbag.py:587} INFO - Filling up the DagBag from /opt/airflow/dags/train_predict_v2.py
[2025-11-02T01:21:37.854+0000] {processor.py:925} INFO - DAG(s) 'lab_forecast_dag' retrieved from /opt/airflow/dags/train_predict_v2.py
[2025-11-02T01:21:37.860+0000] {logging_mixin.py:190} INFO - [2025-11-02T01:21:37.860+0000] {dag.py:3229} INFO - Sync 1 DAGs
[2025-11-02T01:21:37.865+0000] {logging_mixin.py:190} INFO - [2025-11-02T01:21:37.865+0000] {dag.py:4156} INFO - Setting next_dagrun for lab_forecast_dag to None, run_after=None
[2025-11-02T01:21:37.870+0000] {processor.py:208} INFO - Processing /opt/airflow/dags/train_predict_v2.py took 0.022 seconds
[2025-11-02T01:26:52.233+0000] {processor.py:186} INFO - Started process (PID=54041) to work on /opt/airflow/dags/train_predict_v2.py
[2025-11-02T01:26:52.233+0000] {processor.py:914} INFO - Processing file /opt/airflow/dags/train_predict_v2.py for tasks to queue
[2025-11-02T01:26:52.233+0000] {logging_mixin.py:190} INFO - [2025-11-02T01:26:52.233+0000] {dagbag.py:587} INFO - Filling up the DagBag from /opt/airflow/dags/train_predict_v2.py
[2025-11-02T01:26:52.236+0000] {processor.py:925} INFO - DAG(s) 'lab_forecast_dag' retrieved from /opt/airflow/dags/train_predict_v2.py
[2025-11-02T01:26:52.243+0000] {logging_mixin.py:190} INFO - [2025-11-02T01:26:52.243+0000] {dag.py:3229} INFO - Sync 1 DAGs
[2025-11-02T01:26:52.248+0000] {logging_mixin.py:190} INFO - [2025-11-02T01:26:52.248+0000] {dag.py:4156} INFO - Setting next_dagrun for lab_forecast_dag to None, run_after=None
[2025-11-02T01:26:52.252+0000] {processor.py:208} INFO - Processing /opt/airflow/dags/train_predict_v2.py took 0.021 seconds
[2025-11-02T01:37:04.661+0000] {processor.py:186} INFO - Started process (PID=54074) to work on /opt/airflow/dags/train_predict_v2.py
[2025-11-02T01:37:04.661+0000] {processor.py:914} INFO - Processing file /opt/airflow/dags/train_predict_v2.py for tasks to queue
[2025-11-02T01:37:04.662+0000] {logging_mixin.py:190} INFO - [2025-11-02T01:37:04.662+0000] {dagbag.py:587} INFO - Filling up the DagBag from /opt/airflow/dags/train_predict_v2.py
[2025-11-02T01:37:04.665+0000] {processor.py:925} INFO - DAG(s) 'lab_forecast_dag' retrieved from /opt/airflow/dags/train_predict_v2.py
[2025-11-02T01:37:04.673+0000] {logging_mixin.py:190} INFO - [2025-11-02T01:37:04.673+0000] {dag.py:3229} INFO - Sync 1 DAGs
[2025-11-02T01:37:04.678+0000] {logging_mixin.py:190} INFO - [2025-11-02T01:37:04.678+0000] {dag.py:4156} INFO - Setting next_dagrun for lab_forecast_dag to None, run_after=None
[2025-11-02T01:37:04.684+0000] {processor.py:208} INFO - Processing /opt/airflow/dags/train_predict_v2.py took 0.025 seconds
[2025-11-02T01:45:54.828+0000] {processor.py:186} INFO - Started process (PID=54131) to work on /opt/airflow/dags/train_predict_v2.py
[2025-11-02T01:45:54.828+0000] {processor.py:914} INFO - Processing file /opt/airflow/dags/train_predict_v2.py for tasks to queue
[2025-11-02T01:45:54.829+0000] {logging_mixin.py:190} INFO - [2025-11-02T01:45:54.829+0000] {dagbag.py:587} INFO - Filling up the DagBag from /opt/airflow/dags/train_predict_v2.py
[2025-11-02T01:45:54.832+0000] {processor.py:925} INFO - DAG(s) 'lab_forecast_dag' retrieved from /opt/airflow/dags/train_predict_v2.py
[2025-11-02T01:45:54.838+0000] {logging_mixin.py:190} INFO - [2025-11-02T01:45:54.838+0000] {taskinstance.py:3312} ERROR - {'DAG Id': 'lab_forecast_dag', 'Task Id': 'train', 'Run Id': 'manual__2025-11-02T01:37:13.020686+00:00', 'Hostname': 'ccfe9eddc1e8'}
[2025-11-02T01:45:54.847+0000] {logging_mixin.py:190} INFO - [2025-11-02T01:45:54.847+0000] {taskinstance.py:1225} INFO - Marking task as UP_FOR_RETRY. dag_id=lab_forecast_dag, task_id=train, run_id=manual__2025-11-02T01:37:13.020686+00:00, execution_date=20251102T013713, start_date=20251102T013713, end_date=20251102T014554
[2025-11-02T01:45:54.853+0000] {logging_mixin.py:190} INFO - [2025-11-02T01:45:54.853+0000] {processor.py:876} INFO - Executed callback for <TaskInstance: lab_forecast_dag.train manual__2025-11-02T01:37:13.020686+00:00 [up_for_retry]> in state up_for_retry
[2025-11-02T01:45:54.856+0000] {logging_mixin.py:190} INFO - [2025-11-02T01:45:54.856+0000] {dag.py:3229} INFO - Sync 1 DAGs
[2025-11-02T01:45:54.860+0000] {logging_mixin.py:190} INFO - [2025-11-02T01:45:54.860+0000] {dag.py:4156} INFO - Setting next_dagrun for lab_forecast_dag to None, run_after=None
[2025-11-02T01:45:54.863+0000] {processor.py:208} INFO - Processing /opt/airflow/dags/train_predict_v2.py took 0.037 seconds
[2025-11-02T01:52:57.430+0000] {processor.py:186} INFO - Started process (PID=54167) to work on /opt/airflow/dags/train_predict_v2.py
[2025-11-02T01:52:57.431+0000] {processor.py:914} INFO - Processing file /opt/airflow/dags/train_predict_v2.py for tasks to queue
[2025-11-02T01:52:57.431+0000] {logging_mixin.py:190} INFO - [2025-11-02T01:52:57.431+0000] {dagbag.py:587} INFO - Filling up the DagBag from /opt/airflow/dags/train_predict_v2.py
[2025-11-02T01:52:57.434+0000] {processor.py:925} INFO - DAG(s) 'lab_forecast_dag' retrieved from /opt/airflow/dags/train_predict_v2.py
[2025-11-02T01:52:57.442+0000] {logging_mixin.py:190} INFO - [2025-11-02T01:52:57.442+0000] {dag.py:3229} INFO - Sync 1 DAGs
[2025-11-02T01:52:57.447+0000] {logging_mixin.py:190} INFO - [2025-11-02T01:52:57.447+0000] {dag.py:4156} INFO - Setting next_dagrun for lab_forecast_dag to None, run_after=None
[2025-11-02T01:52:57.452+0000] {processor.py:208} INFO - Processing /opt/airflow/dags/train_predict_v2.py took 0.024 seconds
[2025-11-02T01:59:55.079+0000] {processor.py:186} INFO - Started process (PID=54190) to work on /opt/airflow/dags/train_predict_v2.py
[2025-11-02T01:59:55.079+0000] {processor.py:914} INFO - Processing file /opt/airflow/dags/train_predict_v2.py for tasks to queue
[2025-11-02T01:59:55.080+0000] {logging_mixin.py:190} INFO - [2025-11-02T01:59:55.080+0000] {dagbag.py:587} INFO - Filling up the DagBag from /opt/airflow/dags/train_predict_v2.py
[2025-11-02T01:59:55.085+0000] {processor.py:925} INFO - DAG(s) 'lab_forecast_dag' retrieved from /opt/airflow/dags/train_predict_v2.py
[2025-11-02T01:59:55.093+0000] {logging_mixin.py:190} INFO - [2025-11-02T01:59:55.093+0000] {taskinstance.py:3312} ERROR - {'DAG Id': 'lab_forecast_dag', 'Task Id': 'predict', 'Run Id': 'manual__2025-11-02T01:37:13.020686+00:00', 'Hostname': 'ccfe9eddc1e8'}
[2025-11-02T01:59:55.105+0000] {logging_mixin.py:190} INFO - [2025-11-02T01:59:55.105+0000] {taskinstance.py:1225} INFO - Marking task as UP_FOR_RETRY. dag_id=lab_forecast_dag, task_id=predict, run_id=manual__2025-11-02T01:37:13.020686+00:00, execution_date=20251102T013713, start_date=20251102T015317, end_date=20251102T015955
[2025-11-02T01:59:55.109+0000] {logging_mixin.py:190} INFO - [2025-11-02T01:59:55.109+0000] {processor.py:876} INFO - Executed callback for <TaskInstance: lab_forecast_dag.predict manual__2025-11-02T01:37:13.020686+00:00 [up_for_retry]> in state up_for_retry
[2025-11-02T01:59:55.113+0000] {logging_mixin.py:190} INFO - [2025-11-02T01:59:55.113+0000] {dag.py:3229} INFO - Sync 1 DAGs
[2025-11-02T01:59:55.117+0000] {logging_mixin.py:190} INFO - [2025-11-02T01:59:55.117+0000] {dag.py:4156} INFO - Setting next_dagrun for lab_forecast_dag to None, run_after=None
[2025-11-02T01:59:55.121+0000] {processor.py:208} INFO - Processing /opt/airflow/dags/train_predict_v2.py took 0.045 seconds
[2025-11-02T02:05:36.847+0000] {processor.py:186} INFO - Started process (PID=54239) to work on /opt/airflow/dags/train_predict_v2.py
[2025-11-02T02:05:36.847+0000] {processor.py:914} INFO - Processing file /opt/airflow/dags/train_predict_v2.py for tasks to queue
[2025-11-02T02:05:36.847+0000] {logging_mixin.py:190} INFO - [2025-11-02T02:05:36.847+0000] {dagbag.py:587} INFO - Filling up the DagBag from /opt/airflow/dags/train_predict_v2.py
[2025-11-02T02:05:36.850+0000] {processor.py:925} INFO - DAG(s) 'lab_forecast_dag' retrieved from /opt/airflow/dags/train_predict_v2.py
[2025-11-02T02:05:36.857+0000] {logging_mixin.py:190} INFO - [2025-11-02T02:05:36.857+0000] {dag.py:3229} INFO - Sync 1 DAGs
[2025-11-02T02:05:36.862+0000] {logging_mixin.py:190} INFO - [2025-11-02T02:05:36.862+0000] {dag.py:4156} INFO - Setting next_dagrun for lab_forecast_dag to None, run_after=None
[2025-11-02T02:05:36.867+0000] {processor.py:208} INFO - Processing /opt/airflow/dags/train_predict_v2.py took 0.022 seconds
[2025-11-02T02:12:55.302+0000] {processor.py:186} INFO - Started process (PID=54270) to work on /opt/airflow/dags/train_predict_v2.py
[2025-11-02T02:12:55.303+0000] {processor.py:914} INFO - Processing file /opt/airflow/dags/train_predict_v2.py for tasks to queue
[2025-11-02T02:12:55.303+0000] {logging_mixin.py:190} INFO - [2025-11-02T02:12:55.303+0000] {dagbag.py:587} INFO - Filling up the DagBag from /opt/airflow/dags/train_predict_v2.py
[2025-11-02T02:12:55.306+0000] {processor.py:925} INFO - DAG(s) 'lab_forecast_dag' retrieved from /opt/airflow/dags/train_predict_v2.py
[2025-11-02T02:12:55.313+0000] {logging_mixin.py:190} INFO - [2025-11-02T02:12:55.313+0000] {dag.py:3229} INFO - Sync 1 DAGs
[2025-11-02T02:12:55.317+0000] {logging_mixin.py:190} INFO - [2025-11-02T02:12:55.317+0000] {dag.py:4156} INFO - Setting next_dagrun for lab_forecast_dag to None, run_after=None
[2025-11-02T02:12:55.322+0000] {processor.py:208} INFO - Processing /opt/airflow/dags/train_predict_v2.py took 0.022 seconds
[2025-11-02T02:20:55.624+0000] {processor.py:186} INFO - Started process (PID=54301) to work on /opt/airflow/dags/train_predict_v2.py
[2025-11-02T02:20:55.625+0000] {processor.py:914} INFO - Processing file /opt/airflow/dags/train_predict_v2.py for tasks to queue
[2025-11-02T02:20:55.625+0000] {logging_mixin.py:190} INFO - [2025-11-02T02:20:55.625+0000] {dagbag.py:587} INFO - Filling up the DagBag from /opt/airflow/dags/train_predict_v2.py
[2025-11-02T02:20:55.628+0000] {processor.py:925} INFO - DAG(s) 'lab_forecast_dag' retrieved from /opt/airflow/dags/train_predict_v2.py
[2025-11-02T02:20:55.637+0000] {logging_mixin.py:190} INFO - [2025-11-02T02:20:55.636+0000] {dag.py:3229} INFO - Sync 1 DAGs
[2025-11-02T02:20:55.641+0000] {logging_mixin.py:190} INFO - [2025-11-02T02:20:55.641+0000] {dag.py:4156} INFO - Setting next_dagrun for lab_forecast_dag to None, run_after=None
[2025-11-02T02:20:55.646+0000] {processor.py:208} INFO - Processing /opt/airflow/dags/train_predict_v2.py took 0.024 seconds
[2025-11-02T02:32:41.516+0000] {processor.py:186} INFO - Started process (PID=54332) to work on /opt/airflow/dags/train_predict_v2.py
[2025-11-02T02:32:41.517+0000] {processor.py:914} INFO - Processing file /opt/airflow/dags/train_predict_v2.py for tasks to queue
[2025-11-02T02:32:41.517+0000] {logging_mixin.py:190} INFO - [2025-11-02T02:32:41.517+0000] {dagbag.py:587} INFO - Filling up the DagBag from /opt/airflow/dags/train_predict_v2.py
[2025-11-02T02:32:41.520+0000] {processor.py:925} INFO - DAG(s) 'lab_forecast_dag' retrieved from /opt/airflow/dags/train_predict_v2.py
[2025-11-02T02:32:41.527+0000] {logging_mixin.py:190} INFO - [2025-11-02T02:32:41.527+0000] {dag.py:3229} INFO - Sync 1 DAGs
[2025-11-02T02:32:41.531+0000] {logging_mixin.py:190} INFO - [2025-11-02T02:32:41.531+0000] {dag.py:4156} INFO - Setting next_dagrun for lab_forecast_dag to None, run_after=None
[2025-11-02T02:32:41.536+0000] {processor.py:208} INFO - Processing /opt/airflow/dags/train_predict_v2.py took 0.022 seconds
[2025-11-02T02:37:28.585+0000] {processor.py:186} INFO - Started process (PID=54363) to work on /opt/airflow/dags/train_predict_v2.py
[2025-11-02T02:37:28.586+0000] {processor.py:914} INFO - Processing file /opt/airflow/dags/train_predict_v2.py for tasks to queue
[2025-11-02T02:37:28.586+0000] {logging_mixin.py:190} INFO - [2025-11-02T02:37:28.586+0000] {dagbag.py:587} INFO - Filling up the DagBag from /opt/airflow/dags/train_predict_v2.py
[2025-11-02T02:37:28.589+0000] {processor.py:925} INFO - DAG(s) 'lab_forecast_dag' retrieved from /opt/airflow/dags/train_predict_v2.py
[2025-11-02T02:37:28.596+0000] {logging_mixin.py:190} INFO - [2025-11-02T02:37:28.596+0000] {dag.py:3229} INFO - Sync 1 DAGs
[2025-11-02T02:37:28.601+0000] {logging_mixin.py:190} INFO - [2025-11-02T02:37:28.601+0000] {dag.py:4156} INFO - Setting next_dagrun for lab_forecast_dag to None, run_after=None
[2025-11-02T02:37:28.605+0000] {processor.py:208} INFO - Processing /opt/airflow/dags/train_predict_v2.py took 0.022 seconds
[2025-11-02T02:41:13.977+0000] {processor.py:186} INFO - Started process (PID=54394) to work on /opt/airflow/dags/train_predict_v2.py
[2025-11-02T02:41:13.978+0000] {processor.py:914} INFO - Processing file /opt/airflow/dags/train_predict_v2.py for tasks to queue
[2025-11-02T02:41:13.978+0000] {logging_mixin.py:190} INFO - [2025-11-02T02:41:13.978+0000] {dagbag.py:587} INFO - Filling up the DagBag from /opt/airflow/dags/train_predict_v2.py
[2025-11-02T02:41:13.981+0000] {processor.py:925} INFO - DAG(s) 'lab_forecast_dag' retrieved from /opt/airflow/dags/train_predict_v2.py
[2025-11-02T02:41:13.988+0000] {logging_mixin.py:190} INFO - [2025-11-02T02:41:13.988+0000] {dag.py:3229} INFO - Sync 1 DAGs
[2025-11-02T02:41:13.993+0000] {logging_mixin.py:190} INFO - [2025-11-02T02:41:13.993+0000] {dag.py:4156} INFO - Setting next_dagrun for lab_forecast_dag to None, run_after=None
[2025-11-02T02:41:13.997+0000] {processor.py:208} INFO - Processing /opt/airflow/dags/train_predict_v2.py took 0.022 seconds
[2025-11-02T02:54:19.408+0000] {processor.py:186} INFO - Started process (PID=54433) to work on /opt/airflow/dags/train_predict_v2.py
[2025-11-02T02:54:19.408+0000] {processor.py:914} INFO - Processing file /opt/airflow/dags/train_predict_v2.py for tasks to queue
[2025-11-02T02:54:19.409+0000] {logging_mixin.py:190} INFO - [2025-11-02T02:54:19.409+0000] {dagbag.py:587} INFO - Filling up the DagBag from /opt/airflow/dags/train_predict_v2.py
[2025-11-02T02:54:19.412+0000] {processor.py:925} INFO - DAG(s) 'lab_forecast_dag' retrieved from /opt/airflow/dags/train_predict_v2.py
[2025-11-02T02:54:19.419+0000] {logging_mixin.py:190} INFO - [2025-11-02T02:54:19.419+0000] {dag.py:3229} INFO - Sync 1 DAGs
[2025-11-02T02:54:19.423+0000] {logging_mixin.py:190} INFO - [2025-11-02T02:54:19.423+0000] {dag.py:4156} INFO - Setting next_dagrun for lab_forecast_dag to None, run_after=None
[2025-11-02T02:54:19.428+0000] {processor.py:208} INFO - Processing /opt/airflow/dags/train_predict_v2.py took 0.022 seconds
[2025-11-02T03:19:06.922+0000] {processor.py:186} INFO - Started process (PID=54466) to work on /opt/airflow/dags/train_predict_v2.py
[2025-11-02T03:19:06.923+0000] {processor.py:914} INFO - Processing file /opt/airflow/dags/train_predict_v2.py for tasks to queue
[2025-11-02T03:19:06.923+0000] {logging_mixin.py:190} INFO - [2025-11-02T03:19:06.923+0000] {dagbag.py:587} INFO - Filling up the DagBag from /opt/airflow/dags/train_predict_v2.py
[2025-11-02T03:19:06.927+0000] {processor.py:925} INFO - DAG(s) 'lab_forecast_dag' retrieved from /opt/airflow/dags/train_predict_v2.py
[2025-11-02T03:19:06.934+0000] {logging_mixin.py:190} INFO - [2025-11-02T03:19:06.934+0000] {dag.py:3229} INFO - Sync 1 DAGs
[2025-11-02T03:19:06.938+0000] {logging_mixin.py:190} INFO - [2025-11-02T03:19:06.938+0000] {dag.py:4156} INFO - Setting next_dagrun for lab_forecast_dag to None, run_after=None
[2025-11-02T03:19:06.943+0000] {processor.py:208} INFO - Processing /opt/airflow/dags/train_predict_v2.py took 0.023 seconds
[2025-11-02T03:20:21.392+0000] {processor.py:186} INFO - Started process (PID=54497) to work on /opt/airflow/dags/train_predict_v2.py
[2025-11-02T03:20:21.393+0000] {processor.py:914} INFO - Processing file /opt/airflow/dags/train_predict_v2.py for tasks to queue
[2025-11-02T03:20:21.393+0000] {logging_mixin.py:190} INFO - [2025-11-02T03:20:21.393+0000] {dagbag.py:587} INFO - Filling up the DagBag from /opt/airflow/dags/train_predict_v2.py
[2025-11-02T03:20:21.396+0000] {processor.py:925} INFO - DAG(s) 'lab_forecast_dag' retrieved from /opt/airflow/dags/train_predict_v2.py
[2025-11-02T03:20:21.403+0000] {logging_mixin.py:190} INFO - [2025-11-02T03:20:21.403+0000] {dag.py:3229} INFO - Sync 1 DAGs
[2025-11-02T03:20:21.407+0000] {logging_mixin.py:190} INFO - [2025-11-02T03:20:21.407+0000] {dag.py:4156} INFO - Setting next_dagrun for lab_forecast_dag to None, run_after=None
[2025-11-02T03:20:21.412+0000] {processor.py:208} INFO - Processing /opt/airflow/dags/train_predict_v2.py took 0.022 seconds
[2025-11-02T03:21:22.235+0000] {processor.py:186} INFO - Started process (PID=54528) to work on /opt/airflow/dags/train_predict_v2.py
[2025-11-02T03:21:22.235+0000] {processor.py:914} INFO - Processing file /opt/airflow/dags/train_predict_v2.py for tasks to queue
[2025-11-02T03:21:22.236+0000] {logging_mixin.py:190} INFO - [2025-11-02T03:21:22.236+0000] {dagbag.py:587} INFO - Filling up the DagBag from /opt/airflow/dags/train_predict_v2.py
[2025-11-02T03:21:22.239+0000] {processor.py:925} INFO - DAG(s) 'lab_forecast_dag' retrieved from /opt/airflow/dags/train_predict_v2.py
[2025-11-02T03:21:22.245+0000] {logging_mixin.py:190} INFO - [2025-11-02T03:21:22.245+0000] {dag.py:3229} INFO - Sync 1 DAGs
[2025-11-02T03:21:22.250+0000] {logging_mixin.py:190} INFO - [2025-11-02T03:21:22.250+0000] {dag.py:4156} INFO - Setting next_dagrun for lab_forecast_dag to None, run_after=None
[2025-11-02T03:21:22.255+0000] {processor.py:208} INFO - Processing /opt/airflow/dags/train_predict_v2.py took 0.022 seconds
[2025-11-02T03:24:50.550+0000] {processor.py:186} INFO - Started process (PID=54559) to work on /opt/airflow/dags/train_predict_v2.py
[2025-11-02T03:24:50.550+0000] {processor.py:914} INFO - Processing file /opt/airflow/dags/train_predict_v2.py for tasks to queue
[2025-11-02T03:24:50.550+0000] {logging_mixin.py:190} INFO - [2025-11-02T03:24:50.550+0000] {dagbag.py:587} INFO - Filling up the DagBag from /opt/airflow/dags/train_predict_v2.py
[2025-11-02T03:24:50.553+0000] {processor.py:925} INFO - DAG(s) 'lab_forecast_dag' retrieved from /opt/airflow/dags/train_predict_v2.py
[2025-11-02T03:24:50.561+0000] {logging_mixin.py:190} INFO - [2025-11-02T03:24:50.560+0000] {dag.py:3229} INFO - Sync 1 DAGs
[2025-11-02T03:24:50.565+0000] {logging_mixin.py:190} INFO - [2025-11-02T03:24:50.565+0000] {dag.py:4156} INFO - Setting next_dagrun for lab_forecast_dag to None, run_after=None
[2025-11-02T03:24:50.570+0000] {processor.py:208} INFO - Processing /opt/airflow/dags/train_predict_v2.py took 0.022 seconds
[2025-11-02T03:45:22.246+0000] {processor.py:186} INFO - Started process (PID=54590) to work on /opt/airflow/dags/train_predict_v2.py
[2025-11-02T03:45:22.247+0000] {processor.py:914} INFO - Processing file /opt/airflow/dags/train_predict_v2.py for tasks to queue
[2025-11-02T03:45:22.247+0000] {logging_mixin.py:190} INFO - [2025-11-02T03:45:22.247+0000] {dagbag.py:587} INFO - Filling up the DagBag from /opt/airflow/dags/train_predict_v2.py
[2025-11-02T03:45:22.250+0000] {processor.py:925} INFO - DAG(s) 'lab_forecast_dag' retrieved from /opt/airflow/dags/train_predict_v2.py
[2025-11-02T03:45:22.257+0000] {logging_mixin.py:190} INFO - [2025-11-02T03:45:22.257+0000] {dag.py:3229} INFO - Sync 1 DAGs
[2025-11-02T03:45:22.261+0000] {logging_mixin.py:190} INFO - [2025-11-02T03:45:22.261+0000] {dag.py:4156} INFO - Setting next_dagrun for lab_forecast_dag to None, run_after=None
[2025-11-02T03:45:22.266+0000] {processor.py:208} INFO - Processing /opt/airflow/dags/train_predict_v2.py took 0.022 seconds
[2025-11-02T05:02:35.741+0000] {processor.py:186} INFO - Started process (PID=54621) to work on /opt/airflow/dags/train_predict_v2.py
[2025-11-02T05:02:35.741+0000] {processor.py:914} INFO - Processing file /opt/airflow/dags/train_predict_v2.py for tasks to queue
[2025-11-02T05:02:35.741+0000] {logging_mixin.py:190} INFO - [2025-11-02T05:02:35.741+0000] {dagbag.py:587} INFO - Filling up the DagBag from /opt/airflow/dags/train_predict_v2.py
[2025-11-02T05:02:35.745+0000] {processor.py:925} INFO - DAG(s) 'lab_forecast_dag' retrieved from /opt/airflow/dags/train_predict_v2.py
[2025-11-02T05:02:35.755+0000] {logging_mixin.py:190} INFO - [2025-11-02T05:02:35.755+0000] {dag.py:3229} INFO - Sync 1 DAGs
[2025-11-02T05:02:35.760+0000] {logging_mixin.py:190} INFO - [2025-11-02T05:02:35.760+0000] {dag.py:4156} INFO - Setting next_dagrun for lab_forecast_dag to None, run_after=None
[2025-11-02T05:02:35.765+0000] {processor.py:208} INFO - Processing /opt/airflow/dags/train_predict_v2.py took 0.026 seconds
[2025-11-02T05:09:53.013+0000] {processor.py:186} INFO - Started process (PID=54652) to work on /opt/airflow/dags/train_predict_v2.py
[2025-11-02T05:09:53.014+0000] {processor.py:914} INFO - Processing file /opt/airflow/dags/train_predict_v2.py for tasks to queue
[2025-11-02T05:09:53.014+0000] {logging_mixin.py:190} INFO - [2025-11-02T05:09:53.014+0000] {dagbag.py:587} INFO - Filling up the DagBag from /opt/airflow/dags/train_predict_v2.py
[2025-11-02T05:09:53.017+0000] {processor.py:925} INFO - DAG(s) 'lab_forecast_dag' retrieved from /opt/airflow/dags/train_predict_v2.py
[2025-11-02T05:09:53.024+0000] {logging_mixin.py:190} INFO - [2025-11-02T05:09:53.024+0000] {dag.py:3229} INFO - Sync 1 DAGs
[2025-11-02T05:09:53.029+0000] {logging_mixin.py:190} INFO - [2025-11-02T05:09:53.029+0000] {dag.py:4156} INFO - Setting next_dagrun for lab_forecast_dag to None, run_after=None
[2025-11-02T05:09:53.034+0000] {processor.py:208} INFO - Processing /opt/airflow/dags/train_predict_v2.py took 0.023 seconds
[2025-11-02T05:21:24.800+0000] {processor.py:186} INFO - Started process (PID=54683) to work on /opt/airflow/dags/train_predict_v2.py
[2025-11-02T05:21:24.801+0000] {processor.py:914} INFO - Processing file /opt/airflow/dags/train_predict_v2.py for tasks to queue
[2025-11-02T05:21:24.801+0000] {logging_mixin.py:190} INFO - [2025-11-02T05:21:24.801+0000] {dagbag.py:587} INFO - Filling up the DagBag from /opt/airflow/dags/train_predict_v2.py
[2025-11-02T05:21:24.804+0000] {processor.py:925} INFO - DAG(s) 'lab_forecast_dag' retrieved from /opt/airflow/dags/train_predict_v2.py
[2025-11-02T05:21:24.811+0000] {logging_mixin.py:190} INFO - [2025-11-02T05:21:24.811+0000] {dag.py:3229} INFO - Sync 1 DAGs
[2025-11-02T05:21:24.816+0000] {logging_mixin.py:190} INFO - [2025-11-02T05:21:24.816+0000] {dag.py:4156} INFO - Setting next_dagrun for lab_forecast_dag to None, run_after=None
[2025-11-02T05:21:24.820+0000] {processor.py:208} INFO - Processing /opt/airflow/dags/train_predict_v2.py took 0.022 seconds
[2025-11-02T05:48:09.038+0000] {processor.py:186} INFO - Started process (PID=54714) to work on /opt/airflow/dags/train_predict_v2.py
[2025-11-02T05:48:09.039+0000] {processor.py:914} INFO - Processing file /opt/airflow/dags/train_predict_v2.py for tasks to queue
[2025-11-02T05:48:09.039+0000] {logging_mixin.py:190} INFO - [2025-11-02T05:48:09.039+0000] {dagbag.py:587} INFO - Filling up the DagBag from /opt/airflow/dags/train_predict_v2.py
[2025-11-02T05:48:09.042+0000] {processor.py:925} INFO - DAG(s) 'lab_forecast_dag' retrieved from /opt/airflow/dags/train_predict_v2.py
[2025-11-02T05:48:09.050+0000] {logging_mixin.py:190} INFO - [2025-11-02T05:48:09.049+0000] {dag.py:3229} INFO - Sync 1 DAGs
[2025-11-02T05:48:09.055+0000] {logging_mixin.py:190} INFO - [2025-11-02T05:48:09.055+0000] {dag.py:4156} INFO - Setting next_dagrun for lab_forecast_dag to None, run_after=None
[2025-11-02T05:48:09.060+0000] {processor.py:208} INFO - Processing /opt/airflow/dags/train_predict_v2.py took 0.024 seconds
[2025-11-02T06:53:36.572+0000] {processor.py:186} INFO - Started process (PID=54745) to work on /opt/airflow/dags/train_predict_v2.py
[2025-11-02T06:53:36.572+0000] {processor.py:914} INFO - Processing file /opt/airflow/dags/train_predict_v2.py for tasks to queue
[2025-11-02T06:53:36.573+0000] {logging_mixin.py:190} INFO - [2025-11-02T06:53:36.573+0000] {dagbag.py:587} INFO - Filling up the DagBag from /opt/airflow/dags/train_predict_v2.py
[2025-11-02T06:53:36.576+0000] {processor.py:925} INFO - DAG(s) 'lab_forecast_dag' retrieved from /opt/airflow/dags/train_predict_v2.py
[2025-11-02T06:53:36.584+0000] {logging_mixin.py:190} INFO - [2025-11-02T06:53:36.584+0000] {dag.py:3229} INFO - Sync 1 DAGs
[2025-11-02T06:53:36.589+0000] {logging_mixin.py:190} INFO - [2025-11-02T06:53:36.589+0000] {dag.py:4156} INFO - Setting next_dagrun for lab_forecast_dag to None, run_after=None
[2025-11-02T06:53:36.594+0000] {processor.py:208} INFO - Processing /opt/airflow/dags/train_predict_v2.py took 0.025 seconds
[2025-11-02T07:17:09.832+0000] {processor.py:186} INFO - Started process (PID=54776) to work on /opt/airflow/dags/train_predict_v2.py
[2025-11-02T07:17:09.832+0000] {processor.py:914} INFO - Processing file /opt/airflow/dags/train_predict_v2.py for tasks to queue
[2025-11-02T07:17:09.833+0000] {logging_mixin.py:190} INFO - [2025-11-02T07:17:09.833+0000] {dagbag.py:587} INFO - Filling up the DagBag from /opt/airflow/dags/train_predict_v2.py
[2025-11-02T07:17:09.836+0000] {processor.py:925} INFO - DAG(s) 'lab_forecast_dag' retrieved from /opt/airflow/dags/train_predict_v2.py
[2025-11-02T07:17:09.843+0000] {logging_mixin.py:190} INFO - [2025-11-02T07:17:09.843+0000] {dag.py:3229} INFO - Sync 1 DAGs
[2025-11-02T07:17:09.848+0000] {logging_mixin.py:190} INFO - [2025-11-02T07:17:09.848+0000] {dag.py:4156} INFO - Setting next_dagrun for lab_forecast_dag to None, run_after=None
[2025-11-02T07:17:09.852+0000] {processor.py:208} INFO - Processing /opt/airflow/dags/train_predict_v2.py took 0.022 seconds
[2025-11-02T07:23:47.790+0000] {processor.py:186} INFO - Started process (PID=54807) to work on /opt/airflow/dags/train_predict_v2.py
[2025-11-02T07:23:47.791+0000] {processor.py:914} INFO - Processing file /opt/airflow/dags/train_predict_v2.py for tasks to queue
[2025-11-02T07:23:47.791+0000] {logging_mixin.py:190} INFO - [2025-11-02T07:23:47.791+0000] {dagbag.py:587} INFO - Filling up the DagBag from /opt/airflow/dags/train_predict_v2.py
[2025-11-02T07:23:47.794+0000] {processor.py:925} INFO - DAG(s) 'lab_forecast_dag' retrieved from /opt/airflow/dags/train_predict_v2.py
[2025-11-02T07:23:47.802+0000] {logging_mixin.py:190} INFO - [2025-11-02T07:23:47.801+0000] {dag.py:3229} INFO - Sync 1 DAGs
[2025-11-02T07:23:47.806+0000] {logging_mixin.py:190} INFO - [2025-11-02T07:23:47.806+0000] {dag.py:4156} INFO - Setting next_dagrun for lab_forecast_dag to None, run_after=None
[2025-11-02T07:23:47.811+0000] {processor.py:208} INFO - Processing /opt/airflow/dags/train_predict_v2.py took 0.023 seconds
[2025-11-02T08:07:05.691+0000] {processor.py:186} INFO - Started process (PID=54838) to work on /opt/airflow/dags/train_predict_v2.py
[2025-11-02T08:07:05.691+0000] {processor.py:914} INFO - Processing file /opt/airflow/dags/train_predict_v2.py for tasks to queue
[2025-11-02T08:07:05.691+0000] {logging_mixin.py:190} INFO - [2025-11-02T08:07:05.691+0000] {dagbag.py:587} INFO - Filling up the DagBag from /opt/airflow/dags/train_predict_v2.py
[2025-11-02T08:07:05.694+0000] {processor.py:925} INFO - DAG(s) 'lab_forecast_dag' retrieved from /opt/airflow/dags/train_predict_v2.py
[2025-11-02T08:07:05.701+0000] {logging_mixin.py:190} INFO - [2025-11-02T08:07:05.701+0000] {dag.py:3229} INFO - Sync 1 DAGs
[2025-11-02T08:07:05.706+0000] {logging_mixin.py:190} INFO - [2025-11-02T08:07:05.705+0000] {dag.py:4156} INFO - Setting next_dagrun for lab_forecast_dag to None, run_after=None
[2025-11-02T08:07:05.710+0000] {processor.py:208} INFO - Processing /opt/airflow/dags/train_predict_v2.py took 0.022 seconds
[2025-11-02T08:29:22.427+0000] {processor.py:186} INFO - Started process (PID=54869) to work on /opt/airflow/dags/train_predict_v2.py
[2025-11-02T08:29:22.427+0000] {processor.py:914} INFO - Processing file /opt/airflow/dags/train_predict_v2.py for tasks to queue
[2025-11-02T08:29:22.427+0000] {logging_mixin.py:190} INFO - [2025-11-02T08:29:22.427+0000] {dagbag.py:587} INFO - Filling up the DagBag from /opt/airflow/dags/train_predict_v2.py
[2025-11-02T08:29:22.430+0000] {processor.py:925} INFO - DAG(s) 'lab_forecast_dag' retrieved from /opt/airflow/dags/train_predict_v2.py
[2025-11-02T08:29:22.437+0000] {logging_mixin.py:190} INFO - [2025-11-02T08:29:22.437+0000] {dag.py:3229} INFO - Sync 1 DAGs
[2025-11-02T08:29:22.442+0000] {logging_mixin.py:190} INFO - [2025-11-02T08:29:22.442+0000] {dag.py:4156} INFO - Setting next_dagrun for lab_forecast_dag to None, run_after=None
[2025-11-02T08:29:22.447+0000] {processor.py:208} INFO - Processing /opt/airflow/dags/train_predict_v2.py took 0.022 seconds
[2025-11-02T09:28:45.662+0000] {processor.py:186} INFO - Started process (PID=54900) to work on /opt/airflow/dags/train_predict_v2.py
[2025-11-02T09:28:45.662+0000] {processor.py:914} INFO - Processing file /opt/airflow/dags/train_predict_v2.py for tasks to queue
[2025-11-02T09:28:45.662+0000] {logging_mixin.py:190} INFO - [2025-11-02T09:28:45.662+0000] {dagbag.py:587} INFO - Filling up the DagBag from /opt/airflow/dags/train_predict_v2.py
[2025-11-02T09:28:45.666+0000] {processor.py:925} INFO - DAG(s) 'lab_forecast_dag' retrieved from /opt/airflow/dags/train_predict_v2.py
[2025-11-02T09:28:45.673+0000] {logging_mixin.py:190} INFO - [2025-11-02T09:28:45.673+0000] {dag.py:3229} INFO - Sync 1 DAGs
[2025-11-02T09:28:45.677+0000] {logging_mixin.py:190} INFO - [2025-11-02T09:28:45.677+0000] {dag.py:4156} INFO - Setting next_dagrun for lab_forecast_dag to None, run_after=None
[2025-11-02T09:28:45.682+0000] {processor.py:208} INFO - Processing /opt/airflow/dags/train_predict_v2.py took 0.022 seconds
[2025-11-02T10:06:53.892+0000] {processor.py:186} INFO - Started process (PID=54931) to work on /opt/airflow/dags/train_predict_v2.py
[2025-11-02T10:06:53.892+0000] {processor.py:914} INFO - Processing file /opt/airflow/dags/train_predict_v2.py for tasks to queue
[2025-11-02T10:06:53.893+0000] {logging_mixin.py:190} INFO - [2025-11-02T10:06:53.893+0000] {dagbag.py:587} INFO - Filling up the DagBag from /opt/airflow/dags/train_predict_v2.py
[2025-11-02T10:06:53.896+0000] {processor.py:925} INFO - DAG(s) 'lab_forecast_dag' retrieved from /opt/airflow/dags/train_predict_v2.py
[2025-11-02T10:06:53.902+0000] {logging_mixin.py:190} INFO - [2025-11-02T10:06:53.902+0000] {dag.py:3229} INFO - Sync 1 DAGs
[2025-11-02T10:06:53.907+0000] {logging_mixin.py:190} INFO - [2025-11-02T10:06:53.907+0000] {dag.py:4156} INFO - Setting next_dagrun for lab_forecast_dag to None, run_after=None
[2025-11-02T10:06:53.912+0000] {processor.py:208} INFO - Processing /opt/airflow/dags/train_predict_v2.py took 0.022 seconds
[2025-11-02T10:41:00.795+0000] {processor.py:186} INFO - Started process (PID=54962) to work on /opt/airflow/dags/train_predict_v2.py
[2025-11-02T10:41:00.795+0000] {processor.py:914} INFO - Processing file /opt/airflow/dags/train_predict_v2.py for tasks to queue
[2025-11-02T10:41:00.795+0000] {logging_mixin.py:190} INFO - [2025-11-02T10:41:00.795+0000] {dagbag.py:587} INFO - Filling up the DagBag from /opt/airflow/dags/train_predict_v2.py
[2025-11-02T10:41:00.798+0000] {processor.py:925} INFO - DAG(s) 'lab_forecast_dag' retrieved from /opt/airflow/dags/train_predict_v2.py
[2025-11-02T10:41:00.805+0000] {logging_mixin.py:190} INFO - [2025-11-02T10:41:00.805+0000] {dag.py:3229} INFO - Sync 1 DAGs
[2025-11-02T10:41:00.810+0000] {logging_mixin.py:190} INFO - [2025-11-02T10:41:00.810+0000] {dag.py:4156} INFO - Setting next_dagrun for lab_forecast_dag to None, run_after=None
[2025-11-02T10:41:00.814+0000] {processor.py:208} INFO - Processing /opt/airflow/dags/train_predict_v2.py took 0.022 seconds
[2025-11-02T12:12:30.629+0000] {processor.py:186} INFO - Started process (PID=54993) to work on /opt/airflow/dags/train_predict_v2.py
[2025-11-02T12:12:30.630+0000] {processor.py:914} INFO - Processing file /opt/airflow/dags/train_predict_v2.py for tasks to queue
[2025-11-02T12:12:30.630+0000] {logging_mixin.py:190} INFO - [2025-11-02T12:12:30.630+0000] {dagbag.py:587} INFO - Filling up the DagBag from /opt/airflow/dags/train_predict_v2.py
[2025-11-02T12:12:30.633+0000] {processor.py:925} INFO - DAG(s) 'lab_forecast_dag' retrieved from /opt/airflow/dags/train_predict_v2.py
[2025-11-02T12:12:30.640+0000] {logging_mixin.py:190} INFO - [2025-11-02T12:12:30.640+0000] {dag.py:3229} INFO - Sync 1 DAGs
[2025-11-02T12:12:30.645+0000] {logging_mixin.py:190} INFO - [2025-11-02T12:12:30.645+0000] {dag.py:4156} INFO - Setting next_dagrun for lab_forecast_dag to None, run_after=None
[2025-11-02T12:12:30.649+0000] {processor.py:208} INFO - Processing /opt/airflow/dags/train_predict_v2.py took 0.022 seconds
[2025-11-02T13:13:04.414+0000] {processor.py:186} INFO - Started process (PID=55024) to work on /opt/airflow/dags/train_predict_v2.py
[2025-11-02T13:13:04.415+0000] {processor.py:914} INFO - Processing file /opt/airflow/dags/train_predict_v2.py for tasks to queue
[2025-11-02T13:13:04.415+0000] {logging_mixin.py:190} INFO - [2025-11-02T13:13:04.415+0000] {dagbag.py:587} INFO - Filling up the DagBag from /opt/airflow/dags/train_predict_v2.py
[2025-11-02T13:13:04.418+0000] {processor.py:925} INFO - DAG(s) 'lab_forecast_dag' retrieved from /opt/airflow/dags/train_predict_v2.py
[2025-11-02T13:13:04.425+0000] {logging_mixin.py:190} INFO - [2025-11-02T13:13:04.425+0000] {dag.py:3229} INFO - Sync 1 DAGs
[2025-11-02T13:13:04.430+0000] {logging_mixin.py:190} INFO - [2025-11-02T13:13:04.429+0000] {dag.py:4156} INFO - Setting next_dagrun for lab_forecast_dag to None, run_after=None
[2025-11-02T13:13:04.434+0000] {processor.py:208} INFO - Processing /opt/airflow/dags/train_predict_v2.py took 0.022 seconds
[2025-11-02T14:15:55.256+0000] {processor.py:186} INFO - Started process (PID=55055) to work on /opt/airflow/dags/train_predict_v2.py
[2025-11-02T14:15:55.256+0000] {processor.py:914} INFO - Processing file /opt/airflow/dags/train_predict_v2.py for tasks to queue
[2025-11-02T14:15:55.257+0000] {logging_mixin.py:190} INFO - [2025-11-02T14:15:55.257+0000] {dagbag.py:587} INFO - Filling up the DagBag from /opt/airflow/dags/train_predict_v2.py
[2025-11-02T14:15:55.260+0000] {processor.py:925} INFO - DAG(s) 'lab_forecast_dag' retrieved from /opt/airflow/dags/train_predict_v2.py
[2025-11-02T14:15:55.267+0000] {logging_mixin.py:190} INFO - [2025-11-02T14:15:55.267+0000] {dag.py:3229} INFO - Sync 1 DAGs
[2025-11-02T14:15:55.271+0000] {logging_mixin.py:190} INFO - [2025-11-02T14:15:55.271+0000] {dag.py:4156} INFO - Setting next_dagrun for lab_forecast_dag to None, run_after=None
[2025-11-02T14:15:55.277+0000] {processor.py:208} INFO - Processing /opt/airflow/dags/train_predict_v2.py took 0.023 seconds
[2025-11-02T15:06:37.870+0000] {processor.py:186} INFO - Started process (PID=55086) to work on /opt/airflow/dags/train_predict_v2.py
[2025-11-02T15:06:37.870+0000] {processor.py:914} INFO - Processing file /opt/airflow/dags/train_predict_v2.py for tasks to queue
[2025-11-02T15:06:37.870+0000] {logging_mixin.py:190} INFO - [2025-11-02T15:06:37.870+0000] {dagbag.py:587} INFO - Filling up the DagBag from /opt/airflow/dags/train_predict_v2.py
[2025-11-02T15:06:37.873+0000] {processor.py:925} INFO - DAG(s) 'lab_forecast_dag' retrieved from /opt/airflow/dags/train_predict_v2.py
[2025-11-02T15:06:37.880+0000] {logging_mixin.py:190} INFO - [2025-11-02T15:06:37.880+0000] {dag.py:3229} INFO - Sync 1 DAGs
[2025-11-02T15:06:37.885+0000] {logging_mixin.py:190} INFO - [2025-11-02T15:06:37.884+0000] {dag.py:4156} INFO - Setting next_dagrun for lab_forecast_dag to None, run_after=None
[2025-11-02T15:06:37.889+0000] {processor.py:208} INFO - Processing /opt/airflow/dags/train_predict_v2.py took 0.022 seconds
[2025-11-02T15:30:07.574+0000] {processor.py:186} INFO - Started process (PID=55117) to work on /opt/airflow/dags/train_predict_v2.py
[2025-11-02T15:30:07.574+0000] {processor.py:914} INFO - Processing file /opt/airflow/dags/train_predict_v2.py for tasks to queue
[2025-11-02T15:30:07.575+0000] {logging_mixin.py:190} INFO - [2025-11-02T15:30:07.575+0000] {dagbag.py:587} INFO - Filling up the DagBag from /opt/airflow/dags/train_predict_v2.py
[2025-11-02T15:30:07.578+0000] {processor.py:925} INFO - DAG(s) 'lab_forecast_dag' retrieved from /opt/airflow/dags/train_predict_v2.py
[2025-11-02T15:30:07.584+0000] {logging_mixin.py:190} INFO - [2025-11-02T15:30:07.584+0000] {dag.py:3229} INFO - Sync 1 DAGs
[2025-11-02T15:30:07.589+0000] {logging_mixin.py:190} INFO - [2025-11-02T15:30:07.589+0000] {dag.py:4156} INFO - Setting next_dagrun for lab_forecast_dag to None, run_after=None
[2025-11-02T15:30:07.594+0000] {processor.py:208} INFO - Processing /opt/airflow/dags/train_predict_v2.py took 0.022 seconds
[2025-11-02T15:39:47.864+0000] {processor.py:186} INFO - Started process (PID=55148) to work on /opt/airflow/dags/train_predict_v2.py
[2025-11-02T15:39:47.865+0000] {processor.py:914} INFO - Processing file /opt/airflow/dags/train_predict_v2.py for tasks to queue
[2025-11-02T15:39:47.865+0000] {logging_mixin.py:190} INFO - [2025-11-02T15:39:47.865+0000] {dagbag.py:587} INFO - Filling up the DagBag from /opt/airflow/dags/train_predict_v2.py
[2025-11-02T15:39:47.868+0000] {processor.py:925} INFO - DAG(s) 'lab_forecast_dag' retrieved from /opt/airflow/dags/train_predict_v2.py
[2025-11-02T15:39:47.875+0000] {logging_mixin.py:190} INFO - [2025-11-02T15:39:47.875+0000] {dag.py:3229} INFO - Sync 1 DAGs
[2025-11-02T15:39:47.879+0000] {logging_mixin.py:190} INFO - [2025-11-02T15:39:47.879+0000] {dag.py:4156} INFO - Setting next_dagrun for lab_forecast_dag to None, run_after=None
[2025-11-02T15:39:47.884+0000] {processor.py:208} INFO - Processing /opt/airflow/dags/train_predict_v2.py took 0.022 seconds
[2025-11-02T16:18:51.197+0000] {processor.py:186} INFO - Started process (PID=55179) to work on /opt/airflow/dags/train_predict_v2.py
[2025-11-02T16:18:51.197+0000] {processor.py:914} INFO - Processing file /opt/airflow/dags/train_predict_v2.py for tasks to queue
[2025-11-02T16:18:51.198+0000] {logging_mixin.py:190} INFO - [2025-11-02T16:18:51.198+0000] {dagbag.py:587} INFO - Filling up the DagBag from /opt/airflow/dags/train_predict_v2.py
[2025-11-02T16:18:51.201+0000] {processor.py:925} INFO - DAG(s) 'lab_forecast_dag' retrieved from /opt/airflow/dags/train_predict_v2.py
[2025-11-02T16:18:51.208+0000] {logging_mixin.py:190} INFO - [2025-11-02T16:18:51.208+0000] {dag.py:3229} INFO - Sync 1 DAGs
[2025-11-02T16:18:51.212+0000] {logging_mixin.py:190} INFO - [2025-11-02T16:18:51.212+0000] {dag.py:4156} INFO - Setting next_dagrun for lab_forecast_dag to None, run_after=None
[2025-11-02T16:18:51.217+0000] {processor.py:208} INFO - Processing /opt/airflow/dags/train_predict_v2.py took 0.022 seconds
[2025-11-02T16:38:23.886+0000] {processor.py:186} INFO - Started process (PID=55210) to work on /opt/airflow/dags/train_predict_v2.py
[2025-11-02T16:38:23.886+0000] {processor.py:914} INFO - Processing file /opt/airflow/dags/train_predict_v2.py for tasks to queue
[2025-11-02T16:38:23.887+0000] {logging_mixin.py:190} INFO - [2025-11-02T16:38:23.887+0000] {dagbag.py:587} INFO - Filling up the DagBag from /opt/airflow/dags/train_predict_v2.py
[2025-11-02T16:38:23.890+0000] {processor.py:925} INFO - DAG(s) 'lab_forecast_dag' retrieved from /opt/airflow/dags/train_predict_v2.py
[2025-11-02T16:38:23.896+0000] {logging_mixin.py:190} INFO - [2025-11-02T16:38:23.896+0000] {dag.py:3229} INFO - Sync 1 DAGs
[2025-11-02T16:38:23.901+0000] {logging_mixin.py:190} INFO - [2025-11-02T16:38:23.901+0000] {dag.py:4156} INFO - Setting next_dagrun for lab_forecast_dag to None, run_after=None
[2025-11-02T16:38:23.905+0000] {processor.py:208} INFO - Processing /opt/airflow/dags/train_predict_v2.py took 0.021 seconds
[2025-11-02T16:50:49.427+0000] {processor.py:186} INFO - Started process (PID=55241) to work on /opt/airflow/dags/train_predict_v2.py
[2025-11-02T16:50:49.427+0000] {processor.py:914} INFO - Processing file /opt/airflow/dags/train_predict_v2.py for tasks to queue
[2025-11-02T16:50:49.427+0000] {logging_mixin.py:190} INFO - [2025-11-02T16:50:49.427+0000] {dagbag.py:587} INFO - Filling up the DagBag from /opt/airflow/dags/train_predict_v2.py
[2025-11-02T16:50:49.430+0000] {processor.py:925} INFO - DAG(s) 'lab_forecast_dag' retrieved from /opt/airflow/dags/train_predict_v2.py
[2025-11-02T16:50:49.437+0000] {logging_mixin.py:190} INFO - [2025-11-02T16:50:49.437+0000] {dag.py:3229} INFO - Sync 1 DAGs
[2025-11-02T16:50:49.442+0000] {logging_mixin.py:190} INFO - [2025-11-02T16:50:49.442+0000] {dag.py:4156} INFO - Setting next_dagrun for lab_forecast_dag to None, run_after=None
[2025-11-02T16:50:49.447+0000] {processor.py:208} INFO - Processing /opt/airflow/dags/train_predict_v2.py took 0.022 seconds
[2025-11-02T16:57:53.069+0000] {processor.py:186} INFO - Started process (PID=55272) to work on /opt/airflow/dags/train_predict_v2.py
[2025-11-02T16:57:53.070+0000] {processor.py:914} INFO - Processing file /opt/airflow/dags/train_predict_v2.py for tasks to queue
[2025-11-02T16:57:53.070+0000] {logging_mixin.py:190} INFO - [2025-11-02T16:57:53.070+0000] {dagbag.py:587} INFO - Filling up the DagBag from /opt/airflow/dags/train_predict_v2.py
[2025-11-02T16:57:53.073+0000] {processor.py:925} INFO - DAG(s) 'lab_forecast_dag' retrieved from /opt/airflow/dags/train_predict_v2.py
[2025-11-02T16:57:53.080+0000] {logging_mixin.py:190} INFO - [2025-11-02T16:57:53.080+0000] {dag.py:3229} INFO - Sync 1 DAGs
[2025-11-02T16:57:53.084+0000] {logging_mixin.py:190} INFO - [2025-11-02T16:57:53.084+0000] {dag.py:4156} INFO - Setting next_dagrun for lab_forecast_dag to None, run_after=None
[2025-11-02T16:57:53.089+0000] {processor.py:208} INFO - Processing /opt/airflow/dags/train_predict_v2.py took 0.022 seconds
[2025-11-02T17:10:18.599+0000] {processor.py:186} INFO - Started process (PID=55303) to work on /opt/airflow/dags/train_predict_v2.py
[2025-11-02T17:10:18.599+0000] {processor.py:914} INFO - Processing file /opt/airflow/dags/train_predict_v2.py for tasks to queue
[2025-11-02T17:10:18.600+0000] {logging_mixin.py:190} INFO - [2025-11-02T17:10:18.599+0000] {dagbag.py:587} INFO - Filling up the DagBag from /opt/airflow/dags/train_predict_v2.py
[2025-11-02T17:10:18.603+0000] {processor.py:925} INFO - DAG(s) 'lab_forecast_dag' retrieved from /opt/airflow/dags/train_predict_v2.py
[2025-11-02T17:10:18.610+0000] {logging_mixin.py:190} INFO - [2025-11-02T17:10:18.610+0000] {dag.py:3229} INFO - Sync 1 DAGs
[2025-11-02T17:10:18.614+0000] {logging_mixin.py:190} INFO - [2025-11-02T17:10:18.614+0000] {dag.py:4156} INFO - Setting next_dagrun for lab_forecast_dag to None, run_after=None
[2025-11-02T17:10:18.619+0000] {processor.py:208} INFO - Processing /opt/airflow/dags/train_predict_v2.py took 0.022 seconds
[2025-11-02T17:16:28.971+0000] {processor.py:186} INFO - Started process (PID=55334) to work on /opt/airflow/dags/train_predict_v2.py
[2025-11-02T17:16:28.971+0000] {processor.py:914} INFO - Processing file /opt/airflow/dags/train_predict_v2.py for tasks to queue
[2025-11-02T17:16:28.971+0000] {logging_mixin.py:190} INFO - [2025-11-02T17:16:28.971+0000] {dagbag.py:587} INFO - Filling up the DagBag from /opt/airflow/dags/train_predict_v2.py
[2025-11-02T17:16:28.974+0000] {processor.py:925} INFO - DAG(s) 'lab_forecast_dag' retrieved from /opt/airflow/dags/train_predict_v2.py
[2025-11-02T17:16:28.981+0000] {logging_mixin.py:190} INFO - [2025-11-02T17:16:28.981+0000] {dag.py:3229} INFO - Sync 1 DAGs
[2025-11-02T17:16:28.986+0000] {logging_mixin.py:190} INFO - [2025-11-02T17:16:28.986+0000] {dag.py:4156} INFO - Setting next_dagrun for lab_forecast_dag to None, run_after=None
[2025-11-02T17:16:28.990+0000] {processor.py:208} INFO - Processing /opt/airflow/dags/train_predict_v2.py took 0.022 seconds
[2025-11-02T17:27:11.062+0000] {processor.py:186} INFO - Started process (PID=55365) to work on /opt/airflow/dags/train_predict_v2.py
[2025-11-02T17:27:11.063+0000] {processor.py:914} INFO - Processing file /opt/airflow/dags/train_predict_v2.py for tasks to queue
[2025-11-02T17:27:11.063+0000] {logging_mixin.py:190} INFO - [2025-11-02T17:27:11.063+0000] {dagbag.py:587} INFO - Filling up the DagBag from /opt/airflow/dags/train_predict_v2.py
[2025-11-02T17:27:11.067+0000] {processor.py:925} INFO - DAG(s) 'lab_forecast_dag' retrieved from /opt/airflow/dags/train_predict_v2.py
[2025-11-02T17:27:11.077+0000] {logging_mixin.py:190} INFO - [2025-11-02T17:27:11.077+0000] {dag.py:3229} INFO - Sync 1 DAGs
[2025-11-02T17:27:11.083+0000] {logging_mixin.py:190} INFO - [2025-11-02T17:27:11.083+0000] {dag.py:4156} INFO - Setting next_dagrun for lab_forecast_dag to None, run_after=None
[2025-11-02T17:27:11.089+0000] {processor.py:208} INFO - Processing /opt/airflow/dags/train_predict_v2.py took 0.030 seconds
[2025-11-02T17:35:43.917+0000] {processor.py:186} INFO - Started process (PID=55396) to work on /opt/airflow/dags/train_predict_v2.py
[2025-11-02T17:35:43.918+0000] {processor.py:914} INFO - Processing file /opt/airflow/dags/train_predict_v2.py for tasks to queue
[2025-11-02T17:35:43.918+0000] {logging_mixin.py:190} INFO - [2025-11-02T17:35:43.918+0000] {dagbag.py:587} INFO - Filling up the DagBag from /opt/airflow/dags/train_predict_v2.py
[2025-11-02T17:35:43.921+0000] {processor.py:925} INFO - DAG(s) 'lab_forecast_dag' retrieved from /opt/airflow/dags/train_predict_v2.py
[2025-11-02T17:35:43.929+0000] {logging_mixin.py:190} INFO - [2025-11-02T17:35:43.929+0000] {dag.py:3229} INFO - Sync 1 DAGs
[2025-11-02T17:35:43.933+0000] {logging_mixin.py:190} INFO - [2025-11-02T17:35:43.933+0000] {dag.py:4156} INFO - Setting next_dagrun for lab_forecast_dag to None, run_after=None
[2025-11-02T17:35:43.938+0000] {processor.py:208} INFO - Processing /opt/airflow/dags/train_predict_v2.py took 0.024 seconds
[2025-11-02T17:47:05.847+0000] {processor.py:186} INFO - Started process (PID=55427) to work on /opt/airflow/dags/train_predict_v2.py
[2025-11-02T17:47:05.847+0000] {processor.py:914} INFO - Processing file /opt/airflow/dags/train_predict_v2.py for tasks to queue
[2025-11-02T17:47:05.848+0000] {logging_mixin.py:190} INFO - [2025-11-02T17:47:05.847+0000] {dagbag.py:587} INFO - Filling up the DagBag from /opt/airflow/dags/train_predict_v2.py
[2025-11-02T17:47:05.850+0000] {processor.py:925} INFO - DAG(s) 'lab_forecast_dag' retrieved from /opt/airflow/dags/train_predict_v2.py
[2025-11-02T17:47:05.857+0000] {logging_mixin.py:190} INFO - [2025-11-02T17:47:05.857+0000] {dag.py:3229} INFO - Sync 1 DAGs
[2025-11-02T17:47:05.862+0000] {logging_mixin.py:190} INFO - [2025-11-02T17:47:05.862+0000] {dag.py:4156} INFO - Setting next_dagrun for lab_forecast_dag to None, run_after=None
[2025-11-02T17:47:05.866+0000] {processor.py:208} INFO - Processing /opt/airflow/dags/train_predict_v2.py took 0.022 seconds
[2025-11-02T18:00:18.686+0000] {processor.py:186} INFO - Started process (PID=55458) to work on /opt/airflow/dags/train_predict_v2.py
[2025-11-02T18:00:18.687+0000] {processor.py:914} INFO - Processing file /opt/airflow/dags/train_predict_v2.py for tasks to queue
[2025-11-02T18:00:18.687+0000] {logging_mixin.py:190} INFO - [2025-11-02T18:00:18.687+0000] {dagbag.py:587} INFO - Filling up the DagBag from /opt/airflow/dags/train_predict_v2.py
[2025-11-02T18:00:18.690+0000] {processor.py:925} INFO - DAG(s) 'lab_forecast_dag' retrieved from /opt/airflow/dags/train_predict_v2.py
[2025-11-02T18:00:18.697+0000] {logging_mixin.py:190} INFO - [2025-11-02T18:00:18.697+0000] {dag.py:3229} INFO - Sync 1 DAGs
[2025-11-02T18:00:18.702+0000] {logging_mixin.py:190} INFO - [2025-11-02T18:00:18.702+0000] {dag.py:4156} INFO - Setting next_dagrun for lab_forecast_dag to None, run_after=None
[2025-11-02T18:00:18.706+0000] {processor.py:208} INFO - Processing /opt/airflow/dags/train_predict_v2.py took 0.022 seconds
[2025-11-02T18:07:13.514+0000] {processor.py:186} INFO - Started process (PID=55489) to work on /opt/airflow/dags/train_predict_v2.py
[2025-11-02T18:07:13.514+0000] {processor.py:914} INFO - Processing file /opt/airflow/dags/train_predict_v2.py for tasks to queue
[2025-11-02T18:07:13.514+0000] {logging_mixin.py:190} INFO - [2025-11-02T18:07:13.514+0000] {dagbag.py:587} INFO - Filling up the DagBag from /opt/airflow/dags/train_predict_v2.py
[2025-11-02T18:07:13.517+0000] {processor.py:925} INFO - DAG(s) 'lab_forecast_dag' retrieved from /opt/airflow/dags/train_predict_v2.py
[2025-11-02T18:07:13.525+0000] {logging_mixin.py:190} INFO - [2025-11-02T18:07:13.525+0000] {dag.py:3229} INFO - Sync 1 DAGs
[2025-11-02T18:07:13.529+0000] {logging_mixin.py:190} INFO - [2025-11-02T18:07:13.529+0000] {dag.py:4156} INFO - Setting next_dagrun for lab_forecast_dag to None, run_after=None
[2025-11-02T18:07:13.534+0000] {processor.py:208} INFO - Processing /opt/airflow/dags/train_predict_v2.py took 0.023 seconds
[2025-11-02T18:22:32.933+0000] {processor.py:186} INFO - Started process (PID=55520) to work on /opt/airflow/dags/train_predict_v2.py
[2025-11-02T18:22:32.933+0000] {processor.py:914} INFO - Processing file /opt/airflow/dags/train_predict_v2.py for tasks to queue
[2025-11-02T18:22:32.933+0000] {logging_mixin.py:190} INFO - [2025-11-02T18:22:32.933+0000] {dagbag.py:587} INFO - Filling up the DagBag from /opt/airflow/dags/train_predict_v2.py
[2025-11-02T18:22:32.936+0000] {processor.py:925} INFO - DAG(s) 'lab_forecast_dag' retrieved from /opt/airflow/dags/train_predict_v2.py
[2025-11-02T18:22:32.943+0000] {logging_mixin.py:190} INFO - [2025-11-02T18:22:32.943+0000] {dag.py:3229} INFO - Sync 1 DAGs
[2025-11-02T18:22:32.948+0000] {logging_mixin.py:190} INFO - [2025-11-02T18:22:32.948+0000] {dag.py:4156} INFO - Setting next_dagrun for lab_forecast_dag to None, run_after=None
[2025-11-02T18:22:32.952+0000] {processor.py:208} INFO - Processing /opt/airflow/dags/train_predict_v2.py took 0.022 seconds
[2025-11-02T18:38:53.985+0000] {processor.py:186} INFO - Started process (PID=55551) to work on /opt/airflow/dags/train_predict_v2.py
[2025-11-02T18:38:53.985+0000] {processor.py:914} INFO - Processing file /opt/airflow/dags/train_predict_v2.py for tasks to queue
[2025-11-02T18:38:53.986+0000] {logging_mixin.py:190} INFO - [2025-11-02T18:38:53.985+0000] {dagbag.py:587} INFO - Filling up the DagBag from /opt/airflow/dags/train_predict_v2.py
[2025-11-02T18:38:53.988+0000] {processor.py:925} INFO - DAG(s) 'lab_forecast_dag' retrieved from /opt/airflow/dags/train_predict_v2.py
[2025-11-02T18:38:53.995+0000] {logging_mixin.py:190} INFO - [2025-11-02T18:38:53.995+0000] {dag.py:3229} INFO - Sync 1 DAGs
[2025-11-02T18:38:54.000+0000] {logging_mixin.py:190} INFO - [2025-11-02T18:38:54.000+0000] {dag.py:4156} INFO - Setting next_dagrun for lab_forecast_dag to None, run_after=None
[2025-11-02T18:38:54.004+0000] {processor.py:208} INFO - Processing /opt/airflow/dags/train_predict_v2.py took 0.022 seconds
[2025-11-02T18:44:31.251+0000] {processor.py:186} INFO - Started process (PID=55582) to work on /opt/airflow/dags/train_predict_v2.py
[2025-11-02T18:44:31.251+0000] {processor.py:914} INFO - Processing file /opt/airflow/dags/train_predict_v2.py for tasks to queue
[2025-11-02T18:44:31.251+0000] {logging_mixin.py:190} INFO - [2025-11-02T18:44:31.251+0000] {dagbag.py:587} INFO - Filling up the DagBag from /opt/airflow/dags/train_predict_v2.py
[2025-11-02T18:44:31.254+0000] {processor.py:925} INFO - DAG(s) 'lab_forecast_dag' retrieved from /opt/airflow/dags/train_predict_v2.py
[2025-11-02T18:44:31.261+0000] {logging_mixin.py:190} INFO - [2025-11-02T18:44:31.261+0000] {dag.py:3229} INFO - Sync 1 DAGs
[2025-11-02T18:44:31.266+0000] {logging_mixin.py:190} INFO - [2025-11-02T18:44:31.266+0000] {dag.py:4156} INFO - Setting next_dagrun for lab_forecast_dag to None, run_after=None
[2025-11-02T18:44:31.270+0000] {processor.py:208} INFO - Processing /opt/airflow/dags/train_predict_v2.py took 0.022 seconds
[2025-11-02T18:59:16.744+0000] {processor.py:186} INFO - Started process (PID=55613) to work on /opt/airflow/dags/train_predict_v2.py
[2025-11-02T18:59:16.744+0000] {processor.py:914} INFO - Processing file /opt/airflow/dags/train_predict_v2.py for tasks to queue
[2025-11-02T18:59:16.745+0000] {logging_mixin.py:190} INFO - [2025-11-02T18:59:16.745+0000] {dagbag.py:587} INFO - Filling up the DagBag from /opt/airflow/dags/train_predict_v2.py
[2025-11-02T18:59:16.748+0000] {processor.py:925} INFO - DAG(s) 'lab_forecast_dag' retrieved from /opt/airflow/dags/train_predict_v2.py
[2025-11-02T18:59:16.755+0000] {logging_mixin.py:190} INFO - [2025-11-02T18:59:16.755+0000] {dag.py:3229} INFO - Sync 1 DAGs
[2025-11-02T18:59:16.759+0000] {logging_mixin.py:190} INFO - [2025-11-02T18:59:16.759+0000] {dag.py:4156} INFO - Setting next_dagrun for lab_forecast_dag to None, run_after=None
[2025-11-02T18:59:16.764+0000] {processor.py:208} INFO - Processing /opt/airflow/dags/train_predict_v2.py took 0.022 seconds
[2025-11-02T19:11:02.547+0000] {processor.py:186} INFO - Started process (PID=55644) to work on /opt/airflow/dags/train_predict_v2.py
[2025-11-02T19:11:02.548+0000] {processor.py:914} INFO - Processing file /opt/airflow/dags/train_predict_v2.py for tasks to queue
[2025-11-02T19:11:02.548+0000] {logging_mixin.py:190} INFO - [2025-11-02T19:11:02.548+0000] {dagbag.py:587} INFO - Filling up the DagBag from /opt/airflow/dags/train_predict_v2.py
[2025-11-02T19:11:02.551+0000] {processor.py:925} INFO - DAG(s) 'lab_forecast_dag' retrieved from /opt/airflow/dags/train_predict_v2.py
[2025-11-02T19:11:02.558+0000] {logging_mixin.py:190} INFO - [2025-11-02T19:11:02.558+0000] {dag.py:3229} INFO - Sync 1 DAGs
[2025-11-02T19:11:02.563+0000] {logging_mixin.py:190} INFO - [2025-11-02T19:11:02.563+0000] {dag.py:4156} INFO - Setting next_dagrun for lab_forecast_dag to None, run_after=None
[2025-11-02T19:11:02.567+0000] {processor.py:208} INFO - Processing /opt/airflow/dags/train_predict_v2.py took 0.022 seconds
[2025-11-02T19:14:55.711+0000] {processor.py:186} INFO - Started process (PID=55675) to work on /opt/airflow/dags/train_predict_v2.py
[2025-11-02T19:14:55.712+0000] {processor.py:914} INFO - Processing file /opt/airflow/dags/train_predict_v2.py for tasks to queue
[2025-11-02T19:14:55.712+0000] {logging_mixin.py:190} INFO - [2025-11-02T19:14:55.712+0000] {dagbag.py:587} INFO - Filling up the DagBag from /opt/airflow/dags/train_predict_v2.py
[2025-11-02T19:14:55.715+0000] {processor.py:925} INFO - DAG(s) 'lab_forecast_dag' retrieved from /opt/airflow/dags/train_predict_v2.py
[2025-11-02T19:14:55.722+0000] {logging_mixin.py:190} INFO - [2025-11-02T19:14:55.722+0000] {dag.py:3229} INFO - Sync 1 DAGs
[2025-11-02T19:14:55.726+0000] {logging_mixin.py:190} INFO - [2025-11-02T19:14:55.726+0000] {dag.py:4156} INFO - Setting next_dagrun for lab_forecast_dag to None, run_after=None
[2025-11-02T19:14:55.731+0000] {processor.py:208} INFO - Processing /opt/airflow/dags/train_predict_v2.py took 0.022 seconds
[2025-11-02T19:26:03.551+0000] {processor.py:186} INFO - Started process (PID=55706) to work on /opt/airflow/dags/train_predict_v2.py
[2025-11-02T19:26:03.552+0000] {processor.py:914} INFO - Processing file /opt/airflow/dags/train_predict_v2.py for tasks to queue
[2025-11-02T19:26:03.552+0000] {logging_mixin.py:190} INFO - [2025-11-02T19:26:03.552+0000] {dagbag.py:587} INFO - Filling up the DagBag from /opt/airflow/dags/train_predict_v2.py
[2025-11-02T19:26:03.555+0000] {processor.py:925} INFO - DAG(s) 'lab_forecast_dag' retrieved from /opt/airflow/dags/train_predict_v2.py
[2025-11-02T19:26:03.563+0000] {logging_mixin.py:190} INFO - [2025-11-02T19:26:03.563+0000] {dag.py:3229} INFO - Sync 1 DAGs
[2025-11-02T19:26:03.568+0000] {logging_mixin.py:190} INFO - [2025-11-02T19:26:03.568+0000] {dag.py:4156} INFO - Setting next_dagrun for lab_forecast_dag to None, run_after=None
[2025-11-02T19:26:03.573+0000] {processor.py:208} INFO - Processing /opt/airflow/dags/train_predict_v2.py took 0.024 seconds
[2025-11-02T19:32:34.462+0000] {processor.py:186} INFO - Started process (PID=55737) to work on /opt/airflow/dags/train_predict_v2.py
[2025-11-02T19:32:34.462+0000] {processor.py:914} INFO - Processing file /opt/airflow/dags/train_predict_v2.py for tasks to queue
[2025-11-02T19:32:34.462+0000] {logging_mixin.py:190} INFO - [2025-11-02T19:32:34.462+0000] {dagbag.py:587} INFO - Filling up the DagBag from /opt/airflow/dags/train_predict_v2.py
[2025-11-02T19:32:34.466+0000] {processor.py:925} INFO - DAG(s) 'lab_forecast_dag' retrieved from /opt/airflow/dags/train_predict_v2.py
[2025-11-02T19:32:34.473+0000] {logging_mixin.py:190} INFO - [2025-11-02T19:32:34.473+0000] {dag.py:3229} INFO - Sync 1 DAGs
[2025-11-02T19:32:34.478+0000] {logging_mixin.py:190} INFO - [2025-11-02T19:32:34.478+0000] {dag.py:4156} INFO - Setting next_dagrun for lab_forecast_dag to None, run_after=None
[2025-11-02T19:32:34.484+0000] {processor.py:208} INFO - Processing /opt/airflow/dags/train_predict_v2.py took 0.024 seconds
[2025-11-02T19:34:49.119+0000] {processor.py:186} INFO - Started process (PID=55768) to work on /opt/airflow/dags/train_predict_v2.py
[2025-11-02T19:34:49.119+0000] {processor.py:914} INFO - Processing file /opt/airflow/dags/train_predict_v2.py for tasks to queue
[2025-11-02T19:34:49.120+0000] {logging_mixin.py:190} INFO - [2025-11-02T19:34:49.119+0000] {dagbag.py:587} INFO - Filling up the DagBag from /opt/airflow/dags/train_predict_v2.py
[2025-11-02T19:34:49.123+0000] {processor.py:925} INFO - DAG(s) 'lab_forecast_dag' retrieved from /opt/airflow/dags/train_predict_v2.py
[2025-11-02T19:34:49.129+0000] {logging_mixin.py:190} INFO - [2025-11-02T19:34:49.129+0000] {dag.py:3229} INFO - Sync 1 DAGs
[2025-11-02T19:34:49.134+0000] {logging_mixin.py:190} INFO - [2025-11-02T19:34:49.134+0000] {dag.py:4156} INFO - Setting next_dagrun for lab_forecast_dag to None, run_after=None
[2025-11-02T19:34:49.138+0000] {processor.py:208} INFO - Processing /opt/airflow/dags/train_predict_v2.py took 0.022 seconds
[2025-11-02T19:39:26.300+0000] {processor.py:186} INFO - Started process (PID=55797) to work on /opt/airflow/dags/train_predict_v2.py
[2025-11-02T19:39:26.301+0000] {processor.py:914} INFO - Processing file /opt/airflow/dags/train_predict_v2.py for tasks to queue
[2025-11-02T19:39:26.301+0000] {logging_mixin.py:190} INFO - [2025-11-02T19:39:26.301+0000] {dagbag.py:587} INFO - Filling up the DagBag from /opt/airflow/dags/train_predict_v2.py
[2025-11-02T19:39:26.304+0000] {processor.py:925} INFO - DAG(s) 'lab_forecast_dag' retrieved from /opt/airflow/dags/train_predict_v2.py
[2025-11-02T19:39:26.312+0000] {logging_mixin.py:190} INFO - [2025-11-02T19:39:26.312+0000] {dag.py:3229} INFO - Sync 1 DAGs
[2025-11-02T19:39:26.316+0000] {logging_mixin.py:190} INFO - [2025-11-02T19:39:26.316+0000] {dag.py:4156} INFO - Setting next_dagrun for lab_forecast_dag to None, run_after=None
[2025-11-02T19:39:26.321+0000] {processor.py:208} INFO - Processing /opt/airflow/dags/train_predict_v2.py took 0.023 seconds
[2025-11-02T19:52:56.351+0000] {processor.py:186} INFO - Started process (PID=55823) to work on /opt/airflow/dags/train_predict_v2.py
[2025-11-02T19:52:56.351+0000] {processor.py:914} INFO - Processing file /opt/airflow/dags/train_predict_v2.py for tasks to queue
[2025-11-02T19:52:56.352+0000] {logging_mixin.py:190} INFO - [2025-11-02T19:52:56.352+0000] {dagbag.py:587} INFO - Filling up the DagBag from /opt/airflow/dags/train_predict_v2.py
[2025-11-02T19:52:56.355+0000] {processor.py:925} INFO - DAG(s) 'lab_forecast_dag' retrieved from /opt/airflow/dags/train_predict_v2.py
[2025-11-02T19:52:56.362+0000] {logging_mixin.py:190} INFO - [2025-11-02T19:52:56.362+0000] {dag.py:3229} INFO - Sync 1 DAGs
[2025-11-02T19:52:56.367+0000] {logging_mixin.py:190} INFO - [2025-11-02T19:52:56.367+0000] {dag.py:4156} INFO - Setting next_dagrun for lab_forecast_dag to None, run_after=None
[2025-11-02T19:52:56.372+0000] {processor.py:208} INFO - Processing /opt/airflow/dags/train_predict_v2.py took 0.023 seconds
[2025-11-02T19:59:45.161+0000] {processor.py:186} INFO - Started process (PID=55854) to work on /opt/airflow/dags/train_predict_v2.py
[2025-11-02T19:59:45.161+0000] {processor.py:914} INFO - Processing file /opt/airflow/dags/train_predict_v2.py for tasks to queue
[2025-11-02T19:59:45.162+0000] {logging_mixin.py:190} INFO - [2025-11-02T19:59:45.161+0000] {dagbag.py:587} INFO - Filling up the DagBag from /opt/airflow/dags/train_predict_v2.py
[2025-11-02T19:59:45.165+0000] {processor.py:925} INFO - DAG(s) 'lab_forecast_dag' retrieved from /opt/airflow/dags/train_predict_v2.py
[2025-11-02T19:59:45.172+0000] {logging_mixin.py:190} INFO - [2025-11-02T19:59:45.172+0000] {dag.py:3229} INFO - Sync 1 DAGs
[2025-11-02T19:59:45.177+0000] {logging_mixin.py:190} INFO - [2025-11-02T19:59:45.177+0000] {dag.py:4156} INFO - Setting next_dagrun for lab_forecast_dag to None, run_after=None
[2025-11-02T19:59:45.182+0000] {processor.py:208} INFO - Processing /opt/airflow/dags/train_predict_v2.py took 0.024 seconds
[2025-11-02T20:22:21.189+0000] {processor.py:186} INFO - Started process (PID=55885) to work on /opt/airflow/dags/train_predict_v2.py
[2025-11-02T20:22:21.190+0000] {processor.py:914} INFO - Processing file /opt/airflow/dags/train_predict_v2.py for tasks to queue
[2025-11-02T20:22:21.190+0000] {logging_mixin.py:190} INFO - [2025-11-02T20:22:21.190+0000] {dagbag.py:587} INFO - Filling up the DagBag from /opt/airflow/dags/train_predict_v2.py
[2025-11-02T20:22:21.193+0000] {processor.py:925} INFO - DAG(s) 'lab_forecast_dag' retrieved from /opt/airflow/dags/train_predict_v2.py
[2025-11-02T20:22:21.201+0000] {logging_mixin.py:190} INFO - [2025-11-02T20:22:21.201+0000] {dag.py:3229} INFO - Sync 1 DAGs
[2025-11-02T20:22:21.205+0000] {logging_mixin.py:190} INFO - [2025-11-02T20:22:21.205+0000] {dag.py:4156} INFO - Setting next_dagrun for lab_forecast_dag to None, run_after=None
[2025-11-02T20:22:21.210+0000] {processor.py:208} INFO - Processing /opt/airflow/dags/train_predict_v2.py took 0.023 seconds
[2025-11-02T20:29:18.680+0000] {processor.py:186} INFO - Started process (PID=55916) to work on /opt/airflow/dags/train_predict_v2.py
[2025-11-02T20:29:18.681+0000] {processor.py:914} INFO - Processing file /opt/airflow/dags/train_predict_v2.py for tasks to queue
[2025-11-02T20:29:18.681+0000] {logging_mixin.py:190} INFO - [2025-11-02T20:29:18.681+0000] {dagbag.py:587} INFO - Filling up the DagBag from /opt/airflow/dags/train_predict_v2.py
[2025-11-02T20:29:18.684+0000] {processor.py:925} INFO - DAG(s) 'lab_forecast_dag' retrieved from /opt/airflow/dags/train_predict_v2.py
[2025-11-02T20:29:18.691+0000] {logging_mixin.py:190} INFO - [2025-11-02T20:29:18.691+0000] {dag.py:3229} INFO - Sync 1 DAGs
[2025-11-02T20:29:18.696+0000] {logging_mixin.py:190} INFO - [2025-11-02T20:29:18.696+0000] {dag.py:4156} INFO - Setting next_dagrun for lab_forecast_dag to None, run_after=None
[2025-11-02T20:29:18.700+0000] {processor.py:208} INFO - Processing /opt/airflow/dags/train_predict_v2.py took 0.022 seconds
[2025-11-02T20:38:47.136+0000] {processor.py:186} INFO - Started process (PID=55947) to work on /opt/airflow/dags/train_predict_v2.py
[2025-11-02T20:38:47.137+0000] {processor.py:914} INFO - Processing file /opt/airflow/dags/train_predict_v2.py for tasks to queue
[2025-11-02T20:38:47.137+0000] {logging_mixin.py:190} INFO - [2025-11-02T20:38:47.137+0000] {dagbag.py:587} INFO - Filling up the DagBag from /opt/airflow/dags/train_predict_v2.py
[2025-11-02T20:38:47.140+0000] {processor.py:925} INFO - DAG(s) 'lab_forecast_dag' retrieved from /opt/airflow/dags/train_predict_v2.py
[2025-11-02T20:38:47.147+0000] {logging_mixin.py:190} INFO - [2025-11-02T20:38:47.147+0000] {dag.py:3229} INFO - Sync 1 DAGs
[2025-11-02T20:38:47.152+0000] {logging_mixin.py:190} INFO - [2025-11-02T20:38:47.151+0000] {dag.py:4156} INFO - Setting next_dagrun for lab_forecast_dag to None, run_after=None
[2025-11-02T20:38:47.156+0000] {processor.py:208} INFO - Processing /opt/airflow/dags/train_predict_v2.py took 0.022 seconds
[2025-11-02T20:44:41.622+0000] {processor.py:186} INFO - Started process (PID=55978) to work on /opt/airflow/dags/train_predict_v2.py
[2025-11-02T20:44:41.622+0000] {processor.py:914} INFO - Processing file /opt/airflow/dags/train_predict_v2.py for tasks to queue
[2025-11-02T20:44:41.623+0000] {logging_mixin.py:190} INFO - [2025-11-02T20:44:41.623+0000] {dagbag.py:587} INFO - Filling up the DagBag from /opt/airflow/dags/train_predict_v2.py
[2025-11-02T20:44:41.626+0000] {processor.py:925} INFO - DAG(s) 'lab_forecast_dag' retrieved from /opt/airflow/dags/train_predict_v2.py
[2025-11-02T20:44:41.633+0000] {logging_mixin.py:190} INFO - [2025-11-02T20:44:41.633+0000] {dag.py:3229} INFO - Sync 1 DAGs
[2025-11-02T20:44:41.637+0000] {logging_mixin.py:190} INFO - [2025-11-02T20:44:41.637+0000] {dag.py:4156} INFO - Setting next_dagrun for lab_forecast_dag to None, run_after=None
[2025-11-02T20:44:41.642+0000] {processor.py:208} INFO - Processing /opt/airflow/dags/train_predict_v2.py took 0.022 seconds
[2025-11-02T20:49:12.832+0000] {processor.py:186} INFO - Started process (PID=56009) to work on /opt/airflow/dags/train_predict_v2.py
[2025-11-02T20:49:12.832+0000] {processor.py:914} INFO - Processing file /opt/airflow/dags/train_predict_v2.py for tasks to queue
[2025-11-02T20:49:12.832+0000] {logging_mixin.py:190} INFO - [2025-11-02T20:49:12.832+0000] {dagbag.py:587} INFO - Filling up the DagBag from /opt/airflow/dags/train_predict_v2.py
[2025-11-02T20:49:12.835+0000] {processor.py:925} INFO - DAG(s) 'lab_forecast_dag' retrieved from /opt/airflow/dags/train_predict_v2.py
[2025-11-02T20:49:12.842+0000] {logging_mixin.py:190} INFO - [2025-11-02T20:49:12.842+0000] {dag.py:3229} INFO - Sync 1 DAGs
[2025-11-02T20:49:12.847+0000] {logging_mixin.py:190} INFO - [2025-11-02T20:49:12.847+0000] {dag.py:4156} INFO - Setting next_dagrun for lab_forecast_dag to None, run_after=None
[2025-11-02T20:49:12.852+0000] {processor.py:208} INFO - Processing /opt/airflow/dags/train_predict_v2.py took 0.022 seconds
[2025-11-02T20:57:40.535+0000] {processor.py:186} INFO - Started process (PID=56035) to work on /opt/airflow/dags/train_predict_v2.py
[2025-11-02T20:57:40.536+0000] {processor.py:914} INFO - Processing file /opt/airflow/dags/train_predict_v2.py for tasks to queue
[2025-11-02T20:57:40.536+0000] {logging_mixin.py:190} INFO - [2025-11-02T20:57:40.536+0000] {dagbag.py:587} INFO - Filling up the DagBag from /opt/airflow/dags/train_predict_v2.py
[2025-11-02T20:57:40.541+0000] {processor.py:925} INFO - DAG(s) 'lab_forecast_dag' retrieved from /opt/airflow/dags/train_predict_v2.py
[2025-11-02T20:57:40.549+0000] {logging_mixin.py:190} INFO - [2025-11-02T20:57:40.549+0000] {dag.py:3229} INFO - Sync 1 DAGs
[2025-11-02T20:57:40.554+0000] {logging_mixin.py:190} INFO - [2025-11-02T20:57:40.554+0000] {dag.py:4156} INFO - Setting next_dagrun for lab_forecast_dag to None, run_after=None
[2025-11-02T20:57:40.559+0000] {processor.py:208} INFO - Processing /opt/airflow/dags/train_predict_v2.py took 0.026 seconds
[2025-11-02T21:02:20.196+0000] {processor.py:186} INFO - Started process (PID=56066) to work on /opt/airflow/dags/train_predict_v2.py
[2025-11-02T21:02:20.196+0000] {processor.py:914} INFO - Processing file /opt/airflow/dags/train_predict_v2.py for tasks to queue
[2025-11-02T21:02:20.197+0000] {logging_mixin.py:190} INFO - [2025-11-02T21:02:20.197+0000] {dagbag.py:587} INFO - Filling up the DagBag from /opt/airflow/dags/train_predict_v2.py
[2025-11-02T21:02:20.200+0000] {processor.py:925} INFO - DAG(s) 'lab_forecast_dag' retrieved from /opt/airflow/dags/train_predict_v2.py
[2025-11-02T21:02:20.206+0000] {logging_mixin.py:190} INFO - [2025-11-02T21:02:20.206+0000] {dag.py:3229} INFO - Sync 1 DAGs
[2025-11-02T21:02:20.211+0000] {logging_mixin.py:190} INFO - [2025-11-02T21:02:20.211+0000] {dag.py:4156} INFO - Setting next_dagrun for lab_forecast_dag to None, run_after=None
[2025-11-02T21:02:20.216+0000] {processor.py:208} INFO - Processing /opt/airflow/dags/train_predict_v2.py took 0.022 seconds
[2025-11-02T21:07:50.866+0000] {processor.py:186} INFO - Started process (PID=56097) to work on /opt/airflow/dags/train_predict_v2.py
[2025-11-02T21:07:50.866+0000] {processor.py:914} INFO - Processing file /opt/airflow/dags/train_predict_v2.py for tasks to queue
[2025-11-02T21:07:50.867+0000] {logging_mixin.py:190} INFO - [2025-11-02T21:07:50.867+0000] {dagbag.py:587} INFO - Filling up the DagBag from /opt/airflow/dags/train_predict_v2.py
[2025-11-02T21:07:50.870+0000] {processor.py:925} INFO - DAG(s) 'lab_forecast_dag' retrieved from /opt/airflow/dags/train_predict_v2.py
[2025-11-02T21:07:50.876+0000] {logging_mixin.py:190} INFO - [2025-11-02T21:07:50.876+0000] {dag.py:3229} INFO - Sync 1 DAGs
[2025-11-02T21:07:50.881+0000] {logging_mixin.py:190} INFO - [2025-11-02T21:07:50.881+0000] {dag.py:4156} INFO - Setting next_dagrun for lab_forecast_dag to None, run_after=None
[2025-11-02T21:07:50.886+0000] {processor.py:208} INFO - Processing /opt/airflow/dags/train_predict_v2.py took 0.022 seconds
[2025-11-02T21:13:31.772+0000] {processor.py:186} INFO - Started process (PID=56128) to work on /opt/airflow/dags/train_predict_v2.py
[2025-11-02T21:13:31.772+0000] {processor.py:914} INFO - Processing file /opt/airflow/dags/train_predict_v2.py for tasks to queue
[2025-11-02T21:13:31.773+0000] {logging_mixin.py:190} INFO - [2025-11-02T21:13:31.773+0000] {dagbag.py:587} INFO - Filling up the DagBag from /opt/airflow/dags/train_predict_v2.py
[2025-11-02T21:13:31.776+0000] {processor.py:925} INFO - DAG(s) 'lab_forecast_dag' retrieved from /opt/airflow/dags/train_predict_v2.py
[2025-11-02T21:13:31.783+0000] {logging_mixin.py:190} INFO - [2025-11-02T21:13:31.783+0000] {dag.py:3229} INFO - Sync 1 DAGs
[2025-11-02T21:13:31.787+0000] {logging_mixin.py:190} INFO - [2025-11-02T21:13:31.787+0000] {dag.py:4156} INFO - Setting next_dagrun for lab_forecast_dag to None, run_after=None
[2025-11-02T21:13:31.792+0000] {processor.py:208} INFO - Processing /opt/airflow/dags/train_predict_v2.py took 0.022 seconds
[2025-11-02T21:24:08.633+0000] {processor.py:186} INFO - Started process (PID=56159) to work on /opt/airflow/dags/train_predict_v2.py
[2025-11-02T21:24:08.634+0000] {processor.py:914} INFO - Processing file /opt/airflow/dags/train_predict_v2.py for tasks to queue
[2025-11-02T21:24:08.634+0000] {logging_mixin.py:190} INFO - [2025-11-02T21:24:08.634+0000] {dagbag.py:587} INFO - Filling up the DagBag from /opt/airflow/dags/train_predict_v2.py
[2025-11-02T21:24:08.637+0000] {processor.py:925} INFO - DAG(s) 'lab_forecast_dag' retrieved from /opt/airflow/dags/train_predict_v2.py
[2025-11-02T21:24:08.644+0000] {logging_mixin.py:190} INFO - [2025-11-02T21:24:08.644+0000] {dag.py:3229} INFO - Sync 1 DAGs
[2025-11-02T21:24:08.648+0000] {logging_mixin.py:190} INFO - [2025-11-02T21:24:08.648+0000] {dag.py:4156} INFO - Setting next_dagrun for lab_forecast_dag to None, run_after=None
[2025-11-02T21:24:08.653+0000] {processor.py:208} INFO - Processing /opt/airflow/dags/train_predict_v2.py took 0.022 seconds
[2025-11-02T21:37:48.751+0000] {processor.py:186} INFO - Started process (PID=56190) to work on /opt/airflow/dags/train_predict_v2.py
[2025-11-02T21:37:48.751+0000] {processor.py:914} INFO - Processing file /opt/airflow/dags/train_predict_v2.py for tasks to queue
[2025-11-02T21:37:48.752+0000] {logging_mixin.py:190} INFO - [2025-11-02T21:37:48.752+0000] {dagbag.py:587} INFO - Filling up the DagBag from /opt/airflow/dags/train_predict_v2.py
[2025-11-02T21:37:48.755+0000] {processor.py:925} INFO - DAG(s) 'lab_forecast_dag' retrieved from /opt/airflow/dags/train_predict_v2.py
[2025-11-02T21:37:48.762+0000] {logging_mixin.py:190} INFO - [2025-11-02T21:37:48.762+0000] {dag.py:3229} INFO - Sync 1 DAGs
[2025-11-02T21:37:48.767+0000] {logging_mixin.py:190} INFO - [2025-11-02T21:37:48.767+0000] {dag.py:4156} INFO - Setting next_dagrun for lab_forecast_dag to None, run_after=None
[2025-11-02T21:37:48.772+0000] {processor.py:208} INFO - Processing /opt/airflow/dags/train_predict_v2.py took 0.023 seconds
[2025-11-02T21:43:31.480+0000] {processor.py:186} INFO - Started process (PID=56221) to work on /opt/airflow/dags/train_predict_v2.py
[2025-11-02T21:43:31.480+0000] {processor.py:914} INFO - Processing file /opt/airflow/dags/train_predict_v2.py for tasks to queue
[2025-11-02T21:43:31.481+0000] {logging_mixin.py:190} INFO - [2025-11-02T21:43:31.480+0000] {dagbag.py:587} INFO - Filling up the DagBag from /opt/airflow/dags/train_predict_v2.py
[2025-11-02T21:43:31.484+0000] {processor.py:925} INFO - DAG(s) 'lab_forecast_dag' retrieved from /opt/airflow/dags/train_predict_v2.py
[2025-11-02T21:43:31.490+0000] {logging_mixin.py:190} INFO - [2025-11-02T21:43:31.490+0000] {dag.py:3229} INFO - Sync 1 DAGs
[2025-11-02T21:43:31.495+0000] {logging_mixin.py:190} INFO - [2025-11-02T21:43:31.495+0000] {dag.py:4156} INFO - Setting next_dagrun for lab_forecast_dag to None, run_after=None
[2025-11-02T21:43:31.500+0000] {processor.py:208} INFO - Processing /opt/airflow/dags/train_predict_v2.py took 0.022 seconds
[2025-11-02T21:59:24.330+0000] {processor.py:186} INFO - Started process (PID=56252) to work on /opt/airflow/dags/train_predict_v2.py
[2025-11-02T21:59:24.330+0000] {processor.py:914} INFO - Processing file /opt/airflow/dags/train_predict_v2.py for tasks to queue
[2025-11-02T21:59:24.330+0000] {logging_mixin.py:190} INFO - [2025-11-02T21:59:24.330+0000] {dagbag.py:587} INFO - Filling up the DagBag from /opt/airflow/dags/train_predict_v2.py
[2025-11-02T21:59:24.333+0000] {processor.py:925} INFO - DAG(s) 'lab_forecast_dag' retrieved from /opt/airflow/dags/train_predict_v2.py
[2025-11-02T21:59:24.341+0000] {logging_mixin.py:190} INFO - [2025-11-02T21:59:24.341+0000] {dag.py:3229} INFO - Sync 1 DAGs
[2025-11-02T21:59:24.346+0000] {logging_mixin.py:190} INFO - [2025-11-02T21:59:24.346+0000] {dag.py:4156} INFO - Setting next_dagrun for lab_forecast_dag to None, run_after=None
[2025-11-02T21:59:24.351+0000] {processor.py:208} INFO - Processing /opt/airflow/dags/train_predict_v2.py took 0.024 seconds
[2025-11-02T22:14:12.394+0000] {processor.py:186} INFO - Started process (PID=56283) to work on /opt/airflow/dags/train_predict_v2.py
[2025-11-02T22:14:12.394+0000] {processor.py:914} INFO - Processing file /opt/airflow/dags/train_predict_v2.py for tasks to queue
[2025-11-02T22:14:12.395+0000] {logging_mixin.py:190} INFO - [2025-11-02T22:14:12.395+0000] {dagbag.py:587} INFO - Filling up the DagBag from /opt/airflow/dags/train_predict_v2.py
[2025-11-02T22:14:12.398+0000] {processor.py:925} INFO - DAG(s) 'lab_forecast_dag' retrieved from /opt/airflow/dags/train_predict_v2.py
[2025-11-02T22:14:12.405+0000] {logging_mixin.py:190} INFO - [2025-11-02T22:14:12.405+0000] {dag.py:3229} INFO - Sync 1 DAGs
[2025-11-02T22:14:12.410+0000] {logging_mixin.py:190} INFO - [2025-11-02T22:14:12.410+0000] {dag.py:4156} INFO - Setting next_dagrun for lab_forecast_dag to None, run_after=None
[2025-11-02T22:14:12.415+0000] {processor.py:208} INFO - Processing /opt/airflow/dags/train_predict_v2.py took 0.023 seconds
[2025-11-02T22:25:27.513+0000] {processor.py:186} INFO - Started process (PID=56314) to work on /opt/airflow/dags/train_predict_v2.py
[2025-11-02T22:25:27.513+0000] {processor.py:914} INFO - Processing file /opt/airflow/dags/train_predict_v2.py for tasks to queue
[2025-11-02T22:25:27.514+0000] {logging_mixin.py:190} INFO - [2025-11-02T22:25:27.513+0000] {dagbag.py:587} INFO - Filling up the DagBag from /opt/airflow/dags/train_predict_v2.py
[2025-11-02T22:25:27.516+0000] {processor.py:925} INFO - DAG(s) 'lab_forecast_dag' retrieved from /opt/airflow/dags/train_predict_v2.py
[2025-11-02T22:25:27.523+0000] {logging_mixin.py:190} INFO - [2025-11-02T22:25:27.523+0000] {dag.py:3229} INFO - Sync 1 DAGs
[2025-11-02T22:25:27.528+0000] {logging_mixin.py:190} INFO - [2025-11-02T22:25:27.528+0000] {dag.py:4156} INFO - Setting next_dagrun for lab_forecast_dag to None, run_after=None
[2025-11-02T22:25:27.533+0000] {processor.py:208} INFO - Processing /opt/airflow/dags/train_predict_v2.py took 0.022 seconds
[2025-11-02T22:33:42.305+0000] {processor.py:186} INFO - Started process (PID=56345) to work on /opt/airflow/dags/train_predict_v2.py
[2025-11-02T22:33:42.306+0000] {processor.py:914} INFO - Processing file /opt/airflow/dags/train_predict_v2.py for tasks to queue
[2025-11-02T22:33:42.306+0000] {logging_mixin.py:190} INFO - [2025-11-02T22:33:42.306+0000] {dagbag.py:587} INFO - Filling up the DagBag from /opt/airflow/dags/train_predict_v2.py
[2025-11-02T22:33:42.309+0000] {processor.py:925} INFO - DAG(s) 'lab_forecast_dag' retrieved from /opt/airflow/dags/train_predict_v2.py
[2025-11-02T22:33:42.316+0000] {logging_mixin.py:190} INFO - [2025-11-02T22:33:42.316+0000] {dag.py:3229} INFO - Sync 1 DAGs
[2025-11-02T22:33:42.320+0000] {logging_mixin.py:190} INFO - [2025-11-02T22:33:42.320+0000] {dag.py:4156} INFO - Setting next_dagrun for lab_forecast_dag to None, run_after=None
[2025-11-02T22:33:42.325+0000] {processor.py:208} INFO - Processing /opt/airflow/dags/train_predict_v2.py took 0.022 seconds
[2025-11-02T22:44:26.231+0000] {processor.py:186} INFO - Started process (PID=56376) to work on /opt/airflow/dags/train_predict_v2.py
[2025-11-02T22:44:26.231+0000] {processor.py:914} INFO - Processing file /opt/airflow/dags/train_predict_v2.py for tasks to queue
[2025-11-02T22:44:26.231+0000] {logging_mixin.py:190} INFO - [2025-11-02T22:44:26.231+0000] {dagbag.py:587} INFO - Filling up the DagBag from /opt/airflow/dags/train_predict_v2.py
[2025-11-02T22:44:26.235+0000] {processor.py:925} INFO - DAG(s) 'lab_forecast_dag' retrieved from /opt/airflow/dags/train_predict_v2.py
[2025-11-02T22:44:26.242+0000] {logging_mixin.py:190} INFO - [2025-11-02T22:44:26.242+0000] {dag.py:3229} INFO - Sync 1 DAGs
[2025-11-02T22:44:26.246+0000] {logging_mixin.py:190} INFO - [2025-11-02T22:44:26.246+0000] {dag.py:4156} INFO - Setting next_dagrun for lab_forecast_dag to None, run_after=None
[2025-11-02T22:44:26.251+0000] {processor.py:208} INFO - Processing /opt/airflow/dags/train_predict_v2.py took 0.023 seconds
[2025-11-02T22:50:33.976+0000] {processor.py:186} INFO - Started process (PID=56407) to work on /opt/airflow/dags/train_predict_v2.py
[2025-11-02T22:50:33.976+0000] {processor.py:914} INFO - Processing file /opt/airflow/dags/train_predict_v2.py for tasks to queue
[2025-11-02T22:50:33.977+0000] {logging_mixin.py:190} INFO - [2025-11-02T22:50:33.976+0000] {dagbag.py:587} INFO - Filling up the DagBag from /opt/airflow/dags/train_predict_v2.py
[2025-11-02T22:50:33.980+0000] {processor.py:925} INFO - DAG(s) 'lab_forecast_dag' retrieved from /opt/airflow/dags/train_predict_v2.py
[2025-11-02T22:50:33.986+0000] {logging_mixin.py:190} INFO - [2025-11-02T22:50:33.986+0000] {dag.py:3229} INFO - Sync 1 DAGs
[2025-11-02T22:50:33.991+0000] {logging_mixin.py:190} INFO - [2025-11-02T22:50:33.991+0000] {dag.py:4156} INFO - Setting next_dagrun for lab_forecast_dag to None, run_after=None
[2025-11-02T22:50:33.995+0000] {processor.py:208} INFO - Processing /opt/airflow/dags/train_predict_v2.py took 0.022 seconds
[2025-11-02T23:10:22.504+0000] {processor.py:186} INFO - Started process (PID=56438) to work on /opt/airflow/dags/train_predict_v2.py
[2025-11-02T23:10:22.504+0000] {processor.py:914} INFO - Processing file /opt/airflow/dags/train_predict_v2.py for tasks to queue
[2025-11-02T23:10:22.504+0000] {logging_mixin.py:190} INFO - [2025-11-02T23:10:22.504+0000] {dagbag.py:587} INFO - Filling up the DagBag from /opt/airflow/dags/train_predict_v2.py
[2025-11-02T23:10:22.507+0000] {processor.py:925} INFO - DAG(s) 'lab_forecast_dag' retrieved from /opt/airflow/dags/train_predict_v2.py
[2025-11-02T23:10:22.514+0000] {logging_mixin.py:190} INFO - [2025-11-02T23:10:22.514+0000] {dag.py:3229} INFO - Sync 1 DAGs
[2025-11-02T23:10:22.519+0000] {logging_mixin.py:190} INFO - [2025-11-02T23:10:22.519+0000] {dag.py:4156} INFO - Setting next_dagrun for lab_forecast_dag to None, run_after=None
[2025-11-02T23:10:22.523+0000] {processor.py:208} INFO - Processing /opt/airflow/dags/train_predict_v2.py took 0.022 seconds
[2025-11-02T23:23:00.693+0000] {processor.py:186} INFO - Started process (PID=56469) to work on /opt/airflow/dags/train_predict_v2.py
[2025-11-02T23:23:00.694+0000] {processor.py:914} INFO - Processing file /opt/airflow/dags/train_predict_v2.py for tasks to queue
[2025-11-02T23:23:00.694+0000] {logging_mixin.py:190} INFO - [2025-11-02T23:23:00.694+0000] {dagbag.py:587} INFO - Filling up the DagBag from /opt/airflow/dags/train_predict_v2.py
[2025-11-02T23:23:00.697+0000] {processor.py:925} INFO - DAG(s) 'lab_forecast_dag' retrieved from /opt/airflow/dags/train_predict_v2.py
[2025-11-02T23:23:00.704+0000] {logging_mixin.py:190} INFO - [2025-11-02T23:23:00.704+0000] {dag.py:3229} INFO - Sync 1 DAGs
[2025-11-02T23:23:00.709+0000] {logging_mixin.py:190} INFO - [2025-11-02T23:23:00.709+0000] {dag.py:4156} INFO - Setting next_dagrun for lab_forecast_dag to None, run_after=None
[2025-11-02T23:23:00.713+0000] {processor.py:208} INFO - Processing /opt/airflow/dags/train_predict_v2.py took 0.022 seconds
[2025-11-02T23:30:43.204+0000] {processor.py:186} INFO - Started process (PID=56500) to work on /opt/airflow/dags/train_predict_v2.py
[2025-11-02T23:30:43.205+0000] {processor.py:914} INFO - Processing file /opt/airflow/dags/train_predict_v2.py for tasks to queue
[2025-11-02T23:30:43.205+0000] {logging_mixin.py:190} INFO - [2025-11-02T23:30:43.205+0000] {dagbag.py:587} INFO - Filling up the DagBag from /opt/airflow/dags/train_predict_v2.py
[2025-11-02T23:30:43.208+0000] {processor.py:925} INFO - DAG(s) 'lab_forecast_dag' retrieved from /opt/airflow/dags/train_predict_v2.py
[2025-11-02T23:30:43.216+0000] {logging_mixin.py:190} INFO - [2025-11-02T23:30:43.216+0000] {dag.py:3229} INFO - Sync 1 DAGs
[2025-11-02T23:30:43.221+0000] {logging_mixin.py:190} INFO - [2025-11-02T23:30:43.221+0000] {dag.py:4156} INFO - Setting next_dagrun for lab_forecast_dag to None, run_after=None
[2025-11-02T23:30:43.225+0000] {processor.py:208} INFO - Processing /opt/airflow/dags/train_predict_v2.py took 0.023 seconds
[2025-11-02T23:43:10.510+0000] {processor.py:186} INFO - Started process (PID=56531) to work on /opt/airflow/dags/train_predict_v2.py
[2025-11-02T23:43:10.510+0000] {processor.py:914} INFO - Processing file /opt/airflow/dags/train_predict_v2.py for tasks to queue
[2025-11-02T23:43:10.510+0000] {logging_mixin.py:190} INFO - [2025-11-02T23:43:10.510+0000] {dagbag.py:587} INFO - Filling up the DagBag from /opt/airflow/dags/train_predict_v2.py
[2025-11-02T23:43:10.513+0000] {processor.py:925} INFO - DAG(s) 'lab_forecast_dag' retrieved from /opt/airflow/dags/train_predict_v2.py
[2025-11-02T23:43:10.521+0000] {logging_mixin.py:190} INFO - [2025-11-02T23:43:10.520+0000] {dag.py:3229} INFO - Sync 1 DAGs
[2025-11-02T23:43:10.525+0000] {logging_mixin.py:190} INFO - [2025-11-02T23:43:10.525+0000] {dag.py:4156} INFO - Setting next_dagrun for lab_forecast_dag to None, run_after=None
[2025-11-02T23:43:10.530+0000] {processor.py:208} INFO - Processing /opt/airflow/dags/train_predict_v2.py took 0.022 seconds
[2025-11-02T23:50:26.388+0000] {processor.py:186} INFO - Started process (PID=56562) to work on /opt/airflow/dags/train_predict_v2.py
[2025-11-02T23:50:26.389+0000] {processor.py:914} INFO - Processing file /opt/airflow/dags/train_predict_v2.py for tasks to queue
[2025-11-02T23:50:26.389+0000] {logging_mixin.py:190} INFO - [2025-11-02T23:50:26.389+0000] {dagbag.py:587} INFO - Filling up the DagBag from /opt/airflow/dags/train_predict_v2.py
[2025-11-02T23:50:26.392+0000] {processor.py:925} INFO - DAG(s) 'lab_forecast_dag' retrieved from /opt/airflow/dags/train_predict_v2.py
[2025-11-02T23:50:26.399+0000] {logging_mixin.py:190} INFO - [2025-11-02T23:50:26.399+0000] {dag.py:3229} INFO - Sync 1 DAGs
[2025-11-02T23:50:26.404+0000] {logging_mixin.py:190} INFO - [2025-11-02T23:50:26.404+0000] {dag.py:4156} INFO - Setting next_dagrun for lab_forecast_dag to None, run_after=None
[2025-11-02T23:50:26.409+0000] {processor.py:208} INFO - Processing /opt/airflow/dags/train_predict_v2.py took 0.023 seconds
[2025-11-02T23:58:50.630+0000] {processor.py:186} INFO - Started process (PID=56593) to work on /opt/airflow/dags/train_predict_v2.py
[2025-11-02T23:58:50.630+0000] {processor.py:914} INFO - Processing file /opt/airflow/dags/train_predict_v2.py for tasks to queue
[2025-11-02T23:58:50.631+0000] {logging_mixin.py:190} INFO - [2025-11-02T23:58:50.631+0000] {dagbag.py:587} INFO - Filling up the DagBag from /opt/airflow/dags/train_predict_v2.py
[2025-11-02T23:58:50.634+0000] {processor.py:925} INFO - DAG(s) 'lab_forecast_dag' retrieved from /opt/airflow/dags/train_predict_v2.py
[2025-11-02T23:58:50.641+0000] {logging_mixin.py:190} INFO - [2025-11-02T23:58:50.641+0000] {dag.py:3229} INFO - Sync 1 DAGs
[2025-11-02T23:58:50.646+0000] {logging_mixin.py:190} INFO - [2025-11-02T23:58:50.646+0000] {dag.py:4156} INFO - Setting next_dagrun for lab_forecast_dag to None, run_after=None
[2025-11-02T23:58:50.651+0000] {processor.py:208} INFO - Processing /opt/airflow/dags/train_predict_v2.py took 0.023 seconds
